2026-05-30 09:33:18,707 [INFO] === Execução 2026-05-30 | modo=both | dias=15 | parâmetro=PRCP_DEP ===
2026-05-30 09:33:18,820 [INFO] Baixando 240 mapas com 6 threads...
2026-05-30 09:33:20,975 [INFO] [OK] Brazil/GFS_ENSEMBLE_Soy/daily dia 01 (2026-05-31 → 2026-05-31) 42147 bytes
2026-05-30 09:33:21,005 [INFO] [OK] Brazil/GFS_ENSEMBLE_Soy/daily dia 00 (2026-05-30 → 2026-05-30) 41170 bytes
2026-05-30 09:33:21,023 [INFO] [OK] Brazil/GFS_ENSEMBLE_Soy/daily dia 05 (2026-06-04 → 2026-06-04) 44978 bytes
2026-05-30 09:33:21,048 [INFO] [OK] Brazil/GFS_ENSEMBLE_Soy/daily dia 03 (2026-06-02 → 2026-06-02) 45224 bytes
2026-05-30 09:33:21,122 [INFO] [OK] Brazil/GFS_ENSEMBLE_Soy/daily dia 04 (2026-06-03 → 2026-06-03) 45184 bytes
2026-05-30 09:33:21,126 [INFO] [OK] Brazil/GFS_ENSEMBLE_Soy/daily dia 02 (2026-06-01 → 2026-06-01) 46779 bytes
2026-05-30 09:33:22,467 [INFO] [OK] Brazil/GFS_ENSEMBLE_Soy/daily dia 06 (2026-06-05 → 2026-06-05) 44740 bytes
2026-05-30 09:33:22,470 [INFO] [OK] Brazil/GFS_ENSEMBLE_Soy/daily dia 07 (2026-06-06 → 2026-06-06) 45439 bytes
2026-05-30 09:33:22,601 [INFO] [OK] Brazil/GFS_ENSEMBLE_Soy/daily dia 09 (2026-06-08 → 2026-06-08) 48954 bytes
2026-05-30 09:33:22,621 [INFO] [OK] Brazil/GFS_ENSEMBLE_Soy/daily dia 10 (2026-06-09 → 2026-06-09) 51836 bytes
2026-05-30 09:33:23,039 [INFO] [OK] Brazil/GFS_ENSEMBLE_Soy/daily dia 08 (2026-06-07 → 2026-06-07) 45873 bytes
2026-05-30 09:33:23,046 [INFO] [OK] Brazil/GFS_ENSEMBLE_Soy/daily dia 11 (2026-06-10 → 2026-06-10) 50878 bytes
2026-05-30 09:33:23,913 [INFO] [OK] Brazil/GFS_ENSEMBLE_Soy/daily dia 12 (2026-06-11 → 2026-06-11) 51044 bytes
2026-05-30 09:33:23,916 [INFO] [OK] Brazil/GFS_ENSEMBLE_Soy/daily dia 13 (2026-06-12 → 2026-06-12) 49891 bytes
2026-05-30 09:33:24,045 [INFO] [OK] Brazil/GFS_ENSEMBLE_Soy/cumulative dia 00 (2026-05-30 → 2026-05-30) 41170 bytes
2026-05-30 09:33:24,062 [INFO] [OK] Brazil/GFS_ENSEMBLE_Soy/daily dia 14 (2026-06-13 → 2026-06-13) 49832 bytes
2026-05-30 09:33:24,467 [INFO] [OK] Brazil/GFS_ENSEMBLE_Soy/cumulative dia 01 (2026-05-30 → 2026-05-31) 42329 bytes
2026-05-30 09:33:24,476 [INFO] [OK] Brazil/GFS_ENSEMBLE_Soy/cumulative dia 02 (2026-05-30 → 2026-06-01) 47138 bytes
2026-05-30 09:33:25,608 [INFO] [OK] Brazil/GFS_ENSEMBLE_Soy/cumulative dia 04 (2026-05-30 → 2026-06-03) 47578 bytes
2026-05-30 09:33:25,612 [INFO] [OK] Brazil/GFS_ENSEMBLE_Soy/cumulative dia 03 (2026-05-30 → 2026-06-02) 47384 bytes
2026-05-30 09:33:25,821 [INFO] [OK] Brazil/GFS_ENSEMBLE_Soy/cumulative dia 05 (2026-05-30 → 2026-06-04) 48289 bytes
2026-05-30 09:33:25,848 [INFO] [OK] Brazil/GFS_ENSEMBLE_Soy/cumulative dia 06 (2026-05-30 → 2026-06-05) 48026 bytes
2026-05-30 09:33:26,300 [INFO] [OK] Brazil/GFS_ENSEMBLE_Soy/cumulative dia 07 (2026-05-30 → 2026-06-06) 48651 bytes
2026-05-30 09:33:26,388 [INFO] [OK] Brazil/GFS_ENSEMBLE_Soy/cumulative dia 08 (2026-05-30 → 2026-06-07) 49172 bytes
2026-05-30 09:33:27,591 [INFO] [OK] Brazil/GFS_ENSEMBLE_Soy/cumulative dia 09 (2026-05-30 → 2026-06-08) 50591 bytes
2026-05-30 09:33:27,709 [INFO] [OK] Brazil/GFS_ENSEMBLE_Soy/cumulative dia 10 (2026-05-30 → 2026-06-09) 51946 bytes
2026-05-30 09:33:28,042 [INFO] [OK] Brazil/GFS_ENSEMBLE_Soy/cumulative dia 11 (2026-05-30 → 2026-06-10) 53261 bytes
2026-05-30 09:33:28,150 [INFO] [OK] Brazil/GFS_ENSEMBLE_Soy/cumulative dia 12 (2026-05-30 → 2026-06-11) 54183 bytes
2026-05-30 09:33:28,600 [INFO] [OK] Brazil/GFS_ENSEMBLE_Soy/cumulative dia 13 (2026-05-30 → 2026-06-12) 53758 bytes
2026-05-30 09:33:28,786 [INFO] [OK] Brazil/GFS_ENSEMBLE_Soy/cumulative dia 14 (2026-05-30 → 2026-06-13) 53213 bytes
2026-05-30 09:33:28,908 [INFO] [OK] Brazil/GFS_ENSEMBLE_Corn_Winter/daily dia 00 (2026-05-30 → 2026-05-30) 39592 bytes
2026-05-30 09:33:28,954 [INFO] [OK] Brazil/GFS_ENSEMBLE_Corn_Winter/daily dia 01 (2026-05-31 → 2026-05-31) 40545 bytes
2026-05-30 09:33:29,287 [INFO] [OK] Brazil/GFS_ENSEMBLE_Corn_Winter/daily dia 02 (2026-06-01 → 2026-06-01) 45252 bytes
2026-05-30 09:33:29,520 [INFO] [OK] Brazil/GFS_ENSEMBLE_Corn_Winter/daily dia 03 (2026-06-02 → 2026-06-02) 43506 bytes
2026-05-30 09:33:29,859 [INFO] [OK] Brazil/GFS_ENSEMBLE_Corn_Winter/daily dia 04 (2026-06-03 → 2026-06-03) 43613 bytes
2026-05-30 09:33:30,080 [INFO] [OK] Brazil/GFS_ENSEMBLE_Corn_Winter/daily dia 05 (2026-06-04 → 2026-06-04) 43554 bytes
2026-05-30 09:33:30,238 [INFO] [OK] Brazil/GFS_ENSEMBLE_Corn_Winter/daily dia 07 (2026-06-06 → 2026-06-06) 44110 bytes
2026-05-30 09:33:30,241 [INFO] [OK] Brazil/GFS_ENSEMBLE_Corn_Winter/daily dia 06 (2026-06-05 → 2026-06-05) 43555 bytes
2026-05-30 09:33:30,594 [INFO] [OK] Brazil/GFS_ENSEMBLE_Corn_Winter/daily dia 08 (2026-06-07 → 2026-06-07) 44318 bytes
2026-05-30 09:33:30,865 [INFO] [OK] Brazil/GFS_ENSEMBLE_Corn_Winter/daily dia 09 (2026-06-08 → 2026-06-08) 47624 bytes
2026-05-30 09:33:31,156 [INFO] [OK] Brazil/GFS_ENSEMBLE_Corn_Winter/daily dia 10 (2026-06-09 → 2026-06-09) 50237 bytes
2026-05-30 09:33:31,441 [INFO] [OK] Brazil/GFS_ENSEMBLE_Corn_Winter/daily dia 11 (2026-06-10 → 2026-06-10) 49491 bytes
2026-05-30 09:33:31,538 [INFO] [OK] Brazil/GFS_ENSEMBLE_Corn_Winter/daily dia 12 (2026-06-11 → 2026-06-11) 49501 bytes
2026-05-30 09:33:31,550 [INFO] [OK] Brazil/GFS_ENSEMBLE_Corn_Winter/daily dia 13 (2026-06-12 → 2026-06-12) 48380 bytes
2026-05-30 09:33:31,990 [INFO] [OK] Brazil/GFS_ENSEMBLE_Corn_Winter/daily dia 14 (2026-06-13 → 2026-06-13) 48402 bytes
2026-05-30 09:33:32,191 [INFO] [OK] Brazil/GFS_ENSEMBLE_Corn_Winter/cumulative dia 00 (2026-05-30 → 2026-05-30) 39592 bytes
2026-05-30 09:33:32,723 [INFO] [OK] Brazil/GFS_ENSEMBLE_Corn_Winter/cumulative dia 01 (2026-05-30 → 2026-05-31) 40681 bytes
2026-05-30 09:33:32,912 [INFO] [OK] Brazil/GFS_ENSEMBLE_Corn_Winter/cumulative dia 02 (2026-05-30 → 2026-06-01) 45395 bytes
2026-05-30 09:33:33,084 [INFO] [OK] Brazil/GFS_ENSEMBLE_Corn_Winter/cumulative dia 03 (2026-05-30 → 2026-06-02) 45728 bytes
2026-05-30 09:33:33,131 [INFO] [OK] Brazil/GFS_ENSEMBLE_Corn_Winter/cumulative dia 04 (2026-05-30 → 2026-06-03) 45848 bytes
2026-05-30 09:33:33,573 [INFO] [OK] Brazil/GFS_ENSEMBLE_Corn_Winter/cumulative dia 05 (2026-05-30 → 2026-06-04) 46738 bytes
2026-05-30 09:33:34,081 [INFO] [OK] Brazil/GFS_ENSEMBLE_Corn_Winter/cumulative dia 06 (2026-05-30 → 2026-06-05) 46512 bytes
2026-05-30 09:33:34,680 [INFO] [OK] Brazil/GFS_ENSEMBLE_Corn_Winter/cumulative dia 07 (2026-05-30 → 2026-06-06) 47194 bytes
2026-05-30 09:33:35,715 [INFO] [OK] Brazil/GFS_ENSEMBLE_Corn_Winter/cumulative dia 10 (2026-05-30 → 2026-06-09) 50536 bytes
2026-05-30 09:33:35,722 [INFO] [OK] Brazil/GFS_ENSEMBLE_Corn_Winter/cumulative dia 08 (2026-05-30 → 2026-06-07) 47705 bytes
2026-05-30 09:33:35,728 [INFO] [OK] Brazil/GFS_ENSEMBLE_Corn_Winter/cumulative dia 11 (2026-05-30 → 2026-06-10) 51962 bytes
2026-05-30 09:33:35,729 [INFO] [OK] Brazil/GFS_ENSEMBLE_Corn_Winter/cumulative dia 09 (2026-05-30 → 2026-06-08) 48987 bytes
2026-05-30 09:33:36,230 [INFO] [OK] Brazil/GFS_ENSEMBLE_Corn_Winter/cumulative dia 12 (2026-05-30 → 2026-06-11) 52742 bytes
2026-05-30 09:33:37,241 [INFO] [OK] Brazil/GFS_ENSEMBLE_Corn_Winter/cumulative dia 13 (2026-05-30 → 2026-06-12) 52388 bytes
2026-05-30 09:33:37,316 [INFO] [OK] Brazil/ECM_ENSEMBLE_Soy/daily dia 01 (2026-05-31 → 2026-05-31) 45368 bytes
2026-05-30 09:33:37,563 [INFO] [OK] Brazil/ECM_ENSEMBLE_Soy/daily dia 00 (2026-05-30 → 2026-05-30) 45072 bytes
2026-05-30 09:33:37,626 [INFO] [OK] Brazil/ECM_ENSEMBLE_Soy/daily dia 02 (2026-06-01 → 2026-06-01) 50118 bytes
2026-05-30 09:33:37,676 [INFO] [OK] Brazil/ECM_ENSEMBLE_Soy/daily dia 03 (2026-06-02 → 2026-06-02) 49100 bytes
2026-05-30 09:33:37,926 [INFO] [OK] Brazil/GFS_ENSEMBLE_Corn_Winter/cumulative dia 14 (2026-05-30 → 2026-06-13) 51840 bytes
2026-05-30 09:33:38,565 [INFO] [OK] Brazil/ECM_ENSEMBLE_Soy/daily dia 04 (2026-06-03 → 2026-06-03) 48491 bytes
2026-05-30 09:33:38,683 [INFO] [OK] Brazil/ECM_ENSEMBLE_Soy/daily dia 05 (2026-06-04 → 2026-06-04) 47598 bytes
2026-05-30 09:33:38,889 [INFO] [OK] Brazil/ECM_ENSEMBLE_Soy/daily dia 06 (2026-06-05 → 2026-06-05) 46089 bytes
2026-05-30 09:33:38,914 [INFO] [OK] Brazil/ECM_ENSEMBLE_Soy/daily dia 07 (2026-06-06 → 2026-06-06) 45288 bytes
2026-05-30 09:33:39,053 [INFO] [OK] Brazil/ECM_ENSEMBLE_Soy/daily dia 08 (2026-06-07 → 2026-06-07) 46939 bytes
2026-05-30 09:33:39,211 [INFO] [OK] Brazil/ECM_ENSEMBLE_Soy/daily dia 09 (2026-06-08 → 2026-06-08) 48259 bytes
2026-05-30 09:33:39,935 [INFO] [OK] Brazil/ECM_ENSEMBLE_Soy/daily dia 10 (2026-06-09 → 2026-06-09) 50294 bytes
2026-05-30 09:33:40,122 [INFO] [OK] Brazil/ECM_ENSEMBLE_Soy/daily dia 11 (2026-06-10 → 2026-06-10) 51167 bytes
2026-05-30 09:33:40,201 [INFO] [OK] Brazil/ECM_ENSEMBLE_Soy/daily dia 13 (2026-06-12 → 2026-06-12) 50343 bytes
2026-05-30 09:33:40,614 [INFO] [OK] Brazil/ECM_ENSEMBLE_Soy/daily dia 12 (2026-06-11 → 2026-06-11) 49904 bytes
2026-05-30 09:33:40,689 [INFO] [OK] Brazil/ECM_ENSEMBLE_Soy/cumulative dia 00 (2026-05-30 → 2026-05-30) 45072 bytes
2026-05-30 09:33:40,711 [INFO] [OK] Brazil/ECM_ENSEMBLE_Soy/daily dia 14 (2026-06-13 → 2026-06-13) 51110 bytes
2026-05-30 09:33:41,611 [INFO] [OK] Brazil/ECM_ENSEMBLE_Soy/cumulative dia 01 (2026-05-30 → 2026-05-31) 45930 bytes
2026-05-30 09:33:41,820 [INFO] [OK] Brazil/ECM_ENSEMBLE_Soy/cumulative dia 03 (2026-05-30 → 2026-06-02) 50493 bytes
2026-05-30 09:33:41,909 [INFO] [OK] Brazil/ECM_ENSEMBLE_Soy/cumulative dia 02 (2026-05-30 → 2026-06-01) 49664 bytes
2026-05-30 09:33:42,343 [INFO] [OK] Brazil/ECM_ENSEMBLE_Soy/cumulative dia 04 (2026-05-30 → 2026-06-03) 50935 bytes
2026-05-30 09:33:42,551 [INFO] [OK] Brazil/ECM_ENSEMBLE_Soy/cumulative dia 05 (2026-05-30 → 2026-06-04) 51338 bytes
2026-05-30 09:33:42,676 [INFO] [OK] Brazil/ECM_ENSEMBLE_Soy/cumulative dia 06 (2026-05-30 → 2026-06-05) 51041 bytes
2026-05-30 09:33:43,423 [INFO] [OK] Brazil/ECM_ENSEMBLE_Soy/cumulative dia 07 (2026-05-30 → 2026-06-06) 50848 bytes
2026-05-30 09:33:43,829 [INFO] [OK] Brazil/ECM_ENSEMBLE_Soy/cumulative dia 08 (2026-05-30 → 2026-06-07) 50888 bytes
2026-05-30 09:33:43,943 [INFO] [OK] Brazil/ECM_ENSEMBLE_Soy/cumulative dia 09 (2026-05-30 → 2026-06-08) 52166 bytes
2026-05-30 09:33:44,397 [INFO] [OK] Brazil/ECM_ENSEMBLE_Soy/cumulative dia 10 (2026-05-30 → 2026-06-09) 52960 bytes
2026-05-30 09:33:44,776 [INFO] [OK] Brazil/ECM_ENSEMBLE_Soy/cumulative dia 11 (2026-05-30 → 2026-06-10) 53543 bytes
2026-05-30 09:33:44,845 [INFO] [OK] Brazil/ECM_ENSEMBLE_Soy/cumulative dia 12 (2026-05-30 → 2026-06-11) 53575 bytes
2026-05-30 09:33:45,235 [INFO] [OK] Brazil/ECM_ENSEMBLE_Corn_Winter/daily dia 00 (2026-05-30 → 2026-05-30) 43313 bytes
2026-05-30 09:33:45,691 [INFO] [OK] Brazil/ECM_ENSEMBLE_Corn_Winter/daily dia 01 (2026-05-31 → 2026-05-31) 43632 bytes
2026-05-30 09:33:45,746 [INFO] [OK] Brazil/ECM_ENSEMBLE_Soy/cumulative dia 13 (2026-05-30 → 2026-06-12) 53851 bytes
2026-05-30 09:33:46,271 [INFO] [OK] Brazil/ECM_ENSEMBLE_Soy/cumulative dia 14 (2026-05-30 → 2026-06-13) 53451 bytes
2026-05-30 09:33:46,297 [INFO] [OK] Brazil/ECM_ENSEMBLE_Corn_Winter/daily dia 03 (2026-06-02 → 2026-06-02) 47478 bytes
2026-05-30 09:33:46,309 [INFO] [OK] Brazil/ECM_ENSEMBLE_Corn_Winter/daily dia 02 (2026-06-01 → 2026-06-01) 48775 bytes
2026-05-30 09:33:46,496 [INFO] [OK] Brazil/ECM_ENSEMBLE_Corn_Winter/daily dia 04 (2026-06-03 → 2026-06-03) 46880 bytes
2026-05-30 09:33:47,052 [INFO] [OK] Brazil/ECM_ENSEMBLE_Corn_Winter/daily dia 06 (2026-06-05 → 2026-06-05) 44895 bytes
2026-05-30 09:33:47,057 [INFO] [OK] Brazil/ECM_ENSEMBLE_Corn_Winter/daily dia 05 (2026-06-04 → 2026-06-04) 46181 bytes
2026-05-30 09:33:47,589 [INFO] [OK] Brazil/ECM_ENSEMBLE_Corn_Winter/daily dia 09 (2026-06-08 → 2026-06-08) 46777 bytes
2026-05-30 09:33:47,711 [INFO] [OK] Brazil/ECM_ENSEMBLE_Corn_Winter/daily dia 07 (2026-06-06 → 2026-06-06) 43889 bytes
2026-05-30 09:33:47,719 [INFO] [OK] Brazil/ECM_ENSEMBLE_Corn_Winter/daily dia 08 (2026-06-07 → 2026-06-07) 45309 bytes
2026-05-30 09:33:47,784 [INFO] [OK] Brazil/ECM_ENSEMBLE_Corn_Winter/daily dia 10 (2026-06-09 → 2026-06-09) 48680 bytes
2026-05-30 09:33:48,403 [INFO] [OK] Brazil/ECM_ENSEMBLE_Corn_Winter/daily dia 12 (2026-06-11 → 2026-06-11) 48223 bytes
2026-05-30 09:33:48,522 [INFO] [OK] Brazil/ECM_ENSEMBLE_Corn_Winter/daily dia 11 (2026-06-10 → 2026-06-10) 49639 bytes
2026-05-30 09:33:48,958 [INFO] [OK] Brazil/ECM_ENSEMBLE_Corn_Winter/daily dia 13 (2026-06-12 → 2026-06-12) 48877 bytes
2026-05-30 09:33:49,057 [INFO] [OK] Brazil/ECM_ENSEMBLE_Corn_Winter/cumulative dia 00 (2026-05-30 → 2026-05-30) 43313 bytes
2026-05-30 09:33:49,069 [INFO] [OK] Brazil/ECM_ENSEMBLE_Corn_Winter/daily dia 14 (2026-06-13 → 2026-06-13) 49587 bytes
2026-05-30 09:33:49,171 [INFO] [OK] Brazil/ECM_ENSEMBLE_Corn_Winter/cumulative dia 01 (2026-05-30 → 2026-05-31) 44314 bytes
2026-05-30 09:33:50,066 [INFO] [OK] Brazil/ECM_ENSEMBLE_Corn_Winter/cumulative dia 02 (2026-05-30 → 2026-06-01) 48023 bytes
2026-05-30 09:33:50,100 [INFO] [OK] Brazil/ECM_ENSEMBLE_Corn_Winter/cumulative dia 03 (2026-05-30 → 2026-06-02) 48909 bytes
2026-05-30 09:33:50,708 [INFO] [OK] Brazil/ECM_ENSEMBLE_Corn_Winter/cumulative dia 04 (2026-05-30 → 2026-06-03) 49308 bytes
2026-05-30 09:33:50,777 [INFO] [OK] Brazil/ECM_ENSEMBLE_Corn_Winter/cumulative dia 05 (2026-05-30 → 2026-06-04) 49775 bytes
2026-05-30 09:33:50,885 [INFO] [OK] Brazil/ECM_ENSEMBLE_Corn_Winter/cumulative dia 06 (2026-05-30 → 2026-06-05) 49691 bytes
2026-05-30 09:33:51,090 [INFO] [OK] Brazil/ECM_ENSEMBLE_Corn_Winter/cumulative dia 07 (2026-05-30 → 2026-06-06) 49481 bytes
2026-05-30 09:33:51,984 [INFO] [OK] Brazil/ECM_ENSEMBLE_Corn_Winter/cumulative dia 08 (2026-05-30 → 2026-06-07) 49437 bytes
2026-05-30 09:33:52,468 [INFO] [OK] Brazil/ECM_ENSEMBLE_Corn_Winter/cumulative dia 09 (2026-05-30 → 2026-06-08) 50682 bytes
2026-05-30 09:33:53,049 [INFO] [OK] Brazil/ECM_ENSEMBLE_Corn_Winter/cumulative dia 10 (2026-05-30 → 2026-06-09) 51674 bytes
2026-05-30 09:33:53,056 [INFO] [OK] Brazil/ECM_ENSEMBLE_Corn_Winter/cumulative dia 11 (2026-05-30 → 2026-06-10) 52302 bytes
2026-05-30 09:33:53,433 [INFO] [OK] Argentina/GFS_ENSEMBLE_Soy/daily dia 00 (2026-05-30 → 2026-05-30) 32934 bytes
2026-05-30 09:33:53,516 [INFO] [OK] Brazil/ECM_ENSEMBLE_Corn_Winter/cumulative dia 12 (2026-05-30 → 2026-06-11) 52535 bytes
2026-05-30 09:33:53,631 [INFO] [OK] Brazil/ECM_ENSEMBLE_Corn_Winter/cumulative dia 13 (2026-05-30 → 2026-06-12) 52715 bytes
2026-05-30 09:33:54,041 [INFO] [OK] Argentina/GFS_ENSEMBLE_Soy/daily dia 02 (2026-06-01 → 2026-06-01) 37812 bytes
2026-05-30 09:33:54,043 [INFO] [OK] Argentina/GFS_ENSEMBLE_Soy/daily dia 01 (2026-05-31 → 2026-05-31) 33801 bytes
2026-05-30 09:33:54,273 [INFO] [OK] Brazil/ECM_ENSEMBLE_Corn_Winter/cumulative dia 14 (2026-05-30 → 2026-06-13) 52204 bytes
2026-05-30 09:33:54,429 [INFO] [OK] Argentina/GFS_ENSEMBLE_Soy/daily dia 03 (2026-06-02 → 2026-06-02) 35880 bytes
2026-05-30 09:33:54,494 [INFO] [OK] Argentina/GFS_ENSEMBLE_Soy/daily dia 04 (2026-06-03 → 2026-06-03) 36084 bytes
2026-05-30 09:33:54,556 [INFO] [OK] Argentina/GFS_ENSEMBLE_Soy/daily dia 05 (2026-06-04 → 2026-06-04) 35192 bytes
2026-05-30 09:33:55,009 [INFO] [OK] Argentina/GFS_ENSEMBLE_Soy/daily dia 07 (2026-06-06 → 2026-06-06) 35832 bytes
2026-05-30 09:33:55,098 [INFO] [OK] Argentina/GFS_ENSEMBLE_Soy/daily dia 06 (2026-06-05 → 2026-06-05) 34708 bytes
2026-05-30 09:33:55,223 [INFO] [OK] Argentina/GFS_ENSEMBLE_Soy/daily dia 08 (2026-06-07 → 2026-06-07) 36583 bytes
2026-05-30 09:33:55,559 [INFO] [OK] Argentina/GFS_ENSEMBLE_Soy/daily dia 09 (2026-06-08 → 2026-06-08) 39529 bytes
2026-05-30 09:33:55,683 [INFO] [OK] Argentina/GFS_ENSEMBLE_Soy/daily dia 10 (2026-06-09 → 2026-06-09) 42563 bytes
2026-05-30 09:33:55,706 [INFO] [OK] Argentina/GFS_ENSEMBLE_Soy/daily dia 11 (2026-06-10 → 2026-06-10) 41764 bytes
2026-05-30 09:33:56,099 [INFO] [OK] Argentina/GFS_ENSEMBLE_Soy/daily dia 12 (2026-06-11 → 2026-06-11) 41365 bytes
2026-05-30 09:33:56,115 [INFO] [OK] Argentina/GFS_ENSEMBLE_Soy/daily dia 13 (2026-06-12 → 2026-06-12) 40417 bytes
2026-05-30 09:33:56,219 [INFO] [OK] Argentina/GFS_ENSEMBLE_Soy/daily dia 14 (2026-06-13 → 2026-06-13) 40276 bytes
2026-05-30 09:33:56,565 [INFO] [OK] Argentina/GFS_ENSEMBLE_Soy/cumulative dia 00 (2026-05-30 → 2026-05-30) 32934 bytes
2026-05-30 09:33:56,727 [INFO] [OK] Argentina/GFS_ENSEMBLE_Soy/cumulative dia 01 (2026-05-30 → 2026-05-31) 34173 bytes
2026-05-30 09:33:56,742 [INFO] [OK] Argentina/GFS_ENSEMBLE_Soy/cumulative dia 02 (2026-05-30 → 2026-06-01) 37858 bytes
2026-05-30 09:33:57,862 [INFO] [OK] Argentina/GFS_ENSEMBLE_Soy/cumulative dia 03 (2026-05-30 → 2026-06-02) 37774 bytes
2026-05-30 09:33:57,885 [INFO] [OK] Argentina/GFS_ENSEMBLE_Soy/cumulative dia 05 (2026-05-30 → 2026-06-04) 38981 bytes
2026-05-30 09:33:57,912 [INFO] [OK] Argentina/GFS_ENSEMBLE_Soy/cumulative dia 06 (2026-05-30 → 2026-06-05) 39009 bytes
2026-05-30 09:33:57,921 [INFO] [OK] Argentina/GFS_ENSEMBLE_Soy/cumulative dia 04 (2026-05-30 → 2026-06-03) 37632 bytes
2026-05-30 09:33:58,064 [INFO] [OK] Argentina/GFS_ENSEMBLE_Soy/cumulative dia 08 (2026-05-30 → 2026-06-07) 39273 bytes
2026-05-30 09:33:58,072 [INFO] [OK] Argentina/GFS_ENSEMBLE_Soy/cumulative dia 07 (2026-05-30 → 2026-06-06) 39100 bytes
2026-05-30 09:33:59,531 [INFO] [OK] Argentina/GFS_ENSEMBLE_Soy/cumulative dia 09 (2026-05-30 → 2026-06-08) 40232 bytes
2026-05-30 09:33:59,797 [INFO] [OK] Argentina/GFS_ENSEMBLE_Soy/cumulative dia 10 (2026-05-30 → 2026-06-09) 41031 bytes
2026-05-30 09:33:59,810 [INFO] [OK] Argentina/GFS_ENSEMBLE_Soy/cumulative dia 12 (2026-05-30 → 2026-06-11) 43207 bytes
2026-05-30 09:33:59,827 [INFO] [OK] Argentina/GFS_ENSEMBLE_Soy/cumulative dia 11 (2026-05-30 → 2026-06-10) 42400 bytes
2026-05-30 09:33:59,983 [INFO] [OK] Argentina/GFS_ENSEMBLE_Soy/cumulative dia 14 (2026-05-30 → 2026-06-13) 42551 bytes
2026-05-30 09:33:59,994 [INFO] [OK] Argentina/GFS_ENSEMBLE_Soy/cumulative dia 13 (2026-05-30 → 2026-06-12) 42929 bytes
2026-05-30 09:34:00,484 [INFO] [OK] Argentina/GFS_ENSEMBLE_Corn_Winter/daily dia 00 (2026-05-30 → 2026-05-30) 31092 bytes
2026-05-30 09:34:00,784 [INFO] [OK] Argentina/GFS_ENSEMBLE_Corn_Winter/daily dia 01 (2026-05-31 → 2026-05-31) 31928 bytes
2026-05-30 09:34:00,793 [INFO] [OK] Argentina/GFS_ENSEMBLE_Corn_Winter/daily dia 02 (2026-06-01 → 2026-06-01) 36110 bytes
2026-05-30 09:34:00,943 [INFO] [OK] Argentina/GFS_ENSEMBLE_Corn_Winter/daily dia 03 (2026-06-02 → 2026-06-02) 34011 bytes
2026-05-30 09:34:01,041 [INFO] [OK] Argentina/GFS_ENSEMBLE_Corn_Winter/daily dia 05 (2026-06-04 → 2026-06-04) 33452 bytes
2026-05-30 09:34:01,046 [INFO] [OK] Argentina/GFS_ENSEMBLE_Corn_Winter/daily dia 04 (2026-06-03 → 2026-06-03) 34119 bytes
2026-05-30 09:34:01,507 [INFO] [OK] Argentina/GFS_ENSEMBLE_Corn_Winter/daily dia 06 (2026-06-05 → 2026-06-05) 33352 bytes
2026-05-30 09:34:01,753 [INFO] [OK] Argentina/GFS_ENSEMBLE_Corn_Winter/daily dia 08 (2026-06-07 → 2026-06-07) 34929 bytes
2026-05-30 09:34:01,811 [INFO] [OK] Argentina/GFS_ENSEMBLE_Corn_Winter/daily dia 07 (2026-06-06 → 2026-06-06) 34349 bytes
2026-05-30 09:34:01,877 [INFO] [OK] Argentina/GFS_ENSEMBLE_Corn_Winter/daily dia 09 (2026-06-08 → 2026-06-08) 37902 bytes
2026-05-30 09:34:02,083 [INFO] [OK] Argentina/GFS_ENSEMBLE_Corn_Winter/daily dia 10 (2026-06-09 → 2026-06-09) 40805 bytes
2026-05-30 09:34:02,083 [INFO] [OK] Argentina/GFS_ENSEMBLE_Corn_Winter/daily dia 11 (2026-06-10 → 2026-06-10) 40040 bytes
2026-05-30 09:34:02,715 [INFO] [OK] Argentina/GFS_ENSEMBLE_Corn_Winter/daily dia 12 (2026-06-11 → 2026-06-11) 39439 bytes
2026-05-30 09:34:02,809 [INFO] [OK] Argentina/GFS_ENSEMBLE_Corn_Winter/cumulative dia 00 (2026-05-30 → 2026-05-30) 31092 bytes
2026-05-30 09:34:02,847 [INFO] [OK] Argentina/GFS_ENSEMBLE_Corn_Winter/daily dia 13 (2026-06-12 → 2026-06-12) 38660 bytes
2026-05-30 09:34:02,901 [INFO] [OK] Argentina/GFS_ENSEMBLE_Corn_Winter/daily dia 14 (2026-06-13 → 2026-06-13) 38756 bytes
2026-05-30 09:34:03,159 [INFO] [OK] Argentina/GFS_ENSEMBLE_Corn_Winter/cumulative dia 01 (2026-05-30 → 2026-05-31) 32319 bytes
2026-05-30 09:34:03,160 [INFO] [OK] Argentina/GFS_ENSEMBLE_Corn_Winter/cumulative dia 02 (2026-05-30 → 2026-06-01) 36022 bytes
2026-05-30 09:34:03,818 [INFO] [OK] Argentina/GFS_ENSEMBLE_Corn_Winter/cumulative dia 03 (2026-05-30 → 2026-06-02) 36016 bytes
2026-05-30 09:34:04,037 [INFO] [OK] Argentina/GFS_ENSEMBLE_Corn_Winter/cumulative dia 04 (2026-05-30 → 2026-06-03) 36004 bytes
2026-05-30 09:34:04,184 [INFO] [OK] Argentina/GFS_ENSEMBLE_Corn_Winter/cumulative dia 05 (2026-05-30 → 2026-06-04) 37302 bytes
2026-05-30 09:34:04,327 [INFO] [OK] Argentina/GFS_ENSEMBLE_Corn_Winter/cumulative dia 06 (2026-05-30 → 2026-06-05) 37471 bytes
2026-05-30 09:34:04,442 [INFO] [OK] Argentina/GFS_ENSEMBLE_Corn_Winter/cumulative dia 07 (2026-05-30 → 2026-06-06) 37680 bytes
2026-05-30 09:34:04,498 [INFO] [OK] Argentina/GFS_ENSEMBLE_Corn_Winter/cumulative dia 08 (2026-05-30 → 2026-06-07) 38115 bytes
2026-05-30 09:34:05,215 [INFO] [OK] Argentina/GFS_ENSEMBLE_Corn_Winter/cumulative dia 09 (2026-05-30 → 2026-06-08) 38789 bytes
2026-05-30 09:34:05,578 [INFO] [OK] Argentina/GFS_ENSEMBLE_Corn_Winter/cumulative dia 10 (2026-05-30 → 2026-06-09) 39726 bytes
2026-05-30 09:34:05,812 [INFO] [OK] Argentina/GFS_ENSEMBLE_Corn_Winter/cumulative dia 11 (2026-05-30 → 2026-06-10) 41372 bytes
2026-05-30 09:34:05,905 [INFO] [OK] Argentina/GFS_ENSEMBLE_Corn_Winter/cumulative dia 12 (2026-05-30 → 2026-06-11) 41990 bytes
2026-05-30 09:34:06,438 [INFO] [OK] Argentina/ECM_ENSEMBLE_Soy/daily dia 00 (2026-05-30 → 2026-05-30) 35799 bytes
2026-05-30 09:34:06,527 [INFO] [OK] Argentina/GFS_ENSEMBLE_Corn_Winter/cumulative dia 13 (2026-05-30 → 2026-06-12) 41831 bytes
2026-05-30 09:34:06,532 [INFO] [OK] Argentina/GFS_ENSEMBLE_Corn_Winter/cumulative dia 14 (2026-05-30 → 2026-06-13) 41254 bytes
2026-05-30 09:34:06,539 [INFO] [OK] Argentina/ECM_ENSEMBLE_Soy/daily dia 01 (2026-05-31 → 2026-05-31) 35324 bytes
2026-05-30 09:34:06,783 [INFO] [OK] Argentina/ECM_ENSEMBLE_Soy/daily dia 02 (2026-06-01 → 2026-06-01) 40049 bytes
2026-05-30 09:34:06,928 [INFO] [OK] Argentina/ECM_ENSEMBLE_Soy/daily dia 03 (2026-06-02 → 2026-06-02) 37557 bytes
2026-05-30 09:34:07,505 [INFO] [OK] Argentina/ECM_ENSEMBLE_Soy/daily dia 05 (2026-06-04 → 2026-06-04) 36364 bytes
2026-05-30 09:34:07,563 [INFO] [OK] Argentina/ECM_ENSEMBLE_Soy/daily dia 06 (2026-06-05 → 2026-06-05) 35441 bytes
2026-05-30 09:34:07,635 [INFO] [OK] Argentina/ECM_ENSEMBLE_Soy/daily dia 04 (2026-06-03 → 2026-06-03) 37752 bytes
2026-05-30 09:34:07,666 [INFO] [OK] Argentina/ECM_ENSEMBLE_Soy/daily dia 07 (2026-06-06 → 2026-06-06) 35830 bytes
2026-05-30 09:34:07,780 [INFO] [OK] Argentina/ECM_ENSEMBLE_Soy/daily dia 08 (2026-06-07 → 2026-06-07) 37543 bytes
2026-05-30 09:34:07,939 [INFO] [OK] Argentina/ECM_ENSEMBLE_Soy/daily dia 09 (2026-06-08 → 2026-06-08) 40050 bytes
2026-05-30 09:34:08,781 [INFO] [OK] Argentina/ECM_ENSEMBLE_Soy/daily dia 11 (2026-06-10 → 2026-06-10) 41986 bytes
2026-05-30 09:34:08,853 [INFO] [OK] Argentina/ECM_ENSEMBLE_Soy/daily dia 14 (2026-06-13 → 2026-06-13) 42764 bytes
2026-05-30 09:34:09,041 [INFO] [OK] Argentina/ECM_ENSEMBLE_Soy/cumulative dia 00 (2026-05-30 → 2026-05-30) 35799 bytes
2026-05-30 09:34:09,055 [INFO] [OK] Argentina/ECM_ENSEMBLE_Soy/daily dia 12 (2026-06-11 → 2026-06-11) 39290 bytes
2026-05-30 09:34:09,067 [INFO] [OK] Argentina/ECM_ENSEMBLE_Soy/daily dia 13 (2026-06-12 → 2026-06-12) 40921 bytes
2026-05-30 09:34:09,069 [INFO] [OK] Argentina/ECM_ENSEMBLE_Soy/daily dia 10 (2026-06-09 → 2026-06-09) 41853 bytes
2026-05-30 09:34:10,237 [INFO] [OK] Argentina/ECM_ENSEMBLE_Soy/cumulative dia 03 (2026-05-30 → 2026-06-02) 39719 bytes
2026-05-30 09:34:10,244 [INFO] [OK] Argentina/ECM_ENSEMBLE_Soy/cumulative dia 02 (2026-05-30 → 2026-06-01) 39597 bytes
2026-05-30 09:34:10,285 [INFO] [OK] Argentina/ECM_ENSEMBLE_Soy/cumulative dia 01 (2026-05-30 → 2026-05-31) 36386 bytes
2026-05-30 09:34:10,400 [INFO] [OK] Argentina/ECM_ENSEMBLE_Soy/cumulative dia 04 (2026-05-30 → 2026-06-03) 39990 bytes
2026-05-30 09:34:10,415 [INFO] [OK] Argentina/ECM_ENSEMBLE_Soy/cumulative dia 05 (2026-05-30 → 2026-06-04) 40497 bytes
2026-05-30 09:34:10,438 [INFO] [OK] Argentina/ECM_ENSEMBLE_Soy/cumulative dia 06 (2026-05-30 → 2026-06-05) 40095 bytes
2026-05-30 09:34:11,549 [INFO] [OK] Argentina/ECM_ENSEMBLE_Soy/cumulative dia 07 (2026-05-30 → 2026-06-06) 39677 bytes
2026-05-30 09:34:11,766 [INFO] [OK] Argentina/ECM_ENSEMBLE_Soy/cumulative dia 08 (2026-05-30 → 2026-06-07) 39905 bytes
2026-05-30 09:34:11,906 [INFO] [OK] Argentina/ECM_ENSEMBLE_Soy/cumulative dia 10 (2026-05-30 → 2026-06-09) 41653 bytes
2026-05-30 09:34:11,964 [INFO] [OK] Argentina/ECM_ENSEMBLE_Soy/cumulative dia 11 (2026-05-30 → 2026-06-10) 42627 bytes
2026-05-30 09:34:12,036 [INFO] [OK] Argentina/ECM_ENSEMBLE_Soy/cumulative dia 09 (2026-05-30 → 2026-06-08) 41156 bytes
2026-05-30 09:34:12,049 [INFO] [OK] Argentina/ECM_ENSEMBLE_Soy/cumulative dia 12 (2026-05-30 → 2026-06-11) 43013 bytes
2026-05-30 09:34:12,906 [INFO] [OK] Argentina/ECM_ENSEMBLE_Corn_Winter/daily dia 00 (2026-05-30 → 2026-05-30) 33896 bytes
2026-05-30 09:34:13,006 [INFO] [OK] Argentina/ECM_ENSEMBLE_Corn_Winter/daily dia 01 (2026-05-31 → 2026-05-31) 33743 bytes
2026-05-30 09:34:13,029 [INFO] [OK] Argentina/ECM_ENSEMBLE_Corn_Winter/daily dia 03 (2026-06-02 → 2026-06-02) 35844 bytes
2026-05-30 09:34:13,096 [INFO] [OK] Argentina/ECM_ENSEMBLE_Corn_Winter/daily dia 02 (2026-06-01 → 2026-06-01) 38575 bytes
2026-05-30 09:34:13,131 [INFO] [OK] Argentina/ECM_ENSEMBLE_Soy/cumulative dia 13 (2026-05-30 → 2026-06-12) 42770 bytes
2026-05-30 09:34:13,352 [INFO] [OK] Argentina/ECM_ENSEMBLE_Soy/cumulative dia 14 (2026-05-30 → 2026-06-13) 42779 bytes
2026-05-30 09:34:13,937 [INFO] [OK] Argentina/ECM_ENSEMBLE_Corn_Winter/daily dia 04 (2026-06-03 → 2026-06-03) 36214 bytes
2026-05-30 09:34:14,000 [INFO] [OK] Argentina/ECM_ENSEMBLE_Corn_Winter/daily dia 05 (2026-06-04 → 2026-06-04) 35063 bytes
2026-05-30 09:34:14,073 [INFO] [OK] Argentina/ECM_ENSEMBLE_Corn_Winter/daily dia 07 (2026-06-06 → 2026-06-06) 34359 bytes
2026-05-30 09:34:14,078 [INFO] [OK] Argentina/ECM_ENSEMBLE_Corn_Winter/daily dia 06 (2026-06-05 → 2026-06-05) 34061 bytes
2026-05-30 09:34:14,137 [INFO] [OK] Argentina/ECM_ENSEMBLE_Corn_Winter/daily dia 08 (2026-06-07 → 2026-06-07) 35541 bytes
2026-05-30 09:34:14,349 [INFO] [OK] Argentina/ECM_ENSEMBLE_Corn_Winter/daily dia 09 (2026-06-08 → 2026-06-08) 38267 bytes
2026-05-30 09:34:14,929 [INFO] [OK] Argentina/ECM_ENSEMBLE_Corn_Winter/daily dia 10 (2026-06-09 → 2026-06-09) 40141 bytes
2026-05-30 09:34:15,056 [INFO] [OK] Argentina/ECM_ENSEMBLE_Corn_Winter/daily dia 12 (2026-06-11 → 2026-06-11) 37350 bytes
2026-05-30 09:34:15,143 [INFO] [OK] Argentina/ECM_ENSEMBLE_Corn_Winter/daily dia 11 (2026-06-10 → 2026-06-10) 40494 bytes
2026-05-30 09:34:15,306 [INFO] [OK] Argentina/ECM_ENSEMBLE_Corn_Winter/daily dia 13 (2026-06-12 → 2026-06-12) 39324 bytes
2026-05-30 09:34:15,390 [INFO] [OK] Argentina/ECM_ENSEMBLE_Corn_Winter/daily dia 14 (2026-06-13 → 2026-06-13) 40925 bytes
2026-05-30 09:34:15,484 [INFO] [OK] Argentina/ECM_ENSEMBLE_Corn_Winter/cumulative dia 00 (2026-05-30 → 2026-05-30) 33896 bytes
2026-05-30 09:34:15,982 [INFO] [OK] Argentina/ECM_ENSEMBLE_Corn_Winter/cumulative dia 01 (2026-05-30 → 2026-05-31) 34836 bytes
2026-05-30 09:34:16,483 [INFO] [OK] Argentina/ECM_ENSEMBLE_Corn_Winter/cumulative dia 03 (2026-05-30 → 2026-06-02) 38325 bytes
2026-05-30 09:34:16,486 [INFO] [OK] Argentina/ECM_ENSEMBLE_Corn_Winter/cumulative dia 02 (2026-05-30 → 2026-06-01) 38026 bytes
2026-05-30 09:34:16,505 [INFO] [OK] Argentina/ECM_ENSEMBLE_Corn_Winter/cumulative dia 04 (2026-05-30 → 2026-06-03) 38572 bytes
2026-05-30 09:34:16,631 [INFO] [OK] Argentina/ECM_ENSEMBLE_Corn_Winter/cumulative dia 05 (2026-05-30 → 2026-06-04) 39282 bytes
2026-05-30 09:34:16,747 [INFO] [OK] Argentina/ECM_ENSEMBLE_Corn_Winter/cumulative dia 06 (2026-05-30 → 2026-06-05) 38846 bytes
2026-05-30 09:34:17,226 [INFO] [OK] Argentina/ECM_ENSEMBLE_Corn_Winter/cumulative dia 07 (2026-05-30 → 2026-06-06) 38497 bytes
2026-05-30 09:34:18,052 [INFO] [OK] Argentina/ECM_ENSEMBLE_Corn_Winter/cumulative dia 10 (2026-05-30 → 2026-06-09) 40693 bytes
2026-05-30 09:34:18,140 [INFO] [OK] Argentina/ECM_ENSEMBLE_Corn_Winter/cumulative dia 11 (2026-05-30 → 2026-06-10) 41525 bytes
2026-05-30 09:34:18,221 [INFO] [OK] Argentina/ECM_ENSEMBLE_Corn_Winter/cumulative dia 09 (2026-05-30 → 2026-06-08) 39987 bytes
2026-05-30 09:34:18,348 [INFO] [OK] Argentina/ECM_ENSEMBLE_Corn_Winter/cumulative dia 08 (2026-05-30 → 2026-06-07) 38763 bytes
2026-05-30 09:34:18,395 [INFO] [OK] Argentina/ECM_ENSEMBLE_Corn_Winter/cumulative dia 12 (2026-05-30 → 2026-06-11) 41932 bytes
2026-05-30 09:34:18,788 [INFO] [OK] Argentina/ECM_ENSEMBLE_Corn_Winter/cumulative dia 13 (2026-05-30 → 2026-06-12) 41595 bytes
2026-05-30 09:34:19,546 [INFO] [OK] Argentina/ECM_ENSEMBLE_Corn_Winter/cumulative dia 14 (2026-05-30 → 2026-06-13) 41581 bytes
2026-05-30 09:34:19,549 [INFO] Resumo: 240/240 sucessos, 0 erros
2026-05-30 09:34:20,612 [INFO] [CLEANUP] Removidas 56 pastas de histórico anteriores a 2026-04-30
2026-05-30 09:34:20,621 [INFO] Manifest: C:\Users\server\OneDrive - CGB Enterprises, Inc\ZGC-PBI Research - Documents\Dataset Data Files\Weather_maps\manifest.json
2026-05-30 09:34:20,621 [INFO] [GIT] Iniciando sincronização com GitHub...
2026-05-30 09:34:57,915 [INFO] [GIT] Sucesso ✓
2026-05-30 09:34:57,915 [INFO] ✓ Sincronizado com GitHub — Power BI atualiza no próximo refresh
