2026-04-24 09:33:55,597 [INFO] === Execução 2026-04-24 | modo=both | dias=15 | parâmetro=PRCP_DEP ===
2026-04-24 09:33:56,898 [INFO] Baixando 240 mapas com 6 threads...
2026-04-24 09:34:02,231 [INFO] [OK] Brazil/GFS_ENSEMBLE_Soy/daily dia 01 (2026-04-25 → 2026-04-25) 51044 bytes
2026-04-24 09:34:02,234 [INFO] [OK] Brazil/GFS_ENSEMBLE_Soy/daily dia 00 (2026-04-24 → 2026-04-24) 46620 bytes
2026-04-24 09:34:02,238 [INFO] [OK] Brazil/GFS_ENSEMBLE_Soy/daily dia 03 (2026-04-27 → 2026-04-27) 47572 bytes
2026-04-24 09:34:02,241 [INFO] [OK] Brazil/GFS_ENSEMBLE_Soy/daily dia 04 (2026-04-28 → 2026-04-28) 48419 bytes
2026-04-24 09:34:02,291 [INFO] [OK] Brazil/GFS_ENSEMBLE_Soy/daily dia 05 (2026-04-29 → 2026-04-29) 49152 bytes
2026-04-24 09:34:02,353 [INFO] [OK] Brazil/GFS_ENSEMBLE_Soy/daily dia 02 (2026-04-26 → 2026-04-26) 49558 bytes
2026-04-24 09:34:05,345 [INFO] [OK] Brazil/GFS_ENSEMBLE_Soy/daily dia 06 (2026-04-30 → 2026-04-30) 49741 bytes
2026-04-24 09:34:05,602 [INFO] [OK] Brazil/GFS_ENSEMBLE_Soy/daily dia 08 (2026-05-02 → 2026-05-02) 49509 bytes
2026-04-24 09:34:05,603 [INFO] [OK] Brazil/GFS_ENSEMBLE_Soy/daily dia 11 (2026-05-05 → 2026-05-05) 50985 bytes
2026-04-24 09:34:05,604 [INFO] [OK] Brazil/GFS_ENSEMBLE_Soy/daily dia 09 (2026-05-03 → 2026-05-03) 50263 bytes
2026-04-24 09:34:05,613 [INFO] [OK] Brazil/GFS_ENSEMBLE_Soy/daily dia 10 (2026-05-04 → 2026-05-04) 50097 bytes
2026-04-24 09:34:05,653 [INFO] [OK] Brazil/GFS_ENSEMBLE_Soy/daily dia 07 (2026-05-01 → 2026-05-01) 50438 bytes
2026-04-24 09:34:06,694 [INFO] [OK] Brazil/GFS_ENSEMBLE_Soy/daily dia 12 (2026-05-06 → 2026-05-06) 50234 bytes
2026-04-24 09:34:07,160 [INFO] [OK] Brazil/GFS_ENSEMBLE_Soy/cumulative dia 00 (2026-04-24 → 2026-04-24) 46620 bytes
2026-04-24 09:34:07,352 [INFO] [OK] Brazil/GFS_ENSEMBLE_Soy/cumulative dia 01 (2026-04-24 → 2026-04-25) 49522 bytes
2026-04-24 09:34:07,423 [INFO] [OK] Brazil/GFS_ENSEMBLE_Soy/daily dia 14 (2026-05-08 → 2026-05-08) 53222 bytes
2026-04-24 09:34:07,424 [INFO] [OK] Brazil/GFS_ENSEMBLE_Soy/daily dia 13 (2026-05-07 → 2026-05-07) 52639 bytes
2026-04-24 09:34:07,538 [INFO] [OK] Brazil/GFS_ENSEMBLE_Soy/cumulative dia 02 (2026-04-24 → 2026-04-26) 50843 bytes
2026-04-24 09:34:08,253 [INFO] [OK] Brazil/GFS_ENSEMBLE_Soy/cumulative dia 03 (2026-04-24 → 2026-04-27) 50829 bytes
2026-04-24 09:34:08,915 [INFO] [OK] Brazil/GFS_ENSEMBLE_Soy/cumulative dia 04 (2026-04-24 → 2026-04-28) 52035 bytes
2026-04-24 09:34:09,937 [INFO] [OK] Brazil/GFS_ENSEMBLE_Soy/cumulative dia 05 (2026-04-24 → 2026-04-29) 51365 bytes
2026-04-24 09:34:10,756 [INFO] [OK] Brazil/GFS_ENSEMBLE_Soy/cumulative dia 08 (2026-04-24 → 2026-05-02) 50955 bytes
2026-04-24 09:34:10,813 [INFO] [OK] Brazil/GFS_ENSEMBLE_Soy/cumulative dia 07 (2026-04-24 → 2026-05-01) 51107 bytes
2026-04-24 09:34:10,994 [INFO] [OK] Brazil/GFS_ENSEMBLE_Soy/cumulative dia 06 (2026-04-24 → 2026-04-30) 51171 bytes
2026-04-24 09:34:11,001 [INFO] [OK] Brazil/GFS_ENSEMBLE_Soy/cumulative dia 09 (2026-04-24 → 2026-05-03) 51407 bytes
2026-04-24 09:34:11,009 [INFO] [OK] Brazil/GFS_ENSEMBLE_Soy/cumulative dia 10 (2026-04-24 → 2026-05-04) 51363 bytes
2026-04-24 09:34:12,018 [INFO] [OK] Brazil/GFS_ENSEMBLE_Soy/cumulative dia 11 (2026-04-24 → 2026-05-05) 51397 bytes
2026-04-24 09:34:12,645 [INFO] [OK] Brazil/GFS_ENSEMBLE_Corn_Winter/daily dia 01 (2026-04-25 → 2026-04-25) 49201 bytes
2026-04-24 09:34:12,785 [INFO] [OK] Brazil/GFS_ENSEMBLE_Corn_Winter/daily dia 00 (2026-04-24 → 2026-04-24) 44982 bytes
2026-04-24 09:34:13,279 [INFO] [OK] Brazil/GFS_ENSEMBLE_Soy/cumulative dia 12 (2026-04-24 → 2026-05-06) 51299 bytes
2026-04-24 09:34:13,575 [INFO] [OK] Brazil/GFS_ENSEMBLE_Soy/cumulative dia 14 (2026-04-24 → 2026-05-08) 51382 bytes
2026-04-24 09:34:13,740 [INFO] [OK] Brazil/GFS_ENSEMBLE_Soy/cumulative dia 13 (2026-04-24 → 2026-05-07) 51472 bytes
2026-04-24 09:34:13,741 [INFO] [OK] Brazil/GFS_ENSEMBLE_Corn_Winter/daily dia 02 (2026-04-26 → 2026-04-26) 48015 bytes
2026-04-24 09:34:14,070 [INFO] [OK] Brazil/GFS_ENSEMBLE_Corn_Winter/daily dia 03 (2026-04-27 → 2026-04-27) 46007 bytes
2026-04-24 09:34:14,162 [INFO] [OK] Brazil/GFS_ENSEMBLE_Corn_Winter/daily dia 04 (2026-04-28 → 2026-04-28) 46955 bytes
2026-04-24 09:34:14,981 [INFO] [OK] Brazil/GFS_ENSEMBLE_Corn_Winter/daily dia 06 (2026-04-30 → 2026-04-30) 48391 bytes
2026-04-24 09:34:14,995 [INFO] [OK] Brazil/GFS_ENSEMBLE_Corn_Winter/daily dia 05 (2026-04-29 → 2026-04-29) 47693 bytes
2026-04-24 09:34:15,128 [INFO] [OK] Brazil/GFS_ENSEMBLE_Corn_Winter/daily dia 08 (2026-05-02 → 2026-05-02) 48130 bytes
2026-04-24 09:34:15,226 [INFO] [OK] Brazil/GFS_ENSEMBLE_Corn_Winter/daily dia 07 (2026-05-01 → 2026-05-01) 48988 bytes
2026-04-24 09:34:15,448 [INFO] [OK] Brazil/GFS_ENSEMBLE_Corn_Winter/daily dia 10 (2026-05-04 → 2026-05-04) 48459 bytes
2026-04-24 09:34:15,501 [INFO] [OK] Brazil/GFS_ENSEMBLE_Corn_Winter/daily dia 09 (2026-05-03 → 2026-05-03) 48604 bytes
2026-04-24 09:34:16,455 [INFO] [OK] Brazil/GFS_ENSEMBLE_Corn_Winter/daily dia 11 (2026-05-05 → 2026-05-05) 49143 bytes
2026-04-24 09:34:16,848 [INFO] [OK] Brazil/GFS_ENSEMBLE_Corn_Winter/daily dia 13 (2026-05-07 → 2026-05-07) 51064 bytes
2026-04-24 09:34:17,157 [INFO] [OK] Brazil/GFS_ENSEMBLE_Corn_Winter/cumulative dia 00 (2026-04-24 → 2026-04-24) 44982 bytes
2026-04-24 09:34:17,462 [INFO] [OK] Brazil/GFS_ENSEMBLE_Corn_Winter/daily dia 12 (2026-05-06 → 2026-05-06) 48630 bytes
2026-04-24 09:34:17,539 [INFO] [OK] Brazil/GFS_ENSEMBLE_Corn_Winter/cumulative dia 01 (2026-04-24 → 2026-04-25) 47798 bytes
2026-04-24 09:34:17,742 [INFO] [OK] Brazil/GFS_ENSEMBLE_Corn_Winter/daily dia 14 (2026-05-08 → 2026-05-08) 51657 bytes
2026-04-24 09:34:18,047 [INFO] [OK] Brazil/GFS_ENSEMBLE_Corn_Winter/cumulative dia 02 (2026-04-24 → 2026-04-26) 49287 bytes
2026-04-24 09:34:18,530 [INFO] [OK] Brazil/GFS_ENSEMBLE_Corn_Winter/cumulative dia 03 (2026-04-24 → 2026-04-27) 49457 bytes
2026-04-24 09:34:18,940 [INFO] [OK] Brazil/GFS_ENSEMBLE_Corn_Winter/cumulative dia 04 (2026-04-24 → 2026-04-28) 50669 bytes
2026-04-24 09:34:19,561 [INFO] [OK] Brazil/GFS_ENSEMBLE_Corn_Winter/cumulative dia 05 (2026-04-24 → 2026-04-29) 49923 bytes
2026-04-24 09:34:19,676 [INFO] [OK] Brazil/GFS_ENSEMBLE_Corn_Winter/cumulative dia 07 (2026-04-24 → 2026-05-01) 49799 bytes
2026-04-24 09:34:19,697 [INFO] [OK] Brazil/GFS_ENSEMBLE_Corn_Winter/cumulative dia 06 (2026-04-24 → 2026-04-30) 49820 bytes
2026-04-24 09:34:20,293 [INFO] [OK] Brazil/GFS_ENSEMBLE_Corn_Winter/cumulative dia 08 (2026-04-24 → 2026-05-02) 49573 bytes
2026-04-24 09:34:20,596 [INFO] [OK] Brazil/GFS_ENSEMBLE_Corn_Winter/cumulative dia 09 (2026-04-24 → 2026-05-03) 49874 bytes
2026-04-24 09:34:21,128 [INFO] [OK] Brazil/GFS_ENSEMBLE_Corn_Winter/cumulative dia 10 (2026-04-24 → 2026-05-04) 50086 bytes
2026-04-24 09:34:22,436 [INFO] [OK] Brazil/GFS_ENSEMBLE_Corn_Winter/cumulative dia 11 (2026-04-24 → 2026-05-05) 50122 bytes
2026-04-24 09:34:22,611 [INFO] [OK] Brazil/ECM_ENSEMBLE_Soy/daily dia 01 (2026-04-25 → 2026-04-25) 52344 bytes
2026-04-24 09:34:23,175 [INFO] [OK] Brazil/GFS_ENSEMBLE_Corn_Winter/cumulative dia 14 (2026-04-24 → 2026-05-08) 49759 bytes
2026-04-24 09:34:23,189 [INFO] [OK] Brazil/GFS_ENSEMBLE_Corn_Winter/cumulative dia 12 (2026-04-24 → 2026-05-06) 49876 bytes
2026-04-24 09:34:23,191 [INFO] [OK] Brazil/ECM_ENSEMBLE_Soy/daily dia 00 (2026-04-24 → 2026-04-24) 49001 bytes
2026-04-24 09:34:23,196 [INFO] [OK] Brazil/GFS_ENSEMBLE_Corn_Winter/cumulative dia 13 (2026-04-24 → 2026-05-07) 49957 bytes
2026-04-24 09:34:23,899 [INFO] [OK] Brazil/ECM_ENSEMBLE_Soy/daily dia 03 (2026-04-27 → 2026-04-27) 48566 bytes
2026-04-24 09:34:24,225 [INFO] [OK] Brazil/ECM_ENSEMBLE_Soy/daily dia 02 (2026-04-26 → 2026-04-26) 50147 bytes
2026-04-24 09:34:24,598 [INFO] [OK] Brazil/ECM_ENSEMBLE_Soy/daily dia 04 (2026-04-28 → 2026-04-28) 49806 bytes
2026-04-24 09:34:24,759 [INFO] [OK] Brazil/ECM_ENSEMBLE_Soy/daily dia 05 (2026-04-29 → 2026-04-29) 49140 bytes
2026-04-24 09:34:24,760 [INFO] [OK] Brazil/ECM_ENSEMBLE_Soy/daily dia 06 (2026-04-30 → 2026-04-30) 48726 bytes
2026-04-24 09:34:24,761 [INFO] [OK] Brazil/ECM_ENSEMBLE_Soy/daily dia 07 (2026-05-01 → 2026-05-01) 49496 bytes
2026-04-24 09:34:25,353 [INFO] [OK] Brazil/ECM_ENSEMBLE_Soy/daily dia 08 (2026-05-02 → 2026-05-02) 51182 bytes
2026-04-24 09:34:25,543 [INFO] [OK] Brazil/ECM_ENSEMBLE_Soy/daily dia 09 (2026-05-03 → 2026-05-03) 51568 bytes
2026-04-24 09:34:26,080 [INFO] [OK] Brazil/ECM_ENSEMBLE_Soy/daily dia 10 (2026-05-04 → 2026-05-04) 51646 bytes
2026-04-24 09:34:26,174 [INFO] [OK] Brazil/ECM_ENSEMBLE_Soy/daily dia 12 (2026-05-06 → 2026-05-06) 51491 bytes
2026-04-24 09:34:26,860 [INFO] [OK] Brazil/ECM_ENSEMBLE_Soy/daily dia 13 (2026-05-07 → 2026-05-07) 52298 bytes
2026-04-24 09:34:26,870 [INFO] [OK] Brazil/ECM_ENSEMBLE_Soy/daily dia 11 (2026-05-05 → 2026-05-05) 50793 bytes
2026-04-24 09:34:27,111 [INFO] [OK] Brazil/ECM_ENSEMBLE_Soy/daily dia 14 (2026-05-08 → 2026-05-08) 52597 bytes
2026-04-24 09:34:27,174 [INFO] [OK] Brazil/ECM_ENSEMBLE_Soy/cumulative dia 00 (2026-04-24 → 2026-04-24) 49001 bytes
2026-04-24 09:34:27,775 [INFO] [OK] Brazil/ECM_ENSEMBLE_Soy/cumulative dia 01 (2026-04-24 → 2026-04-25) 51242 bytes
2026-04-24 09:34:28,024 [INFO] [OK] Brazil/ECM_ENSEMBLE_Soy/cumulative dia 02 (2026-04-24 → 2026-04-26) 51983 bytes
2026-04-24 09:34:28,988 [INFO] [OK] Brazil/ECM_ENSEMBLE_Soy/cumulative dia 05 (2026-04-24 → 2026-04-29) 52698 bytes
2026-04-24 09:34:29,047 [INFO] [OK] Brazil/ECM_ENSEMBLE_Soy/cumulative dia 04 (2026-04-24 → 2026-04-28) 52628 bytes
2026-04-24 09:34:29,213 [INFO] [OK] Brazil/ECM_ENSEMBLE_Soy/cumulative dia 03 (2026-04-24 → 2026-04-27) 52076 bytes
2026-04-24 09:34:29,332 [INFO] [OK] Brazil/ECM_ENSEMBLE_Soy/cumulative dia 06 (2026-04-24 → 2026-04-30) 52358 bytes
2026-04-24 09:34:29,618 [INFO] [OK] Brazil/ECM_ENSEMBLE_Soy/cumulative dia 07 (2026-04-24 → 2026-05-01) 52528 bytes
2026-04-24 09:34:30,269 [INFO] [OK] Brazil/ECM_ENSEMBLE_Soy/cumulative dia 08 (2026-04-24 → 2026-05-02) 52552 bytes
2026-04-24 09:34:31,446 [INFO] [OK] Brazil/ECM_ENSEMBLE_Soy/cumulative dia 09 (2026-04-24 → 2026-05-03) 52732 bytes
2026-04-24 09:34:31,536 [INFO] [OK] Brazil/ECM_ENSEMBLE_Soy/cumulative dia 11 (2026-04-24 → 2026-05-05) 52653 bytes
2026-04-24 09:34:31,593 [INFO] [OK] Brazil/ECM_ENSEMBLE_Soy/cumulative dia 10 (2026-04-24 → 2026-05-04) 52295 bytes
2026-04-24 09:34:31,939 [INFO] [OK] Brazil/ECM_ENSEMBLE_Soy/cumulative dia 12 (2026-04-24 → 2026-05-06) 52659 bytes
2026-04-24 09:34:32,183 [INFO] [OK] Brazil/ECM_ENSEMBLE_Soy/cumulative dia 13 (2026-04-24 → 2026-05-07) 52806 bytes
2026-04-24 09:34:32,856 [INFO] [OK] Brazil/ECM_ENSEMBLE_Corn_Winter/daily dia 01 (2026-04-25 → 2026-04-25) 50720 bytes
2026-04-24 09:34:32,894 [INFO] [OK] Brazil/ECM_ENSEMBLE_Corn_Winter/daily dia 02 (2026-04-26 → 2026-04-26) 48387 bytes
2026-04-24 09:34:33,015 [INFO] [OK] Brazil/ECM_ENSEMBLE_Soy/cumulative dia 14 (2026-04-24 → 2026-05-08) 52717 bytes
2026-04-24 09:34:33,199 [INFO] [OK] Brazil/ECM_ENSEMBLE_Corn_Winter/daily dia 00 (2026-04-24 → 2026-04-24) 47394 bytes
2026-04-24 09:34:33,421 [INFO] [OK] Brazil/ECM_ENSEMBLE_Corn_Winter/daily dia 03 (2026-04-27 → 2026-04-27) 47067 bytes
2026-04-24 09:34:33,487 [INFO] [OK] Brazil/ECM_ENSEMBLE_Corn_Winter/daily dia 04 (2026-04-28 → 2026-04-28) 48451 bytes
2026-04-24 09:34:34,782 [INFO] [OK] Brazil/ECM_ENSEMBLE_Corn_Winter/daily dia 06 (2026-04-30 → 2026-04-30) 47364 bytes
2026-04-24 09:34:34,919 [INFO] [OK] Brazil/ECM_ENSEMBLE_Corn_Winter/daily dia 05 (2026-04-29 → 2026-04-29) 47641 bytes
2026-04-24 09:34:35,050 [INFO] [OK] Brazil/ECM_ENSEMBLE_Corn_Winter/daily dia 09 (2026-05-03 → 2026-05-03) 50038 bytes
2026-04-24 09:34:35,085 [INFO] [OK] Brazil/ECM_ENSEMBLE_Corn_Winter/daily dia 07 (2026-05-01 → 2026-05-01) 48274 bytes
2026-04-24 09:34:35,164 [INFO] [OK] Brazil/ECM_ENSEMBLE_Corn_Winter/daily dia 08 (2026-05-02 → 2026-05-02) 49923 bytes
2026-04-24 09:34:35,290 [INFO] [OK] Brazil/ECM_ENSEMBLE_Corn_Winter/daily dia 10 (2026-05-04 → 2026-05-04) 50026 bytes
2026-04-24 09:34:36,440 [INFO] [OK] Brazil/ECM_ENSEMBLE_Corn_Winter/daily dia 11 (2026-05-05 → 2026-05-05) 49307 bytes
2026-04-24 09:34:36,496 [INFO] [OK] Brazil/ECM_ENSEMBLE_Corn_Winter/daily dia 12 (2026-05-06 → 2026-05-06) 50259 bytes
2026-04-24 09:34:36,760 [INFO] [OK] Brazil/ECM_ENSEMBLE_Corn_Winter/daily dia 14 (2026-05-08 → 2026-05-08) 51273 bytes
2026-04-24 09:34:36,796 [INFO] [OK] Brazil/ECM_ENSEMBLE_Corn_Winter/cumulative dia 00 (2026-04-24 → 2026-04-24) 47394 bytes
2026-04-24 09:34:36,823 [INFO] [OK] Brazil/ECM_ENSEMBLE_Corn_Winter/cumulative dia 01 (2026-04-24 → 2026-04-25) 49707 bytes
2026-04-24 09:34:36,882 [INFO] [OK] Brazil/ECM_ENSEMBLE_Corn_Winter/daily dia 13 (2026-05-07 → 2026-05-07) 51117 bytes
2026-04-24 09:34:38,159 [INFO] [OK] Brazil/ECM_ENSEMBLE_Corn_Winter/cumulative dia 02 (2026-04-24 → 2026-04-26) 50716 bytes
2026-04-24 09:34:38,281 [INFO] [OK] Brazil/ECM_ENSEMBLE_Corn_Winter/cumulative dia 03 (2026-04-24 → 2026-04-27) 50837 bytes
2026-04-24 09:34:38,790 [INFO] [OK] Brazil/ECM_ENSEMBLE_Corn_Winter/cumulative dia 06 (2026-04-24 → 2026-04-30) 51094 bytes
2026-04-24 09:34:38,897 [INFO] [OK] Brazil/ECM_ENSEMBLE_Corn_Winter/cumulative dia 04 (2026-04-24 → 2026-04-28) 51307 bytes
2026-04-24 09:34:39,001 [INFO] [OK] Brazil/ECM_ENSEMBLE_Corn_Winter/cumulative dia 05 (2026-04-24 → 2026-04-29) 51272 bytes
2026-04-24 09:34:39,193 [INFO] [OK] Brazil/ECM_ENSEMBLE_Corn_Winter/cumulative dia 07 (2026-04-24 → 2026-05-01) 51139 bytes
2026-04-24 09:34:40,266 [INFO] [OK] Brazil/ECM_ENSEMBLE_Corn_Winter/cumulative dia 08 (2026-04-24 → 2026-05-02) 51096 bytes
2026-04-24 09:34:40,449 [INFO] [OK] Brazil/ECM_ENSEMBLE_Corn_Winter/cumulative dia 09 (2026-04-24 → 2026-05-03) 51426 bytes
2026-04-24 09:34:41,114 [INFO] [OK] Brazil/ECM_ENSEMBLE_Corn_Winter/cumulative dia 10 (2026-04-24 → 2026-05-04) 51122 bytes
2026-04-24 09:34:41,534 [INFO] [OK] Brazil/ECM_ENSEMBLE_Corn_Winter/cumulative dia 11 (2026-04-24 → 2026-05-05) 51378 bytes
2026-04-24 09:34:41,713 [INFO] [OK] Brazil/ECM_ENSEMBLE_Corn_Winter/cumulative dia 12 (2026-04-24 → 2026-05-06) 51305 bytes
2026-04-24 09:34:41,803 [INFO] [OK] Argentina/GFS_ENSEMBLE_Soy/daily dia 00 (2026-04-24 → 2026-04-24) 34619 bytes
2026-04-24 09:34:42,152 [INFO] [OK] Argentina/GFS_ENSEMBLE_Soy/daily dia 01 (2026-04-25 → 2026-04-25) 40100 bytes
2026-04-24 09:34:42,231 [INFO] [OK] Brazil/ECM_ENSEMBLE_Corn_Winter/cumulative dia 13 (2026-04-24 → 2026-05-07) 51474 bytes
2026-04-24 09:34:42,600 [INFO] [OK] Argentina/GFS_ENSEMBLE_Soy/daily dia 02 (2026-04-26 → 2026-04-26) 38391 bytes
2026-04-24 09:34:42,846 [INFO] [OK] Argentina/GFS_ENSEMBLE_Soy/daily dia 03 (2026-04-27 → 2026-04-27) 36754 bytes
2026-04-24 09:34:43,129 [INFO] [OK] Brazil/ECM_ENSEMBLE_Corn_Winter/cumulative dia 14 (2026-04-24 → 2026-05-08) 51294 bytes
2026-04-24 09:34:43,139 [INFO] [OK] Argentina/GFS_ENSEMBLE_Soy/daily dia 04 (2026-04-28 → 2026-04-28) 38248 bytes
2026-04-24 09:34:43,262 [INFO] [OK] Argentina/GFS_ENSEMBLE_Soy/daily dia 06 (2026-04-30 → 2026-04-30) 39417 bytes
2026-04-24 09:34:43,402 [INFO] [OK] Argentina/GFS_ENSEMBLE_Soy/daily dia 05 (2026-04-29 → 2026-04-29) 38740 bytes
2026-04-24 09:34:43,828 [INFO] [OK] Argentina/GFS_ENSEMBLE_Soy/daily dia 07 (2026-05-01 → 2026-05-01) 40700 bytes
2026-04-24 09:34:43,981 [INFO] [OK] Argentina/GFS_ENSEMBLE_Soy/daily dia 08 (2026-05-02 → 2026-05-02) 39933 bytes
2026-04-24 09:34:44,513 [INFO] [OK] Argentina/GFS_ENSEMBLE_Soy/daily dia 12 (2026-05-06 → 2026-05-06) 41346 bytes
2026-04-24 09:34:44,514 [INFO] [OK] Argentina/GFS_ENSEMBLE_Soy/daily dia 09 (2026-05-03 → 2026-05-03) 41347 bytes
2026-04-24 09:34:44,569 [INFO] [OK] Argentina/GFS_ENSEMBLE_Soy/daily dia 10 (2026-05-04 → 2026-05-04) 40595 bytes
2026-04-24 09:34:44,633 [INFO] [OK] Argentina/GFS_ENSEMBLE_Soy/daily dia 11 (2026-05-05 → 2026-05-05) 41717 bytes
2026-04-24 09:34:45,005 [INFO] [OK] Argentina/GFS_ENSEMBLE_Soy/daily dia 13 (2026-05-07 → 2026-05-07) 43955 bytes
2026-04-24 09:34:45,284 [INFO] [OK] Argentina/GFS_ENSEMBLE_Soy/daily dia 14 (2026-05-08 → 2026-05-08) 43733 bytes
2026-04-24 09:34:46,429 [INFO] [OK] Argentina/GFS_ENSEMBLE_Soy/cumulative dia 01 (2026-04-24 → 2026-04-25) 38403 bytes
2026-04-24 09:34:46,437 [INFO] [OK] Argentina/GFS_ENSEMBLE_Soy/cumulative dia 04 (2026-04-24 → 2026-04-28) 41563 bytes
2026-04-24 09:34:46,453 [INFO] [OK] Argentina/GFS_ENSEMBLE_Soy/cumulative dia 00 (2026-04-24 → 2026-04-24) 34619 bytes
2026-04-24 09:34:46,502 [INFO] [OK] Argentina/GFS_ENSEMBLE_Soy/cumulative dia 03 (2026-04-24 → 2026-04-27) 39983 bytes
2026-04-24 09:34:46,503 [INFO] [OK] Argentina/GFS_ENSEMBLE_Soy/cumulative dia 02 (2026-04-24 → 2026-04-26) 39924 bytes
2026-04-24 09:34:47,107 [INFO] [OK] Argentina/GFS_ENSEMBLE_Soy/cumulative dia 05 (2026-04-24 → 2026-04-29) 41558 bytes
2026-04-24 09:34:47,838 [INFO] [OK] Argentina/GFS_ENSEMBLE_Soy/cumulative dia 06 (2026-04-24 → 2026-04-30) 41182 bytes
2026-04-24 09:34:49,338 [INFO] [OK] Argentina/GFS_ENSEMBLE_Soy/cumulative dia 09 (2026-04-24 → 2026-05-03) 41505 bytes
2026-04-24 09:34:49,342 [INFO] [OK] Argentina/GFS_ENSEMBLE_Soy/cumulative dia 08 (2026-04-24 → 2026-05-02) 41295 bytes
2026-04-24 09:34:49,345 [INFO] [OK] Argentina/GFS_ENSEMBLE_Soy/cumulative dia 07 (2026-04-24 → 2026-05-01) 41432 bytes
2026-04-24 09:34:49,350 [INFO] [OK] Argentina/GFS_ENSEMBLE_Soy/cumulative dia 10 (2026-04-24 → 2026-05-04) 41901 bytes
2026-04-24 09:34:49,431 [INFO] [OK] Argentina/GFS_ENSEMBLE_Soy/cumulative dia 11 (2026-04-24 → 2026-05-05) 41649 bytes
2026-04-24 09:34:49,514 [INFO] [OK] Argentina/GFS_ENSEMBLE_Soy/cumulative dia 12 (2026-04-24 → 2026-05-06) 41603 bytes
2026-04-24 09:34:51,206 [INFO] [OK] Argentina/GFS_ENSEMBLE_Corn_Winter/daily dia 02 (2026-04-26 → 2026-04-26) 36619 bytes
2026-04-24 09:34:51,222 [INFO] [OK] Argentina/GFS_ENSEMBLE_Corn_Winter/daily dia 01 (2026-04-25 → 2026-04-25) 38101 bytes
2026-04-24 09:34:51,222 [INFO] [OK] Argentina/GFS_ENSEMBLE_Corn_Winter/daily dia 03 (2026-04-27 → 2026-04-27) 35157 bytes
2026-04-24 09:34:51,239 [INFO] [OK] Argentina/GFS_ENSEMBLE_Corn_Winter/daily dia 00 (2026-04-24 → 2026-04-24) 32764 bytes
2026-04-24 09:34:51,243 [INFO] [OK] Argentina/GFS_ENSEMBLE_Soy/cumulative dia 13 (2026-04-24 → 2026-05-07) 41689 bytes
2026-04-24 09:34:51,540 [INFO] [OK] Argentina/GFS_ENSEMBLE_Soy/cumulative dia 14 (2026-04-24 → 2026-05-08) 41690 bytes
2026-04-24 09:34:52,241 [INFO] [OK] Argentina/GFS_ENSEMBLE_Corn_Winter/daily dia 05 (2026-04-29 → 2026-04-29) 37227 bytes
2026-04-24 09:34:52,250 [INFO] [OK] Argentina/GFS_ENSEMBLE_Corn_Winter/daily dia 04 (2026-04-28 → 2026-04-28) 36648 bytes
2026-04-24 09:34:52,578 [INFO] [OK] Argentina/GFS_ENSEMBLE_Corn_Winter/daily dia 09 (2026-05-03 → 2026-05-03) 39807 bytes
2026-04-24 09:34:52,752 [INFO] [OK] Argentina/GFS_ENSEMBLE_Corn_Winter/daily dia 06 (2026-04-30 → 2026-04-30) 37765 bytes
2026-04-24 09:34:52,869 [INFO] [OK] Argentina/GFS_ENSEMBLE_Corn_Winter/daily dia 08 (2026-05-02 → 2026-05-02) 38232 bytes
2026-04-24 09:34:52,888 [INFO] [OK] Argentina/GFS_ENSEMBLE_Corn_Winter/daily dia 07 (2026-05-01 → 2026-05-01) 38966 bytes
2026-04-24 09:34:53,613 [INFO] [OK] Argentina/GFS_ENSEMBLE_Corn_Winter/daily dia 10 (2026-05-04 → 2026-05-04) 38875 bytes
2026-04-24 09:34:53,625 [INFO] [OK] Argentina/GFS_ENSEMBLE_Corn_Winter/daily dia 11 (2026-05-05 → 2026-05-05) 39884 bytes
2026-04-24 09:34:53,626 [INFO] [OK] Argentina/GFS_ENSEMBLE_Corn_Winter/daily dia 12 (2026-05-06 → 2026-05-06) 39571 bytes
2026-04-24 09:34:53,772 [INFO] [OK] Argentina/GFS_ENSEMBLE_Corn_Winter/daily dia 13 (2026-05-07 → 2026-05-07) 42394 bytes
2026-04-24 09:34:54,005 [INFO] [OK] Argentina/GFS_ENSEMBLE_Corn_Winter/daily dia 14 (2026-05-08 → 2026-05-08) 42248 bytes
2026-04-24 09:34:54,047 [INFO] [OK] Argentina/GFS_ENSEMBLE_Corn_Winter/cumulative dia 00 (2026-04-24 → 2026-04-24) 32764 bytes
2026-04-24 09:34:54,646 [INFO] [OK] Argentina/GFS_ENSEMBLE_Corn_Winter/cumulative dia 01 (2026-04-24 → 2026-04-25) 36602 bytes
2026-04-24 09:34:54,960 [INFO] [OK] Argentina/GFS_ENSEMBLE_Corn_Winter/cumulative dia 02 (2026-04-24 → 2026-04-26) 38194 bytes
2026-04-24 09:34:55,056 [INFO] [OK] Argentina/GFS_ENSEMBLE_Corn_Winter/cumulative dia 03 (2026-04-24 → 2026-04-27) 38673 bytes
2026-04-24 09:34:55,244 [INFO] [OK] Argentina/GFS_ENSEMBLE_Corn_Winter/cumulative dia 05 (2026-04-24 → 2026-04-29) 39933 bytes
2026-04-24 09:34:55,245 [INFO] [OK] Argentina/GFS_ENSEMBLE_Corn_Winter/cumulative dia 04 (2026-04-24 → 2026-04-28) 40042 bytes
2026-04-24 09:34:55,349 [INFO] [OK] Argentina/GFS_ENSEMBLE_Corn_Winter/cumulative dia 06 (2026-04-24 → 2026-04-30) 39595 bytes
2026-04-24 09:34:56,491 [INFO] [OK] Argentina/GFS_ENSEMBLE_Corn_Winter/cumulative dia 07 (2026-04-24 → 2026-05-01) 40053 bytes
2026-04-24 09:34:56,693 [INFO] [OK] Argentina/GFS_ENSEMBLE_Corn_Winter/cumulative dia 08 (2026-04-24 → 2026-05-02) 39869 bytes
2026-04-24 09:34:57,020 [INFO] [OK] Argentina/GFS_ENSEMBLE_Corn_Winter/cumulative dia 09 (2026-04-24 → 2026-05-03) 40071 bytes
2026-04-24 09:34:57,445 [INFO] [OK] Argentina/GFS_ENSEMBLE_Corn_Winter/cumulative dia 10 (2026-04-24 → 2026-05-04) 40415 bytes
2026-04-24 09:34:57,462 [INFO] [OK] Argentina/GFS_ENSEMBLE_Corn_Winter/cumulative dia 12 (2026-04-24 → 2026-05-06) 40231 bytes
2026-04-24 09:34:58,151 [INFO] [OK] Argentina/GFS_ENSEMBLE_Corn_Winter/cumulative dia 11 (2026-04-24 → 2026-05-05) 40353 bytes
2026-04-24 09:34:58,280 [INFO] [OK] Argentina/GFS_ENSEMBLE_Corn_Winter/cumulative dia 13 (2026-04-24 → 2026-05-07) 40262 bytes
2026-04-24 09:34:59,089 [INFO] [OK] Argentina/GFS_ENSEMBLE_Corn_Winter/cumulative dia 14 (2026-04-24 → 2026-05-08) 40120 bytes
2026-04-24 09:34:59,329 [INFO] [OK] Argentina/ECM_ENSEMBLE_Soy/daily dia 00 (2026-04-24 → 2026-04-24) 37468 bytes
2026-04-24 09:34:59,706 [INFO] [OK] Argentina/ECM_ENSEMBLE_Soy/daily dia 01 (2026-04-25 → 2026-04-25) 41421 bytes
2026-04-24 09:34:59,747 [INFO] [OK] Argentina/ECM_ENSEMBLE_Soy/daily dia 02 (2026-04-26 → 2026-04-26) 39758 bytes
2026-04-24 09:34:59,747 [INFO] [OK] Argentina/ECM_ENSEMBLE_Soy/daily dia 03 (2026-04-27 → 2026-04-27) 37781 bytes
2026-04-24 09:34:59,748 [INFO] [OK] Argentina/ECM_ENSEMBLE_Soy/daily dia 04 (2026-04-28 → 2026-04-28) 39429 bytes
2026-04-24 09:35:00,702 [INFO] [OK] Argentina/ECM_ENSEMBLE_Soy/daily dia 05 (2026-04-29 → 2026-04-29) 39430 bytes
2026-04-24 09:35:02,521 [INFO] [OK] Argentina/ECM_ENSEMBLE_Soy/daily dia 06 (2026-04-30 → 2026-04-30) 38488 bytes
2026-04-24 09:35:02,523 [INFO] [OK] Argentina/ECM_ENSEMBLE_Soy/daily dia 07 (2026-05-01 → 2026-05-01) 39521 bytes
2026-04-24 09:35:02,527 [INFO] [OK] Argentina/ECM_ENSEMBLE_Soy/daily dia 09 (2026-05-03 → 2026-05-03) 43666 bytes
2026-04-24 09:35:02,535 [INFO] [OK] Argentina/ECM_ENSEMBLE_Soy/daily dia 11 (2026-05-05 → 2026-05-05) 42257 bytes
2026-04-24 09:35:02,580 [INFO] [OK] Argentina/ECM_ENSEMBLE_Soy/daily dia 10 (2026-05-04 → 2026-05-04) 43310 bytes
2026-04-24 09:35:02,595 [INFO] [OK] Argentina/ECM_ENSEMBLE_Soy/daily dia 08 (2026-05-02 → 2026-05-02) 42099 bytes
2026-04-24 09:35:03,647 [INFO] [OK] Argentina/ECM_ENSEMBLE_Soy/daily dia 12 (2026-05-06 → 2026-05-06) 43079 bytes
2026-04-24 09:35:03,762 [INFO] [OK] Argentina/ECM_ENSEMBLE_Soy/cumulative dia 01 (2026-04-24 → 2026-04-25) 40897 bytes
2026-04-24 09:35:05,664 [INFO] [OK] Argentina/ECM_ENSEMBLE_Soy/cumulative dia 00 (2026-04-24 → 2026-04-24) 37468 bytes
2026-04-24 09:35:05,673 [INFO] [OK] Argentina/ECM_ENSEMBLE_Soy/cumulative dia 02 (2026-04-24 → 2026-04-26) 41886 bytes
2026-04-24 09:35:05,797 [INFO] [OK] Argentina/ECM_ENSEMBLE_Soy/cumulative dia 04 (2026-04-24 → 2026-04-28) 42544 bytes
2026-04-24 09:35:05,831 [INFO] [OK] Argentina/ECM_ENSEMBLE_Soy/daily dia 13 (2026-05-07 → 2026-05-07) 43812 bytes
2026-04-24 09:35:05,833 [INFO] [OK] Argentina/ECM_ENSEMBLE_Soy/daily dia 14 (2026-05-08 → 2026-05-08) 43941 bytes
2026-04-24 09:35:05,844 [INFO] [OK] Argentina/ECM_ENSEMBLE_Soy/cumulative dia 03 (2026-04-24 → 2026-04-27) 41995 bytes
2026-04-24 09:35:08,267 [INFO] [OK] Argentina/ECM_ENSEMBLE_Soy/cumulative dia 09 (2026-04-24 → 2026-05-03) 43141 bytes
2026-04-24 09:35:08,269 [INFO] [OK] Argentina/ECM_ENSEMBLE_Soy/cumulative dia 05 (2026-04-24 → 2026-04-29) 42816 bytes
2026-04-24 09:35:08,273 [INFO] [OK] Argentina/ECM_ENSEMBLE_Soy/cumulative dia 06 (2026-04-24 → 2026-04-30) 42314 bytes
2026-04-24 09:35:08,276 [INFO] [OK] Argentina/ECM_ENSEMBLE_Soy/cumulative dia 08 (2026-04-24 → 2026-05-02) 42733 bytes
2026-04-24 09:35:08,304 [INFO] [OK] Argentina/ECM_ENSEMBLE_Soy/cumulative dia 10 (2026-04-24 → 2026-05-04) 43228 bytes
2026-04-24 09:35:08,324 [INFO] [OK] Argentina/ECM_ENSEMBLE_Soy/cumulative dia 07 (2026-04-24 → 2026-05-01) 42441 bytes
2026-04-24 09:35:09,617 [INFO] [OK] Argentina/ECM_ENSEMBLE_Corn_Winter/daily dia 01 (2026-04-25 → 2026-04-25) 39594 bytes
2026-04-24 09:35:10,481 [INFO] [OK] Argentina/ECM_ENSEMBLE_Corn_Winter/daily dia 00 (2026-04-24 → 2026-04-24) 35511 bytes
2026-04-24 09:35:12,774 [INFO] [OK] Argentina/ECM_ENSEMBLE_Soy/cumulative dia 12 (2026-04-24 → 2026-05-06) 43514 bytes
2026-04-24 09:35:12,775 [INFO] [OK] Argentina/ECM_ENSEMBLE_Soy/cumulative dia 13 (2026-04-24 → 2026-05-07) 43173 bytes
2026-04-24 09:35:12,779 [INFO] [OK] Argentina/ECM_ENSEMBLE_Soy/cumulative dia 11 (2026-04-24 → 2026-05-05) 43281 bytes
2026-04-24 09:35:12,785 [INFO] [OK] Argentina/ECM_ENSEMBLE_Soy/cumulative dia 14 (2026-04-24 → 2026-05-08) 43320 bytes
2026-04-24 09:35:13,784 [INFO] [OK] Argentina/ECM_ENSEMBLE_Corn_Winter/daily dia 02 (2026-04-26 → 2026-04-26) 37899 bytes
2026-04-24 09:35:13,799 [INFO] [OK] Argentina/ECM_ENSEMBLE_Corn_Winter/daily dia 03 (2026-04-27 → 2026-04-27) 36371 bytes
2026-04-24 09:35:15,017 [INFO] [OK] Argentina/ECM_ENSEMBLE_Corn_Winter/daily dia 07 (2026-05-01 → 2026-05-01) 37961 bytes
2026-04-24 09:35:15,047 [INFO] [OK] Argentina/ECM_ENSEMBLE_Corn_Winter/daily dia 09 (2026-05-03 → 2026-05-03) 42229 bytes
2026-04-24 09:35:15,436 [INFO] [OK] Argentina/ECM_ENSEMBLE_Corn_Winter/daily dia 05 (2026-04-29 → 2026-04-29) 37721 bytes
2026-04-24 09:35:15,466 [INFO] [OK] Argentina/ECM_ENSEMBLE_Corn_Winter/daily dia 06 (2026-04-30 → 2026-04-30) 37150 bytes
2026-04-24 09:35:15,571 [INFO] [OK] Argentina/ECM_ENSEMBLE_Corn_Winter/daily dia 04 (2026-04-28 → 2026-04-28) 37893 bytes
2026-04-24 09:35:15,735 [INFO] [OK] Argentina/ECM_ENSEMBLE_Corn_Winter/daily dia 08 (2026-05-02 → 2026-05-02) 40685 bytes
2026-04-24 09:35:16,395 [INFO] [OK] Argentina/ECM_ENSEMBLE_Corn_Winter/daily dia 11 (2026-05-05 → 2026-05-05) 40540 bytes
2026-04-24 09:35:16,401 [INFO] [OK] Argentina/ECM_ENSEMBLE_Corn_Winter/daily dia 10 (2026-05-04 → 2026-05-04) 41829 bytes
2026-04-24 09:35:16,595 [INFO] [OK] Argentina/ECM_ENSEMBLE_Corn_Winter/daily dia 13 (2026-05-07 → 2026-05-07) 42160 bytes
2026-04-24 09:35:16,610 [INFO] [OK] Argentina/ECM_ENSEMBLE_Corn_Winter/daily dia 12 (2026-05-06 → 2026-05-06) 41470 bytes
2026-04-24 09:35:16,837 [INFO] [OK] Argentina/ECM_ENSEMBLE_Corn_Winter/daily dia 14 (2026-05-08 → 2026-05-08) 42347 bytes
2026-04-24 09:35:16,929 [INFO] [OK] Argentina/ECM_ENSEMBLE_Corn_Winter/cumulative dia 00 (2026-04-24 → 2026-04-24) 35511 bytes
2026-04-24 09:35:18,714 [INFO] [OK] Argentina/ECM_ENSEMBLE_Corn_Winter/cumulative dia 05 (2026-04-24 → 2026-04-29) 41201 bytes
2026-04-24 09:35:18,715 [INFO] [OK] Argentina/ECM_ENSEMBLE_Corn_Winter/cumulative dia 01 (2026-04-24 → 2026-04-25) 39040 bytes
2026-04-24 09:35:18,718 [INFO] [OK] Argentina/ECM_ENSEMBLE_Corn_Winter/cumulative dia 04 (2026-04-24 → 2026-04-28) 41217 bytes
2026-04-24 09:35:18,719 [INFO] [OK] Argentina/ECM_ENSEMBLE_Corn_Winter/cumulative dia 03 (2026-04-24 → 2026-04-27) 40502 bytes
2026-04-24 09:35:18,736 [INFO] [OK] Argentina/ECM_ENSEMBLE_Corn_Winter/cumulative dia 02 (2026-04-24 → 2026-04-26) 40508 bytes
2026-04-24 09:35:18,827 [INFO] [OK] Argentina/ECM_ENSEMBLE_Corn_Winter/cumulative dia 06 (2026-04-24 → 2026-04-30) 40870 bytes
2026-04-24 09:35:20,111 [INFO] [OK] Argentina/ECM_ENSEMBLE_Corn_Winter/cumulative dia 08 (2026-04-24 → 2026-05-02) 41099 bytes
2026-04-24 09:35:20,616 [INFO] [OK] Argentina/ECM_ENSEMBLE_Corn_Winter/cumulative dia 07 (2026-04-24 → 2026-05-01) 40864 bytes
2026-04-24 09:35:20,701 [INFO] [OK] Argentina/ECM_ENSEMBLE_Corn_Winter/cumulative dia 10 (2026-04-24 → 2026-05-04) 41776 bytes
2026-04-24 09:35:20,740 [INFO] [OK] Argentina/ECM_ENSEMBLE_Corn_Winter/cumulative dia 11 (2026-04-24 → 2026-05-05) 41981 bytes
2026-04-24 09:35:20,742 [INFO] [OK] Argentina/ECM_ENSEMBLE_Corn_Winter/cumulative dia 12 (2026-04-24 → 2026-05-06) 41953 bytes
2026-04-24 09:35:20,827 [INFO] [OK] Argentina/ECM_ENSEMBLE_Corn_Winter/cumulative dia 09 (2026-04-24 → 2026-05-03) 41728 bytes
2026-04-24 09:35:21,712 [INFO] [OK] Argentina/ECM_ENSEMBLE_Corn_Winter/cumulative dia 13 (2026-04-24 → 2026-05-07) 41512 bytes
2026-04-24 09:35:22,252 [INFO] [OK] Argentina/ECM_ENSEMBLE_Corn_Winter/cumulative dia 14 (2026-04-24 → 2026-05-08) 41692 bytes
2026-04-24 09:35:22,261 [INFO] Resumo: 240/240 sucessos, 0 erros
2026-04-24 09:35:22,291 [INFO] Manifest: C:\Users\server\OneDrive - CGB Enterprises, Inc\ZGC-PBI Research - Documents\Dataset Data Files\Weather_maps\manifest.json
2026-04-24 09:35:22,292 [INFO] [GIT] Iniciando sincronização com GitHub...
2026-04-24 09:35:56,448 [INFO] [GIT] Sucesso ✓
2026-04-24 09:35:56,453 [INFO] ✓ Sincronizado com GitHub — Power BI atualiza no próximo refresh
