2026-05-19 09:33:19,256 [INFO] === Execução 2026-05-19 | modo=both | dias=15 | parâmetro=PRCP_DEP ===
2026-05-19 09:33:19,257 [INFO] Baixando 240 mapas com 6 threads...
2026-05-19 09:33:22,141 [INFO] [OK] Brazil/GFS_ENSEMBLE_Soy/daily dia 01 (2026-05-20 → 2026-05-20) 39127 bytes
2026-05-19 09:33:22,163 [INFO] [OK] Brazil/GFS_ENSEMBLE_Soy/daily dia 02 (2026-05-21 → 2026-05-21) 38772 bytes
2026-05-19 09:33:22,174 [INFO] [OK] Brazil/GFS_ENSEMBLE_Soy/daily dia 05 (2026-05-24 → 2026-05-24) 43464 bytes
2026-05-19 09:33:22,289 [INFO] [OK] Brazil/GFS_ENSEMBLE_Soy/daily dia 04 (2026-05-23 → 2026-05-23) 40757 bytes
2026-05-19 09:33:22,408 [INFO] [OK] Brazil/GFS_ENSEMBLE_Soy/daily dia 03 (2026-05-22 → 2026-05-22) 41131 bytes
2026-05-19 09:33:22,472 [INFO] [OK] Brazil/GFS_ENSEMBLE_Soy/daily dia 00 (2026-05-19 → 2026-05-19) 37989 bytes
2026-05-19 09:33:26,713 [INFO] [OK] Brazil/GFS_ENSEMBLE_Soy/daily dia 08 (2026-05-27 → 2026-05-27) 47778 bytes
2026-05-19 09:33:26,717 [INFO] [OK] Brazil/GFS_ENSEMBLE_Soy/daily dia 07 (2026-05-26 → 2026-05-26) 47010 bytes
2026-05-19 09:33:26,723 [INFO] [OK] Brazil/GFS_ENSEMBLE_Soy/daily dia 11 (2026-05-30 → 2026-05-30) 51809 bytes
2026-05-19 09:33:26,725 [INFO] [OK] Brazil/GFS_ENSEMBLE_Soy/daily dia 06 (2026-05-25 → 2026-05-25) 46771 bytes
2026-05-19 09:33:26,776 [INFO] [OK] Brazil/GFS_ENSEMBLE_Soy/daily dia 09 (2026-05-28 → 2026-05-28) 49295 bytes
2026-05-19 09:33:26,780 [INFO] [OK] Brazil/GFS_ENSEMBLE_Soy/daily dia 10 (2026-05-29 → 2026-05-29) 49354 bytes
2026-05-19 09:33:28,084 [INFO] [OK] Brazil/GFS_ENSEMBLE_Soy/daily dia 12 (2026-05-31 → 2026-05-31) 52871 bytes
2026-05-19 09:33:30,138 [INFO] [OK] Brazil/GFS_ENSEMBLE_Soy/daily dia 14 (2026-06-02 → 2026-06-02) 52445 bytes
2026-05-19 09:33:30,154 [INFO] [OK] Brazil/GFS_ENSEMBLE_Soy/daily dia 13 (2026-06-01 → 2026-06-01) 53747 bytes
2026-05-19 09:33:30,823 [INFO] [OK] Brazil/GFS_ENSEMBLE_Soy/cumulative dia 02 (2026-05-19 → 2026-05-21) 39227 bytes
2026-05-19 09:33:30,888 [INFO] [OK] Brazil/GFS_ENSEMBLE_Soy/cumulative dia 03 (2026-05-19 → 2026-05-22) 40893 bytes
2026-05-19 09:33:30,889 [INFO] [OK] Brazil/GFS_ENSEMBLE_Soy/cumulative dia 01 (2026-05-19 → 2026-05-20) 38842 bytes
2026-05-19 09:33:30,898 [INFO] [OK] Brazil/GFS_ENSEMBLE_Soy/cumulative dia 00 (2026-05-19 → 2026-05-19) 37989 bytes
2026-05-19 09:33:49,809 [INFO] [OK] Brazil/GFS_ENSEMBLE_Soy/cumulative dia 08 (2026-05-19 → 2026-05-27) 45503 bytes
2026-05-19 09:33:49,796 [INFO] [OK] Brazil/GFS_ENSEMBLE_Soy/cumulative dia 05 (2026-05-19 → 2026-05-24) 42211 bytes
2026-05-19 09:33:49,815 [INFO] [OK] Brazil/GFS_ENSEMBLE_Soy/cumulative dia 09 (2026-05-19 → 2026-05-28) 46945 bytes
2026-05-19 09:33:50,098 [INFO] [OK] Brazil/GFS_ENSEMBLE_Soy/cumulative dia 07 (2026-05-19 → 2026-05-26) 44243 bytes
2026-05-19 09:33:50,101 [INFO] [OK] Brazil/GFS_ENSEMBLE_Soy/cumulative dia 04 (2026-05-19 → 2026-05-23) 41655 bytes
2026-05-19 09:33:50,102 [INFO] [OK] Brazil/GFS_ENSEMBLE_Soy/cumulative dia 06 (2026-05-19 → 2026-05-25) 43246 bytes
2026-05-19 09:33:52,211 [INFO] [OK] Brazil/GFS_ENSEMBLE_Corn_Winter/daily dia 00 (2026-05-19 → 2026-05-19) 36676 bytes
2026-05-19 09:33:52,945 [INFO] [OK] Brazil/GFS_ENSEMBLE_Soy/cumulative dia 10 (2026-05-19 → 2026-05-29) 48272 bytes
2026-05-19 09:33:53,017 [INFO] [OK] Brazil/GFS_ENSEMBLE_Soy/cumulative dia 11 (2026-05-19 → 2026-05-30) 49392 bytes
2026-05-19 09:33:53,217 [INFO] [OK] Brazil/GFS_ENSEMBLE_Soy/cumulative dia 13 (2026-05-19 → 2026-06-01) 51003 bytes
2026-05-19 09:33:53,400 [INFO] [OK] Brazil/GFS_ENSEMBLE_Soy/cumulative dia 12 (2026-05-19 → 2026-05-31) 49771 bytes
2026-05-19 09:33:53,588 [INFO] [OK] Brazil/GFS_ENSEMBLE_Corn_Winter/daily dia 01 (2026-05-20 → 2026-05-20) 37641 bytes
2026-05-19 09:33:53,595 [INFO] [OK] Brazil/GFS_ENSEMBLE_Soy/cumulative dia 14 (2026-05-19 → 2026-06-02) 52010 bytes
2026-05-19 09:33:54,221 [INFO] [OK] Brazil/GFS_ENSEMBLE_Corn_Winter/daily dia 02 (2026-05-21 → 2026-05-21) 37022 bytes
2026-05-19 09:33:54,417 [INFO] [OK] Brazil/GFS_ENSEMBLE_Corn_Winter/daily dia 03 (2026-05-22 → 2026-05-22) 39784 bytes
2026-05-19 09:33:54,508 [INFO] [OK] Brazil/GFS_ENSEMBLE_Corn_Winter/daily dia 04 (2026-05-23 → 2026-05-23) 39386 bytes
2026-05-19 09:33:54,849 [INFO] [OK] Brazil/GFS_ENSEMBLE_Corn_Winter/daily dia 05 (2026-05-24 → 2026-05-24) 42013 bytes
2026-05-19 09:33:54,990 [INFO] [OK] Brazil/GFS_ENSEMBLE_Corn_Winter/daily dia 06 (2026-05-25 → 2026-05-25) 45323 bytes
2026-05-19 09:33:55,036 [INFO] [OK] Brazil/GFS_ENSEMBLE_Corn_Winter/daily dia 07 (2026-05-26 → 2026-05-26) 45506 bytes
2026-05-19 09:33:55,721 [INFO] [OK] Brazil/GFS_ENSEMBLE_Corn_Winter/daily dia 08 (2026-05-27 → 2026-05-27) 46408 bytes
2026-05-19 09:33:55,942 [INFO] [OK] Brazil/GFS_ENSEMBLE_Corn_Winter/daily dia 10 (2026-05-29 → 2026-05-29) 48094 bytes
2026-05-19 09:33:55,948 [INFO] [OK] Brazil/GFS_ENSEMBLE_Corn_Winter/daily dia 09 (2026-05-28 → 2026-05-28) 47850 bytes
2026-05-19 09:33:56,299 [INFO] [OK] Brazil/GFS_ENSEMBLE_Corn_Winter/daily dia 11 (2026-05-30 → 2026-05-30) 50428 bytes
2026-05-19 09:33:56,356 [INFO] [OK] Brazil/GFS_ENSEMBLE_Corn_Winter/daily dia 12 (2026-05-31 → 2026-05-31) 51428 bytes
2026-05-19 09:33:56,432 [INFO] [OK] Brazil/GFS_ENSEMBLE_Corn_Winter/daily dia 13 (2026-06-01 → 2026-06-01) 52078 bytes
2026-05-19 09:33:57,498 [INFO] [OK] Brazil/GFS_ENSEMBLE_Corn_Winter/daily dia 14 (2026-06-02 → 2026-06-02) 50856 bytes
2026-05-19 09:33:57,512 [INFO] [OK] Brazil/GFS_ENSEMBLE_Corn_Winter/cumulative dia 00 (2026-05-19 → 2026-05-19) 36676 bytes
2026-05-19 09:33:57,547 [INFO] [OK] Brazil/GFS_ENSEMBLE_Corn_Winter/cumulative dia 01 (2026-05-19 → 2026-05-20) 37401 bytes
2026-05-19 09:33:58,157 [INFO] [OK] Brazil/GFS_ENSEMBLE_Corn_Winter/cumulative dia 03 (2026-05-19 → 2026-05-22) 39428 bytes
2026-05-19 09:33:58,217 [INFO] [OK] Brazil/GFS_ENSEMBLE_Corn_Winter/cumulative dia 02 (2026-05-19 → 2026-05-21) 37811 bytes
2026-05-19 09:33:58,389 [INFO] [OK] Brazil/GFS_ENSEMBLE_Corn_Winter/cumulative dia 04 (2026-05-19 → 2026-05-23) 40166 bytes
2026-05-19 09:33:59,780 [INFO] [OK] Brazil/GFS_ENSEMBLE_Corn_Winter/cumulative dia 05 (2026-05-19 → 2026-05-24) 40646 bytes
2026-05-19 09:33:59,968 [INFO] [OK] Brazil/GFS_ENSEMBLE_Corn_Winter/cumulative dia 07 (2026-05-19 → 2026-05-26) 42890 bytes
2026-05-19 09:33:59,982 [INFO] [OK] Brazil/GFS_ENSEMBLE_Corn_Winter/cumulative dia 06 (2026-05-19 → 2026-05-25) 41916 bytes
2026-05-19 09:34:00,442 [INFO] [OK] Brazil/GFS_ENSEMBLE_Corn_Winter/cumulative dia 08 (2026-05-19 → 2026-05-27) 44024 bytes
2026-05-19 09:34:00,498 [INFO] [OK] Brazil/GFS_ENSEMBLE_Corn_Winter/cumulative dia 09 (2026-05-19 → 2026-05-28) 45437 bytes
2026-05-19 09:34:00,821 [INFO] [OK] Brazil/GFS_ENSEMBLE_Corn_Winter/cumulative dia 10 (2026-05-19 → 2026-05-29) 46811 bytes
2026-05-19 09:34:02,001 [INFO] [OK] Brazil/ECM_ENSEMBLE_Soy/daily dia 00 (2026-05-19 → 2026-05-19) 42438 bytes
2026-05-19 09:34:02,459 [INFO] [OK] Brazil/GFS_ENSEMBLE_Corn_Winter/cumulative dia 11 (2026-05-19 → 2026-05-30) 47784 bytes
2026-05-19 09:34:02,479 [INFO] [OK] Brazil/ECM_ENSEMBLE_Soy/daily dia 01 (2026-05-20 → 2026-05-20) 42557 bytes
2026-05-19 09:34:02,837 [INFO] [OK] Brazil/GFS_ENSEMBLE_Corn_Winter/cumulative dia 13 (2026-05-19 → 2026-06-01) 49394 bytes
2026-05-19 09:34:02,879 [INFO] [OK] Brazil/GFS_ENSEMBLE_Corn_Winter/cumulative dia 12 (2026-05-19 → 2026-05-31) 48435 bytes
2026-05-19 09:34:03,042 [INFO] [OK] Brazil/GFS_ENSEMBLE_Corn_Winter/cumulative dia 14 (2026-05-19 → 2026-06-02) 50368 bytes
2026-05-19 09:34:03,594 [INFO] [OK] Brazil/ECM_ENSEMBLE_Soy/daily dia 02 (2026-05-21 → 2026-05-21) 43226 bytes
2026-05-19 09:34:03,871 [INFO] [OK] Brazil/ECM_ENSEMBLE_Soy/daily dia 03 (2026-05-22 → 2026-05-22) 44155 bytes
2026-05-19 09:34:03,878 [INFO] [OK] Brazil/ECM_ENSEMBLE_Soy/daily dia 04 (2026-05-23 → 2026-05-23) 42240 bytes
2026-05-19 09:34:04,222 [INFO] [OK] Brazil/ECM_ENSEMBLE_Soy/daily dia 05 (2026-05-24 → 2026-05-24) 43865 bytes
2026-05-19 09:34:04,308 [INFO] [OK] Brazil/ECM_ENSEMBLE_Soy/daily dia 06 (2026-05-25 → 2026-05-25) 48357 bytes
2026-05-19 09:34:04,461 [INFO] [OK] Brazil/ECM_ENSEMBLE_Soy/daily dia 07 (2026-05-26 → 2026-05-26) 49501 bytes
2026-05-19 09:34:05,136 [INFO] [OK] Brazil/ECM_ENSEMBLE_Soy/daily dia 08 (2026-05-27 → 2026-05-27) 48912 bytes
2026-05-19 09:34:05,378 [INFO] [OK] Brazil/ECM_ENSEMBLE_Soy/daily dia 09 (2026-05-28 → 2026-05-28) 49398 bytes
2026-05-19 09:34:05,431 [INFO] [OK] Brazil/ECM_ENSEMBLE_Soy/daily dia 10 (2026-05-29 → 2026-05-29) 51866 bytes
2026-05-19 09:34:05,581 [INFO] [OK] Brazil/ECM_ENSEMBLE_Soy/daily dia 11 (2026-05-30 → 2026-05-30) 50968 bytes
2026-05-19 09:34:05,689 [INFO] [OK] Brazil/ECM_ENSEMBLE_Soy/daily dia 12 (2026-05-31 → 2026-05-31) 52171 bytes
2026-05-19 09:34:05,882 [INFO] [OK] Brazil/ECM_ENSEMBLE_Soy/daily dia 13 (2026-06-01 → 2026-06-01) 53785 bytes
2026-05-19 09:34:06,520 [INFO] [OK] Brazil/ECM_ENSEMBLE_Soy/daily dia 14 (2026-06-02 → 2026-06-02) 54448 bytes
2026-05-19 09:34:06,745 [INFO] [OK] Brazil/ECM_ENSEMBLE_Soy/cumulative dia 00 (2026-05-19 → 2026-05-19) 42438 bytes
2026-05-19 09:34:06,918 [INFO] [OK] Brazil/ECM_ENSEMBLE_Soy/cumulative dia 01 (2026-05-19 → 2026-05-20) 43369 bytes
2026-05-19 09:34:07,177 [INFO] [OK] Brazil/ECM_ENSEMBLE_Soy/cumulative dia 02 (2026-05-19 → 2026-05-21) 45111 bytes
2026-05-19 09:34:07,361 [INFO] [OK] Brazil/ECM_ENSEMBLE_Soy/cumulative dia 03 (2026-05-19 → 2026-05-22) 46033 bytes
2026-05-19 09:34:07,566 [INFO] [OK] Brazil/ECM_ENSEMBLE_Soy/cumulative dia 04 (2026-05-19 → 2026-05-23) 45547 bytes
2026-05-19 09:34:08,186 [INFO] [OK] Brazil/ECM_ENSEMBLE_Soy/cumulative dia 05 (2026-05-19 → 2026-05-24) 45712 bytes
2026-05-19 09:34:08,591 [INFO] [OK] Brazil/ECM_ENSEMBLE_Soy/cumulative dia 06 (2026-05-19 → 2026-05-25) 46706 bytes
2026-05-19 09:34:08,794 [INFO] [OK] Brazil/ECM_ENSEMBLE_Soy/cumulative dia 07 (2026-05-19 → 2026-05-26) 47895 bytes
2026-05-19 09:34:09,282 [INFO] [OK] Brazil/ECM_ENSEMBLE_Soy/cumulative dia 08 (2026-05-19 → 2026-05-27) 50323 bytes
2026-05-19 09:34:09,508 [INFO] [OK] Brazil/ECM_ENSEMBLE_Soy/cumulative dia 09 (2026-05-19 → 2026-05-28) 51233 bytes
2026-05-19 09:34:09,884 [INFO] [OK] Brazil/ECM_ENSEMBLE_Soy/cumulative dia 10 (2026-05-19 → 2026-05-29) 51547 bytes
2026-05-19 09:34:10,597 [INFO] [OK] Brazil/ECM_ENSEMBLE_Soy/cumulative dia 11 (2026-05-19 → 2026-05-30) 51714 bytes
2026-05-19 09:34:10,907 [INFO] [OK] Brazil/ECM_ENSEMBLE_Corn_Winter/daily dia 00 (2026-05-19 → 2026-05-19) 40940 bytes
2026-05-19 09:34:10,962 [INFO] [OK] Brazil/ECM_ENSEMBLE_Soy/cumulative dia 12 (2026-05-19 → 2026-05-31) 52067 bytes
2026-05-19 09:34:11,268 [INFO] [OK] Brazil/ECM_ENSEMBLE_Soy/cumulative dia 13 (2026-05-19 → 2026-06-01) 52617 bytes
2026-05-19 09:34:11,458 [INFO] [OK] Brazil/ECM_ENSEMBLE_Corn_Winter/daily dia 01 (2026-05-20 → 2026-05-20) 41105 bytes
2026-05-19 09:34:11,666 [INFO] [OK] Brazil/ECM_ENSEMBLE_Soy/cumulative dia 14 (2026-05-19 → 2026-06-02) 53086 bytes
2026-05-19 09:34:11,906 [INFO] [OK] Brazil/ECM_ENSEMBLE_Corn_Winter/daily dia 02 (2026-05-21 → 2026-05-21) 41620 bytes
2026-05-19 09:34:12,220 [INFO] [OK] Brazil/ECM_ENSEMBLE_Corn_Winter/daily dia 03 (2026-05-22 → 2026-05-22) 42703 bytes
2026-05-19 09:34:12,298 [INFO] [OK] Brazil/ECM_ENSEMBLE_Corn_Winter/daily dia 04 (2026-05-23 → 2026-05-23) 40911 bytes
2026-05-19 09:34:12,637 [INFO] [OK] Brazil/ECM_ENSEMBLE_Corn_Winter/daily dia 05 (2026-05-24 → 2026-05-24) 42354 bytes
2026-05-19 09:34:12,922 [INFO] [OK] Brazil/ECM_ENSEMBLE_Corn_Winter/daily dia 06 (2026-05-25 → 2026-05-25) 46804 bytes
2026-05-19 09:34:13,096 [INFO] [OK] Brazil/ECM_ENSEMBLE_Corn_Winter/daily dia 07 (2026-05-26 → 2026-05-26) 48194 bytes
2026-05-19 09:34:13,253 [INFO] [OK] Brazil/ECM_ENSEMBLE_Corn_Winter/daily dia 08 (2026-05-27 → 2026-05-27) 47726 bytes
2026-05-19 09:34:13,555 [INFO] [OK] Brazil/ECM_ENSEMBLE_Corn_Winter/daily dia 09 (2026-05-28 → 2026-05-28) 47866 bytes
2026-05-19 09:34:13,622 [INFO] [OK] Brazil/ECM_ENSEMBLE_Corn_Winter/daily dia 10 (2026-05-29 → 2026-05-29) 50193 bytes
2026-05-19 09:34:13,914 [INFO] [OK] Brazil/ECM_ENSEMBLE_Corn_Winter/daily dia 11 (2026-05-30 → 2026-05-30) 49130 bytes
2026-05-19 09:34:14,226 [INFO] [OK] Brazil/ECM_ENSEMBLE_Corn_Winter/daily dia 12 (2026-05-31 → 2026-05-31) 50460 bytes
2026-05-19 09:34:14,453 [INFO] [OK] Brazil/ECM_ENSEMBLE_Corn_Winter/daily dia 13 (2026-06-01 → 2026-06-01) 52328 bytes
2026-05-19 09:34:14,533 [INFO] [OK] Brazil/ECM_ENSEMBLE_Corn_Winter/daily dia 14 (2026-06-02 → 2026-06-02) 52746 bytes
2026-05-19 09:34:14,881 [INFO] [OK] Brazil/ECM_ENSEMBLE_Corn_Winter/cumulative dia 00 (2026-05-19 → 2026-05-19) 40940 bytes
2026-05-19 09:34:14,981 [INFO] [OK] Brazil/ECM_ENSEMBLE_Corn_Winter/cumulative dia 01 (2026-05-19 → 2026-05-20) 41911 bytes
2026-05-19 09:34:15,377 [INFO] [OK] Brazil/ECM_ENSEMBLE_Corn_Winter/cumulative dia 02 (2026-05-19 → 2026-05-21) 43707 bytes
2026-05-19 09:34:15,753 [INFO] [OK] Brazil/ECM_ENSEMBLE_Corn_Winter/cumulative dia 03 (2026-05-19 → 2026-05-22) 44819 bytes
2026-05-19 09:34:16,087 [INFO] [OK] Brazil/ECM_ENSEMBLE_Corn_Winter/cumulative dia 04 (2026-05-19 → 2026-05-23) 44235 bytes
2026-05-19 09:34:16,227 [INFO] [OK] Brazil/ECM_ENSEMBLE_Corn_Winter/cumulative dia 05 (2026-05-19 → 2026-05-24) 44595 bytes
2026-05-19 09:34:16,632 [INFO] [OK] Brazil/ECM_ENSEMBLE_Corn_Winter/cumulative dia 06 (2026-05-19 → 2026-05-25) 45497 bytes
2026-05-19 09:34:16,846 [INFO] [OK] Brazil/ECM_ENSEMBLE_Corn_Winter/cumulative dia 07 (2026-05-19 → 2026-05-26) 46414 bytes
2026-05-19 09:34:17,242 [INFO] [OK] Brazil/ECM_ENSEMBLE_Corn_Winter/cumulative dia 08 (2026-05-19 → 2026-05-27) 48876 bytes
2026-05-19 09:34:18,171 [INFO] [OK] Brazil/ECM_ENSEMBLE_Corn_Winter/cumulative dia 09 (2026-05-19 → 2026-05-28) 49811 bytes
2026-05-19 09:34:18,248 [INFO] [OK] Brazil/ECM_ENSEMBLE_Corn_Winter/cumulative dia 10 (2026-05-19 → 2026-05-29) 50146 bytes
2026-05-19 09:34:18,455 [INFO] [OK] Brazil/ECM_ENSEMBLE_Corn_Winter/cumulative dia 11 (2026-05-19 → 2026-05-30) 50361 bytes
2026-05-19 09:34:18,968 [INFO] [OK] Brazil/ECM_ENSEMBLE_Corn_Winter/cumulative dia 12 (2026-05-19 → 2026-05-31) 50707 bytes
2026-05-19 09:34:19,207 [INFO] [OK] Brazil/ECM_ENSEMBLE_Corn_Winter/cumulative dia 13 (2026-05-19 → 2026-06-01) 51103 bytes
2026-05-19 09:34:19,272 [INFO] [OK] Argentina/GFS_ENSEMBLE_Soy/daily dia 01 (2026-05-20 → 2026-05-20) 30173 bytes
2026-05-19 09:34:19,301 [INFO] [OK] Argentina/GFS_ENSEMBLE_Soy/daily dia 00 (2026-05-19 → 2026-05-19) 29409 bytes
2026-05-19 09:34:19,439 [INFO] [OK] Argentina/GFS_ENSEMBLE_Soy/daily dia 02 (2026-05-21 → 2026-05-21) 28068 bytes
2026-05-19 09:34:19,878 [INFO] [OK] Brazil/ECM_ENSEMBLE_Corn_Winter/cumulative dia 14 (2026-05-19 → 2026-06-02) 51749 bytes
2026-05-19 09:34:19,910 [INFO] [OK] Argentina/GFS_ENSEMBLE_Soy/daily dia 03 (2026-05-22 → 2026-05-22) 31941 bytes
2026-05-19 09:34:20,220 [INFO] [OK] Argentina/GFS_ENSEMBLE_Soy/daily dia 04 (2026-05-23 → 2026-05-23) 30968 bytes
2026-05-19 09:34:20,293 [INFO] [OK] Argentina/GFS_ENSEMBLE_Soy/daily dia 05 (2026-05-24 → 2026-05-24) 33543 bytes
2026-05-19 09:34:20,391 [INFO] [OK] Argentina/GFS_ENSEMBLE_Soy/daily dia 06 (2026-05-25 → 2026-05-25) 37903 bytes
2026-05-19 09:34:20,527 [INFO] [OK] Argentina/GFS_ENSEMBLE_Soy/daily dia 07 (2026-05-26 → 2026-05-26) 37269 bytes
2026-05-19 09:34:20,916 [INFO] [OK] Argentina/GFS_ENSEMBLE_Soy/daily dia 08 (2026-05-27 → 2026-05-27) 39234 bytes
2026-05-19 09:34:21,008 [INFO] [OK] Argentina/GFS_ENSEMBLE_Soy/daily dia 09 (2026-05-28 → 2026-05-28) 41015 bytes
2026-05-19 09:34:21,337 [INFO] [OK] Argentina/GFS_ENSEMBLE_Soy/daily dia 11 (2026-05-30 → 2026-05-30) 42420 bytes
2026-05-19 09:34:21,434 [INFO] [OK] Argentina/GFS_ENSEMBLE_Soy/daily dia 10 (2026-05-29 → 2026-05-29) 40377 bytes
2026-05-19 09:34:21,520 [INFO] [OK] Argentina/GFS_ENSEMBLE_Soy/daily dia 12 (2026-05-31 → 2026-05-31) 42666 bytes
2026-05-19 09:34:21,520 [INFO] [OK] Argentina/GFS_ENSEMBLE_Soy/daily dia 13 (2026-06-01 → 2026-06-01) 45215 bytes
2026-05-19 09:34:22,060 [INFO] [OK] Argentina/GFS_ENSEMBLE_Soy/cumulative dia 00 (2026-05-19 → 2026-05-19) 29409 bytes
2026-05-19 09:34:22,327 [INFO] [OK] Argentina/GFS_ENSEMBLE_Soy/cumulative dia 01 (2026-05-19 → 2026-05-20) 29892 bytes
2026-05-19 09:34:22,328 [INFO] [OK] Argentina/GFS_ENSEMBLE_Soy/daily dia 14 (2026-06-02 → 2026-06-02) 43481 bytes
2026-05-19 09:34:22,494 [INFO] [OK] Argentina/GFS_ENSEMBLE_Soy/cumulative dia 02 (2026-05-19 → 2026-05-21) 29432 bytes
2026-05-19 09:34:22,651 [INFO] [OK] Argentina/GFS_ENSEMBLE_Soy/cumulative dia 03 (2026-05-19 → 2026-05-22) 31709 bytes
2026-05-19 09:34:22,665 [INFO] [OK] Argentina/GFS_ENSEMBLE_Soy/cumulative dia 04 (2026-05-19 → 2026-05-23) 32046 bytes
2026-05-19 09:34:23,200 [INFO] [OK] Argentina/GFS_ENSEMBLE_Soy/cumulative dia 05 (2026-05-19 → 2026-05-24) 32331 bytes
2026-05-19 09:34:23,623 [INFO] [OK] Argentina/GFS_ENSEMBLE_Soy/cumulative dia 06 (2026-05-19 → 2026-05-25) 33652 bytes
2026-05-19 09:34:23,626 [INFO] [OK] Argentina/GFS_ENSEMBLE_Soy/cumulative dia 07 (2026-05-19 → 2026-05-26) 34449 bytes
2026-05-19 09:34:23,875 [INFO] [OK] Argentina/GFS_ENSEMBLE_Soy/cumulative dia 08 (2026-05-19 → 2026-05-27) 36250 bytes
2026-05-19 09:34:24,352 [INFO] [OK] Argentina/GFS_ENSEMBLE_Soy/cumulative dia 10 (2026-05-19 → 2026-05-29) 40113 bytes
2026-05-19 09:34:24,353 [INFO] [OK] Argentina/GFS_ENSEMBLE_Soy/cumulative dia 09 (2026-05-19 → 2026-05-28) 38349 bytes
2026-05-19 09:34:24,668 [INFO] [OK] Argentina/GFS_ENSEMBLE_Soy/cumulative dia 11 (2026-05-19 → 2026-05-30) 41401 bytes
2026-05-19 09:34:25,233 [INFO] [OK] Argentina/GFS_ENSEMBLE_Soy/cumulative dia 12 (2026-05-19 → 2026-05-31) 41288 bytes
2026-05-19 09:34:25,301 [INFO] [OK] Argentina/GFS_ENSEMBLE_Soy/cumulative dia 13 (2026-05-19 → 2026-06-01) 41753 bytes
2026-05-19 09:34:25,307 [INFO] [OK] Argentina/GFS_ENSEMBLE_Corn_Winter/daily dia 01 (2026-05-20 → 2026-05-20) 28622 bytes
2026-05-19 09:34:25,328 [INFO] [OK] Argentina/GFS_ENSEMBLE_Corn_Winter/daily dia 00 (2026-05-19 → 2026-05-19) 27941 bytes
2026-05-19 09:34:25,521 [INFO] [OK] Argentina/GFS_ENSEMBLE_Soy/cumulative dia 14 (2026-05-19 → 2026-06-02) 42365 bytes
2026-05-19 09:34:25,573 [INFO] [OK] Argentina/GFS_ENSEMBLE_Corn_Winter/daily dia 02 (2026-05-21 → 2026-05-21) 26248 bytes
2026-05-19 09:34:26,169 [INFO] [OK] Argentina/GFS_ENSEMBLE_Corn_Winter/daily dia 03 (2026-05-22 → 2026-05-22) 30423 bytes
2026-05-19 09:34:26,271 [INFO] [OK] Argentina/GFS_ENSEMBLE_Corn_Winter/daily dia 05 (2026-05-24 → 2026-05-24) 31917 bytes
2026-05-19 09:34:26,310 [INFO] [OK] Argentina/GFS_ENSEMBLE_Corn_Winter/daily dia 04 (2026-05-23 → 2026-05-23) 29538 bytes
2026-05-19 09:34:27,064 [INFO] [OK] Argentina/GFS_ENSEMBLE_Corn_Winter/daily dia 08 (2026-05-27 → 2026-05-27) 37688 bytes
2026-05-19 09:34:27,065 [INFO] [OK] Argentina/GFS_ENSEMBLE_Corn_Winter/daily dia 06 (2026-05-25 → 2026-05-25) 36363 bytes
2026-05-19 09:34:27,207 [INFO] [OK] Argentina/GFS_ENSEMBLE_Corn_Winter/daily dia 07 (2026-05-26 → 2026-05-26) 35703 bytes
2026-05-19 09:34:27,236 [INFO] [OK] Argentina/GFS_ENSEMBLE_Corn_Winter/daily dia 09 (2026-05-28 → 2026-05-28) 39401 bytes
2026-05-19 09:34:27,379 [INFO] [OK] Argentina/GFS_ENSEMBLE_Corn_Winter/daily dia 11 (2026-05-30 → 2026-05-30) 41065 bytes
2026-05-19 09:34:27,419 [INFO] [OK] Argentina/GFS_ENSEMBLE_Corn_Winter/daily dia 10 (2026-05-29 → 2026-05-29) 38700 bytes
2026-05-19 09:34:28,175 [INFO] [OK] Argentina/GFS_ENSEMBLE_Corn_Winter/cumulative dia 00 (2026-05-19 → 2026-05-19) 27941 bytes
2026-05-19 09:34:28,218 [INFO] [OK] Argentina/GFS_ENSEMBLE_Corn_Winter/daily dia 12 (2026-05-31 → 2026-05-31) 41141 bytes
2026-05-19 09:34:28,276 [INFO] [OK] Argentina/GFS_ENSEMBLE_Corn_Winter/daily dia 13 (2026-06-01 → 2026-06-01) 43529 bytes
2026-05-19 09:34:28,323 [INFO] [OK] Argentina/GFS_ENSEMBLE_Corn_Winter/daily dia 14 (2026-06-02 → 2026-06-02) 41861 bytes
2026-05-19 09:34:28,442 [INFO] [OK] Argentina/GFS_ENSEMBLE_Corn_Winter/cumulative dia 01 (2026-05-19 → 2026-05-20) 28397 bytes
2026-05-19 09:34:28,517 [INFO] [OK] Argentina/GFS_ENSEMBLE_Corn_Winter/cumulative dia 02 (2026-05-19 → 2026-05-21) 27964 bytes
2026-05-19 09:34:29,300 [INFO] [OK] Argentina/GFS_ENSEMBLE_Corn_Winter/cumulative dia 03 (2026-05-19 → 2026-05-22) 30061 bytes
2026-05-19 09:34:29,401 [INFO] [OK] Argentina/GFS_ENSEMBLE_Corn_Winter/cumulative dia 04 (2026-05-19 → 2026-05-23) 30564 bytes
2026-05-19 09:34:29,452 [INFO] [OK] Argentina/GFS_ENSEMBLE_Corn_Winter/cumulative dia 05 (2026-05-19 → 2026-05-24) 30707 bytes
2026-05-19 09:34:29,623 [INFO] [OK] Argentina/GFS_ENSEMBLE_Corn_Winter/cumulative dia 06 (2026-05-19 → 2026-05-25) 32180 bytes
2026-05-19 09:34:29,882 [INFO] [OK] Argentina/GFS_ENSEMBLE_Corn_Winter/cumulative dia 07 (2026-05-19 → 2026-05-26) 32941 bytes
2026-05-19 09:34:29,887 [INFO] [OK] Argentina/GFS_ENSEMBLE_Corn_Winter/cumulative dia 08 (2026-05-19 → 2026-05-27) 34543 bytes
2026-05-19 09:34:30,660 [INFO] [OK] Argentina/GFS_ENSEMBLE_Corn_Winter/cumulative dia 09 (2026-05-19 → 2026-05-28) 36773 bytes
2026-05-19 09:34:30,949 [INFO] [OK] Argentina/GFS_ENSEMBLE_Corn_Winter/cumulative dia 10 (2026-05-19 → 2026-05-29) 38489 bytes
2026-05-19 09:34:31,523 [INFO] [OK] Argentina/GFS_ENSEMBLE_Corn_Winter/cumulative dia 12 (2026-05-19 → 2026-05-31) 39628 bytes
2026-05-19 09:34:31,528 [INFO] [OK] Argentina/GFS_ENSEMBLE_Corn_Winter/cumulative dia 11 (2026-05-19 → 2026-05-30) 39666 bytes
2026-05-19 09:34:31,536 [INFO] [OK] Argentina/GFS_ENSEMBLE_Corn_Winter/cumulative dia 13 (2026-05-19 → 2026-06-01) 40153 bytes
2026-05-19 09:34:31,653 [INFO] [OK] Argentina/ECM_ENSEMBLE_Soy/daily dia 00 (2026-05-19 → 2026-05-19) 31834 bytes
2026-05-19 09:34:31,742 [INFO] [OK] Argentina/GFS_ENSEMBLE_Corn_Winter/cumulative dia 14 (2026-05-19 → 2026-06-02) 40631 bytes
2026-05-19 09:34:31,934 [INFO] [OK] Argentina/ECM_ENSEMBLE_Soy/daily dia 01 (2026-05-20 → 2026-05-20) 33609 bytes
2026-05-19 09:34:32,634 [INFO] [OK] Argentina/ECM_ENSEMBLE_Soy/daily dia 03 (2026-05-22 → 2026-05-22) 34517 bytes
2026-05-19 09:34:32,648 [INFO] [OK] Argentina/ECM_ENSEMBLE_Soy/daily dia 05 (2026-05-24 → 2026-05-24) 34037 bytes
2026-05-19 09:34:32,686 [INFO] [OK] Argentina/ECM_ENSEMBLE_Soy/daily dia 02 (2026-05-21 → 2026-05-21) 34397 bytes
2026-05-19 09:34:32,741 [INFO] [OK] Argentina/ECM_ENSEMBLE_Soy/daily dia 06 (2026-05-25 → 2026-05-25) 38243 bytes
2026-05-19 09:34:32,742 [INFO] [OK] Argentina/ECM_ENSEMBLE_Soy/daily dia 04 (2026-05-23 → 2026-05-23) 32339 bytes
2026-05-19 09:34:32,919 [INFO] [OK] Argentina/ECM_ENSEMBLE_Soy/daily dia 07 (2026-05-26 → 2026-05-26) 41010 bytes
2026-05-19 09:34:33,620 [INFO] [OK] Argentina/ECM_ENSEMBLE_Soy/daily dia 08 (2026-05-27 → 2026-05-27) 40230 bytes
2026-05-19 09:34:33,720 [INFO] [OK] Argentina/ECM_ENSEMBLE_Soy/daily dia 09 (2026-05-28 → 2026-05-28) 40466 bytes
2026-05-19 09:34:33,757 [INFO] [OK] Argentina/ECM_ENSEMBLE_Soy/daily dia 11 (2026-05-30 → 2026-05-30) 41770 bytes
2026-05-19 09:34:33,881 [INFO] [OK] Argentina/ECM_ENSEMBLE_Soy/daily dia 12 (2026-05-31 → 2026-05-31) 43425 bytes
2026-05-19 09:34:33,882 [INFO] [OK] Argentina/ECM_ENSEMBLE_Soy/daily dia 10 (2026-05-29 → 2026-05-29) 42740 bytes
2026-05-19 09:34:34,100 [INFO] [OK] Argentina/ECM_ENSEMBLE_Soy/daily dia 13 (2026-06-01 → 2026-06-01) 44389 bytes
2026-05-19 09:34:35,113 [INFO] [OK] Argentina/ECM_ENSEMBLE_Soy/daily dia 14 (2026-06-02 → 2026-06-02) 44593 bytes
2026-05-19 09:34:35,467 [INFO] [OK] Argentina/ECM_ENSEMBLE_Soy/cumulative dia 02 (2026-05-19 → 2026-05-21) 35368 bytes
2026-05-19 09:34:35,476 [INFO] [OK] Argentina/ECM_ENSEMBLE_Soy/cumulative dia 00 (2026-05-19 → 2026-05-19) 31834 bytes
2026-05-19 09:34:35,485 [INFO] [OK] Argentina/ECM_ENSEMBLE_Soy/cumulative dia 03 (2026-05-19 → 2026-05-22) 36234 bytes
2026-05-19 09:34:35,486 [INFO] [OK] Argentina/ECM_ENSEMBLE_Soy/cumulative dia 01 (2026-05-19 → 2026-05-20) 33065 bytes
2026-05-19 09:34:35,491 [INFO] [OK] Argentina/ECM_ENSEMBLE_Soy/cumulative dia 04 (2026-05-19 → 2026-05-23) 35624 bytes
2026-05-19 09:34:36,698 [INFO] [OK] Argentina/ECM_ENSEMBLE_Soy/cumulative dia 05 (2026-05-19 → 2026-05-24) 36051 bytes
2026-05-19 09:34:36,850 [INFO] [OK] Argentina/ECM_ENSEMBLE_Soy/cumulative dia 07 (2026-05-19 → 2026-05-26) 37864 bytes
2026-05-19 09:34:36,977 [INFO] [OK] Argentina/ECM_ENSEMBLE_Soy/cumulative dia 06 (2026-05-19 → 2026-05-25) 36671 bytes
2026-05-19 09:34:37,062 [INFO] [OK] Argentina/ECM_ENSEMBLE_Soy/cumulative dia 08 (2026-05-19 → 2026-05-27) 40950 bytes
2026-05-19 09:34:37,065 [INFO] [OK] Argentina/ECM_ENSEMBLE_Soy/cumulative dia 10 (2026-05-19 → 2026-05-29) 42803 bytes
2026-05-19 09:34:37,089 [INFO] [OK] Argentina/ECM_ENSEMBLE_Soy/cumulative dia 09 (2026-05-19 → 2026-05-28) 41993 bytes
2026-05-19 09:34:38,087 [INFO] [OK] Argentina/ECM_ENSEMBLE_Corn_Winter/daily dia 00 (2026-05-19 → 2026-05-19) 30163 bytes
2026-05-19 09:34:38,219 [INFO] [OK] Argentina/ECM_ENSEMBLE_Corn_Winter/daily dia 01 (2026-05-20 → 2026-05-20) 31947 bytes
2026-05-19 09:34:38,246 [INFO] [OK] Argentina/ECM_ENSEMBLE_Soy/cumulative dia 11 (2026-05-19 → 2026-05-30) 42672 bytes
2026-05-19 09:34:38,472 [INFO] [OK] Argentina/ECM_ENSEMBLE_Soy/cumulative dia 12 (2026-05-19 → 2026-05-31) 43389 bytes
2026-05-19 09:34:38,651 [INFO] [OK] Argentina/ECM_ENSEMBLE_Soy/cumulative dia 13 (2026-05-19 → 2026-06-01) 43684 bytes
2026-05-19 09:34:38,739 [INFO] [OK] Argentina/ECM_ENSEMBLE_Soy/cumulative dia 14 (2026-05-19 → 2026-06-02) 43930 bytes
2026-05-19 09:34:39,077 [INFO] [OK] Argentina/ECM_ENSEMBLE_Corn_Winter/daily dia 02 (2026-05-21 → 2026-05-21) 32574 bytes
2026-05-19 09:34:39,264 [INFO] [OK] Argentina/ECM_ENSEMBLE_Corn_Winter/daily dia 04 (2026-05-23 → 2026-05-23) 31003 bytes
2026-05-19 09:34:39,334 [INFO] [OK] Argentina/ECM_ENSEMBLE_Corn_Winter/daily dia 03 (2026-05-22 → 2026-05-22) 32872 bytes
2026-05-19 09:34:39,473 [INFO] [OK] Argentina/ECM_ENSEMBLE_Corn_Winter/daily dia 05 (2026-05-24 → 2026-05-24) 32596 bytes
2026-05-19 09:34:39,871 [INFO] [OK] Argentina/ECM_ENSEMBLE_Corn_Winter/daily dia 06 (2026-05-25 → 2026-05-25) 36764 bytes
2026-05-19 09:34:39,876 [INFO] [OK] Argentina/ECM_ENSEMBLE_Corn_Winter/daily dia 07 (2026-05-26 → 2026-05-26) 39635 bytes
2026-05-19 09:34:40,080 [INFO] [OK] Argentina/ECM_ENSEMBLE_Corn_Winter/daily dia 08 (2026-05-27 → 2026-05-27) 38890 bytes
2026-05-19 09:34:40,342 [INFO] [OK] Argentina/ECM_ENSEMBLE_Corn_Winter/daily dia 09 (2026-05-28 → 2026-05-28) 38822 bytes
2026-05-19 09:34:40,385 [INFO] [OK] Argentina/ECM_ENSEMBLE_Corn_Winter/daily dia 10 (2026-05-29 → 2026-05-29) 41211 bytes
2026-05-19 09:34:40,541 [INFO] [OK] Argentina/ECM_ENSEMBLE_Corn_Winter/daily dia 11 (2026-05-30 → 2026-05-30) 39824 bytes
2026-05-19 09:34:40,866 [INFO] [OK] Argentina/ECM_ENSEMBLE_Corn_Winter/daily dia 13 (2026-06-01 → 2026-06-01) 42539 bytes
2026-05-19 09:34:40,907 [INFO] [OK] Argentina/ECM_ENSEMBLE_Corn_Winter/daily dia 12 (2026-05-31 → 2026-05-31) 41672 bytes
2026-05-19 09:34:41,097 [INFO] [OK] Argentina/ECM_ENSEMBLE_Corn_Winter/daily dia 14 (2026-06-02 → 2026-06-02) 43097 bytes
2026-05-19 09:34:41,425 [INFO] [OK] Argentina/ECM_ENSEMBLE_Corn_Winter/cumulative dia 01 (2026-05-19 → 2026-05-20) 31651 bytes
2026-05-19 09:34:41,426 [INFO] [OK] Argentina/ECM_ENSEMBLE_Corn_Winter/cumulative dia 00 (2026-05-19 → 2026-05-19) 30163 bytes
2026-05-19 09:34:41,621 [INFO] [OK] Argentina/ECM_ENSEMBLE_Corn_Winter/cumulative dia 02 (2026-05-19 → 2026-05-21) 33923 bytes
2026-05-19 09:34:42,057 [INFO] [OK] Argentina/ECM_ENSEMBLE_Corn_Winter/cumulative dia 03 (2026-05-19 → 2026-05-22) 34900 bytes
2026-05-19 09:34:42,239 [INFO] [OK] Argentina/ECM_ENSEMBLE_Corn_Winter/cumulative dia 04 (2026-05-19 → 2026-05-23) 34179 bytes
2026-05-19 09:34:42,307 [INFO] [OK] Argentina/ECM_ENSEMBLE_Corn_Winter/cumulative dia 05 (2026-05-19 → 2026-05-24) 34736 bytes
2026-05-19 09:34:42,714 [INFO] [OK] Argentina/ECM_ENSEMBLE_Corn_Winter/cumulative dia 07 (2026-05-19 → 2026-05-26) 36312 bytes
2026-05-19 09:34:42,830 [INFO] [OK] Argentina/ECM_ENSEMBLE_Corn_Winter/cumulative dia 06 (2026-05-19 → 2026-05-25) 35479 bytes
2026-05-19 09:34:42,925 [INFO] [OK] Argentina/ECM_ENSEMBLE_Corn_Winter/cumulative dia 08 (2026-05-19 → 2026-05-27) 39284 bytes
2026-05-19 09:34:43,564 [INFO] [OK] Argentina/ECM_ENSEMBLE_Corn_Winter/cumulative dia 09 (2026-05-19 → 2026-05-28) 40433 bytes
2026-05-19 09:34:43,791 [INFO] [OK] Argentina/ECM_ENSEMBLE_Corn_Winter/cumulative dia 10 (2026-05-19 → 2026-05-29) 41308 bytes
2026-05-19 09:34:43,935 [INFO] [OK] Argentina/ECM_ENSEMBLE_Corn_Winter/cumulative dia 11 (2026-05-19 → 2026-05-30) 41137 bytes
2026-05-19 09:34:44,362 [INFO] [OK] Argentina/ECM_ENSEMBLE_Corn_Winter/cumulative dia 12 (2026-05-19 → 2026-05-31) 41937 bytes
2026-05-19 09:34:44,595 [INFO] [OK] Argentina/ECM_ENSEMBLE_Corn_Winter/cumulative dia 13 (2026-05-19 → 2026-06-01) 42099 bytes
