2026-05-29 09:33:18,581 [INFO] === Execução 2026-05-29 | modo=both | dias=15 | parâmetro=PRCP_DEP ===
2026-05-29 09:33:18,583 [INFO] Baixando 240 mapas com 6 threads...
2026-05-29 09:33:21,307 [INFO] [OK] Brazil/GFS_ENSEMBLE_Soy/daily dia 01 (2026-05-30 → 2026-05-30) 43075 bytes
2026-05-29 09:33:21,310 [INFO] [OK] Brazil/GFS_ENSEMBLE_Soy/daily dia 00 (2026-05-29 → 2026-05-29) 42137 bytes
2026-05-29 09:33:21,312 [INFO] [OK] Brazil/GFS_ENSEMBLE_Soy/daily dia 05 (2026-06-03 → 2026-06-03) 47142 bytes
2026-05-29 09:33:21,317 [INFO] [OK] Brazil/GFS_ENSEMBLE_Soy/daily dia 02 (2026-05-31 → 2026-05-31) 45867 bytes
2026-05-29 09:33:21,332 [INFO] [OK] Brazil/GFS_ENSEMBLE_Soy/daily dia 03 (2026-06-01 → 2026-06-01) 48475 bytes
2026-05-29 09:33:21,490 [INFO] [OK] Brazil/GFS_ENSEMBLE_Soy/daily dia 04 (2026-06-02 → 2026-06-02) 47099 bytes
2026-05-29 09:33:22,977 [INFO] [OK] Brazil/GFS_ENSEMBLE_Soy/daily dia 11 (2026-06-09 → 2026-06-09) 52090 bytes
2026-05-29 09:33:23,186 [INFO] [OK] Brazil/GFS_ENSEMBLE_Soy/daily dia 06 (2026-06-04 → 2026-06-04) 45945 bytes
2026-05-29 09:33:23,211 [INFO] [OK] Brazil/GFS_ENSEMBLE_Soy/daily dia 08 (2026-06-06 → 2026-06-06) 49435 bytes
2026-05-29 09:33:23,213 [INFO] [OK] Brazil/GFS_ENSEMBLE_Soy/daily dia 07 (2026-06-05 → 2026-06-05) 47264 bytes
2026-05-29 09:33:23,242 [INFO] [OK] Brazil/GFS_ENSEMBLE_Soy/daily dia 10 (2026-06-08 → 2026-06-08) 50870 bytes
2026-05-29 09:33:23,345 [INFO] [OK] Brazil/GFS_ENSEMBLE_Soy/daily dia 09 (2026-06-07 → 2026-06-07) 49142 bytes
2026-05-29 09:33:24,334 [INFO] [OK] Brazil/GFS_ENSEMBLE_Soy/daily dia 12 (2026-06-10 → 2026-06-10) 50719 bytes
2026-05-29 09:33:24,684 [INFO] [OK] Brazil/GFS_ENSEMBLE_Soy/cumulative dia 00 (2026-05-29 → 2026-05-29) 42137 bytes
2026-05-29 09:33:24,751 [INFO] [OK] Brazil/GFS_ENSEMBLE_Soy/daily dia 14 (2026-06-12 → 2026-06-12) 51631 bytes
2026-05-29 09:33:24,941 [INFO] [OK] Brazil/GFS_ENSEMBLE_Soy/daily dia 13 (2026-06-11 → 2026-06-11) 49938 bytes
2026-05-29 09:33:24,990 [INFO] [OK] Brazil/GFS_ENSEMBLE_Soy/cumulative dia 01 (2026-05-29 → 2026-05-30) 43890 bytes
2026-05-29 09:33:25,072 [INFO] [OK] Brazil/GFS_ENSEMBLE_Soy/cumulative dia 02 (2026-05-29 → 2026-05-31) 46008 bytes
2026-05-29 09:33:25,918 [INFO] [OK] Brazil/GFS_ENSEMBLE_Soy/cumulative dia 03 (2026-05-29 → 2026-06-01) 48572 bytes
2026-05-29 09:33:26,549 [INFO] [OK] Brazil/GFS_ENSEMBLE_Soy/cumulative dia 04 (2026-05-29 → 2026-06-02) 49556 bytes
2026-05-29 09:33:26,670 [INFO] [OK] Brazil/GFS_ENSEMBLE_Soy/cumulative dia 05 (2026-05-29 → 2026-06-03) 49566 bytes
2026-05-29 09:33:27,019 [INFO] [OK] Brazil/GFS_ENSEMBLE_Soy/cumulative dia 06 (2026-05-29 → 2026-06-04) 50121 bytes
2026-05-29 09:33:27,149 [INFO] [OK] Brazil/GFS_ENSEMBLE_Soy/cumulative dia 07 (2026-05-29 → 2026-06-05) 50126 bytes
2026-05-29 09:33:27,529 [INFO] [OK] Brazil/GFS_ENSEMBLE_Soy/cumulative dia 08 (2026-05-29 → 2026-06-06) 50673 bytes
2026-05-29 09:33:28,295 [INFO] [OK] Brazil/GFS_ENSEMBLE_Soy/cumulative dia 09 (2026-05-29 → 2026-06-07) 50877 bytes
2026-05-29 09:33:29,461 [INFO] [OK] Brazil/GFS_ENSEMBLE_Soy/cumulative dia 10 (2026-05-29 → 2026-06-08) 51507 bytes
2026-05-29 09:33:29,571 [INFO] [OK] Brazil/GFS_ENSEMBLE_Soy/cumulative dia 11 (2026-05-29 → 2026-06-09) 52991 bytes
2026-05-29 09:33:29,684 [INFO] [OK] Brazil/GFS_ENSEMBLE_Corn_Winter/daily dia 00 (2026-05-29 → 2026-05-29) 40680 bytes
2026-05-29 09:33:29,926 [INFO] [OK] Brazil/GFS_ENSEMBLE_Soy/cumulative dia 12 (2026-05-29 → 2026-06-10) 53381 bytes
2026-05-29 09:33:30,127 [INFO] [OK] Brazil/GFS_ENSEMBLE_Soy/cumulative dia 13 (2026-05-29 → 2026-06-11) 53729 bytes
2026-05-29 09:33:30,280 [INFO] [OK] Brazil/GFS_ENSEMBLE_Soy/cumulative dia 14 (2026-05-29 → 2026-06-12) 52541 bytes
2026-05-29 09:33:30,847 [INFO] [OK] Brazil/GFS_ENSEMBLE_Corn_Winter/daily dia 01 (2026-05-30 → 2026-05-30) 41504 bytes
2026-05-29 09:33:30,900 [INFO] [OK] Brazil/GFS_ENSEMBLE_Corn_Winter/daily dia 02 (2026-05-31 → 2026-05-31) 44320 bytes
2026-05-29 09:33:31,074 [INFO] [OK] Brazil/GFS_ENSEMBLE_Corn_Winter/daily dia 03 (2026-06-01 → 2026-06-01) 47109 bytes
2026-05-29 09:33:31,289 [INFO] [OK] Brazil/GFS_ENSEMBLE_Corn_Winter/daily dia 04 (2026-06-02 → 2026-06-02) 45532 bytes
2026-05-29 09:33:31,491 [INFO] [OK] Brazil/GFS_ENSEMBLE_Corn_Winter/daily dia 05 (2026-06-03 → 2026-06-03) 45494 bytes
2026-05-29 09:33:31,638 [INFO] [OK] Brazil/GFS_ENSEMBLE_Corn_Winter/daily dia 06 (2026-06-04 → 2026-06-04) 44493 bytes
2026-05-29 09:33:32,272 [INFO] [OK] Brazil/GFS_ENSEMBLE_Corn_Winter/daily dia 07 (2026-06-05 → 2026-06-05) 45907 bytes
2026-05-29 09:33:32,345 [INFO] [OK] Brazil/GFS_ENSEMBLE_Corn_Winter/daily dia 08 (2026-06-06 → 2026-06-06) 48091 bytes
2026-05-29 09:33:32,548 [INFO] [OK] Brazil/GFS_ENSEMBLE_Corn_Winter/daily dia 09 (2026-06-07 → 2026-06-07) 47778 bytes
2026-05-29 09:33:32,740 [INFO] [OK] Brazil/GFS_ENSEMBLE_Corn_Winter/daily dia 10 (2026-06-08 → 2026-06-08) 49391 bytes
2026-05-29 09:33:33,073 [INFO] [OK] Brazil/GFS_ENSEMBLE_Corn_Winter/daily dia 12 (2026-06-10 → 2026-06-10) 49262 bytes
2026-05-29 09:33:33,092 [INFO] [OK] Brazil/GFS_ENSEMBLE_Corn_Winter/daily dia 11 (2026-06-09 → 2026-06-09) 50508 bytes
2026-05-29 09:33:33,586 [INFO] [OK] Brazil/GFS_ENSEMBLE_Corn_Winter/daily dia 13 (2026-06-11 → 2026-06-11) 48540 bytes
2026-05-29 09:33:33,708 [INFO] [OK] Brazil/GFS_ENSEMBLE_Corn_Winter/daily dia 14 (2026-06-12 → 2026-06-12) 50312 bytes
2026-05-29 09:33:33,953 [INFO] [OK] Brazil/GFS_ENSEMBLE_Corn_Winter/cumulative dia 00 (2026-05-29 → 2026-05-29) 40680 bytes
2026-05-29 09:33:34,274 [INFO] [OK] Brazil/GFS_ENSEMBLE_Corn_Winter/cumulative dia 01 (2026-05-29 → 2026-05-30) 42235 bytes
2026-05-29 09:33:34,659 [INFO] [OK] Brazil/GFS_ENSEMBLE_Corn_Winter/cumulative dia 03 (2026-05-29 → 2026-06-01) 47043 bytes
2026-05-29 09:33:34,692 [INFO] [OK] Brazil/GFS_ENSEMBLE_Corn_Winter/cumulative dia 02 (2026-05-29 → 2026-05-31) 44416 bytes
2026-05-29 09:33:35,349 [INFO] [OK] Brazil/GFS_ENSEMBLE_Corn_Winter/cumulative dia 04 (2026-05-29 → 2026-06-02) 48140 bytes
2026-05-29 09:33:35,457 [INFO] [OK] Brazil/GFS_ENSEMBLE_Corn_Winter/cumulative dia 05 (2026-05-29 → 2026-06-03) 48077 bytes
2026-05-29 09:33:35,851 [INFO] [OK] Brazil/GFS_ENSEMBLE_Corn_Winter/cumulative dia 06 (2026-05-29 → 2026-06-04) 48687 bytes
2026-05-29 09:33:36,273 [INFO] [OK] Brazil/GFS_ENSEMBLE_Corn_Winter/cumulative dia 07 (2026-05-29 → 2026-06-05) 48815 bytes
2026-05-29 09:33:36,794 [INFO] [OK] Brazil/GFS_ENSEMBLE_Corn_Winter/cumulative dia 08 (2026-05-29 → 2026-06-06) 49189 bytes
2026-05-29 09:33:36,956 [INFO] [OK] Brazil/GFS_ENSEMBLE_Corn_Winter/cumulative dia 09 (2026-05-29 → 2026-06-07) 49255 bytes
2026-05-29 09:33:37,726 [INFO] [OK] Brazil/GFS_ENSEMBLE_Corn_Winter/cumulative dia 10 (2026-05-29 → 2026-06-08) 49842 bytes
2026-05-29 09:33:37,908 [INFO] [OK] Brazil/GFS_ENSEMBLE_Corn_Winter/cumulative dia 11 (2026-05-29 → 2026-06-09) 51611 bytes
2026-05-29 09:33:38,554 [INFO] [OK] Brazil/ECM_ENSEMBLE_Soy/daily dia 00 (2026-05-29 → 2026-05-29) 45854 bytes
2026-05-29 09:33:38,568 [INFO] [OK] Brazil/GFS_ENSEMBLE_Corn_Winter/cumulative dia 12 (2026-05-29 → 2026-06-10) 52121 bytes
2026-05-29 09:33:39,628 [INFO] [OK] Brazil/ECM_ENSEMBLE_Soy/daily dia 01 (2026-05-30 → 2026-05-30) 46083 bytes
2026-05-29 09:33:39,649 [INFO] [OK] Brazil/GFS_ENSEMBLE_Corn_Winter/cumulative dia 13 (2026-05-29 → 2026-06-11) 52546 bytes
2026-05-29 09:33:39,804 [INFO] [OK] Brazil/ECM_ENSEMBLE_Soy/daily dia 02 (2026-05-31 → 2026-05-31) 45979 bytes
2026-05-29 09:33:39,834 [INFO] [OK] Brazil/GFS_ENSEMBLE_Corn_Winter/cumulative dia 14 (2026-05-29 → 2026-06-12) 51218 bytes
2026-05-29 09:33:39,957 [INFO] [OK] Brazil/ECM_ENSEMBLE_Soy/daily dia 03 (2026-06-01 → 2026-06-01) 51786 bytes
2026-05-29 09:33:40,117 [INFO] [OK] Brazil/ECM_ENSEMBLE_Soy/daily dia 04 (2026-06-02 → 2026-06-02) 49448 bytes
2026-05-29 09:33:40,942 [INFO] [OK] Brazil/ECM_ENSEMBLE_Soy/daily dia 06 (2026-06-04 → 2026-06-04) 48233 bytes
2026-05-29 09:33:41,029 [INFO] [OK] Brazil/ECM_ENSEMBLE_Soy/daily dia 05 (2026-06-03 → 2026-06-03) 48427 bytes
2026-05-29 09:33:41,157 [INFO] [OK] Brazil/ECM_ENSEMBLE_Soy/daily dia 08 (2026-06-06 → 2026-06-06) 46605 bytes
2026-05-29 09:33:41,231 [INFO] [OK] Brazil/ECM_ENSEMBLE_Soy/daily dia 07 (2026-06-05 → 2026-06-05) 45828 bytes
2026-05-29 09:33:41,377 [INFO] [OK] Brazil/ECM_ENSEMBLE_Soy/daily dia 09 (2026-06-07 → 2026-06-07) 48075 bytes
2026-05-29 09:33:41,552 [INFO] [OK] Brazil/ECM_ENSEMBLE_Soy/daily dia 10 (2026-06-08 → 2026-06-08) 48392 bytes
2026-05-29 09:33:42,291 [INFO] [OK] Brazil/ECM_ENSEMBLE_Soy/daily dia 11 (2026-06-09 → 2026-06-09) 49964 bytes
2026-05-29 09:33:42,454 [INFO] [OK] Brazil/ECM_ENSEMBLE_Soy/daily dia 12 (2026-06-10 → 2026-06-10) 51554 bytes
2026-05-29 09:33:42,797 [INFO] [OK] Brazil/ECM_ENSEMBLE_Soy/daily dia 13 (2026-06-11 → 2026-06-11) 50410 bytes
2026-05-29 09:33:43,120 [INFO] [OK] Brazil/ECM_ENSEMBLE_Soy/daily dia 14 (2026-06-12 → 2026-06-12) 49207 bytes
2026-05-29 09:33:43,158 [INFO] [OK] Brazil/ECM_ENSEMBLE_Soy/cumulative dia 00 (2026-05-29 → 2026-05-29) 45854 bytes
2026-05-29 09:33:43,307 [INFO] [OK] Brazil/ECM_ENSEMBLE_Soy/cumulative dia 01 (2026-05-29 → 2026-05-30) 47816 bytes
2026-05-29 09:33:43,874 [INFO] [OK] Brazil/ECM_ENSEMBLE_Soy/cumulative dia 02 (2026-05-29 → 2026-05-31) 48099 bytes
2026-05-29 09:33:44,186 [INFO] [OK] Brazil/ECM_ENSEMBLE_Soy/cumulative dia 03 (2026-05-29 → 2026-06-01) 51193 bytes
2026-05-29 09:33:44,624 [INFO] [OK] Brazil/ECM_ENSEMBLE_Soy/cumulative dia 04 (2026-05-29 → 2026-06-02) 51511 bytes
2026-05-29 09:33:45,022 [INFO] [OK] Brazil/ECM_ENSEMBLE_Soy/cumulative dia 05 (2026-05-29 → 2026-06-03) 51504 bytes
2026-05-29 09:33:45,349 [INFO] [OK] Brazil/ECM_ENSEMBLE_Soy/cumulative dia 06 (2026-05-29 → 2026-06-04) 52475 bytes
2026-05-29 09:33:45,355 [INFO] [OK] Brazil/ECM_ENSEMBLE_Soy/cumulative dia 07 (2026-05-29 → 2026-06-05) 52528 bytes
2026-05-29 09:33:46,223 [INFO] [OK] Brazil/ECM_ENSEMBLE_Soy/cumulative dia 08 (2026-05-29 → 2026-06-06) 51723 bytes
2026-05-29 09:33:46,403 [INFO] [OK] Brazil/ECM_ENSEMBLE_Soy/cumulative dia 09 (2026-05-29 → 2026-06-07) 51729 bytes
2026-05-29 09:33:46,999 [INFO] [OK] Brazil/ECM_ENSEMBLE_Soy/cumulative dia 10 (2026-05-29 → 2026-06-08) 52175 bytes
2026-05-29 09:33:47,280 [INFO] [OK] Brazil/ECM_ENSEMBLE_Soy/cumulative dia 11 (2026-05-29 → 2026-06-09) 52372 bytes
2026-05-29 09:33:48,080 [INFO] [OK] Brazil/ECM_ENSEMBLE_Soy/cumulative dia 13 (2026-05-29 → 2026-06-11) 53141 bytes
2026-05-29 09:33:48,219 [INFO] [OK] Brazil/ECM_ENSEMBLE_Corn_Winter/daily dia 00 (2026-05-29 → 2026-05-29) 44398 bytes
2026-05-29 09:33:48,260 [INFO] [OK] Brazil/ECM_ENSEMBLE_Soy/cumulative dia 12 (2026-05-29 → 2026-06-10) 52975 bytes
2026-05-29 09:33:48,409 [INFO] [OK] Brazil/ECM_ENSEMBLE_Corn_Winter/daily dia 01 (2026-05-30 → 2026-05-30) 44264 bytes
2026-05-29 09:33:48,738 [INFO] [OK] Brazil/ECM_ENSEMBLE_Corn_Winter/daily dia 02 (2026-05-31 → 2026-05-31) 44160 bytes
2026-05-29 09:33:48,879 [INFO] [OK] Brazil/ECM_ENSEMBLE_Soy/cumulative dia 14 (2026-05-29 → 2026-06-12) 54009 bytes
2026-05-29 09:33:49,689 [INFO] [OK] Brazil/ECM_ENSEMBLE_Corn_Winter/daily dia 04 (2026-06-02 → 2026-06-02) 47956 bytes
2026-05-29 09:33:49,705 [INFO] [OK] Brazil/ECM_ENSEMBLE_Corn_Winter/daily dia 03 (2026-06-01 → 2026-06-01) 50198 bytes
2026-05-29 09:33:49,767 [INFO] [OK] Brazil/ECM_ENSEMBLE_Corn_Winter/daily dia 05 (2026-06-03 → 2026-06-03) 46889 bytes
2026-05-29 09:33:49,838 [INFO] [OK] Brazil/ECM_ENSEMBLE_Corn_Winter/daily dia 06 (2026-06-04 → 2026-06-04) 46807 bytes
2026-05-29 09:33:50,182 [INFO] [OK] Brazil/ECM_ENSEMBLE_Corn_Winter/daily dia 08 (2026-06-06 → 2026-06-06) 45165 bytes
2026-05-29 09:33:50,220 [INFO] [OK] Brazil/ECM_ENSEMBLE_Corn_Winter/daily dia 07 (2026-06-05 → 2026-06-05) 44729 bytes
2026-05-29 09:33:51,120 [INFO] [OK] Brazil/ECM_ENSEMBLE_Corn_Winter/daily dia 09 (2026-06-07 → 2026-06-07) 46523 bytes
2026-05-29 09:33:51,211 [INFO] [OK] Brazil/ECM_ENSEMBLE_Corn_Winter/daily dia 11 (2026-06-09 → 2026-06-09) 48482 bytes
2026-05-29 09:33:51,391 [INFO] [OK] Brazil/ECM_ENSEMBLE_Corn_Winter/daily dia 12 (2026-06-10 → 2026-06-10) 49953 bytes
2026-05-29 09:33:51,571 [INFO] [OK] Brazil/ECM_ENSEMBLE_Corn_Winter/daily dia 13 (2026-06-11 → 2026-06-11) 48966 bytes
2026-05-29 09:33:51,576 [INFO] [OK] Brazil/ECM_ENSEMBLE_Corn_Winter/daily dia 10 (2026-06-08 → 2026-06-08) 46923 bytes
2026-05-29 09:33:51,732 [INFO] [OK] Brazil/ECM_ENSEMBLE_Corn_Winter/daily dia 14 (2026-06-12 → 2026-06-12) 47923 bytes
2026-05-29 09:33:52,546 [INFO] [OK] Brazil/ECM_ENSEMBLE_Corn_Winter/cumulative dia 00 (2026-05-29 → 2026-05-29) 44398 bytes
2026-05-29 09:33:52,785 [INFO] [OK] Brazil/ECM_ENSEMBLE_Corn_Winter/cumulative dia 01 (2026-05-29 → 2026-05-30) 46435 bytes
2026-05-29 09:33:53,147 [INFO] [OK] Brazil/ECM_ENSEMBLE_Corn_Winter/cumulative dia 02 (2026-05-29 → 2026-05-31) 46506 bytes
2026-05-29 09:33:53,220 [INFO] [OK] Brazil/ECM_ENSEMBLE_Corn_Winter/cumulative dia 04 (2026-05-29 → 2026-06-02) 49827 bytes
2026-05-29 09:33:53,330 [INFO] [OK] Brazil/ECM_ENSEMBLE_Corn_Winter/cumulative dia 03 (2026-05-29 → 2026-06-01) 49587 bytes
2026-05-29 09:33:53,614 [INFO] [OK] Brazil/ECM_ENSEMBLE_Corn_Winter/cumulative dia 05 (2026-05-29 → 2026-06-03) 49835 bytes
2026-05-29 09:33:54,537 [INFO] [OK] Brazil/ECM_ENSEMBLE_Corn_Winter/cumulative dia 06 (2026-05-29 → 2026-06-04) 50604 bytes
2026-05-29 09:33:55,146 [INFO] [OK] Brazil/ECM_ENSEMBLE_Corn_Winter/cumulative dia 07 (2026-05-29 → 2026-06-05) 50960 bytes
2026-05-29 09:33:55,555 [INFO] [OK] Brazil/ECM_ENSEMBLE_Corn_Winter/cumulative dia 08 (2026-05-29 → 2026-06-06) 50125 bytes
2026-05-29 09:33:55,645 [INFO] [OK] Brazil/ECM_ENSEMBLE_Corn_Winter/cumulative dia 09 (2026-05-29 → 2026-06-07) 50013 bytes
2026-05-29 09:33:56,241 [INFO] [OK] Brazil/ECM_ENSEMBLE_Corn_Winter/cumulative dia 10 (2026-05-29 → 2026-06-08) 50769 bytes
2026-05-29 09:33:56,245 [INFO] [OK] Brazil/ECM_ENSEMBLE_Corn_Winter/cumulative dia 11 (2026-05-29 → 2026-06-09) 51154 bytes
2026-05-29 09:33:56,793 [INFO] [OK] Argentina/GFS_ENSEMBLE_Soy/daily dia 00 (2026-05-29 → 2026-05-29) 35688 bytes
2026-05-29 09:33:56,901 [INFO] [OK] Brazil/ECM_ENSEMBLE_Corn_Winter/cumulative dia 12 (2026-05-29 → 2026-06-10) 51425 bytes
2026-05-29 09:33:57,357 [INFO] [OK] Argentina/GFS_ENSEMBLE_Soy/daily dia 02 (2026-05-31 → 2026-05-31) 35431 bytes
2026-05-29 09:33:57,400 [INFO] [OK] Argentina/GFS_ENSEMBLE_Soy/daily dia 01 (2026-05-30 → 2026-05-30) 33916 bytes
2026-05-29 09:33:57,527 [INFO] [OK] Brazil/ECM_ENSEMBLE_Corn_Winter/cumulative dia 13 (2026-05-29 → 2026-06-11) 51977 bytes
2026-05-29 09:33:57,945 [INFO] [OK] Argentina/GFS_ENSEMBLE_Soy/daily dia 03 (2026-06-01 → 2026-06-01) 38016 bytes
2026-05-29 09:33:58,213 [INFO] [OK] Brazil/ECM_ENSEMBLE_Corn_Winter/cumulative dia 14 (2026-05-29 → 2026-06-12) 52606 bytes
2026-05-29 09:33:58,286 [INFO] [OK] Argentina/GFS_ENSEMBLE_Soy/daily dia 04 (2026-06-02 → 2026-06-02) 36685 bytes
2026-05-29 09:33:58,438 [INFO] [OK] Argentina/GFS_ENSEMBLE_Soy/daily dia 05 (2026-06-03 → 2026-06-03) 37110 bytes
2026-05-29 09:33:58,443 [INFO] [OK] Argentina/GFS_ENSEMBLE_Soy/daily dia 06 (2026-06-04 → 2026-06-04) 35271 bytes
2026-05-29 09:33:58,606 [INFO] [OK] Argentina/GFS_ENSEMBLE_Soy/daily dia 07 (2026-06-05 → 2026-06-05) 37220 bytes
2026-05-29 09:33:58,893 [INFO] [OK] Argentina/GFS_ENSEMBLE_Soy/daily dia 08 (2026-06-06 → 2026-06-06) 40325 bytes
2026-05-29 09:33:59,249 [INFO] [OK] Argentina/GFS_ENSEMBLE_Soy/daily dia 10 (2026-06-08 → 2026-06-08) 42697 bytes
2026-05-29 09:33:59,251 [INFO] [OK] Argentina/GFS_ENSEMBLE_Soy/daily dia 09 (2026-06-07 → 2026-06-07) 40307 bytes
2026-05-29 09:33:59,447 [INFO] [OK] Argentina/GFS_ENSEMBLE_Soy/daily dia 12 (2026-06-10 → 2026-06-10) 42325 bytes
2026-05-29 09:33:59,529 [INFO] [OK] Argentina/GFS_ENSEMBLE_Soy/daily dia 11 (2026-06-09 → 2026-06-09) 43513 bytes
2026-05-29 09:33:59,831 [INFO] [OK] Argentina/GFS_ENSEMBLE_Soy/daily dia 13 (2026-06-11 → 2026-06-11) 40339 bytes
2026-05-29 09:34:00,065 [INFO] [OK] Argentina/GFS_ENSEMBLE_Soy/daily dia 14 (2026-06-12 → 2026-06-12) 42042 bytes
2026-05-29 09:34:00,591 [INFO] [OK] Argentina/GFS_ENSEMBLE_Soy/cumulative dia 01 (2026-05-29 → 2026-05-30) 36135 bytes
2026-05-29 09:34:00,596 [INFO] [OK] Argentina/GFS_ENSEMBLE_Soy/cumulative dia 00 (2026-05-29 → 2026-05-29) 35688 bytes
2026-05-29 09:34:00,634 [INFO] [OK] Argentina/GFS_ENSEMBLE_Soy/cumulative dia 02 (2026-05-29 → 2026-05-31) 36705 bytes
2026-05-29 09:34:00,975 [INFO] [OK] Argentina/GFS_ENSEMBLE_Soy/cumulative dia 03 (2026-05-29 → 2026-06-01) 38666 bytes
2026-05-29 09:34:01,179 [INFO] [OK] Argentina/GFS_ENSEMBLE_Soy/cumulative dia 04 (2026-05-29 → 2026-06-02) 38941 bytes
2026-05-29 09:34:01,402 [INFO] [OK] Argentina/GFS_ENSEMBLE_Soy/cumulative dia 05 (2026-05-29 → 2026-06-03) 39044 bytes
2026-05-29 09:34:02,208 [INFO] [OK] Argentina/GFS_ENSEMBLE_Soy/cumulative dia 06 (2026-05-29 → 2026-06-04) 40010 bytes
2026-05-29 09:34:02,519 [INFO] [OK] Argentina/GFS_ENSEMBLE_Soy/cumulative dia 07 (2026-05-29 → 2026-06-05) 39774 bytes
2026-05-29 09:34:02,521 [INFO] [OK] Argentina/GFS_ENSEMBLE_Soy/cumulative dia 08 (2026-05-29 → 2026-06-06) 40434 bytes
2026-05-29 09:34:03,141 [INFO] [OK] Argentina/GFS_ENSEMBLE_Soy/cumulative dia 09 (2026-05-29 → 2026-06-07) 40427 bytes
2026-05-29 09:34:03,145 [INFO] [OK] Argentina/GFS_ENSEMBLE_Soy/cumulative dia 10 (2026-05-29 → 2026-06-08) 40790 bytes
2026-05-29 09:34:03,318 [INFO] [OK] Argentina/GFS_ENSEMBLE_Soy/cumulative dia 11 (2026-05-29 → 2026-06-09) 41983 bytes
2026-05-29 09:34:04,091 [INFO] [OK] Argentina/GFS_ENSEMBLE_Soy/cumulative dia 12 (2026-05-29 → 2026-06-10) 42641 bytes
2026-05-29 09:34:04,320 [INFO] [OK] Argentina/GFS_ENSEMBLE_Soy/cumulative dia 13 (2026-05-29 → 2026-06-11) 43333 bytes
2026-05-29 09:34:04,345 [INFO] [OK] Argentina/GFS_ENSEMBLE_Soy/cumulative dia 14 (2026-05-29 → 2026-06-12) 42184 bytes
2026-05-29 09:34:04,589 [INFO] [OK] Argentina/GFS_ENSEMBLE_Corn_Winter/daily dia 02 (2026-05-31 → 2026-05-31) 33724 bytes
2026-05-29 09:34:05,113 [INFO] [OK] Argentina/GFS_ENSEMBLE_Corn_Winter/daily dia 00 (2026-05-29 → 2026-05-29) 33666 bytes
2026-05-29 09:34:05,114 [INFO] [OK] Argentina/GFS_ENSEMBLE_Corn_Winter/daily dia 01 (2026-05-30 → 2026-05-30) 32104 bytes
2026-05-29 09:34:05,190 [INFO] [OK] Argentina/GFS_ENSEMBLE_Corn_Winter/daily dia 03 (2026-06-01 → 2026-06-01) 36440 bytes
2026-05-29 09:34:06,117 [INFO] [OK] Argentina/GFS_ENSEMBLE_Corn_Winter/daily dia 05 (2026-06-03 → 2026-06-03) 35439 bytes
2026-05-29 09:34:06,126 [INFO] [OK] Argentina/GFS_ENSEMBLE_Corn_Winter/daily dia 06 (2026-06-04 → 2026-06-04) 33699 bytes
2026-05-29 09:34:06,440 [INFO] [OK] Argentina/GFS_ENSEMBLE_Corn_Winter/daily dia 07 (2026-06-05 → 2026-06-05) 35623 bytes
2026-05-29 09:34:06,446 [INFO] [OK] Argentina/GFS_ENSEMBLE_Corn_Winter/daily dia 08 (2026-06-06 → 2026-06-06) 38848 bytes
2026-05-29 09:34:06,446 [INFO] [OK] Argentina/GFS_ENSEMBLE_Corn_Winter/daily dia 04 (2026-06-02 → 2026-06-02) 35029 bytes
2026-05-29 09:34:06,449 [INFO] [OK] Argentina/GFS_ENSEMBLE_Corn_Winter/daily dia 09 (2026-06-07 → 2026-06-07) 38749 bytes
2026-05-29 09:34:07,091 [INFO] [OK] Argentina/GFS_ENSEMBLE_Corn_Winter/daily dia 10 (2026-06-08 → 2026-06-08) 41057 bytes
2026-05-29 09:34:07,390 [INFO] [OK] Argentina/GFS_ENSEMBLE_Corn_Winter/daily dia 11 (2026-06-09 → 2026-06-09) 41913 bytes
2026-05-29 09:34:08,356 [INFO] [OK] Argentina/GFS_ENSEMBLE_Corn_Winter/daily dia 14 (2026-06-12 → 2026-06-12) 40371 bytes
2026-05-29 09:34:08,378 [INFO] [OK] Argentina/GFS_ENSEMBLE_Corn_Winter/daily dia 13 (2026-06-11 → 2026-06-11) 38741 bytes
2026-05-29 09:34:08,385 [INFO] [OK] Argentina/GFS_ENSEMBLE_Corn_Winter/daily dia 12 (2026-06-10 → 2026-06-10) 40493 bytes
2026-05-29 09:34:08,501 [INFO] [OK] Argentina/GFS_ENSEMBLE_Corn_Winter/cumulative dia 00 (2026-05-29 → 2026-05-29) 33666 bytes
2026-05-29 09:34:08,512 [INFO] [OK] Argentina/GFS_ENSEMBLE_Corn_Winter/cumulative dia 01 (2026-05-29 → 2026-05-30) 34273 bytes
2026-05-29 09:34:08,601 [INFO] [OK] Argentina/GFS_ENSEMBLE_Corn_Winter/cumulative dia 02 (2026-05-29 → 2026-05-31) 35024 bytes
2026-05-29 09:34:09,756 [INFO] [OK] Argentina/GFS_ENSEMBLE_Corn_Winter/cumulative dia 05 (2026-05-29 → 2026-06-03) 37682 bytes
2026-05-29 09:34:09,828 [INFO] [OK] Argentina/GFS_ENSEMBLE_Corn_Winter/cumulative dia 03 (2026-05-29 → 2026-06-01) 37060 bytes
2026-05-29 09:34:10,026 [INFO] [OK] Argentina/GFS_ENSEMBLE_Corn_Winter/cumulative dia 04 (2026-05-29 → 2026-06-02) 37369 bytes
2026-05-29 09:34:10,078 [INFO] [OK] Argentina/GFS_ENSEMBLE_Corn_Winter/cumulative dia 06 (2026-05-29 → 2026-06-04) 38549 bytes
2026-05-29 09:34:10,115 [INFO] [OK] Argentina/GFS_ENSEMBLE_Corn_Winter/cumulative dia 07 (2026-05-29 → 2026-06-05) 38531 bytes
2026-05-29 09:34:10,141 [INFO] [OK] Argentina/GFS_ENSEMBLE_Corn_Winter/cumulative dia 08 (2026-05-29 → 2026-06-06) 39107 bytes
2026-05-29 09:34:11,570 [INFO] [OK] Argentina/GFS_ENSEMBLE_Corn_Winter/cumulative dia 10 (2026-05-29 → 2026-06-08) 39358 bytes
2026-05-29 09:34:11,674 [INFO] [OK] Argentina/GFS_ENSEMBLE_Corn_Winter/cumulative dia 09 (2026-05-29 → 2026-06-07) 39101 bytes
2026-05-29 09:34:12,522 [INFO] [OK] Argentina/GFS_ENSEMBLE_Corn_Winter/cumulative dia 11 (2026-05-29 → 2026-06-09) 40594 bytes
2026-05-29 09:34:12,542 [INFO] [OK] Argentina/GFS_ENSEMBLE_Corn_Winter/cumulative dia 13 (2026-05-29 → 2026-06-11) 42004 bytes
2026-05-29 09:34:12,686 [INFO] [OK] Argentina/GFS_ENSEMBLE_Corn_Winter/cumulative dia 12 (2026-05-29 → 2026-06-10) 41263 bytes
2026-05-29 09:34:12,718 [INFO] [OK] Argentina/GFS_ENSEMBLE_Corn_Winter/cumulative dia 14 (2026-05-29 → 2026-06-12) 40926 bytes
2026-05-29 09:34:13,519 [INFO] [OK] Argentina/ECM_ENSEMBLE_Soy/daily dia 00 (2026-05-29 → 2026-05-29) 37865 bytes
2026-05-29 09:34:13,554 [INFO] [OK] Argentina/ECM_ENSEMBLE_Soy/daily dia 01 (2026-05-30 → 2026-05-30) 36393 bytes
2026-05-29 09:34:13,585 [INFO] [OK] Argentina/ECM_ENSEMBLE_Soy/daily dia 03 (2026-06-01 → 2026-06-01) 41659 bytes
2026-05-29 09:34:13,586 [INFO] [OK] Argentina/ECM_ENSEMBLE_Soy/daily dia 02 (2026-05-31 → 2026-05-31) 35869 bytes
2026-05-29 09:34:13,757 [INFO] [OK] Argentina/ECM_ENSEMBLE_Soy/daily dia 05 (2026-06-03 → 2026-06-03) 37290 bytes
2026-05-29 09:34:14,057 [INFO] [OK] Argentina/ECM_ENSEMBLE_Soy/daily dia 04 (2026-06-02 → 2026-06-02) 38432 bytes
2026-05-29 09:34:14,528 [INFO] [OK] Argentina/ECM_ENSEMBLE_Soy/daily dia 06 (2026-06-04 → 2026-06-04) 37583 bytes
2026-05-29 09:34:14,680 [INFO] [OK] Argentina/ECM_ENSEMBLE_Soy/daily dia 07 (2026-06-05 → 2026-06-05) 36390 bytes
2026-05-29 09:34:14,719 [INFO] [OK] Argentina/ECM_ENSEMBLE_Soy/daily dia 08 (2026-06-06 → 2026-06-06) 36893 bytes
2026-05-29 09:34:14,729 [INFO] [OK] Argentina/ECM_ENSEMBLE_Soy/daily dia 09 (2026-06-07 → 2026-06-07) 38959 bytes
2026-05-29 09:34:14,837 [INFO] [OK] Argentina/ECM_ENSEMBLE_Soy/daily dia 10 (2026-06-08 → 2026-06-08) 41513 bytes
2026-05-29 09:34:32,328 [INFO] [OK] Argentina/ECM_ENSEMBLE_Soy/daily dia 12 (2026-06-10 → 2026-06-10) 42127 bytes
2026-05-29 09:34:36,354 [INFO] [OK] Argentina/ECM_ENSEMBLE_Soy/daily dia 11 (2026-06-09 → 2026-06-09) 41579 bytes
2026-05-29 09:34:38,247 [INFO] [OK] Argentina/ECM_ENSEMBLE_Soy/daily dia 14 (2026-06-12 → 2026-06-12) 39684 bytes
2026-05-29 09:34:39,348 [INFO] [OK] Argentina/ECM_ENSEMBLE_Soy/cumulative dia 01 (2026-05-29 → 2026-05-30) 39179 bytes
2026-05-29 09:34:39,357 [INFO] [OK] Argentina/ECM_ENSEMBLE_Soy/cumulative dia 00 (2026-05-29 → 2026-05-29) 37865 bytes
2026-05-29 09:34:39,364 [INFO] [OK] Argentina/ECM_ENSEMBLE_Soy/daily dia 13 (2026-06-11 → 2026-06-11) 40345 bytes
2026-05-29 09:34:44,076 [INFO] [OK] Argentina/ECM_ENSEMBLE_Soy/cumulative dia 02 (2026-05-29 → 2026-05-31) 39629 bytes
2026-05-29 09:34:44,607 [INFO] [OK] Argentina/ECM_ENSEMBLE_Soy/cumulative dia 03 (2026-05-29 → 2026-06-01) 42357 bytes
2026-05-29 09:34:44,609 [INFO] [OK] Argentina/ECM_ENSEMBLE_Soy/cumulative dia 04 (2026-05-29 → 2026-06-02) 42501 bytes
2026-05-29 09:34:44,614 [INFO] [OK] Argentina/ECM_ENSEMBLE_Soy/cumulative dia 05 (2026-05-29 → 2026-06-03) 41938 bytes
2026-05-29 09:34:44,706 [INFO] [OK] Argentina/ECM_ENSEMBLE_Soy/cumulative dia 07 (2026-05-29 → 2026-06-05) 42894 bytes
2026-05-29 09:34:44,707 [INFO] [OK] Argentina/ECM_ENSEMBLE_Soy/cumulative dia 06 (2026-05-29 → 2026-06-04) 42646 bytes
2026-05-29 09:34:45,467 [INFO] [OK] Argentina/ECM_ENSEMBLE_Soy/cumulative dia 08 (2026-05-29 → 2026-06-06) 42219 bytes
2026-05-29 09:34:46,113 [INFO] [OK] Argentina/ECM_ENSEMBLE_Soy/cumulative dia 09 (2026-05-29 → 2026-06-07) 42135 bytes
2026-05-29 09:34:46,326 [INFO] [OK] Argentina/ECM_ENSEMBLE_Soy/cumulative dia 10 (2026-05-29 → 2026-06-08) 42282 bytes
2026-05-29 09:34:46,361 [INFO] [OK] Argentina/ECM_ENSEMBLE_Soy/cumulative dia 12 (2026-05-29 → 2026-06-10) 42904 bytes
2026-05-29 09:34:46,370 [INFO] [OK] Argentina/ECM_ENSEMBLE_Soy/cumulative dia 13 (2026-05-29 → 2026-06-11) 42817 bytes
2026-05-29 09:34:46,398 [INFO] [OK] Argentina/ECM_ENSEMBLE_Soy/cumulative dia 11 (2026-05-29 → 2026-06-09) 42224 bytes
2026-05-29 09:34:47,127 [INFO] [OK] Argentina/ECM_ENSEMBLE_Corn_Winter/daily dia 00 (2026-05-29 → 2026-05-29) 35944 bytes
2026-05-29 09:34:47,134 [INFO] [OK] Argentina/ECM_ENSEMBLE_Soy/cumulative dia 14 (2026-05-29 → 2026-06-12) 43675 bytes
2026-05-29 09:34:47,357 [INFO] [OK] Argentina/ECM_ENSEMBLE_Corn_Winter/daily dia 01 (2026-05-30 → 2026-05-30) 34744 bytes
2026-05-29 09:34:47,485 [INFO] [OK] Argentina/ECM_ENSEMBLE_Corn_Winter/daily dia 02 (2026-05-31 → 2026-05-31) 34360 bytes
2026-05-29 09:34:47,496 [INFO] [OK] Argentina/ECM_ENSEMBLE_Corn_Winter/daily dia 03 (2026-06-01 → 2026-06-01) 40037 bytes
2026-05-29 09:34:47,503 [INFO] [OK] Argentina/ECM_ENSEMBLE_Corn_Winter/daily dia 04 (2026-06-02 → 2026-06-02) 36920 bytes
2026-05-29 09:34:48,159 [INFO] [OK] Argentina/ECM_ENSEMBLE_Corn_Winter/daily dia 05 (2026-06-03 → 2026-06-03) 35560 bytes
2026-05-29 09:34:48,167 [INFO] [OK] Argentina/ECM_ENSEMBLE_Corn_Winter/daily dia 06 (2026-06-04 → 2026-06-04) 36249 bytes
2026-05-29 09:34:48,332 [INFO] [OK] Argentina/ECM_ENSEMBLE_Corn_Winter/daily dia 07 (2026-06-05 → 2026-06-05) 35126 bytes
2026-05-29 09:34:48,568 [INFO] [OK] Argentina/ECM_ENSEMBLE_Corn_Winter/daily dia 10 (2026-06-08 → 2026-06-08) 39780 bytes
2026-05-29 09:34:48,578 [INFO] [OK] Argentina/ECM_ENSEMBLE_Corn_Winter/daily dia 08 (2026-06-06 → 2026-06-06) 35295 bytes
2026-05-29 09:34:48,583 [INFO] [OK] Argentina/ECM_ENSEMBLE_Corn_Winter/daily dia 09 (2026-06-07 → 2026-06-07) 37111 bytes
2026-05-29 09:34:49,111 [INFO] [OK] Argentina/ECM_ENSEMBLE_Corn_Winter/daily dia 11 (2026-06-09 → 2026-06-09) 40056 bytes
2026-05-29 09:34:49,262 [INFO] [OK] Argentina/ECM_ENSEMBLE_Corn_Winter/daily dia 12 (2026-06-10 → 2026-06-10) 40451 bytes
2026-05-29 09:34:49,328 [INFO] [OK] Argentina/ECM_ENSEMBLE_Corn_Winter/daily dia 13 (2026-06-11 → 2026-06-11) 38578 bytes
2026-05-29 09:34:49,544 [INFO] [OK] Argentina/ECM_ENSEMBLE_Corn_Winter/daily dia 14 (2026-06-12 → 2026-06-12) 38185 bytes
2026-05-29 09:34:49,626 [INFO] [OK] Argentina/ECM_ENSEMBLE_Corn_Winter/cumulative dia 00 (2026-05-29 → 2026-05-29) 35944 bytes
2026-05-29 09:34:49,738 [INFO] [OK] Argentina/ECM_ENSEMBLE_Corn_Winter/cumulative dia 01 (2026-05-29 → 2026-05-30) 37647 bytes
2026-05-29 09:34:50,149 [INFO] [OK] Argentina/ECM_ENSEMBLE_Corn_Winter/cumulative dia 02 (2026-05-29 → 2026-05-31) 37871 bytes
2026-05-29 09:34:50,555 [INFO] [OK] Argentina/ECM_ENSEMBLE_Corn_Winter/cumulative dia 03 (2026-05-29 → 2026-06-01) 40803 bytes
2026-05-29 09:34:50,619 [INFO] [OK] Argentina/ECM_ENSEMBLE_Corn_Winter/cumulative dia 04 (2026-05-29 → 2026-06-02) 41004 bytes
2026-05-29 09:34:50,830 [INFO] [OK] Argentina/ECM_ENSEMBLE_Corn_Winter/cumulative dia 05 (2026-05-29 → 2026-06-03) 40282 bytes
2026-05-29 09:34:50,887 [INFO] [OK] Argentina/ECM_ENSEMBLE_Corn_Winter/cumulative dia 06 (2026-05-29 → 2026-06-04) 40880 bytes
2026-05-29 09:34:51,016 [INFO] [OK] Argentina/ECM_ENSEMBLE_Corn_Winter/cumulative dia 07 (2026-05-29 → 2026-06-05) 41354 bytes
2026-05-29 09:34:51,496 [INFO] [OK] Argentina/ECM_ENSEMBLE_Corn_Winter/cumulative dia 08 (2026-05-29 → 2026-06-06) 40924 bytes
2026-05-29 09:34:51,975 [INFO] [OK] Argentina/ECM_ENSEMBLE_Corn_Winter/cumulative dia 09 (2026-05-29 → 2026-06-07) 40601 bytes
2026-05-29 09:34:52,057 [INFO] [OK] Argentina/ECM_ENSEMBLE_Corn_Winter/cumulative dia 10 (2026-05-29 → 2026-06-08) 40722 bytes
2026-05-29 09:34:52,411 [INFO] [OK] Argentina/ECM_ENSEMBLE_Corn_Winter/cumulative dia 11 (2026-05-29 → 2026-06-09) 40987 bytes
2026-05-29 09:34:52,442 [INFO] [OK] Argentina/ECM_ENSEMBLE_Corn_Winter/cumulative dia 12 (2026-05-29 → 2026-06-10) 41504 bytes
2026-05-29 09:34:52,643 [INFO] [OK] Argentina/ECM_ENSEMBLE_Corn_Winter/cumulative dia 13 (2026-05-29 → 2026-06-11) 41674 bytes
2026-05-29 09:34:53,074 [INFO] [OK] Argentina/ECM_ENSEMBLE_Corn_Winter/cumulative dia 14 (2026-05-29 → 2026-06-12) 42331 bytes
2026-05-29 09:34:53,151 [INFO] Resumo: 240/240 sucessos, 0 erros
2026-05-29 09:34:55,960 [INFO] [CLEANUP] Removidas 48 pastas de histórico anteriores a 2026-04-29
2026-05-29 09:34:55,994 [INFO] Manifest: C:\Users\server\OneDrive - CGB Enterprises, Inc\ZGC-PBI Research - Documents\Dataset Data Files\Weather_maps\manifest.json
2026-05-29 09:34:55,996 [INFO] [GIT] Iniciando sincronização com GitHub...
2026-05-29 09:35:37,265 [INFO] [GIT] Sucesso ✓
2026-05-29 09:35:37,266 [INFO] ✓ Sincronizado com GitHub — Power BI atualiza no próximo refresh
