2026-05-31 09:33:19,569 [INFO] === Execução 2026-05-31 | modo=both | dias=15 | parâmetro=PRCP_DEP ===
2026-05-31 09:33:19,570 [INFO] Baixando 240 mapas com 6 threads...
2026-05-31 09:33:22,149 [INFO] [OK] Brazil/GFS_ENSEMBLE_Soy/daily dia 03 (2026-06-03 → 2026-06-03) 42793 bytes
2026-05-31 09:33:22,161 [INFO] [OK] Brazil/GFS_ENSEMBLE_Soy/daily dia 02 (2026-06-02 → 2026-06-02) 43199 bytes
2026-05-31 09:33:22,165 [INFO] [OK] Brazil/GFS_ENSEMBLE_Soy/daily dia 04 (2026-06-04 → 2026-06-04) 44147 bytes
2026-05-31 09:33:22,169 [INFO] [OK] Brazil/GFS_ENSEMBLE_Soy/daily dia 00 (2026-05-31 → 2026-05-31) 38152 bytes
2026-05-31 09:33:22,414 [INFO] [OK] Brazil/GFS_ENSEMBLE_Soy/daily dia 05 (2026-06-05 → 2026-06-05) 43892 bytes
2026-05-31 09:33:22,449 [INFO] [OK] Brazil/GFS_ENSEMBLE_Soy/daily dia 01 (2026-06-01 → 2026-06-01) 45666 bytes
2026-05-31 09:33:23,695 [INFO] [OK] Brazil/GFS_ENSEMBLE_Soy/daily dia 09 (2026-06-09 → 2026-06-09) 50052 bytes
2026-05-31 09:33:23,780 [INFO] [OK] Brazil/GFS_ENSEMBLE_Soy/daily dia 06 (2026-06-06 → 2026-06-06) 44813 bytes
2026-05-31 09:33:23,781 [INFO] [OK] Brazil/GFS_ENSEMBLE_Soy/daily dia 08 (2026-06-08 → 2026-06-08) 50120 bytes
2026-05-31 09:33:23,849 [INFO] [OK] Brazil/GFS_ENSEMBLE_Soy/daily dia 07 (2026-06-07 → 2026-06-07) 47631 bytes
2026-05-31 09:33:23,998 [INFO] [OK] Brazil/GFS_ENSEMBLE_Soy/daily dia 10 (2026-06-10 → 2026-06-10) 49748 bytes
2026-05-31 09:33:24,002 [INFO] [OK] Brazil/GFS_ENSEMBLE_Soy/daily dia 11 (2026-06-11 → 2026-06-11) 50280 bytes
2026-05-31 09:33:25,066 [INFO] [OK] Brazil/GFS_ENSEMBLE_Soy/daily dia 12 (2026-06-12 → 2026-06-12) 51698 bytes
2026-05-31 09:33:25,115 [INFO] [OK] Brazil/GFS_ENSEMBLE_Soy/daily dia 13 (2026-06-13 → 2026-06-13) 50909 bytes
2026-05-31 09:33:25,486 [INFO] [OK] Brazil/GFS_ENSEMBLE_Soy/daily dia 14 (2026-06-14 → 2026-06-14) 51050 bytes
2026-05-31 09:33:25,599 [INFO] [OK] Brazil/GFS_ENSEMBLE_Soy/cumulative dia 02 (2026-05-31 → 2026-06-02) 44850 bytes
2026-05-31 09:33:25,609 [INFO] [OK] Brazil/GFS_ENSEMBLE_Soy/cumulative dia 00 (2026-05-31 → 2026-05-31) 38152 bytes
2026-05-31 09:33:25,710 [INFO] [OK] Brazil/GFS_ENSEMBLE_Soy/cumulative dia 01 (2026-05-31 → 2026-06-01) 44370 bytes
2026-05-31 09:33:26,571 [INFO] [OK] Brazil/GFS_ENSEMBLE_Soy/cumulative dia 03 (2026-05-31 → 2026-06-03) 44656 bytes
2026-05-31 09:33:26,764 [INFO] [OK] Brazil/GFS_ENSEMBLE_Soy/cumulative dia 04 (2026-05-31 → 2026-06-04) 46019 bytes
2026-05-31 09:33:27,641 [INFO] [OK] Brazil/GFS_ENSEMBLE_Soy/cumulative dia 05 (2026-05-31 → 2026-06-05) 46077 bytes
2026-05-31 09:33:27,646 [INFO] [OK] Brazil/GFS_ENSEMBLE_Soy/cumulative dia 06 (2026-05-31 → 2026-06-06) 46368 bytes
2026-05-31 09:33:27,837 [INFO] [OK] Brazil/GFS_ENSEMBLE_Soy/cumulative dia 07 (2026-05-31 → 2026-06-07) 47990 bytes
2026-05-31 09:33:28,030 [INFO] [OK] Brazil/GFS_ENSEMBLE_Soy/cumulative dia 08 (2026-05-31 → 2026-06-08) 50185 bytes
2026-05-31 09:33:28,670 [INFO] [OK] Brazil/GFS_ENSEMBLE_Soy/cumulative dia 09 (2026-05-31 → 2026-06-09) 51707 bytes
2026-05-31 09:33:29,009 [INFO] [OK] Brazil/GFS_ENSEMBLE_Soy/cumulative dia 10 (2026-05-31 → 2026-06-10) 52277 bytes
2026-05-31 09:33:30,007 [INFO] [OK] Brazil/GFS_ENSEMBLE_Soy/cumulative dia 11 (2026-05-31 → 2026-06-11) 51647 bytes
2026-05-31 09:33:30,148 [INFO] [OK] Brazil/GFS_ENSEMBLE_Corn_Winter/daily dia 00 (2026-05-31 → 2026-05-31) 36501 bytes
2026-05-31 09:33:30,151 [INFO] [OK] Brazil/GFS_ENSEMBLE_Soy/cumulative dia 12 (2026-05-31 → 2026-06-12) 51251 bytes
2026-05-31 09:33:30,370 [INFO] [OK] Brazil/GFS_ENSEMBLE_Corn_Winter/daily dia 01 (2026-06-01 → 2026-06-01) 44010 bytes
2026-05-31 09:33:30,426 [INFO] [OK] Brazil/GFS_ENSEMBLE_Soy/cumulative dia 13 (2026-05-31 → 2026-06-13) 51022 bytes
2026-05-31 09:33:30,603 [INFO] [OK] Brazil/GFS_ENSEMBLE_Soy/cumulative dia 14 (2026-05-31 → 2026-06-14) 50953 bytes
2026-05-31 09:33:31,320 [INFO] [OK] Brazil/GFS_ENSEMBLE_Corn_Winter/daily dia 02 (2026-06-02 → 2026-06-02) 41503 bytes
2026-05-31 09:33:31,572 [INFO] [OK] Brazil/GFS_ENSEMBLE_Corn_Winter/daily dia 04 (2026-06-04 → 2026-06-04) 42570 bytes
2026-05-31 09:33:31,591 [INFO] [OK] Brazil/GFS_ENSEMBLE_Corn_Winter/daily dia 03 (2026-06-03 → 2026-06-03) 41134 bytes
2026-05-31 09:33:31,718 [INFO] [OK] Brazil/GFS_ENSEMBLE_Corn_Winter/daily dia 05 (2026-06-05 → 2026-06-05) 42384 bytes
2026-05-31 09:33:31,985 [INFO] [OK] Brazil/GFS_ENSEMBLE_Corn_Winter/daily dia 07 (2026-06-07 → 2026-06-07) 45990 bytes
2026-05-31 09:33:31,996 [INFO] [OK] Brazil/GFS_ENSEMBLE_Corn_Winter/daily dia 06 (2026-06-06 → 2026-06-06) 43415 bytes
2026-05-31 09:33:32,652 [INFO] [OK] Brazil/GFS_ENSEMBLE_Corn_Winter/daily dia 08 (2026-06-08 → 2026-06-08) 48543 bytes
2026-05-31 09:33:32,942 [INFO] [OK] Brazil/GFS_ENSEMBLE_Corn_Winter/daily dia 09 (2026-06-09 → 2026-06-09) 48629 bytes
2026-05-31 09:33:32,952 [INFO] [OK] Brazil/GFS_ENSEMBLE_Corn_Winter/daily dia 10 (2026-06-10 → 2026-06-10) 48144 bytes
2026-05-31 09:33:33,051 [INFO] [OK] Brazil/GFS_ENSEMBLE_Corn_Winter/daily dia 11 (2026-06-11 → 2026-06-11) 48780 bytes
2026-05-31 09:33:33,300 [INFO] [OK] Brazil/GFS_ENSEMBLE_Corn_Winter/daily dia 12 (2026-06-12 → 2026-06-12) 49995 bytes
2026-05-31 09:33:33,411 [INFO] [OK] Brazil/GFS_ENSEMBLE_Corn_Winter/daily dia 13 (2026-06-13 → 2026-06-13) 49528 bytes
2026-05-31 09:33:33,998 [INFO] [OK] Brazil/GFS_ENSEMBLE_Corn_Winter/daily dia 14 (2026-06-14 → 2026-06-14) 49304 bytes
2026-05-31 09:33:34,268 [INFO] [OK] Brazil/GFS_ENSEMBLE_Corn_Winter/cumulative dia 00 (2026-05-31 → 2026-05-31) 36501 bytes
2026-05-31 09:33:34,278 [INFO] [OK] Brazil/GFS_ENSEMBLE_Corn_Winter/cumulative dia 01 (2026-05-31 → 2026-06-01) 42752 bytes
2026-05-31 09:33:34,491 [INFO] [OK] Brazil/GFS_ENSEMBLE_Corn_Winter/cumulative dia 02 (2026-05-31 → 2026-06-02) 43127 bytes
2026-05-31 09:33:34,812 [INFO] [OK] Brazil/GFS_ENSEMBLE_Corn_Winter/cumulative dia 03 (2026-05-31 → 2026-06-03) 43238 bytes
2026-05-31 09:33:35,012 [INFO] [OK] Brazil/GFS_ENSEMBLE_Corn_Winter/cumulative dia 04 (2026-05-31 → 2026-06-04) 44376 bytes
2026-05-31 09:33:35,739 [INFO] [OK] Brazil/GFS_ENSEMBLE_Corn_Winter/cumulative dia 05 (2026-05-31 → 2026-06-05) 44540 bytes
2026-05-31 09:33:36,226 [INFO] [OK] Brazil/GFS_ENSEMBLE_Corn_Winter/cumulative dia 06 (2026-05-31 → 2026-06-06) 44999 bytes
2026-05-31 09:33:36,235 [INFO] [OK] Brazil/GFS_ENSEMBLE_Corn_Winter/cumulative dia 07 (2026-05-31 → 2026-06-07) 46419 bytes
2026-05-31 09:33:36,557 [INFO] [OK] Brazil/GFS_ENSEMBLE_Corn_Winter/cumulative dia 08 (2026-05-31 → 2026-06-08) 48694 bytes
2026-05-31 09:33:36,975 [INFO] [OK] Brazil/GFS_ENSEMBLE_Corn_Winter/cumulative dia 09 (2026-05-31 → 2026-06-09) 50406 bytes
2026-05-31 09:33:37,112 [INFO] [OK] Brazil/GFS_ENSEMBLE_Corn_Winter/cumulative dia 10 (2026-05-31 → 2026-06-10) 50866 bytes
2026-05-31 09:33:38,252 [INFO] [OK] Brazil/GFS_ENSEMBLE_Corn_Winter/cumulative dia 11 (2026-05-31 → 2026-06-11) 50376 bytes
2026-05-31 09:33:38,478 [INFO] [OK] Brazil/ECM_ENSEMBLE_Soy/daily dia 00 (2026-05-31 → 2026-05-31) 43624 bytes
2026-05-31 09:33:38,620 [INFO] [OK] Brazil/ECM_ENSEMBLE_Soy/daily dia 01 (2026-06-01 → 2026-06-01) 50071 bytes
2026-05-31 09:33:38,662 [INFO] [OK] Brazil/GFS_ENSEMBLE_Corn_Winter/cumulative dia 13 (2026-05-31 → 2026-06-13) 49721 bytes
2026-05-31 09:33:38,885 [INFO] [OK] Brazil/GFS_ENSEMBLE_Corn_Winter/cumulative dia 12 (2026-05-31 → 2026-06-12) 49932 bytes
2026-05-31 09:33:39,069 [INFO] [OK] Brazil/GFS_ENSEMBLE_Corn_Winter/cumulative dia 14 (2026-05-31 → 2026-06-14) 49630 bytes
2026-05-31 09:33:39,706 [INFO] [OK] Brazil/ECM_ENSEMBLE_Soy/daily dia 02 (2026-06-02 → 2026-06-02) 49444 bytes
2026-05-31 09:33:39,835 [INFO] [OK] Brazil/ECM_ENSEMBLE_Soy/daily dia 03 (2026-06-03 → 2026-06-03) 48341 bytes
2026-05-31 09:33:40,005 [INFO] [OK] Brazil/ECM_ENSEMBLE_Soy/daily dia 04 (2026-06-04 → 2026-06-04) 46749 bytes
2026-05-31 09:33:40,066 [INFO] [OK] Brazil/ECM_ENSEMBLE_Soy/daily dia 05 (2026-06-05 → 2026-06-05) 44028 bytes
2026-05-31 09:33:40,246 [INFO] [OK] Brazil/ECM_ENSEMBLE_Soy/daily dia 06 (2026-06-06 → 2026-06-06) 43722 bytes
2026-05-31 09:33:40,527 [INFO] [OK] Brazil/ECM_ENSEMBLE_Soy/daily dia 07 (2026-06-07 → 2026-06-07) 46564 bytes
2026-05-31 09:33:41,181 [INFO] [OK] Brazil/ECM_ENSEMBLE_Soy/daily dia 08 (2026-06-08 → 2026-06-08) 47465 bytes
2026-05-31 09:33:41,307 [INFO] [OK] Brazil/ECM_ENSEMBLE_Soy/daily dia 09 (2026-06-09 → 2026-06-09) 48311 bytes
2026-05-31 09:33:41,421 [INFO] [OK] Brazil/ECM_ENSEMBLE_Soy/daily dia 11 (2026-06-11 → 2026-06-11) 50172 bytes
2026-05-31 09:33:41,550 [INFO] [OK] Brazil/ECM_ENSEMBLE_Soy/daily dia 10 (2026-06-10 → 2026-06-10) 49849 bytes
2026-05-31 09:33:41,606 [INFO] [OK] Brazil/ECM_ENSEMBLE_Soy/daily dia 12 (2026-06-12 → 2026-06-12) 49923 bytes
2026-05-31 09:33:41,898 [INFO] [OK] Brazil/ECM_ENSEMBLE_Soy/daily dia 13 (2026-06-13 → 2026-06-13) 49743 bytes
2026-05-31 09:33:42,486 [INFO] [OK] Brazil/ECM_ENSEMBLE_Soy/daily dia 14 (2026-06-14 → 2026-06-14) 50640 bytes
2026-05-31 09:33:42,619 [INFO] [OK] Brazil/ECM_ENSEMBLE_Soy/cumulative dia 00 (2026-05-31 → 2026-05-31) 43624 bytes
2026-05-31 09:33:43,051 [INFO] [OK] Brazil/ECM_ENSEMBLE_Soy/cumulative dia 02 (2026-05-31 → 2026-06-02) 49613 bytes
2026-05-31 09:33:43,100 [INFO] [OK] Brazil/ECM_ENSEMBLE_Soy/cumulative dia 01 (2026-05-31 → 2026-06-01) 49010 bytes
2026-05-31 09:33:43,427 [INFO] [OK] Brazil/ECM_ENSEMBLE_Soy/cumulative dia 03 (2026-05-31 → 2026-06-03) 49854 bytes
2026-05-31 09:33:43,478 [INFO] [OK] Brazil/ECM_ENSEMBLE_Soy/cumulative dia 04 (2026-05-31 → 2026-06-04) 49703 bytes
2026-05-31 09:33:44,412 [INFO] [OK] Brazil/ECM_ENSEMBLE_Soy/cumulative dia 05 (2026-05-31 → 2026-06-05) 49306 bytes
2026-05-31 09:33:44,957 [INFO] [OK] Brazil/ECM_ENSEMBLE_Soy/cumulative dia 06 (2026-05-31 → 2026-06-06) 49348 bytes
2026-05-31 09:33:45,362 [INFO] [OK] Brazil/ECM_ENSEMBLE_Soy/cumulative dia 07 (2026-05-31 → 2026-06-07) 49611 bytes
2026-05-31 09:33:45,660 [INFO] [OK] Brazil/ECM_ENSEMBLE_Soy/cumulative dia 08 (2026-05-31 → 2026-06-08) 50095 bytes
2026-05-31 09:33:45,835 [INFO] [OK] Brazil/ECM_ENSEMBLE_Soy/cumulative dia 09 (2026-05-31 → 2026-06-09) 50366 bytes
2026-05-31 09:33:46,230 [INFO] [OK] Brazil/ECM_ENSEMBLE_Soy/cumulative dia 10 (2026-05-31 → 2026-06-10) 51755 bytes
2026-05-31 09:33:47,374 [INFO] [OK] Brazil/ECM_ENSEMBLE_Corn_Winter/daily dia 00 (2026-05-31 → 2026-05-31) 41982 bytes
2026-05-31 09:33:47,553 [INFO] [OK] Brazil/ECM_ENSEMBLE_Soy/cumulative dia 11 (2026-05-31 → 2026-06-11) 53033 bytes
2026-05-31 09:33:47,605 [INFO] [OK] Brazil/ECM_ENSEMBLE_Corn_Winter/daily dia 01 (2026-06-01 → 2026-06-01) 48326 bytes
2026-05-31 09:33:47,772 [INFO] [OK] Brazil/ECM_ENSEMBLE_Soy/cumulative dia 12 (2026-05-31 → 2026-06-12) 53447 bytes
2026-05-31 09:33:48,069 [INFO] [OK] Brazil/ECM_ENSEMBLE_Soy/cumulative dia 13 (2026-05-31 → 2026-06-13) 53118 bytes
2026-05-31 09:33:48,441 [INFO] [OK] Brazil/ECM_ENSEMBLE_Soy/cumulative dia 14 (2026-05-31 → 2026-06-14) 52579 bytes
2026-05-31 09:33:48,678 [INFO] [OK] Brazil/ECM_ENSEMBLE_Corn_Winter/daily dia 02 (2026-06-02 → 2026-06-02) 47723 bytes
2026-05-31 09:33:48,894 [INFO] [OK] Brazil/ECM_ENSEMBLE_Corn_Winter/daily dia 03 (2026-06-03 → 2026-06-03) 46864 bytes
2026-05-31 09:33:49,305 [INFO] [OK] Brazil/ECM_ENSEMBLE_Corn_Winter/daily dia 04 (2026-06-04 → 2026-06-04) 45349 bytes
2026-05-31 09:33:49,307 [INFO] [OK] Brazil/ECM_ENSEMBLE_Corn_Winter/daily dia 05 (2026-06-05 → 2026-06-05) 42644 bytes
2026-05-31 09:33:49,524 [INFO] [OK] Brazil/ECM_ENSEMBLE_Corn_Winter/daily dia 06 (2026-06-06 → 2026-06-06) 42344 bytes
2026-05-31 09:33:49,841 [INFO] [OK] Brazil/ECM_ENSEMBLE_Corn_Winter/daily dia 07 (2026-06-07 → 2026-06-07) 44934 bytes
2026-05-31 09:33:50,295 [INFO] [OK] Brazil/ECM_ENSEMBLE_Corn_Winter/daily dia 09 (2026-06-09 → 2026-06-09) 46770 bytes
2026-05-31 09:33:50,317 [INFO] [OK] Brazil/ECM_ENSEMBLE_Corn_Winter/daily dia 08 (2026-06-08 → 2026-06-08) 45961 bytes
2026-05-31 09:33:51,107 [INFO] [OK] Brazil/ECM_ENSEMBLE_Corn_Winter/daily dia 11 (2026-06-11 → 2026-06-11) 48836 bytes
2026-05-31 09:33:51,146 [INFO] [OK] Brazil/ECM_ENSEMBLE_Corn_Winter/daily dia 12 (2026-06-12 → 2026-06-12) 48527 bytes
2026-05-31 09:33:51,159 [INFO] [OK] Brazil/ECM_ENSEMBLE_Corn_Winter/daily dia 10 (2026-06-10 → 2026-06-10) 48339 bytes
2026-05-31 09:33:51,266 [INFO] [OK] Brazil/ECM_ENSEMBLE_Corn_Winter/daily dia 13 (2026-06-13 → 2026-06-13) 48380 bytes
2026-05-31 09:33:51,665 [INFO] [OK] Brazil/ECM_ENSEMBLE_Corn_Winter/daily dia 14 (2026-06-14 → 2026-06-14) 49092 bytes
2026-05-31 09:33:51,706 [INFO] [OK] Brazil/ECM_ENSEMBLE_Corn_Winter/cumulative dia 00 (2026-05-31 → 2026-05-31) 41982 bytes
2026-05-31 09:33:52,713 [INFO] [OK] Brazil/ECM_ENSEMBLE_Corn_Winter/cumulative dia 01 (2026-05-31 → 2026-06-01) 47354 bytes
2026-05-31 09:33:52,820 [INFO] [OK] Brazil/ECM_ENSEMBLE_Corn_Winter/cumulative dia 02 (2026-05-31 → 2026-06-02) 47833 bytes
2026-05-31 09:33:52,888 [INFO] [OK] Brazil/ECM_ENSEMBLE_Corn_Winter/cumulative dia 03 (2026-05-31 → 2026-06-03) 48309 bytes
2026-05-31 09:33:53,129 [INFO] [OK] Brazil/ECM_ENSEMBLE_Corn_Winter/cumulative dia 04 (2026-05-31 → 2026-06-04) 48356 bytes
2026-05-31 09:33:53,689 [INFO] [OK] Brazil/ECM_ENSEMBLE_Corn_Winter/cumulative dia 06 (2026-05-31 → 2026-06-06) 47881 bytes
2026-05-31 09:33:53,757 [INFO] [OK] Brazil/ECM_ENSEMBLE_Corn_Winter/cumulative dia 05 (2026-05-31 → 2026-06-05) 47975 bytes
2026-05-31 09:33:55,429 [INFO] [OK] Brazil/ECM_ENSEMBLE_Corn_Winter/cumulative dia 07 (2026-05-31 → 2026-06-07) 48193 bytes
2026-05-31 09:33:55,541 [INFO] [OK] Brazil/ECM_ENSEMBLE_Corn_Winter/cumulative dia 08 (2026-05-31 → 2026-06-08) 48822 bytes
2026-05-31 09:33:55,956 [INFO] [OK] Brazil/ECM_ENSEMBLE_Corn_Winter/cumulative dia 09 (2026-05-31 → 2026-06-09) 49183 bytes
2026-05-31 09:33:56,207 [INFO] [OK] Brazil/ECM_ENSEMBLE_Corn_Winter/cumulative dia 11 (2026-05-31 → 2026-06-11) 51853 bytes
2026-05-31 09:33:56,212 [INFO] [OK] Brazil/ECM_ENSEMBLE_Corn_Winter/cumulative dia 10 (2026-05-31 → 2026-06-10) 50732 bytes
2026-05-31 09:33:56,330 [INFO] [OK] Brazil/ECM_ENSEMBLE_Corn_Winter/cumulative dia 12 (2026-05-31 → 2026-06-12) 52355 bytes
2026-05-31 09:33:57,606 [INFO] [OK] Argentina/GFS_ENSEMBLE_Soy/daily dia 02 (2026-06-02 → 2026-06-02) 34555 bytes
2026-05-31 09:33:57,670 [INFO] [OK] Argentina/GFS_ENSEMBLE_Soy/daily dia 03 (2026-06-03 → 2026-06-03) 33940 bytes
2026-05-31 09:33:57,798 [INFO] [OK] Brazil/ECM_ENSEMBLE_Corn_Winter/cumulative dia 13 (2026-05-31 → 2026-06-13) 51903 bytes
2026-05-31 09:33:57,862 [INFO] [OK] Argentina/GFS_ENSEMBLE_Soy/daily dia 01 (2026-06-01 → 2026-06-01) 37229 bytes
2026-05-31 09:33:57,864 [INFO] [OK] Argentina/GFS_ENSEMBLE_Soy/daily dia 00 (2026-05-31 → 2026-05-31) 29892 bytes
2026-05-31 09:33:58,185 [INFO] [OK] Brazil/ECM_ENSEMBLE_Corn_Winter/cumulative dia 14 (2026-05-31 → 2026-06-14) 51237 bytes
2026-05-31 09:33:58,593 [INFO] [OK] Argentina/GFS_ENSEMBLE_Soy/daily dia 04 (2026-06-04 → 2026-06-04) 34597 bytes
2026-05-31 09:33:58,662 [INFO] [OK] Argentina/GFS_ENSEMBLE_Soy/daily dia 05 (2026-06-05 → 2026-06-05) 34610 bytes
2026-05-31 09:33:58,792 [INFO] [OK] Argentina/GFS_ENSEMBLE_Soy/daily dia 06 (2026-06-06 → 2026-06-06) 34950 bytes
2026-05-31 09:33:58,821 [INFO] [OK] Argentina/GFS_ENSEMBLE_Soy/daily dia 07 (2026-06-07 → 2026-06-07) 36992 bytes
2026-05-31 09:33:58,877 [INFO] [OK] Argentina/GFS_ENSEMBLE_Soy/daily dia 08 (2026-06-08 → 2026-06-08) 41847 bytes
2026-05-31 09:33:59,519 [INFO] [OK] Argentina/GFS_ENSEMBLE_Soy/daily dia 09 (2026-06-09 → 2026-06-09) 42261 bytes
2026-05-31 09:33:59,585 [INFO] [OK] Argentina/GFS_ENSEMBLE_Soy/daily dia 10 (2026-06-10 → 2026-06-10) 41372 bytes
2026-05-31 09:33:59,701 [INFO] [OK] Argentina/GFS_ENSEMBLE_Soy/daily dia 11 (2026-06-11 → 2026-06-11) 41448 bytes
2026-05-31 09:33:59,833 [INFO] [OK] Argentina/GFS_ENSEMBLE_Soy/daily dia 13 (2026-06-13 → 2026-06-13) 41822 bytes
2026-05-31 09:33:59,837 [INFO] [OK] Argentina/GFS_ENSEMBLE_Soy/daily dia 12 (2026-06-12 → 2026-06-12) 42454 bytes
2026-05-31 09:34:00,204 [INFO] [OK] Argentina/GFS_ENSEMBLE_Soy/daily dia 14 (2026-06-14 → 2026-06-14) 42181 bytes
2026-05-31 09:34:00,491 [INFO] [OK] Argentina/GFS_ENSEMBLE_Soy/cumulative dia 00 (2026-05-31 → 2026-05-31) 29892 bytes
2026-05-31 09:34:00,606 [INFO] [OK] Argentina/GFS_ENSEMBLE_Soy/cumulative dia 01 (2026-05-31 → 2026-06-01) 35926 bytes
2026-05-31 09:34:01,045 [INFO] [OK] Argentina/GFS_ENSEMBLE_Soy/cumulative dia 02 (2026-05-31 → 2026-06-02) 36443 bytes
2026-05-31 09:34:01,329 [INFO] [OK] Argentina/GFS_ENSEMBLE_Soy/cumulative dia 03 (2026-05-31 → 2026-06-03) 36130 bytes
2026-05-31 09:34:01,334 [INFO] [OK] Argentina/GFS_ENSEMBLE_Soy/cumulative dia 04 (2026-05-31 → 2026-06-04) 37380 bytes
2026-05-31 09:34:01,540 [INFO] [OK] Argentina/GFS_ENSEMBLE_Soy/cumulative dia 05 (2026-05-31 → 2026-06-05) 37490 bytes
2026-05-31 09:34:01,827 [INFO] [OK] Argentina/GFS_ENSEMBLE_Soy/cumulative dia 06 (2026-05-31 → 2026-06-06) 37392 bytes
2026-05-31 09:34:01,848 [INFO] [OK] Argentina/GFS_ENSEMBLE_Soy/cumulative dia 07 (2026-05-31 → 2026-06-07) 38315 bytes
2026-05-31 09:34:02,339 [INFO] [OK] Argentina/GFS_ENSEMBLE_Soy/cumulative dia 08 (2026-05-31 → 2026-06-08) 39709 bytes
2026-05-31 09:34:02,717 [INFO] [OK] Argentina/GFS_ENSEMBLE_Soy/cumulative dia 09 (2026-05-31 → 2026-06-09) 41425 bytes
2026-05-31 09:34:02,752 [INFO] [OK] Argentina/GFS_ENSEMBLE_Soy/cumulative dia 10 (2026-05-31 → 2026-06-10) 42557 bytes
2026-05-31 09:34:03,043 [INFO] [OK] Argentina/GFS_ENSEMBLE_Soy/cumulative dia 11 (2026-05-31 → 2026-06-11) 42359 bytes
2026-05-31 09:34:03,414 [INFO] [OK] Argentina/GFS_ENSEMBLE_Soy/cumulative dia 12 (2026-05-31 → 2026-06-12) 41939 bytes
2026-05-31 09:34:03,453 [INFO] [OK] Argentina/GFS_ENSEMBLE_Soy/cumulative dia 13 (2026-05-31 → 2026-06-13) 41309 bytes
2026-05-31 09:34:03,657 [INFO] [OK] Argentina/GFS_ENSEMBLE_Corn_Winter/daily dia 01 (2026-06-01 → 2026-06-01) 35396 bytes
2026-05-31 09:34:03,769 [INFO] [OK] Argentina/GFS_ENSEMBLE_Corn_Winter/daily dia 00 (2026-05-31 → 2026-05-31) 27986 bytes
2026-05-31 09:34:03,962 [INFO] [OK] Argentina/GFS_ENSEMBLE_Soy/cumulative dia 14 (2026-05-31 → 2026-06-14) 41575 bytes
2026-05-31 09:34:04,028 [INFO] [OK] Argentina/GFS_ENSEMBLE_Corn_Winter/daily dia 02 (2026-06-02 → 2026-06-02) 32595 bytes
2026-05-31 09:34:04,388 [INFO] [OK] Argentina/GFS_ENSEMBLE_Corn_Winter/daily dia 03 (2026-06-03 → 2026-06-03) 31944 bytes
2026-05-31 09:34:04,419 [INFO] [OK] Argentina/GFS_ENSEMBLE_Corn_Winter/daily dia 04 (2026-06-04 → 2026-06-04) 32746 bytes
2026-05-31 09:34:04,584 [INFO] [OK] Argentina/GFS_ENSEMBLE_Corn_Winter/daily dia 05 (2026-06-05 → 2026-06-05) 32871 bytes
2026-05-31 09:34:04,725 [INFO] [OK] Argentina/GFS_ENSEMBLE_Corn_Winter/daily dia 06 (2026-06-06 → 2026-06-06) 33139 bytes
2026-05-31 09:34:04,969 [INFO] [OK] Argentina/GFS_ENSEMBLE_Corn_Winter/daily dia 07 (2026-06-07 → 2026-06-07) 35121 bytes
2026-05-31 09:34:05,038 [INFO] [OK] Argentina/GFS_ENSEMBLE_Corn_Winter/daily dia 08 (2026-06-08 → 2026-06-08) 40125 bytes
2026-05-31 09:34:05,388 [INFO] [OK] Argentina/GFS_ENSEMBLE_Corn_Winter/daily dia 10 (2026-06-10 → 2026-06-10) 39545 bytes
2026-05-31 09:34:05,592 [INFO] [OK] Argentina/GFS_ENSEMBLE_Corn_Winter/daily dia 11 (2026-06-11 → 2026-06-11) 39565 bytes
2026-05-31 09:34:05,606 [INFO] [OK] Argentina/GFS_ENSEMBLE_Corn_Winter/daily dia 09 (2026-06-09 → 2026-06-09) 40659 bytes
2026-05-31 09:34:05,774 [INFO] [OK] Argentina/GFS_ENSEMBLE_Corn_Winter/daily dia 12 (2026-06-12 → 2026-06-12) 40512 bytes
2026-05-31 09:34:05,956 [INFO] [OK] Argentina/GFS_ENSEMBLE_Corn_Winter/daily dia 13 (2026-06-13 → 2026-06-13) 40210 bytes
2026-05-31 09:34:06,046 [INFO] [OK] Argentina/GFS_ENSEMBLE_Corn_Winter/daily dia 14 (2026-06-14 → 2026-06-14) 40522 bytes
2026-05-31 09:34:06,365 [INFO] [OK] Argentina/GFS_ENSEMBLE_Corn_Winter/cumulative dia 00 (2026-05-31 → 2026-05-31) 27986 bytes
2026-05-31 09:34:06,650 [INFO] [OK] Argentina/GFS_ENSEMBLE_Corn_Winter/cumulative dia 01 (2026-05-31 → 2026-06-01) 34033 bytes
2026-05-31 09:34:06,771 [INFO] [OK] Argentina/GFS_ENSEMBLE_Corn_Winter/cumulative dia 02 (2026-05-31 → 2026-06-02) 34640 bytes
2026-05-31 09:34:06,909 [INFO] [OK] Argentina/GFS_ENSEMBLE_Corn_Winter/cumulative dia 03 (2026-05-31 → 2026-06-03) 34449 bytes
2026-05-31 09:34:07,123 [INFO] [OK] Argentina/GFS_ENSEMBLE_Corn_Winter/cumulative dia 04 (2026-05-31 → 2026-06-04) 35683 bytes
2026-05-31 09:34:07,216 [INFO] [OK] Argentina/GFS_ENSEMBLE_Corn_Winter/cumulative dia 05 (2026-05-31 → 2026-06-05) 35820 bytes
2026-05-31 09:34:07,602 [INFO] [OK] Argentina/GFS_ENSEMBLE_Corn_Winter/cumulative dia 06 (2026-05-31 → 2026-06-06) 35872 bytes
2026-05-31 09:34:07,903 [INFO] [OK] Argentina/GFS_ENSEMBLE_Corn_Winter/cumulative dia 07 (2026-05-31 → 2026-06-07) 36862 bytes
2026-05-31 09:34:08,133 [INFO] [OK] Argentina/GFS_ENSEMBLE_Corn_Winter/cumulative dia 08 (2026-05-31 → 2026-06-08) 38284 bytes
2026-05-31 09:34:08,298 [INFO] [OK] Argentina/GFS_ENSEMBLE_Corn_Winter/cumulative dia 09 (2026-05-31 → 2026-06-09) 40207 bytes
2026-05-31 09:34:08,586 [INFO] [OK] Argentina/GFS_ENSEMBLE_Corn_Winter/cumulative dia 10 (2026-05-31 → 2026-06-10) 41238 bytes
2026-05-31 09:34:08,655 [INFO] [OK] Argentina/GFS_ENSEMBLE_Corn_Winter/cumulative dia 11 (2026-05-31 → 2026-06-11) 40935 bytes
2026-05-31 09:34:09,108 [INFO] [OK] Argentina/GFS_ENSEMBLE_Corn_Winter/cumulative dia 12 (2026-05-31 → 2026-06-12) 40596 bytes
2026-05-31 09:34:09,217 [INFO] [OK] Argentina/ECM_ENSEMBLE_Soy/daily dia 00 (2026-05-31 → 2026-05-31) 33728 bytes
2026-05-31 09:34:09,404 [INFO] [OK] Argentina/GFS_ENSEMBLE_Corn_Winter/cumulative dia 13 (2026-05-31 → 2026-06-13) 40168 bytes
2026-05-31 09:34:09,571 [INFO] [OK] Argentina/ECM_ENSEMBLE_Soy/daily dia 02 (2026-06-02 → 2026-06-02) 37769 bytes
2026-05-31 09:34:09,634 [INFO] [OK] Argentina/ECM_ENSEMBLE_Soy/daily dia 01 (2026-06-01 → 2026-06-01) 39826 bytes
2026-05-31 09:34:09,688 [INFO] [OK] Argentina/GFS_ENSEMBLE_Corn_Winter/cumulative dia 14 (2026-05-31 → 2026-06-14) 40099 bytes
2026-05-31 09:34:10,065 [INFO] [OK] Argentina/ECM_ENSEMBLE_Soy/daily dia 03 (2026-06-03 → 2026-06-03) 37393 bytes
2026-05-31 09:34:10,304 [INFO] [OK] Argentina/ECM_ENSEMBLE_Soy/daily dia 04 (2026-06-04 → 2026-06-04) 35811 bytes
2026-05-31 09:34:10,413 [INFO] [OK] Argentina/ECM_ENSEMBLE_Soy/daily dia 05 (2026-06-05 → 2026-06-05) 34162 bytes
2026-05-31 09:34:10,540 [INFO] [OK] Argentina/ECM_ENSEMBLE_Soy/daily dia 06 (2026-06-06 → 2026-06-06) 34829 bytes
2026-05-31 09:34:10,578 [INFO] [OK] Argentina/ECM_ENSEMBLE_Soy/daily dia 07 (2026-06-07 → 2026-06-07) 37605 bytes
2026-05-31 09:34:10,739 [INFO] [OK] Argentina/ECM_ENSEMBLE_Soy/daily dia 08 (2026-06-08 → 2026-06-08) 39714 bytes
2026-05-31 09:34:11,149 [INFO] [OK] Argentina/ECM_ENSEMBLE_Soy/daily dia 09 (2026-06-09 → 2026-06-09) 40722 bytes
2026-05-31 09:34:11,370 [INFO] [OK] Argentina/ECM_ENSEMBLE_Soy/daily dia 10 (2026-06-10 → 2026-06-10) 41056 bytes
2026-05-31 09:34:11,465 [INFO] [OK] Argentina/ECM_ENSEMBLE_Soy/daily dia 11 (2026-06-11 → 2026-06-11) 40903 bytes
2026-05-31 09:34:11,505 [INFO] [OK] Argentina/ECM_ENSEMBLE_Soy/daily dia 12 (2026-06-12 → 2026-06-12) 40454 bytes
2026-05-31 09:34:11,585 [INFO] [OK] Argentina/ECM_ENSEMBLE_Soy/daily dia 13 (2026-06-13 → 2026-06-13) 39965 bytes
2026-05-31 09:34:11,701 [INFO] [OK] Argentina/ECM_ENSEMBLE_Soy/daily dia 14 (2026-06-14 → 2026-06-14) 41424 bytes
2026-05-31 09:34:12,073 [INFO] [OK] Argentina/ECM_ENSEMBLE_Soy/cumulative dia 00 (2026-05-31 → 2026-05-31) 33728 bytes
2026-05-31 09:34:12,386 [INFO] [OK] Argentina/ECM_ENSEMBLE_Soy/cumulative dia 01 (2026-05-31 → 2026-06-01) 39175 bytes
2026-05-31 09:34:12,482 [INFO] [OK] Argentina/ECM_ENSEMBLE_Soy/cumulative dia 02 (2026-05-31 → 2026-06-02) 39177 bytes
2026-05-31 09:34:12,666 [INFO] [OK] Argentina/ECM_ENSEMBLE_Soy/cumulative dia 03 (2026-05-31 → 2026-06-03) 39166 bytes
2026-05-31 09:34:12,777 [INFO] [OK] Argentina/ECM_ENSEMBLE_Soy/cumulative dia 04 (2026-05-31 → 2026-06-04) 38560 bytes
2026-05-31 09:34:12,894 [INFO] [OK] Argentina/ECM_ENSEMBLE_Soy/cumulative dia 05 (2026-05-31 → 2026-06-05) 38139 bytes
2026-05-31 09:34:13,313 [INFO] [OK] Argentina/ECM_ENSEMBLE_Soy/cumulative dia 06 (2026-05-31 → 2026-06-06) 38402 bytes
2026-05-31 09:34:13,696 [INFO] [OK] Argentina/ECM_ENSEMBLE_Soy/cumulative dia 07 (2026-05-31 → 2026-06-07) 39082 bytes
2026-05-31 09:34:13,805 [INFO] [OK] Argentina/ECM_ENSEMBLE_Soy/cumulative dia 08 (2026-05-31 → 2026-06-08) 39420 bytes
2026-05-31 09:34:14,057 [INFO] [OK] Argentina/ECM_ENSEMBLE_Soy/cumulative dia 09 (2026-05-31 → 2026-06-09) 40438 bytes
2026-05-31 09:34:14,242 [INFO] [OK] Argentina/ECM_ENSEMBLE_Soy/cumulative dia 10 (2026-05-31 → 2026-06-10) 41462 bytes
2026-05-31 09:34:14,436 [INFO] [OK] Argentina/ECM_ENSEMBLE_Soy/cumulative dia 11 (2026-05-31 → 2026-06-11) 42663 bytes
2026-05-31 09:34:14,792 [INFO] [OK] Argentina/ECM_ENSEMBLE_Soy/cumulative dia 12 (2026-05-31 → 2026-06-12) 42873 bytes
2026-05-31 09:34:15,007 [INFO] [OK] Argentina/ECM_ENSEMBLE_Corn_Winter/daily dia 00 (2026-05-31 → 2026-05-31) 32020 bytes
2026-05-31 09:34:15,234 [INFO] [OK] Argentina/ECM_ENSEMBLE_Corn_Winter/daily dia 01 (2026-06-01 → 2026-06-01) 38136 bytes
2026-05-31 09:34:15,337 [INFO] [OK] Argentina/ECM_ENSEMBLE_Soy/cumulative dia 13 (2026-05-31 → 2026-06-13) 42162 bytes
2026-05-31 09:34:15,379 [INFO] [OK] Argentina/ECM_ENSEMBLE_Soy/cumulative dia 14 (2026-05-31 → 2026-06-14) 41811 bytes
2026-05-31 09:34:15,404 [INFO] [OK] Argentina/ECM_ENSEMBLE_Corn_Winter/daily dia 02 (2026-06-02 → 2026-06-02) 36061 bytes
2026-05-31 09:34:15,872 [INFO] [OK] Argentina/ECM_ENSEMBLE_Corn_Winter/daily dia 03 (2026-06-03 → 2026-06-03) 35907 bytes
2026-05-31 09:34:16,024 [INFO] [OK] Argentina/ECM_ENSEMBLE_Corn_Winter/daily dia 04 (2026-06-04 → 2026-06-04) 34214 bytes
2026-05-31 09:34:16,304 [INFO] [OK] Argentina/ECM_ENSEMBLE_Corn_Winter/daily dia 06 (2026-06-06 → 2026-06-06) 33205 bytes
2026-05-31 09:34:16,376 [INFO] [OK] Argentina/ECM_ENSEMBLE_Corn_Winter/daily dia 05 (2026-06-05 → 2026-06-05) 32644 bytes
2026-05-31 09:34:16,426 [INFO] [OK] Argentina/ECM_ENSEMBLE_Corn_Winter/daily dia 08 (2026-06-08 → 2026-06-08) 37998 bytes
2026-05-31 09:34:16,431 [INFO] [OK] Argentina/ECM_ENSEMBLE_Corn_Winter/daily dia 07 (2026-06-07 → 2026-06-07) 35671 bytes
2026-05-31 09:34:17,007 [INFO] [OK] Argentina/ECM_ENSEMBLE_Corn_Winter/daily dia 09 (2026-06-09 → 2026-06-09) 38899 bytes
2026-05-31 09:34:17,074 [INFO] [OK] Argentina/ECM_ENSEMBLE_Corn_Winter/daily dia 10 (2026-06-10 → 2026-06-10) 39465 bytes
2026-05-31 09:34:17,465 [INFO] [OK] Argentina/ECM_ENSEMBLE_Corn_Winter/daily dia 14 (2026-06-14 → 2026-06-14) 39651 bytes
2026-05-31 09:34:17,482 [INFO] [OK] Argentina/ECM_ENSEMBLE_Corn_Winter/daily dia 11 (2026-06-11 → 2026-06-11) 39478 bytes
2026-05-31 09:34:17,485 [INFO] [OK] Argentina/ECM_ENSEMBLE_Corn_Winter/daily dia 13 (2026-06-13 → 2026-06-13) 38148 bytes
2026-05-31 09:34:17,491 [INFO] [OK] Argentina/ECM_ENSEMBLE_Corn_Winter/daily dia 12 (2026-06-12 → 2026-06-12) 38728 bytes
2026-05-31 09:34:18,000 [INFO] [OK] Argentina/ECM_ENSEMBLE_Corn_Winter/cumulative dia 00 (2026-05-31 → 2026-05-31) 32020 bytes
2026-05-31 09:34:18,029 [INFO] [OK] Argentina/ECM_ENSEMBLE_Corn_Winter/cumulative dia 01 (2026-05-31 → 2026-06-01) 37433 bytes
2026-05-31 09:34:18,830 [INFO] [OK] Argentina/ECM_ENSEMBLE_Corn_Winter/cumulative dia 03 (2026-05-31 → 2026-06-03) 37801 bytes
2026-05-31 09:34:18,830 [INFO] [OK] Argentina/ECM_ENSEMBLE_Corn_Winter/cumulative dia 04 (2026-05-31 → 2026-06-04) 37387 bytes
2026-05-31 09:34:18,948 [INFO] [OK] Argentina/ECM_ENSEMBLE_Corn_Winter/cumulative dia 02 (2026-05-31 → 2026-06-02) 37568 bytes
2026-05-31 09:34:18,951 [INFO] [OK] Argentina/ECM_ENSEMBLE_Corn_Winter/cumulative dia 05 (2026-05-31 → 2026-06-05) 37005 bytes
2026-05-31 09:34:19,209 [INFO] [OK] Argentina/ECM_ENSEMBLE_Corn_Winter/cumulative dia 06 (2026-05-31 → 2026-06-06) 37193 bytes
2026-05-31 09:34:19,236 [INFO] [OK] Argentina/ECM_ENSEMBLE_Corn_Winter/cumulative dia 07 (2026-05-31 → 2026-06-07) 38041 bytes
2026-05-31 09:34:20,343 [INFO] [OK] Argentina/ECM_ENSEMBLE_Corn_Winter/cumulative dia 08 (2026-05-31 → 2026-06-08) 38320 bytes
2026-05-31 09:34:20,405 [INFO] [OK] Argentina/ECM_ENSEMBLE_Corn_Winter/cumulative dia 09 (2026-05-31 → 2026-06-09) 39167 bytes
2026-05-31 09:34:20,482 [INFO] [OK] Argentina/ECM_ENSEMBLE_Corn_Winter/cumulative dia 10 (2026-05-31 → 2026-06-10) 40414 bytes
2026-05-31 09:34:20,622 [INFO] [OK] Argentina/ECM_ENSEMBLE_Corn_Winter/cumulative dia 11 (2026-05-31 → 2026-06-11) 41605 bytes
2026-05-31 09:34:20,783 [INFO] [OK] Argentina/ECM_ENSEMBLE_Corn_Winter/cumulative dia 12 (2026-05-31 → 2026-06-12) 41859 bytes
2026-05-31 09:34:20,879 [INFO] [OK] Argentina/ECM_ENSEMBLE_Corn_Winter/cumulative dia 13 (2026-05-31 → 2026-06-13) 40805 bytes
2026-05-31 09:34:22,151 [INFO] [OK] Argentina/ECM_ENSEMBLE_Corn_Winter/cumulative dia 14 (2026-05-31 → 2026-06-14) 40526 bytes
2026-05-31 09:34:22,307 [INFO] Resumo: 240/240 sucessos, 0 erros
2026-05-31 09:34:24,048 [INFO] [CLEANUP] Removidas 64 pastas de histórico anteriores a 2026-05-01
2026-05-31 09:34:24,111 [INFO] Manifest: C:\Users\server\OneDrive - CGB Enterprises, Inc\ZGC-PBI Research - Documents\Dataset Data Files\Weather_maps\manifest.json
2026-05-31 09:34:24,111 [INFO] [GIT] Iniciando sincronização com GitHub...
