2026-04-29 09:33:18,594 [INFO] === Execução 2026-04-29 | modo=both | dias=15 | parâmetro=PRCP_DEP ===
2026-04-29 09:33:18,679 [INFO] Baixando 240 mapas com 6 threads...
2026-04-29 09:33:21,382 [INFO] [OK] Brazil/GFS_ENSEMBLE_Soy/daily dia 00 (2026-04-29 → 2026-04-29) 44060 bytes
2026-04-29 09:33:21,543 [INFO] [OK] Brazil/GFS_ENSEMBLE_Soy/daily dia 05 (2026-05-04 → 2026-05-04) 44284 bytes
2026-04-29 09:33:21,605 [INFO] [OK] Brazil/GFS_ENSEMBLE_Soy/daily dia 01 (2026-04-30 → 2026-04-30) 42752 bytes
2026-04-29 09:33:21,675 [INFO] [OK] Brazil/GFS_ENSEMBLE_Soy/daily dia 03 (2026-05-02 → 2026-05-02) 44783 bytes
2026-04-29 09:33:21,744 [INFO] [OK] Brazil/GFS_ENSEMBLE_Soy/daily dia 02 (2026-05-01 → 2026-05-01) 43220 bytes
2026-04-29 09:33:21,816 [INFO] [OK] Brazil/GFS_ENSEMBLE_Soy/daily dia 04 (2026-05-03 → 2026-05-03) 43732 bytes
2026-04-29 09:33:22,896 [INFO] [OK] Brazil/GFS_ENSEMBLE_Soy/daily dia 06 (2026-05-05 → 2026-05-05) 47576 bytes
2026-04-29 09:33:23,140 [INFO] [OK] Brazil/GFS_ENSEMBLE_Soy/daily dia 08 (2026-05-07 → 2026-05-07) 51795 bytes
2026-04-29 09:33:23,220 [INFO] [OK] Brazil/GFS_ENSEMBLE_Soy/daily dia 07 (2026-05-06 → 2026-05-06) 49744 bytes
2026-04-29 09:33:23,251 [INFO] [OK] Brazil/GFS_ENSEMBLE_Soy/daily dia 09 (2026-05-08 → 2026-05-08) 50727 bytes
2026-04-29 09:33:23,305 [INFO] [OK] Brazil/GFS_ENSEMBLE_Soy/daily dia 10 (2026-05-09 → 2026-05-09) 53467 bytes
2026-04-29 09:33:23,391 [INFO] [OK] Brazil/GFS_ENSEMBLE_Soy/daily dia 11 (2026-05-10 → 2026-05-10) 52823 bytes
2026-04-29 09:33:24,375 [INFO] [OK] Brazil/GFS_ENSEMBLE_Soy/daily dia 12 (2026-05-11 → 2026-05-11) 52276 bytes
2026-04-29 09:33:24,671 [INFO] [OK] Brazil/GFS_ENSEMBLE_Soy/daily dia 13 (2026-05-12 → 2026-05-12) 49758 bytes
2026-04-29 09:33:24,920 [INFO] [OK] Brazil/GFS_ENSEMBLE_Soy/cumulative dia 01 (2026-04-29 → 2026-04-30) 44754 bytes
2026-04-29 09:33:24,954 [INFO] [OK] Brazil/GFS_ENSEMBLE_Soy/cumulative dia 02 (2026-04-29 → 2026-05-01) 46751 bytes
2026-04-29 09:33:24,973 [INFO] [OK] Brazil/GFS_ENSEMBLE_Soy/daily dia 14 (2026-05-13 → 2026-05-13) 48586 bytes
2026-04-29 09:33:25,040 [INFO] [OK] Brazil/GFS_ENSEMBLE_Soy/cumulative dia 00 (2026-04-29 → 2026-04-29) 44060 bytes
2026-04-29 09:33:25,920 [INFO] [OK] Brazil/GFS_ENSEMBLE_Soy/cumulative dia 03 (2026-04-29 → 2026-05-02) 47159 bytes
2026-04-29 09:33:26,511 [INFO] [OK] Brazil/GFS_ENSEMBLE_Soy/cumulative dia 04 (2026-04-29 → 2026-05-03) 47937 bytes
2026-04-29 09:33:27,028 [INFO] [OK] Brazil/GFS_ENSEMBLE_Soy/cumulative dia 05 (2026-04-29 → 2026-05-04) 47613 bytes
2026-04-29 09:33:27,085 [INFO] [OK] Brazil/GFS_ENSEMBLE_Soy/cumulative dia 06 (2026-04-29 → 2026-05-05) 48033 bytes
2026-04-29 09:33:27,278 [INFO] [OK] Brazil/GFS_ENSEMBLE_Soy/cumulative dia 07 (2026-04-29 → 2026-05-06) 49268 bytes
2026-04-29 09:33:27,362 [INFO] [OK] Brazil/GFS_ENSEMBLE_Soy/cumulative dia 08 (2026-04-29 → 2026-05-07) 49946 bytes
2026-04-29 09:33:28,138 [INFO] [OK] Brazil/GFS_ENSEMBLE_Soy/cumulative dia 09 (2026-04-29 → 2026-05-08) 50596 bytes
2026-04-29 09:33:28,898 [INFO] [OK] Brazil/GFS_ENSEMBLE_Soy/cumulative dia 10 (2026-04-29 → 2026-05-09) 51846 bytes
2026-04-29 09:33:29,933 [INFO] [OK] Brazil/GFS_ENSEMBLE_Corn_Winter/daily dia 00 (2026-04-29 → 2026-04-29) 42640 bytes
2026-04-29 09:33:30,106 [INFO] [OK] Brazil/GFS_ENSEMBLE_Soy/cumulative dia 11 (2026-04-29 → 2026-05-10) 52322 bytes
2026-04-29 09:33:30,312 [INFO] [OK] Brazil/GFS_ENSEMBLE_Soy/cumulative dia 12 (2026-04-29 → 2026-05-11) 52318 bytes
2026-04-29 09:33:30,743 [INFO] [OK] Brazil/GFS_ENSEMBLE_Soy/cumulative dia 13 (2026-04-29 → 2026-05-12) 52190 bytes
2026-04-29 09:33:30,794 [INFO] [OK] Brazil/GFS_ENSEMBLE_Corn_Winter/daily dia 01 (2026-04-30 → 2026-04-30) 41275 bytes
2026-04-29 09:33:30,836 [INFO] [OK] Brazil/GFS_ENSEMBLE_Soy/cumulative dia 14 (2026-04-29 → 2026-05-13) 52297 bytes
2026-04-29 09:33:31,392 [INFO] [OK] Brazil/GFS_ENSEMBLE_Corn_Winter/daily dia 02 (2026-05-01 → 2026-05-01) 41774 bytes
2026-04-29 09:33:31,582 [INFO] [OK] Brazil/GFS_ENSEMBLE_Corn_Winter/daily dia 03 (2026-05-02 → 2026-05-02) 43283 bytes
2026-04-29 09:33:31,626 [INFO] [OK] Brazil/GFS_ENSEMBLE_Corn_Winter/daily dia 04 (2026-05-03 → 2026-05-03) 42053 bytes
2026-04-29 09:33:32,484 [INFO] [OK] Brazil/GFS_ENSEMBLE_Corn_Winter/daily dia 06 (2026-05-05 → 2026-05-05) 45969 bytes
2026-04-29 09:33:32,496 [INFO] [OK] Brazil/GFS_ENSEMBLE_Corn_Winter/daily dia 07 (2026-05-06 → 2026-05-06) 48106 bytes
2026-04-29 09:33:32,571 [INFO] [OK] Brazil/GFS_ENSEMBLE_Corn_Winter/daily dia 05 (2026-05-04 → 2026-05-04) 42672 bytes
2026-04-29 09:33:32,715 [INFO] [OK] Brazil/GFS_ENSEMBLE_Corn_Winter/daily dia 08 (2026-05-07 → 2026-05-07) 50682 bytes
2026-04-29 09:33:32,933 [INFO] [OK] Brazil/GFS_ENSEMBLE_Corn_Winter/daily dia 09 (2026-05-08 → 2026-05-08) 49210 bytes
2026-04-29 09:33:32,995 [INFO] [OK] Brazil/GFS_ENSEMBLE_Corn_Winter/daily dia 10 (2026-05-09 → 2026-05-09) 52042 bytes
2026-04-29 09:33:34,102 [INFO] [OK] Brazil/GFS_ENSEMBLE_Corn_Winter/daily dia 11 (2026-05-10 → 2026-05-10) 51134 bytes
2026-04-29 09:33:34,114 [INFO] [OK] Brazil/GFS_ENSEMBLE_Corn_Winter/daily dia 14 (2026-05-13 → 2026-05-13) 47046 bytes
2026-04-29 09:33:34,199 [INFO] [OK] Brazil/GFS_ENSEMBLE_Corn_Winter/daily dia 12 (2026-05-11 → 2026-05-11) 50758 bytes
2026-04-29 09:33:34,212 [INFO] [OK] Brazil/GFS_ENSEMBLE_Corn_Winter/daily dia 13 (2026-05-12 → 2026-05-12) 48320 bytes
2026-04-29 09:33:34,355 [INFO] [OK] Brazil/GFS_ENSEMBLE_Corn_Winter/cumulative dia 00 (2026-04-29 → 2026-04-29) 42640 bytes
2026-04-29 09:33:34,499 [INFO] [OK] Brazil/GFS_ENSEMBLE_Corn_Winter/cumulative dia 01 (2026-04-29 → 2026-04-30) 43257 bytes
2026-04-29 09:33:35,750 [INFO] [OK] Brazil/GFS_ENSEMBLE_Corn_Winter/cumulative dia 02 (2026-04-29 → 2026-05-01) 45416 bytes
2026-04-29 09:33:35,935 [INFO] [OK] Brazil/GFS_ENSEMBLE_Corn_Winter/cumulative dia 03 (2026-04-29 → 2026-05-02) 45722 bytes
2026-04-29 09:33:36,159 [INFO] [OK] Brazil/GFS_ENSEMBLE_Corn_Winter/cumulative dia 04 (2026-04-29 → 2026-05-03) 46650 bytes
2026-04-29 09:33:36,385 [INFO] [OK] Brazil/GFS_ENSEMBLE_Corn_Winter/cumulative dia 05 (2026-04-29 → 2026-05-04) 46140 bytes
2026-04-29 09:33:36,423 [INFO] [OK] Brazil/GFS_ENSEMBLE_Corn_Winter/cumulative dia 06 (2026-04-29 → 2026-05-05) 46615 bytes
2026-04-29 09:33:36,701 [INFO] [OK] Brazil/GFS_ENSEMBLE_Corn_Winter/cumulative dia 07 (2026-04-29 → 2026-05-06) 47747 bytes
2026-04-29 09:33:37,774 [INFO] [OK] Brazil/GFS_ENSEMBLE_Corn_Winter/cumulative dia 08 (2026-04-29 → 2026-05-07) 48554 bytes
2026-04-29 09:33:38,457 [INFO] [OK] Brazil/GFS_ENSEMBLE_Corn_Winter/cumulative dia 09 (2026-04-29 → 2026-05-08) 49276 bytes
2026-04-29 09:33:39,416 [INFO] [OK] Brazil/GFS_ENSEMBLE_Corn_Winter/cumulative dia 10 (2026-04-29 → 2026-05-09) 50143 bytes
2026-04-29 09:33:39,798 [INFO] [OK] Brazil/GFS_ENSEMBLE_Corn_Winter/cumulative dia 11 (2026-04-29 → 2026-05-10) 50852 bytes
2026-04-29 09:33:39,802 [INFO] [OK] Brazil/GFS_ENSEMBLE_Corn_Winter/cumulative dia 12 (2026-04-29 → 2026-05-11) 50961 bytes
2026-04-29 09:33:40,181 [INFO] [OK] Brazil/ECM_ENSEMBLE_Soy/daily dia 00 (2026-04-29 → 2026-04-29) 46872 bytes
2026-04-29 09:33:40,244 [INFO] [OK] Brazil/GFS_ENSEMBLE_Corn_Winter/cumulative dia 13 (2026-04-29 → 2026-05-12) 50586 bytes
2026-04-29 09:33:40,775 [INFO] [OK] Brazil/GFS_ENSEMBLE_Corn_Winter/cumulative dia 14 (2026-04-29 → 2026-05-13) 50803 bytes
2026-04-29 09:33:40,839 [INFO] [OK] Brazil/ECM_ENSEMBLE_Soy/daily dia 01 (2026-04-30 → 2026-04-30) 45976 bytes
2026-04-29 09:33:41,117 [INFO] [OK] Brazil/ECM_ENSEMBLE_Soy/daily dia 03 (2026-05-02 → 2026-05-02) 46680 bytes
2026-04-29 09:33:41,216 [INFO] [OK] Brazil/ECM_ENSEMBLE_Soy/daily dia 02 (2026-05-01 → 2026-05-01) 46129 bytes
2026-04-29 09:33:41,597 [INFO] [OK] Brazil/ECM_ENSEMBLE_Soy/daily dia 05 (2026-05-04 → 2026-05-04) 47048 bytes
2026-04-29 09:33:41,632 [INFO] [OK] Brazil/ECM_ENSEMBLE_Soy/daily dia 04 (2026-05-03 → 2026-05-03) 45784 bytes
2026-04-29 09:33:42,197 [INFO] [OK] Brazil/ECM_ENSEMBLE_Soy/daily dia 07 (2026-05-06 → 2026-05-06) 50188 bytes
2026-04-29 09:33:42,243 [INFO] [OK] Brazil/ECM_ENSEMBLE_Soy/daily dia 06 (2026-05-05 → 2026-05-05) 49257 bytes
2026-04-29 09:33:42,476 [INFO] [OK] Brazil/ECM_ENSEMBLE_Soy/daily dia 08 (2026-05-07 → 2026-05-07) 50353 bytes
2026-04-29 09:33:42,611 [INFO] [OK] Brazil/ECM_ENSEMBLE_Soy/daily dia 09 (2026-05-08 → 2026-05-08) 50247 bytes
2026-04-29 09:33:43,012 [INFO] [OK] Brazil/ECM_ENSEMBLE_Soy/daily dia 10 (2026-05-09 → 2026-05-09) 52757 bytes
2026-04-29 09:33:43,216 [INFO] [OK] Brazil/ECM_ENSEMBLE_Soy/daily dia 11 (2026-05-10 → 2026-05-10) 55193 bytes
2026-04-29 09:33:43,635 [INFO] [OK] Brazil/ECM_ENSEMBLE_Soy/daily dia 12 (2026-05-11 → 2026-05-11) 53854 bytes
2026-04-29 09:33:43,810 [INFO] [OK] Brazil/ECM_ENSEMBLE_Soy/daily dia 13 (2026-05-12 → 2026-05-12) 53028 bytes
2026-04-29 09:33:43,890 [INFO] [OK] Brazil/ECM_ENSEMBLE_Soy/daily dia 14 (2026-05-13 → 2026-05-13) 50947 bytes
2026-04-29 09:33:43,991 [INFO] [OK] Brazil/ECM_ENSEMBLE_Soy/cumulative dia 00 (2026-04-29 → 2026-04-29) 46872 bytes
2026-04-29 09:33:44,514 [INFO] [OK] Brazil/ECM_ENSEMBLE_Soy/cumulative dia 01 (2026-04-29 → 2026-04-30) 47667 bytes
2026-04-29 09:33:44,922 [INFO] [OK] Brazil/ECM_ENSEMBLE_Soy/cumulative dia 02 (2026-04-29 → 2026-05-01) 49696 bytes
2026-04-29 09:33:45,386 [INFO] [OK] Brazil/ECM_ENSEMBLE_Soy/cumulative dia 03 (2026-04-29 → 2026-05-02) 49881 bytes
2026-04-29 09:33:45,694 [INFO] [OK] Brazil/ECM_ENSEMBLE_Soy/cumulative dia 04 (2026-04-29 → 2026-05-03) 49798 bytes
2026-04-29 09:33:45,879 [INFO] [OK] Brazil/ECM_ENSEMBLE_Soy/cumulative dia 05 (2026-04-29 → 2026-05-04) 49979 bytes
2026-04-29 09:33:46,028 [INFO] [OK] Brazil/ECM_ENSEMBLE_Soy/cumulative dia 06 (2026-04-29 → 2026-05-05) 49676 bytes
2026-04-29 09:33:46,644 [INFO] [OK] Brazil/ECM_ENSEMBLE_Soy/cumulative dia 07 (2026-04-29 → 2026-05-06) 50954 bytes
2026-04-29 09:33:47,282 [INFO] [OK] Brazil/ECM_ENSEMBLE_Soy/cumulative dia 08 (2026-04-29 → 2026-05-07) 51665 bytes
2026-04-29 09:33:47,972 [INFO] [OK] Brazil/ECM_ENSEMBLE_Soy/cumulative dia 09 (2026-04-29 → 2026-05-08) 52030 bytes
2026-04-29 09:33:48,484 [INFO] [OK] Brazil/ECM_ENSEMBLE_Soy/cumulative dia 10 (2026-04-29 → 2026-05-09) 52540 bytes
2026-04-29 09:33:49,095 [INFO] [OK] Brazil/ECM_ENSEMBLE_Soy/cumulative dia 11 (2026-04-29 → 2026-05-10) 52951 bytes
2026-04-29 09:33:49,329 [INFO] [OK] Brazil/ECM_ENSEMBLE_Soy/cumulative dia 12 (2026-04-29 → 2026-05-11) 53074 bytes
2026-04-29 09:33:49,483 [INFO] [OK] Brazil/ECM_ENSEMBLE_Corn_Winter/daily dia 00 (2026-04-29 → 2026-04-29) 45458 bytes
2026-04-29 09:33:49,887 [INFO] [OK] Brazil/ECM_ENSEMBLE_Soy/cumulative dia 13 (2026-04-29 → 2026-05-12) 52876 bytes
2026-04-29 09:33:49,903 [INFO] [OK] Brazil/ECM_ENSEMBLE_Corn_Winter/daily dia 01 (2026-04-30 → 2026-04-30) 44546 bytes
2026-04-29 09:33:50,244 [INFO] [OK] Brazil/ECM_ENSEMBLE_Soy/cumulative dia 14 (2026-04-29 → 2026-05-13) 52778 bytes
2026-04-29 09:33:50,434 [INFO] [OK] Brazil/ECM_ENSEMBLE_Corn_Winter/daily dia 02 (2026-05-01 → 2026-05-01) 44682 bytes
2026-04-29 09:33:50,632 [INFO] [OK] Brazil/ECM_ENSEMBLE_Corn_Winter/daily dia 03 (2026-05-02 → 2026-05-02) 45030 bytes
2026-04-29 09:33:50,778 [INFO] [OK] Brazil/ECM_ENSEMBLE_Corn_Winter/daily dia 04 (2026-05-03 → 2026-05-03) 44193 bytes
2026-04-29 09:33:51,342 [INFO] [OK] Brazil/ECM_ENSEMBLE_Corn_Winter/daily dia 05 (2026-05-04 → 2026-05-04) 45719 bytes
2026-04-29 09:33:51,416 [INFO] [OK] Brazil/ECM_ENSEMBLE_Corn_Winter/daily dia 06 (2026-05-05 → 2026-05-05) 47657 bytes
2026-04-29 09:33:51,790 [INFO] [OK] Brazil/ECM_ENSEMBLE_Corn_Winter/daily dia 08 (2026-05-07 → 2026-05-07) 49113 bytes
2026-04-29 09:33:51,804 [INFO] [OK] Brazil/ECM_ENSEMBLE_Corn_Winter/daily dia 07 (2026-05-06 → 2026-05-06) 48831 bytes
2026-04-29 09:33:52,174 [INFO] [OK] Brazil/ECM_ENSEMBLE_Corn_Winter/daily dia 09 (2026-05-08 → 2026-05-08) 49207 bytes
2026-04-29 09:33:52,250 [INFO] [OK] Brazil/ECM_ENSEMBLE_Corn_Winter/daily dia 10 (2026-05-09 → 2026-05-09) 51482 bytes
2026-04-29 09:33:52,828 [INFO] [OK] Brazil/ECM_ENSEMBLE_Corn_Winter/daily dia 12 (2026-05-11 → 2026-05-11) 52168 bytes
2026-04-29 09:33:52,859 [INFO] [OK] Brazil/ECM_ENSEMBLE_Corn_Winter/daily dia 11 (2026-05-10 → 2026-05-10) 53679 bytes
2026-04-29 09:33:53,244 [INFO] [OK] Brazil/ECM_ENSEMBLE_Corn_Winter/daily dia 13 (2026-05-12 → 2026-05-12) 51513 bytes
2026-04-29 09:33:53,307 [INFO] [OK] Brazil/ECM_ENSEMBLE_Corn_Winter/daily dia 14 (2026-05-13 → 2026-05-13) 49481 bytes
2026-04-29 09:33:53,668 [INFO] [OK] Brazil/ECM_ENSEMBLE_Corn_Winter/cumulative dia 00 (2026-04-29 → 2026-04-29) 45458 bytes
2026-04-29 09:33:53,689 [INFO] [OK] Brazil/ECM_ENSEMBLE_Corn_Winter/cumulative dia 01 (2026-04-29 → 2026-04-30) 46384 bytes
2026-04-29 09:33:54,286 [INFO] [OK] Brazil/ECM_ENSEMBLE_Corn_Winter/cumulative dia 02 (2026-04-29 → 2026-05-01) 48424 bytes
2026-04-29 09:33:54,604 [INFO] [OK] Brazil/ECM_ENSEMBLE_Corn_Winter/cumulative dia 03 (2026-04-29 → 2026-05-02) 48764 bytes
2026-04-29 09:33:55,030 [INFO] [OK] Brazil/ECM_ENSEMBLE_Corn_Winter/cumulative dia 04 (2026-04-29 → 2026-05-03) 48636 bytes
2026-04-29 09:33:55,296 [INFO] [OK] Brazil/ECM_ENSEMBLE_Corn_Winter/cumulative dia 05 (2026-04-29 → 2026-05-04) 48497 bytes
2026-04-29 09:33:55,644 [INFO] [OK] Brazil/ECM_ENSEMBLE_Corn_Winter/cumulative dia 06 (2026-04-29 → 2026-05-05) 48417 bytes
2026-04-29 09:33:55,793 [INFO] [OK] Brazil/ECM_ENSEMBLE_Corn_Winter/cumulative dia 07 (2026-04-29 → 2026-05-06) 49827 bytes
2026-04-29 09:33:56,552 [INFO] [OK] Brazil/ECM_ENSEMBLE_Corn_Winter/cumulative dia 08 (2026-04-29 → 2026-05-07) 50414 bytes
2026-04-29 09:33:56,886 [INFO] [OK] Brazil/ECM_ENSEMBLE_Corn_Winter/cumulative dia 09 (2026-04-29 → 2026-05-08) 50579 bytes
2026-04-29 09:33:57,479 [INFO] [OK] Brazil/ECM_ENSEMBLE_Corn_Winter/cumulative dia 10 (2026-04-29 → 2026-05-09) 51185 bytes
2026-04-29 09:33:57,803 [INFO] [OK] Brazil/ECM_ENSEMBLE_Corn_Winter/cumulative dia 11 (2026-04-29 → 2026-05-10) 51579 bytes
2026-04-29 09:33:57,925 [INFO] [OK] Argentina/GFS_ENSEMBLE_Soy/daily dia 00 (2026-04-29 → 2026-04-29) 32052 bytes
2026-04-29 09:33:58,512 [INFO] [OK] Brazil/ECM_ENSEMBLE_Corn_Winter/cumulative dia 12 (2026-04-29 → 2026-05-11) 51751 bytes
2026-04-29 09:33:58,546 [INFO] [OK] Argentina/GFS_ENSEMBLE_Soy/daily dia 01 (2026-04-30 → 2026-04-30) 31697 bytes
2026-04-29 09:33:58,672 [INFO] [OK] Brazil/ECM_ENSEMBLE_Corn_Winter/cumulative dia 13 (2026-04-29 → 2026-05-12) 51767 bytes
2026-04-29 09:33:58,811 [INFO] [OK] Argentina/GFS_ENSEMBLE_Soy/daily dia 02 (2026-05-01 → 2026-05-01) 32155 bytes
2026-04-29 09:33:58,930 [INFO] [OK] Argentina/GFS_ENSEMBLE_Soy/daily dia 03 (2026-05-02 → 2026-05-02) 35364 bytes
2026-04-29 09:33:59,284 [INFO] [OK] Brazil/ECM_ENSEMBLE_Corn_Winter/cumulative dia 14 (2026-04-29 → 2026-05-13) 51650 bytes
2026-04-29 09:33:59,510 [INFO] [OK] Argentina/GFS_ENSEMBLE_Soy/daily dia 04 (2026-05-03 → 2026-05-03) 33630 bytes
2026-04-29 09:33:59,522 [INFO] [OK] Argentina/GFS_ENSEMBLE_Soy/daily dia 05 (2026-05-04 → 2026-05-04) 33883 bytes
2026-04-29 09:33:59,687 [INFO] [OK] Argentina/GFS_ENSEMBLE_Soy/daily dia 06 (2026-05-05 → 2026-05-05) 37947 bytes
2026-04-29 09:33:59,847 [INFO] [OK] Argentina/GFS_ENSEMBLE_Soy/daily dia 07 (2026-05-06 → 2026-05-06) 40240 bytes
2026-04-29 09:33:59,985 [INFO] [OK] Argentina/GFS_ENSEMBLE_Soy/daily dia 08 (2026-05-07 → 2026-05-07) 43139 bytes
2026-04-29 09:34:00,271 [INFO] [OK] Argentina/GFS_ENSEMBLE_Soy/daily dia 09 (2026-05-08 → 2026-05-08) 41302 bytes
2026-04-29 09:34:00,551 [INFO] [OK] Argentina/GFS_ENSEMBLE_Soy/daily dia 10 (2026-05-09 → 2026-05-09) 45152 bytes
2026-04-29 09:34:00,681 [INFO] [OK] Argentina/GFS_ENSEMBLE_Soy/daily dia 12 (2026-05-11 → 2026-05-11) 40810 bytes
2026-04-29 09:34:00,734 [INFO] [OK] Argentina/GFS_ENSEMBLE_Soy/daily dia 11 (2026-05-10 → 2026-05-10) 42994 bytes
2026-04-29 09:34:00,924 [INFO] [OK] Argentina/GFS_ENSEMBLE_Soy/daily dia 13 (2026-05-12 → 2026-05-12) 37701 bytes
2026-04-29 09:34:00,994 [INFO] [OK] Argentina/GFS_ENSEMBLE_Soy/daily dia 14 (2026-05-13 → 2026-05-13) 36625 bytes
2026-04-29 09:34:01,253 [INFO] [OK] Argentina/GFS_ENSEMBLE_Soy/cumulative dia 00 (2026-04-29 → 2026-04-29) 32052 bytes
2026-04-29 09:34:01,629 [INFO] [OK] Argentina/GFS_ENSEMBLE_Soy/cumulative dia 01 (2026-04-29 → 2026-04-30) 33909 bytes
2026-04-29 09:34:01,766 [INFO] [OK] Argentina/GFS_ENSEMBLE_Soy/cumulative dia 02 (2026-04-29 → 2026-05-01) 36091 bytes
2026-04-29 09:34:02,222 [INFO] [OK] Argentina/GFS_ENSEMBLE_Soy/cumulative dia 05 (2026-04-29 → 2026-05-04) 37439 bytes
2026-04-29 09:34:02,266 [INFO] [OK] Argentina/GFS_ENSEMBLE_Soy/cumulative dia 03 (2026-04-29 → 2026-05-02) 36951 bytes
2026-04-29 09:34:02,274 [INFO] [OK] Argentina/GFS_ENSEMBLE_Soy/cumulative dia 04 (2026-04-29 → 2026-05-03) 37422 bytes
2026-04-29 09:34:02,553 [INFO] [OK] Argentina/GFS_ENSEMBLE_Soy/cumulative dia 06 (2026-04-29 → 2026-05-05) 38093 bytes
2026-04-29 09:34:02,957 [INFO] [OK] Argentina/GFS_ENSEMBLE_Soy/cumulative dia 07 (2026-04-29 → 2026-05-06) 39386 bytes
2026-04-29 09:34:03,330 [INFO] [OK] Argentina/GFS_ENSEMBLE_Soy/cumulative dia 08 (2026-04-29 → 2026-05-07) 40301 bytes
2026-04-29 09:34:03,825 [INFO] [OK] Argentina/GFS_ENSEMBLE_Soy/cumulative dia 09 (2026-04-29 → 2026-05-08) 41569 bytes
2026-04-29 09:34:03,919 [INFO] [OK] Argentina/GFS_ENSEMBLE_Soy/cumulative dia 10 (2026-04-29 → 2026-05-09) 43052 bytes
2026-04-29 09:34:04,059 [INFO] [OK] Argentina/GFS_ENSEMBLE_Soy/cumulative dia 11 (2026-04-29 → 2026-05-10) 42984 bytes
2026-04-29 09:34:04,242 [INFO] [OK] Argentina/GFS_ENSEMBLE_Soy/cumulative dia 12 (2026-04-29 → 2026-05-11) 43230 bytes
2026-04-29 09:34:04,629 [INFO] [OK] Argentina/GFS_ENSEMBLE_Soy/cumulative dia 13 (2026-04-29 → 2026-05-12) 42947 bytes
2026-04-29 09:34:04,843 [INFO] [OK] Argentina/GFS_ENSEMBLE_Corn_Winter/daily dia 00 (2026-04-29 → 2026-04-29) 30279 bytes
2026-04-29 09:34:05,036 [INFO] [OK] Argentina/GFS_ENSEMBLE_Corn_Winter/daily dia 01 (2026-04-30 → 2026-04-30) 29969 bytes
2026-04-29 09:34:05,097 [INFO] [OK] Argentina/GFS_ENSEMBLE_Corn_Winter/daily dia 02 (2026-05-01 → 2026-05-01) 30418 bytes
2026-04-29 09:34:05,164 [INFO] [OK] Argentina/GFS_ENSEMBLE_Soy/cumulative dia 14 (2026-04-29 → 2026-05-13) 42824 bytes
2026-04-29 09:34:05,387 [INFO] [OK] Argentina/GFS_ENSEMBLE_Corn_Winter/daily dia 03 (2026-05-02 → 2026-05-02) 33655 bytes
2026-04-29 09:34:05,649 [INFO] [OK] Argentina/GFS_ENSEMBLE_Corn_Winter/daily dia 04 (2026-05-03 → 2026-05-03) 31788 bytes
2026-04-29 09:34:05,769 [INFO] [OK] Argentina/GFS_ENSEMBLE_Corn_Winter/daily dia 05 (2026-05-04 → 2026-05-04) 32075 bytes
2026-04-29 09:34:06,375 [INFO] [OK] Argentina/GFS_ENSEMBLE_Corn_Winter/daily dia 06 (2026-05-05 → 2026-05-05) 36176 bytes
2026-04-29 09:34:06,393 [INFO] [OK] Argentina/GFS_ENSEMBLE_Corn_Winter/daily dia 07 (2026-05-06 → 2026-05-06) 38384 bytes
2026-04-29 09:34:06,471 [INFO] [OK] Argentina/GFS_ENSEMBLE_Corn_Winter/daily dia 09 (2026-05-08 → 2026-05-08) 39825 bytes
2026-04-29 09:34:06,541 [INFO] [OK] Argentina/GFS_ENSEMBLE_Corn_Winter/daily dia 08 (2026-05-07 → 2026-05-07) 41664 bytes
2026-04-29 09:34:06,757 [INFO] [OK] Argentina/GFS_ENSEMBLE_Corn_Winter/daily dia 10 (2026-05-09 → 2026-05-09) 43712 bytes
2026-04-29 09:34:06,793 [INFO] [OK] Argentina/GFS_ENSEMBLE_Corn_Winter/daily dia 11 (2026-05-10 → 2026-05-10) 41428 bytes
2026-04-29 09:34:07,422 [INFO] [OK] Argentina/GFS_ENSEMBLE_Corn_Winter/daily dia 13 (2026-05-12 → 2026-05-12) 36524 bytes
2026-04-29 09:34:07,425 [INFO] [OK] Argentina/GFS_ENSEMBLE_Corn_Winter/daily dia 12 (2026-05-11 → 2026-05-11) 39285 bytes
2026-04-29 09:34:07,600 [INFO] [OK] Argentina/GFS_ENSEMBLE_Corn_Winter/cumulative dia 00 (2026-04-29 → 2026-04-29) 30279 bytes
2026-04-29 09:34:07,609 [INFO] [OK] Argentina/GFS_ENSEMBLE_Corn_Winter/daily dia 14 (2026-05-13 → 2026-05-13) 35070 bytes
2026-04-29 09:34:07,908 [INFO] [OK] Argentina/GFS_ENSEMBLE_Corn_Winter/cumulative dia 01 (2026-04-29 → 2026-04-30) 32244 bytes
2026-04-29 09:34:07,922 [INFO] [OK] Argentina/GFS_ENSEMBLE_Corn_Winter/cumulative dia 02 (2026-04-29 → 2026-05-01) 34379 bytes
2026-04-29 09:34:08,579 [INFO] [OK] Argentina/GFS_ENSEMBLE_Corn_Winter/cumulative dia 03 (2026-04-29 → 2026-05-02) 35479 bytes
2026-04-29 09:34:08,875 [INFO] [OK] Argentina/GFS_ENSEMBLE_Corn_Winter/cumulative dia 04 (2026-04-29 → 2026-05-03) 35816 bytes
2026-04-29 09:34:09,043 [INFO] [OK] Argentina/GFS_ENSEMBLE_Corn_Winter/cumulative dia 05 (2026-04-29 → 2026-05-04) 35635 bytes
2026-04-29 09:34:09,107 [INFO] [OK] Argentina/GFS_ENSEMBLE_Corn_Winter/cumulative dia 06 (2026-04-29 → 2026-05-05) 36466 bytes
2026-04-29 09:34:09,381 [INFO] [OK] Argentina/GFS_ENSEMBLE_Corn_Winter/cumulative dia 08 (2026-04-29 → 2026-05-07) 38840 bytes
2026-04-29 09:34:09,423 [INFO] [OK] Argentina/GFS_ENSEMBLE_Corn_Winter/cumulative dia 07 (2026-04-29 → 2026-05-06) 37740 bytes
2026-04-29 09:34:10,073 [INFO] [OK] Argentina/GFS_ENSEMBLE_Corn_Winter/cumulative dia 09 (2026-04-29 → 2026-05-08) 40004 bytes
2026-04-29 09:34:10,551 [INFO] [OK] Argentina/GFS_ENSEMBLE_Corn_Winter/cumulative dia 10 (2026-04-29 → 2026-05-09) 41473 bytes
2026-04-29 09:34:10,945 [INFO] [OK] Argentina/GFS_ENSEMBLE_Corn_Winter/cumulative dia 11 (2026-04-29 → 2026-05-10) 41494 bytes
2026-04-29 09:34:10,968 [INFO] [OK] Argentina/GFS_ENSEMBLE_Corn_Winter/cumulative dia 12 (2026-04-29 → 2026-05-11) 41726 bytes
2026-04-29 09:34:11,230 [INFO] [OK] Argentina/ECM_ENSEMBLE_Soy/daily dia 00 (2026-04-29 → 2026-04-29) 35023 bytes
2026-04-29 09:34:11,430 [INFO] [OK] Argentina/GFS_ENSEMBLE_Corn_Winter/cumulative dia 13 (2026-04-29 → 2026-05-12) 41294 bytes
2026-04-29 09:34:11,526 [INFO] [OK] Argentina/GFS_ENSEMBLE_Corn_Winter/cumulative dia 14 (2026-04-29 → 2026-05-13) 41183 bytes
2026-04-29 09:34:11,542 [INFO] [OK] Argentina/ECM_ENSEMBLE_Soy/daily dia 01 (2026-04-30 → 2026-04-30) 35668 bytes
2026-04-29 09:34:11,970 [INFO] [OK] Argentina/ECM_ENSEMBLE_Soy/daily dia 02 (2026-05-01 → 2026-05-01) 36473 bytes
2026-04-29 09:34:12,013 [INFO] [OK] Argentina/ECM_ENSEMBLE_Soy/daily dia 03 (2026-05-02 → 2026-05-02) 36418 bytes
2026-04-29 09:34:12,383 [INFO] [OK] Argentina/ECM_ENSEMBLE_Soy/daily dia 04 (2026-05-03 → 2026-05-03) 37273 bytes
2026-04-29 09:34:12,712 [INFO] [OK] Argentina/ECM_ENSEMBLE_Soy/daily dia 05 (2026-05-04 → 2026-05-04) 37564 bytes
2026-04-29 09:34:12,808 [INFO] [OK] Argentina/ECM_ENSEMBLE_Soy/daily dia 06 (2026-05-05 → 2026-05-05) 40520 bytes
2026-04-29 09:34:12,834 [INFO] [OK] Argentina/ECM_ENSEMBLE_Soy/daily dia 07 (2026-05-06 → 2026-05-06) 41372 bytes
2026-04-29 09:34:13,277 [INFO] [OK] Argentina/ECM_ENSEMBLE_Soy/daily dia 09 (2026-05-08 → 2026-05-08) 40265 bytes
2026-04-29 09:34:13,294 [INFO] [OK] Argentina/ECM_ENSEMBLE_Soy/daily dia 08 (2026-05-07 → 2026-05-07) 41153 bytes
2026-04-29 09:34:13,416 [INFO] [OK] Argentina/ECM_ENSEMBLE_Soy/daily dia 10 (2026-05-09 → 2026-05-09) 44255 bytes
2026-04-29 09:34:13,724 [INFO] [OK] Argentina/ECM_ENSEMBLE_Soy/daily dia 11 (2026-05-10 → 2026-05-10) 46585 bytes
2026-04-29 09:34:13,979 [INFO] [OK] Argentina/ECM_ENSEMBLE_Soy/daily dia 12 (2026-05-11 → 2026-05-11) 45225 bytes
2026-04-29 09:34:14,002 [INFO] [OK] Argentina/ECM_ENSEMBLE_Soy/daily dia 13 (2026-05-12 → 2026-05-12) 43367 bytes
2026-04-29 09:34:14,381 [INFO] [OK] Argentina/ECM_ENSEMBLE_Soy/cumulative dia 00 (2026-04-29 → 2026-04-29) 35023 bytes
2026-04-29 09:34:14,451 [INFO] [OK] Argentina/ECM_ENSEMBLE_Soy/daily dia 14 (2026-05-13 → 2026-05-13) 41293 bytes
2026-04-29 09:34:14,545 [INFO] [OK] Argentina/ECM_ENSEMBLE_Soy/cumulative dia 01 (2026-04-29 → 2026-04-30) 37208 bytes
2026-04-29 09:34:14,875 [INFO] [OK] Argentina/ECM_ENSEMBLE_Soy/cumulative dia 02 (2026-04-29 → 2026-05-01) 39669 bytes
2026-04-29 09:34:15,337 [INFO] [OK] Argentina/ECM_ENSEMBLE_Soy/cumulative dia 03 (2026-04-29 → 2026-05-02) 40387 bytes
2026-04-29 09:34:15,390 [INFO] [OK] Argentina/ECM_ENSEMBLE_Soy/cumulative dia 04 (2026-04-29 → 2026-05-03) 40863 bytes
2026-04-29 09:34:15,823 [INFO] [OK] Argentina/ECM_ENSEMBLE_Soy/cumulative dia 05 (2026-04-29 → 2026-05-04) 40655 bytes
2026-04-29 09:34:15,874 [INFO] [OK] Argentina/ECM_ENSEMBLE_Soy/cumulative dia 06 (2026-04-29 → 2026-05-05) 40947 bytes
2026-04-29 09:34:16,029 [INFO] [OK] Argentina/ECM_ENSEMBLE_Soy/cumulative dia 07 (2026-04-29 → 2026-05-06) 42423 bytes
2026-04-29 09:34:16,366 [INFO] [OK] Argentina/ECM_ENSEMBLE_Soy/cumulative dia 08 (2026-04-29 → 2026-05-07) 43515 bytes
2026-04-29 09:34:17,222 [INFO] [OK] Argentina/ECM_ENSEMBLE_Soy/cumulative dia 09 (2026-04-29 → 2026-05-08) 43557 bytes
2026-04-29 09:34:17,335 [INFO] [OK] Argentina/ECM_ENSEMBLE_Soy/cumulative dia 10 (2026-04-29 → 2026-05-09) 43950 bytes
2026-04-29 09:34:18,247 [INFO] [OK] Argentina/ECM_ENSEMBLE_Soy/cumulative dia 12 (2026-04-29 → 2026-05-11) 44731 bytes
2026-04-29 09:34:18,434 [INFO] [OK] Argentina/ECM_ENSEMBLE_Soy/cumulative dia 11 (2026-04-29 → 2026-05-10) 44309 bytes
2026-04-29 09:34:18,500 [INFO] [OK] Argentina/ECM_ENSEMBLE_Corn_Winter/daily dia 01 (2026-04-30 → 2026-04-30) 33765 bytes
2026-04-29 09:34:18,637 [INFO] [OK] Argentina/ECM_ENSEMBLE_Corn_Winter/daily dia 00 (2026-04-29 → 2026-04-29) 33298 bytes
2026-04-29 09:34:18,760 [INFO] [OK] Argentina/ECM_ENSEMBLE_Soy/cumulative dia 13 (2026-04-29 → 2026-05-12) 44737 bytes
2026-04-29 09:34:18,963 [INFO] [OK] Argentina/ECM_ENSEMBLE_Soy/cumulative dia 14 (2026-04-29 → 2026-05-13) 44647 bytes
2026-04-29 09:34:19,216 [INFO] [OK] Argentina/ECM_ENSEMBLE_Corn_Winter/daily dia 02 (2026-05-01 → 2026-05-01) 34724 bytes
2026-04-29 09:34:19,417 [INFO] [OK] Argentina/ECM_ENSEMBLE_Corn_Winter/daily dia 03 (2026-05-02 → 2026-05-02) 34698 bytes
2026-04-29 09:34:19,475 [INFO] [OK] Argentina/ECM_ENSEMBLE_Corn_Winter/daily dia 04 (2026-05-03 → 2026-05-03) 35563 bytes
2026-04-29 09:34:19,635 [INFO] [OK] Argentina/ECM_ENSEMBLE_Corn_Winter/daily dia 05 (2026-05-04 → 2026-05-04) 36012 bytes
2026-04-29 09:34:19,783 [INFO] [OK] Argentina/ECM_ENSEMBLE_Corn_Winter/daily dia 06 (2026-05-05 → 2026-05-05) 38726 bytes
2026-04-29 09:34:20,010 [INFO] [OK] Argentina/ECM_ENSEMBLE_Corn_Winter/daily dia 07 (2026-05-06 → 2026-05-06) 39865 bytes
2026-04-29 09:34:20,235 [INFO] [OK] Argentina/ECM_ENSEMBLE_Corn_Winter/daily dia 08 (2026-05-07 → 2026-05-07) 39779 bytes
2026-04-29 09:34:20,461 [INFO] [OK] Argentina/ECM_ENSEMBLE_Corn_Winter/daily dia 09 (2026-05-08 → 2026-05-08) 38904 bytes
2026-04-29 09:34:20,577 [INFO] [OK] Argentina/ECM_ENSEMBLE_Corn_Winter/daily dia 10 (2026-05-09 → 2026-05-09) 42789 bytes
2026-04-29 09:34:20,696 [INFO] [OK] Argentina/ECM_ENSEMBLE_Corn_Winter/daily dia 11 (2026-05-10 → 2026-05-10) 44817 bytes
2026-04-29 09:34:20,809 [INFO] [OK] Argentina/ECM_ENSEMBLE_Corn_Winter/daily dia 12 (2026-05-11 → 2026-05-11) 43567 bytes
2026-04-29 09:34:21,118 [INFO] [OK] Argentina/ECM_ENSEMBLE_Corn_Winter/daily dia 13 (2026-05-12 → 2026-05-12) 42102 bytes
2026-04-29 09:34:21,221 [INFO] [OK] Argentina/ECM_ENSEMBLE_Corn_Winter/daily dia 14 (2026-05-13 → 2026-05-13) 39849 bytes
2026-04-29 09:34:21,519 [INFO] [OK] Argentina/ECM_ENSEMBLE_Corn_Winter/cumulative dia 00 (2026-04-29 → 2026-04-29) 33298 bytes
2026-04-29 09:34:21,637 [INFO] [OK] Argentina/ECM_ENSEMBLE_Corn_Winter/cumulative dia 01 (2026-04-29 → 2026-04-30) 35476 bytes
2026-04-29 09:34:21,807 [INFO] [OK] Argentina/ECM_ENSEMBLE_Corn_Winter/cumulative dia 02 (2026-04-29 → 2026-05-01) 38004 bytes
2026-04-29 09:34:21,906 [INFO] [OK] Argentina/ECM_ENSEMBLE_Corn_Winter/cumulative dia 03 (2026-04-29 → 2026-05-02) 38989 bytes
2026-04-29 09:34:22,275 [INFO] [OK] Argentina/ECM_ENSEMBLE_Corn_Winter/cumulative dia 04 (2026-04-29 → 2026-05-03) 39374 bytes
2026-04-29 09:34:22,457 [INFO] [OK] Argentina/ECM_ENSEMBLE_Corn_Winter/cumulative dia 05 (2026-04-29 → 2026-05-04) 39147 bytes
2026-04-29 09:34:22,762 [INFO] [OK] Argentina/ECM_ENSEMBLE_Corn_Winter/cumulative dia 06 (2026-04-29 → 2026-05-05) 39341 bytes
2026-04-29 09:34:22,955 [INFO] [OK] Argentina/ECM_ENSEMBLE_Corn_Winter/cumulative dia 07 (2026-04-29 → 2026-05-06) 40771 bytes
2026-04-29 09:34:23,506 [INFO] [OK] Argentina/ECM_ENSEMBLE_Corn_Winter/cumulative dia 08 (2026-04-29 → 2026-05-07) 42173 bytes
2026-04-29 09:34:23,557 [INFO] [OK] Argentina/ECM_ENSEMBLE_Corn_Winter/cumulative dia 09 (2026-04-29 → 2026-05-08) 42090 bytes
2026-04-29 09:34:24,090 [INFO] [OK] Argentina/ECM_ENSEMBLE_Corn_Winter/cumulative dia 11 (2026-04-29 → 2026-05-10) 42755 bytes
2026-04-29 09:34:24,228 [INFO] [OK] Argentina/ECM_ENSEMBLE_Corn_Winter/cumulative dia 10 (2026-04-29 → 2026-05-09) 42301 bytes
2026-04-29 09:34:24,389 [INFO] [OK] Argentina/ECM_ENSEMBLE_Corn_Winter/cumulative dia 12 (2026-04-29 → 2026-05-11) 43193 bytes
2026-04-29 09:34:24,741 [INFO] [OK] Argentina/ECM_ENSEMBLE_Corn_Winter/cumulative dia 13 (2026-04-29 → 2026-05-12) 43243 bytes
2026-04-29 09:34:25,119 [INFO] [OK] Argentina/ECM_ENSEMBLE_Corn_Winter/cumulative dia 14 (2026-04-29 → 2026-05-13) 43161 bytes
2026-04-29 09:34:25,121 [INFO] Resumo: 240/240 sucessos, 0 erros
