2026-05-05 09:33:19,030 [INFO] === Execução 2026-05-05 | modo=both | dias=15 | parâmetro=PRCP_DEP ===
2026-05-05 09:33:19,089 [INFO] Baixando 240 mapas com 6 threads...
2026-05-05 09:33:21,495 [INFO] [OK] Brazil/GFS_ENSEMBLE_Soy/daily dia 00 (2026-05-05 → 2026-05-05) 42575 bytes
2026-05-05 09:33:21,581 [INFO] [OK] Brazil/GFS_ENSEMBLE_Soy/daily dia 02 (2026-05-07 → 2026-05-07) 47940 bytes
2026-05-05 09:33:21,688 [INFO] [OK] Brazil/GFS_ENSEMBLE_Soy/daily dia 01 (2026-05-06 → 2026-05-06) 44061 bytes
2026-05-05 09:33:21,689 [INFO] [OK] Brazil/GFS_ENSEMBLE_Soy/daily dia 03 (2026-05-08 → 2026-05-08) 47241 bytes
2026-05-05 09:33:21,768 [INFO] [OK] Brazil/GFS_ENSEMBLE_Soy/daily dia 05 (2026-05-10 → 2026-05-10) 44183 bytes
2026-05-05 09:33:22,045 [INFO] [OK] Brazil/GFS_ENSEMBLE_Soy/daily dia 04 (2026-05-09 → 2026-05-09) 46914 bytes
2026-05-05 09:33:24,073 [INFO] [OK] Brazil/GFS_ENSEMBLE_Soy/daily dia 08 (2026-05-13 → 2026-05-13) 45761 bytes
2026-05-05 09:33:24,088 [INFO] [OK] Brazil/GFS_ENSEMBLE_Soy/daily dia 10 (2026-05-15 → 2026-05-15) 50847 bytes
2026-05-05 09:33:24,097 [INFO] [OK] Brazil/GFS_ENSEMBLE_Soy/daily dia 07 (2026-05-12 → 2026-05-12) 43573 bytes
2026-05-05 09:33:24,125 [INFO] [OK] Brazil/GFS_ENSEMBLE_Soy/daily dia 09 (2026-05-14 → 2026-05-14) 48576 bytes
2026-05-05 09:33:24,144 [INFO] [OK] Brazil/GFS_ENSEMBLE_Soy/daily dia 06 (2026-05-11 → 2026-05-11) 41275 bytes
2026-05-05 09:33:24,145 [INFO] [OK] Brazil/GFS_ENSEMBLE_Soy/daily dia 11 (2026-05-16 → 2026-05-16) 53253 bytes
2026-05-05 09:33:25,467 [INFO] [OK] Brazil/GFS_ENSEMBLE_Soy/daily dia 12 (2026-05-17 → 2026-05-17) 54023 bytes
2026-05-05 09:33:25,606 [INFO] [OK] Brazil/GFS_ENSEMBLE_Soy/cumulative dia 01 (2026-05-05 → 2026-05-06) 44423 bytes
2026-05-05 09:33:25,608 [INFO] [OK] Brazil/GFS_ENSEMBLE_Soy/daily dia 13 (2026-05-18 → 2026-05-18) 54278 bytes
2026-05-05 09:33:25,623 [INFO] [OK] Brazil/GFS_ENSEMBLE_Soy/daily dia 14 (2026-05-19 → 2026-05-19) 55105 bytes
2026-05-05 09:33:25,637 [INFO] [OK] Brazil/GFS_ENSEMBLE_Soy/cumulative dia 00 (2026-05-05 → 2026-05-05) 42575 bytes
2026-05-05 09:33:25,938 [INFO] [OK] Brazil/GFS_ENSEMBLE_Soy/cumulative dia 02 (2026-05-05 → 2026-05-07) 48078 bytes
2026-05-05 09:33:27,042 [INFO] [OK] Brazil/GFS_ENSEMBLE_Soy/cumulative dia 03 (2026-05-05 → 2026-05-08) 50706 bytes
2026-05-05 09:33:27,561 [INFO] [OK] Brazil/GFS_ENSEMBLE_Soy/cumulative dia 04 (2026-05-05 → 2026-05-09) 51848 bytes
2026-05-05 09:33:27,659 [INFO] [OK] Brazil/GFS_ENSEMBLE_Soy/cumulative dia 05 (2026-05-05 → 2026-05-10) 51538 bytes
2026-05-05 09:33:27,663 [INFO] [OK] Brazil/GFS_ENSEMBLE_Soy/cumulative dia 06 (2026-05-05 → 2026-05-11) 51624 bytes
2026-05-05 09:33:27,672 [INFO] [OK] Brazil/GFS_ENSEMBLE_Soy/cumulative dia 07 (2026-05-05 → 2026-05-12) 51403 bytes
2026-05-05 09:33:28,105 [INFO] [OK] Brazil/GFS_ENSEMBLE_Soy/cumulative dia 08 (2026-05-05 → 2026-05-13) 51494 bytes
2026-05-05 09:33:29,222 [INFO] [OK] Brazil/GFS_ENSEMBLE_Soy/cumulative dia 09 (2026-05-05 → 2026-05-14) 51219 bytes
2026-05-05 09:33:30,004 [INFO] [OK] Brazil/GFS_ENSEMBLE_Soy/cumulative dia 10 (2026-05-05 → 2026-05-15) 51282 bytes
2026-05-05 09:33:30,228 [INFO] [OK] Brazil/GFS_ENSEMBLE_Soy/cumulative dia 11 (2026-05-05 → 2026-05-16) 51537 bytes
2026-05-05 09:33:30,279 [INFO] [OK] Brazil/GFS_ENSEMBLE_Soy/cumulative dia 12 (2026-05-05 → 2026-05-17) 51696 bytes
2026-05-05 09:33:30,297 [INFO] [OK] Brazil/GFS_ENSEMBLE_Soy/cumulative dia 13 (2026-05-05 → 2026-05-18) 51789 bytes
2026-05-05 09:33:30,491 [INFO] [OK] Brazil/GFS_ENSEMBLE_Soy/cumulative dia 14 (2026-05-05 → 2026-05-19) 51922 bytes
2026-05-05 09:33:30,790 [INFO] [OK] Brazil/GFS_ENSEMBLE_Corn_Winter/daily dia 00 (2026-05-05 → 2026-05-05) 41176 bytes
2026-05-05 09:33:31,469 [INFO] [OK] Brazil/GFS_ENSEMBLE_Corn_Winter/daily dia 01 (2026-05-06 → 2026-05-06) 42425 bytes
2026-05-05 09:33:31,617 [INFO] [OK] Brazil/GFS_ENSEMBLE_Corn_Winter/daily dia 02 (2026-05-07 → 2026-05-07) 46349 bytes
2026-05-05 09:33:31,632 [INFO] [OK] Brazil/GFS_ENSEMBLE_Corn_Winter/daily dia 03 (2026-05-08 → 2026-05-08) 45911 bytes
2026-05-05 09:33:31,703 [INFO] [OK] Brazil/GFS_ENSEMBLE_Corn_Winter/daily dia 04 (2026-05-09 → 2026-05-09) 45559 bytes
2026-05-05 09:33:31,814 [INFO] [OK] Brazil/GFS_ENSEMBLE_Corn_Winter/daily dia 05 (2026-05-10 → 2026-05-10) 42611 bytes
2026-05-05 09:33:32,071 [INFO] [OK] Brazil/GFS_ENSEMBLE_Corn_Winter/daily dia 06 (2026-05-11 → 2026-05-11) 39459 bytes
2026-05-05 09:33:32,820 [INFO] [OK] Brazil/GFS_ENSEMBLE_Corn_Winter/daily dia 07 (2026-05-12 → 2026-05-12) 41763 bytes
2026-05-05 09:33:33,016 [INFO] [OK] Brazil/GFS_ENSEMBLE_Corn_Winter/daily dia 09 (2026-05-14 → 2026-05-14) 46983 bytes
2026-05-05 09:33:33,148 [INFO] [OK] Brazil/GFS_ENSEMBLE_Corn_Winter/daily dia 08 (2026-05-13 → 2026-05-13) 43915 bytes
2026-05-05 09:33:33,151 [INFO] [OK] Brazil/GFS_ENSEMBLE_Corn_Winter/daily dia 11 (2026-05-16 → 2026-05-16) 51663 bytes
2026-05-05 09:33:33,160 [INFO] [OK] Brazil/GFS_ENSEMBLE_Corn_Winter/daily dia 10 (2026-05-15 → 2026-05-15) 49305 bytes
2026-05-05 09:33:33,537 [INFO] [OK] Brazil/GFS_ENSEMBLE_Corn_Winter/daily dia 12 (2026-05-17 → 2026-05-17) 52446 bytes
2026-05-05 09:33:34,236 [INFO] [OK] Brazil/GFS_ENSEMBLE_Corn_Winter/daily dia 13 (2026-05-18 → 2026-05-18) 53073 bytes
2026-05-05 09:33:34,579 [INFO] [OK] Brazil/GFS_ENSEMBLE_Corn_Winter/cumulative dia 00 (2026-05-05 → 2026-05-05) 41176 bytes
2026-05-05 09:33:34,588 [INFO] [OK] Brazil/GFS_ENSEMBLE_Corn_Winter/daily dia 14 (2026-05-19 → 2026-05-19) 53749 bytes
2026-05-05 09:33:34,603 [INFO] [OK] Brazil/GFS_ENSEMBLE_Corn_Winter/cumulative dia 01 (2026-05-05 → 2026-05-06) 42749 bytes
2026-05-05 09:33:34,823 [INFO] [OK] Brazil/GFS_ENSEMBLE_Corn_Winter/cumulative dia 02 (2026-05-05 → 2026-05-07) 46613 bytes
2026-05-05 09:33:35,234 [INFO] [OK] Brazil/GFS_ENSEMBLE_Corn_Winter/cumulative dia 03 (2026-05-05 → 2026-05-08) 49365 bytes
2026-05-05 09:33:36,101 [INFO] [OK] Brazil/GFS_ENSEMBLE_Corn_Winter/cumulative dia 04 (2026-05-05 → 2026-05-09) 50379 bytes
2026-05-05 09:33:36,321 [INFO] [OK] Brazil/GFS_ENSEMBLE_Corn_Winter/cumulative dia 05 (2026-05-05 → 2026-05-10) 50056 bytes
2026-05-05 09:33:36,432 [INFO] [OK] Brazil/GFS_ENSEMBLE_Corn_Winter/cumulative dia 06 (2026-05-05 → 2026-05-11) 50324 bytes
2026-05-05 09:33:36,552 [INFO] [OK] Brazil/GFS_ENSEMBLE_Corn_Winter/cumulative dia 07 (2026-05-05 → 2026-05-12) 50168 bytes
2026-05-05 09:33:36,782 [INFO] [OK] Brazil/GFS_ENSEMBLE_Corn_Winter/cumulative dia 08 (2026-05-05 → 2026-05-13) 49950 bytes
2026-05-05 09:33:37,216 [INFO] [OK] Brazil/GFS_ENSEMBLE_Corn_Winter/cumulative dia 09 (2026-05-05 → 2026-05-14) 49831 bytes
2026-05-05 09:33:38,096 [INFO] [OK] Brazil/GFS_ENSEMBLE_Corn_Winter/cumulative dia 10 (2026-05-05 → 2026-05-15) 49789 bytes
2026-05-05 09:33:38,535 [INFO] [OK] Brazil/GFS_ENSEMBLE_Corn_Winter/cumulative dia 11 (2026-05-05 → 2026-05-16) 50198 bytes
2026-05-05 09:33:38,686 [INFO] [OK] Brazil/GFS_ENSEMBLE_Corn_Winter/cumulative dia 12 (2026-05-05 → 2026-05-17) 50411 bytes
2026-05-05 09:33:38,687 [INFO] [OK] Brazil/ECM_ENSEMBLE_Soy/daily dia 00 (2026-05-05 → 2026-05-05) 44139 bytes
2026-05-05 09:33:39,050 [INFO] [OK] Brazil/GFS_ENSEMBLE_Corn_Winter/cumulative dia 13 (2026-05-05 → 2026-05-18) 50595 bytes
2026-05-05 09:33:39,245 [INFO] [OK] Brazil/GFS_ENSEMBLE_Corn_Winter/cumulative dia 14 (2026-05-05 → 2026-05-19) 50503 bytes
2026-05-05 09:33:39,357 [INFO] [OK] Brazil/ECM_ENSEMBLE_Soy/daily dia 01 (2026-05-06 → 2026-05-06) 45334 bytes
2026-05-05 09:33:39,875 [INFO] [OK] Brazil/ECM_ENSEMBLE_Soy/daily dia 02 (2026-05-07 → 2026-05-07) 48003 bytes
2026-05-05 09:33:40,058 [INFO] [OK] Brazil/ECM_ENSEMBLE_Soy/daily dia 04 (2026-05-09 → 2026-05-09) 48640 bytes
2026-05-05 09:33:40,096 [INFO] [OK] Brazil/ECM_ENSEMBLE_Soy/daily dia 03 (2026-05-08 → 2026-05-08) 49430 bytes
2026-05-05 09:33:40,494 [INFO] [OK] Brazil/ECM_ENSEMBLE_Soy/daily dia 05 (2026-05-10 → 2026-05-10) 46119 bytes
2026-05-05 09:33:40,721 [INFO] [OK] Brazil/ECM_ENSEMBLE_Soy/daily dia 06 (2026-05-11 → 2026-05-11) 41863 bytes
2026-05-05 09:33:40,773 [INFO] [OK] Brazil/ECM_ENSEMBLE_Soy/daily dia 07 (2026-05-12 → 2026-05-12) 42157 bytes
2026-05-05 09:33:41,182 [INFO] [OK] Brazil/ECM_ENSEMBLE_Soy/daily dia 08 (2026-05-13 → 2026-05-13) 46371 bytes
2026-05-05 09:33:41,504 [INFO] [OK] Brazil/ECM_ENSEMBLE_Soy/daily dia 09 (2026-05-14 → 2026-05-14) 51160 bytes
2026-05-05 09:33:41,530 [INFO] [OK] Brazil/ECM_ENSEMBLE_Soy/daily dia 10 (2026-05-15 → 2026-05-15) 53777 bytes
2026-05-05 09:33:41,808 [INFO] [OK] Brazil/ECM_ENSEMBLE_Soy/daily dia 11 (2026-05-16 → 2026-05-16) 53308 bytes
2026-05-05 09:33:42,147 [INFO] [OK] Brazil/ECM_ENSEMBLE_Soy/daily dia 13 (2026-05-18 → 2026-05-18) 54374 bytes
2026-05-05 09:33:42,173 [INFO] [OK] Brazil/ECM_ENSEMBLE_Soy/daily dia 12 (2026-05-17 → 2026-05-17) 52829 bytes
2026-05-05 09:33:42,744 [INFO] [OK] Brazil/ECM_ENSEMBLE_Soy/daily dia 14 (2026-05-19 → 2026-05-19) 52646 bytes
2026-05-05 09:33:42,852 [INFO] [OK] Brazil/ECM_ENSEMBLE_Soy/cumulative dia 00 (2026-05-05 → 2026-05-05) 44139 bytes
2026-05-05 09:33:43,035 [INFO] [OK] Brazil/ECM_ENSEMBLE_Soy/cumulative dia 01 (2026-05-05 → 2026-05-06) 45949 bytes
2026-05-05 09:33:43,300 [INFO] [OK] Brazil/ECM_ENSEMBLE_Soy/cumulative dia 02 (2026-05-05 → 2026-05-07) 48801 bytes
2026-05-05 09:33:43,700 [INFO] [OK] Brazil/ECM_ENSEMBLE_Soy/cumulative dia 03 (2026-05-05 → 2026-05-08) 50731 bytes
2026-05-05 09:33:43,810 [INFO] [OK] Brazil/ECM_ENSEMBLE_Soy/cumulative dia 04 (2026-05-05 → 2026-05-09) 51243 bytes
2026-05-05 09:33:44,530 [INFO] [OK] Brazil/ECM_ENSEMBLE_Soy/cumulative dia 05 (2026-05-05 → 2026-05-10) 52179 bytes
2026-05-05 09:33:44,824 [INFO] [OK] Brazil/ECM_ENSEMBLE_Soy/cumulative dia 06 (2026-05-05 → 2026-05-11) 52301 bytes
2026-05-05 09:33:45,314 [INFO] [OK] Brazil/ECM_ENSEMBLE_Soy/cumulative dia 07 (2026-05-05 → 2026-05-12) 52439 bytes
2026-05-05 09:33:45,766 [INFO] [OK] Brazil/ECM_ENSEMBLE_Soy/cumulative dia 08 (2026-05-05 → 2026-05-13) 52086 bytes
2026-05-05 09:33:46,044 [INFO] [OK] Brazil/ECM_ENSEMBLE_Soy/cumulative dia 09 (2026-05-05 → 2026-05-14) 52392 bytes
2026-05-05 09:33:46,234 [INFO] [OK] Brazil/ECM_ENSEMBLE_Soy/cumulative dia 10 (2026-05-05 → 2026-05-15) 52521 bytes
2026-05-05 09:33:46,897 [INFO] [OK] Brazil/ECM_ENSEMBLE_Soy/cumulative dia 11 (2026-05-05 → 2026-05-16) 52729 bytes
2026-05-05 09:33:47,154 [INFO] [OK] Brazil/ECM_ENSEMBLE_Soy/cumulative dia 12 (2026-05-05 → 2026-05-17) 53029 bytes
2026-05-05 09:33:48,047 [INFO] [OK] Brazil/ECM_ENSEMBLE_Corn_Winter/daily dia 01 (2026-05-06 → 2026-05-06) 43728 bytes
2026-05-05 09:33:48,057 [INFO] [OK] Brazil/ECM_ENSEMBLE_Corn_Winter/daily dia 00 (2026-05-05 → 2026-05-05) 42731 bytes
2026-05-05 09:33:48,066 [INFO] [OK] Brazil/ECM_ENSEMBLE_Soy/cumulative dia 13 (2026-05-05 → 2026-05-18) 53048 bytes
2026-05-05 09:33:48,176 [INFO] [OK] Brazil/ECM_ENSEMBLE_Soy/cumulative dia 14 (2026-05-05 → 2026-05-19) 52771 bytes
2026-05-05 09:33:48,340 [INFO] [OK] Brazil/ECM_ENSEMBLE_Corn_Winter/daily dia 02 (2026-05-07 → 2026-05-07) 46552 bytes
2026-05-05 09:33:48,499 [INFO] [OK] Brazil/ECM_ENSEMBLE_Corn_Winter/daily dia 03 (2026-05-08 → 2026-05-08) 48526 bytes
2026-05-05 09:33:49,610 [INFO] [OK] Brazil/ECM_ENSEMBLE_Corn_Winter/daily dia 04 (2026-05-09 → 2026-05-09) 47567 bytes
2026-05-05 09:33:49,638 [INFO] [OK] Brazil/ECM_ENSEMBLE_Corn_Winter/daily dia 05 (2026-05-10 → 2026-05-10) 44797 bytes
2026-05-05 09:33:49,900 [INFO] [OK] Brazil/ECM_ENSEMBLE_Corn_Winter/daily dia 07 (2026-05-12 → 2026-05-12) 40615 bytes
2026-05-05 09:33:49,907 [INFO] [OK] Brazil/ECM_ENSEMBLE_Corn_Winter/daily dia 06 (2026-05-11 → 2026-05-11) 40014 bytes
2026-05-05 09:33:50,338 [INFO] [OK] Brazil/ECM_ENSEMBLE_Corn_Winter/daily dia 08 (2026-05-13 → 2026-05-13) 44884 bytes
2026-05-05 09:33:50,427 [INFO] [OK] Brazil/ECM_ENSEMBLE_Corn_Winter/daily dia 09 (2026-05-14 → 2026-05-14) 50019 bytes
2026-05-05 09:33:50,998 [INFO] [OK] Brazil/ECM_ENSEMBLE_Corn_Winter/daily dia 10 (2026-05-15 → 2026-05-15) 52476 bytes
2026-05-05 09:33:51,883 [INFO] [OK] Brazil/ECM_ENSEMBLE_Corn_Winter/daily dia 14 (2026-05-19 → 2026-05-19) 51157 bytes
2026-05-05 09:33:51,886 [INFO] [OK] Brazil/ECM_ENSEMBLE_Corn_Winter/daily dia 13 (2026-05-18 → 2026-05-18) 53156 bytes
2026-05-05 09:33:51,985 [INFO] [OK] Brazil/ECM_ENSEMBLE_Corn_Winter/cumulative dia 00 (2026-05-05 → 2026-05-05) 42731 bytes
2026-05-05 09:33:52,019 [INFO] [OK] Brazil/ECM_ENSEMBLE_Corn_Winter/daily dia 11 (2026-05-16 → 2026-05-16) 52235 bytes
2026-05-05 09:33:52,051 [INFO] [OK] Brazil/ECM_ENSEMBLE_Corn_Winter/daily dia 12 (2026-05-17 → 2026-05-17) 51575 bytes
2026-05-05 09:33:52,423 [INFO] [OK] Brazil/ECM_ENSEMBLE_Corn_Winter/cumulative dia 01 (2026-05-05 → 2026-05-06) 44328 bytes
2026-05-05 09:33:53,470 [INFO] [OK] Brazil/ECM_ENSEMBLE_Corn_Winter/cumulative dia 02 (2026-05-05 → 2026-05-07) 47554 bytes
2026-05-05 09:33:53,515 [INFO] [OK] Brazil/ECM_ENSEMBLE_Corn_Winter/cumulative dia 03 (2026-05-05 → 2026-05-08) 49647 bytes
2026-05-05 09:33:53,956 [INFO] [OK] Brazil/ECM_ENSEMBLE_Corn_Winter/cumulative dia 04 (2026-05-05 → 2026-05-09) 50082 bytes
2026-05-05 09:33:54,144 [INFO] [OK] Brazil/ECM_ENSEMBLE_Corn_Winter/cumulative dia 05 (2026-05-05 → 2026-05-10) 51073 bytes
2026-05-05 09:33:54,328 [INFO] [OK] Brazil/ECM_ENSEMBLE_Corn_Winter/cumulative dia 06 (2026-05-05 → 2026-05-11) 50980 bytes
2026-05-05 09:33:54,460 [INFO] [OK] Brazil/ECM_ENSEMBLE_Corn_Winter/cumulative dia 07 (2026-05-05 → 2026-05-12) 51111 bytes
2026-05-05 09:33:55,498 [INFO] [OK] Brazil/ECM_ENSEMBLE_Corn_Winter/cumulative dia 08 (2026-05-05 → 2026-05-13) 50879 bytes
2026-05-05 09:33:55,761 [INFO] [OK] Brazil/ECM_ENSEMBLE_Corn_Winter/cumulative dia 09 (2026-05-05 → 2026-05-14) 50989 bytes
2026-05-05 09:33:56,384 [INFO] [OK] Brazil/ECM_ENSEMBLE_Corn_Winter/cumulative dia 10 (2026-05-05 → 2026-05-15) 51324 bytes
2026-05-05 09:33:56,685 [INFO] [OK] Brazil/ECM_ENSEMBLE_Corn_Winter/cumulative dia 11 (2026-05-05 → 2026-05-16) 51506 bytes
2026-05-05 09:33:56,813 [INFO] [OK] Brazil/ECM_ENSEMBLE_Corn_Winter/cumulative dia 12 (2026-05-05 → 2026-05-17) 51839 bytes
2026-05-05 09:33:57,075 [INFO] [OK] Brazil/ECM_ENSEMBLE_Corn_Winter/cumulative dia 13 (2026-05-05 → 2026-05-18) 52024 bytes
2026-05-05 09:33:57,123 [INFO] [OK] Argentina/GFS_ENSEMBLE_Soy/daily dia 00 (2026-05-05 → 2026-05-05) 32000 bytes
2026-05-05 09:33:57,480 [INFO] [OK] Argentina/GFS_ENSEMBLE_Soy/daily dia 01 (2026-05-06 → 2026-05-06) 34388 bytes
2026-05-05 09:33:57,953 [INFO] [OK] Argentina/GFS_ENSEMBLE_Soy/daily dia 03 (2026-05-08 → 2026-05-08) 37007 bytes
2026-05-05 09:33:57,965 [INFO] [OK] Argentina/GFS_ENSEMBLE_Soy/daily dia 02 (2026-05-07 → 2026-05-07) 38843 bytes
2026-05-05 09:33:58,221 [INFO] [OK] Brazil/ECM_ENSEMBLE_Corn_Winter/cumulative dia 14 (2026-05-05 → 2026-05-19) 51781 bytes
2026-05-05 09:33:58,232 [INFO] [OK] Argentina/GFS_ENSEMBLE_Soy/daily dia 04 (2026-05-09 → 2026-05-09) 36381 bytes
2026-05-05 09:33:58,362 [INFO] [OK] Argentina/GFS_ENSEMBLE_Soy/daily dia 05 (2026-05-10 → 2026-05-10) 32205 bytes
2026-05-05 09:33:58,903 [INFO] [OK] Argentina/GFS_ENSEMBLE_Soy/daily dia 06 (2026-05-11 → 2026-05-11) 30398 bytes
2026-05-05 09:33:59,531 [INFO] [OK] Argentina/GFS_ENSEMBLE_Soy/daily dia 07 (2026-05-12 → 2026-05-12) 32319 bytes
2026-05-05 09:33:59,880 [INFO] [OK] Argentina/GFS_ENSEMBLE_Soy/daily dia 08 (2026-05-13 → 2026-05-13) 34322 bytes
2026-05-05 09:33:59,882 [INFO] [OK] Argentina/GFS_ENSEMBLE_Soy/daily dia 11 (2026-05-16 → 2026-05-16) 44696 bytes
2026-05-05 09:33:59,885 [INFO] [OK] Argentina/GFS_ENSEMBLE_Soy/daily dia 10 (2026-05-15 → 2026-05-15) 39753 bytes
2026-05-05 09:33:59,886 [INFO] [OK] Argentina/GFS_ENSEMBLE_Soy/daily dia 09 (2026-05-14 → 2026-05-14) 37051 bytes
2026-05-05 09:34:00,582 [INFO] [OK] Argentina/GFS_ENSEMBLE_Soy/daily dia 12 (2026-05-17 → 2026-05-17) 45051 bytes
2026-05-05 09:34:00,616 [INFO] [OK] Argentina/GFS_ENSEMBLE_Soy/daily dia 13 (2026-05-18 → 2026-05-18) 45813 bytes
2026-05-05 09:34:00,930 [INFO] [OK] Argentina/GFS_ENSEMBLE_Soy/cumulative dia 00 (2026-05-05 → 2026-05-05) 32000 bytes
2026-05-05 09:34:00,930 [INFO] [OK] Argentina/GFS_ENSEMBLE_Soy/daily dia 14 (2026-05-19 → 2026-05-19) 46791 bytes
2026-05-05 09:34:01,060 [INFO] [OK] Argentina/GFS_ENSEMBLE_Soy/cumulative dia 02 (2026-05-05 → 2026-05-07) 38857 bytes
2026-05-05 09:34:01,062 [INFO] [OK] Argentina/GFS_ENSEMBLE_Soy/cumulative dia 01 (2026-05-05 → 2026-05-06) 34712 bytes
2026-05-05 09:34:01,718 [INFO] [OK] Argentina/GFS_ENSEMBLE_Soy/cumulative dia 03 (2026-05-05 → 2026-05-08) 41884 bytes
2026-05-05 09:34:01,781 [INFO] [OK] Argentina/GFS_ENSEMBLE_Soy/cumulative dia 04 (2026-05-05 → 2026-05-09) 43270 bytes
2026-05-05 09:34:02,189 [INFO] [OK] Argentina/GFS_ENSEMBLE_Soy/cumulative dia 05 (2026-05-05 → 2026-05-10) 43108 bytes
2026-05-05 09:34:02,322 [INFO] [OK] Argentina/GFS_ENSEMBLE_Soy/cumulative dia 06 (2026-05-05 → 2026-05-11) 42755 bytes
2026-05-05 09:34:02,470 [INFO] [OK] Argentina/GFS_ENSEMBLE_Soy/cumulative dia 07 (2026-05-05 → 2026-05-12) 42515 bytes
2026-05-05 09:34:02,480 [INFO] [OK] Argentina/GFS_ENSEMBLE_Soy/cumulative dia 08 (2026-05-05 → 2026-05-13) 42114 bytes
2026-05-05 09:34:03,121 [INFO] [OK] Argentina/GFS_ENSEMBLE_Soy/cumulative dia 09 (2026-05-05 → 2026-05-14) 41884 bytes
2026-05-05 09:34:03,256 [INFO] [OK] Argentina/GFS_ENSEMBLE_Soy/cumulative dia 10 (2026-05-05 → 2026-05-15) 41776 bytes
2026-05-05 09:34:03,991 [INFO] [OK] Argentina/GFS_ENSEMBLE_Soy/cumulative dia 11 (2026-05-05 → 2026-05-16) 41889 bytes
2026-05-05 09:34:04,421 [INFO] [OK] Argentina/GFS_ENSEMBLE_Soy/cumulative dia 13 (2026-05-05 → 2026-05-18) 42426 bytes
2026-05-05 09:34:04,434 [INFO] [OK] Argentina/GFS_ENSEMBLE_Corn_Winter/daily dia 00 (2026-05-05 → 2026-05-05) 30169 bytes
2026-05-05 09:34:04,438 [INFO] [OK] Argentina/GFS_ENSEMBLE_Soy/cumulative dia 12 (2026-05-05 → 2026-05-17) 42278 bytes
2026-05-05 09:34:04,491 [INFO] [OK] Argentina/GFS_ENSEMBLE_Soy/cumulative dia 14 (2026-05-05 → 2026-05-19) 42972 bytes
2026-05-05 09:34:04,543 [INFO] [OK] Argentina/GFS_ENSEMBLE_Corn_Winter/daily dia 01 (2026-05-06 → 2026-05-06) 32576 bytes
2026-05-05 09:34:04,934 [INFO] [OK] Argentina/GFS_ENSEMBLE_Corn_Winter/daily dia 02 (2026-05-07 → 2026-05-07) 37160 bytes
2026-05-05 09:34:05,420 [INFO] [OK] Argentina/GFS_ENSEMBLE_Corn_Winter/daily dia 04 (2026-05-09 → 2026-05-09) 34965 bytes
2026-05-05 09:34:05,596 [INFO] [OK] Argentina/GFS_ENSEMBLE_Corn_Winter/daily dia 07 (2026-05-12 → 2026-05-12) 30678 bytes
2026-05-05 09:34:05,617 [INFO] [OK] Argentina/GFS_ENSEMBLE_Corn_Winter/daily dia 05 (2026-05-10 → 2026-05-10) 30655 bytes
2026-05-05 09:34:05,724 [INFO] [OK] Argentina/GFS_ENSEMBLE_Corn_Winter/daily dia 03 (2026-05-08 → 2026-05-08) 35443 bytes
2026-05-05 09:34:05,764 [INFO] [OK] Argentina/GFS_ENSEMBLE_Corn_Winter/daily dia 06 (2026-05-11 → 2026-05-11) 28430 bytes
2026-05-05 09:34:06,049 [INFO] [OK] Argentina/GFS_ENSEMBLE_Corn_Winter/daily dia 08 (2026-05-13 → 2026-05-13) 32478 bytes
2026-05-05 09:34:06,394 [INFO] [OK] Argentina/GFS_ENSEMBLE_Corn_Winter/daily dia 09 (2026-05-14 → 2026-05-14) 35427 bytes
2026-05-05 09:34:06,927 [INFO] [OK] Argentina/GFS_ENSEMBLE_Corn_Winter/daily dia 10 (2026-05-15 → 2026-05-15) 38046 bytes
2026-05-05 09:34:06,948 [INFO] [OK] Argentina/GFS_ENSEMBLE_Corn_Winter/daily dia 13 (2026-05-18 → 2026-05-18) 44507 bytes
2026-05-05 09:34:07,049 [INFO] [OK] Argentina/GFS_ENSEMBLE_Corn_Winter/daily dia 11 (2026-05-16 → 2026-05-16) 43040 bytes
2026-05-05 09:34:07,054 [INFO] [OK] Argentina/GFS_ENSEMBLE_Corn_Winter/daily dia 12 (2026-05-17 → 2026-05-17) 43424 bytes
2026-05-05 09:34:07,153 [INFO] [OK] Argentina/GFS_ENSEMBLE_Corn_Winter/daily dia 14 (2026-05-19 → 2026-05-19) 45415 bytes
2026-05-05 09:34:07,375 [INFO] [OK] Argentina/GFS_ENSEMBLE_Corn_Winter/cumulative dia 00 (2026-05-05 → 2026-05-05) 30169 bytes
2026-05-05 09:34:08,073 [INFO] [OK] Argentina/GFS_ENSEMBLE_Corn_Winter/cumulative dia 02 (2026-05-05 → 2026-05-07) 37247 bytes
2026-05-05 09:34:08,073 [INFO] [OK] Argentina/GFS_ENSEMBLE_Corn_Winter/cumulative dia 01 (2026-05-05 → 2026-05-06) 32985 bytes
2026-05-05 09:34:08,392 [INFO] [OK] Argentina/GFS_ENSEMBLE_Corn_Winter/cumulative dia 03 (2026-05-05 → 2026-05-08) 40350 bytes
2026-05-05 09:34:08,544 [INFO] [OK] Argentina/GFS_ENSEMBLE_Corn_Winter/cumulative dia 04 (2026-05-05 → 2026-05-09) 41580 bytes
2026-05-05 09:34:08,692 [INFO] [OK] Argentina/GFS_ENSEMBLE_Corn_Winter/cumulative dia 05 (2026-05-05 → 2026-05-10) 41420 bytes
2026-05-05 09:34:08,833 [INFO] [OK] Argentina/GFS_ENSEMBLE_Corn_Winter/cumulative dia 06 (2026-05-05 → 2026-05-11) 41132 bytes
2026-05-05 09:34:09,667 [INFO] [OK] Argentina/GFS_ENSEMBLE_Corn_Winter/cumulative dia 07 (2026-05-05 → 2026-05-12) 40983 bytes
2026-05-05 09:34:09,795 [INFO] [OK] Argentina/GFS_ENSEMBLE_Corn_Winter/cumulative dia 08 (2026-05-05 → 2026-05-13) 40520 bytes
2026-05-05 09:34:10,050 [INFO] [OK] Argentina/GFS_ENSEMBLE_Corn_Winter/cumulative dia 09 (2026-05-05 → 2026-05-14) 40220 bytes
2026-05-05 09:34:10,420 [INFO] [OK] Argentina/GFS_ENSEMBLE_Corn_Winter/cumulative dia 10 (2026-05-05 → 2026-05-15) 40067 bytes
2026-05-05 09:34:10,532 [INFO] [OK] Argentina/GFS_ENSEMBLE_Corn_Winter/cumulative dia 11 (2026-05-05 → 2026-05-16) 40313 bytes
2026-05-05 09:34:10,613 [INFO] [OK] Argentina/GFS_ENSEMBLE_Corn_Winter/cumulative dia 12 (2026-05-05 → 2026-05-17) 40927 bytes
2026-05-05 09:34:11,086 [INFO] [OK] Argentina/ECM_ENSEMBLE_Soy/daily dia 00 (2026-05-05 → 2026-05-05) 34396 bytes
2026-05-05 09:34:11,501 [INFO] [OK] Argentina/GFS_ENSEMBLE_Corn_Winter/cumulative dia 13 (2026-05-05 → 2026-05-18) 41049 bytes
2026-05-05 09:34:11,601 [INFO] [OK] Argentina/ECM_ENSEMBLE_Soy/daily dia 01 (2026-05-06 → 2026-05-06) 35424 bytes
2026-05-05 09:34:11,651 [INFO] [OK] Argentina/ECM_ENSEMBLE_Soy/daily dia 02 (2026-05-07 → 2026-05-07) 40572 bytes
2026-05-05 09:34:11,794 [INFO] [OK] Argentina/ECM_ENSEMBLE_Soy/daily dia 03 (2026-05-08 → 2026-05-08) 39911 bytes
2026-05-05 09:34:11,838 [INFO] [OK] Argentina/GFS_ENSEMBLE_Corn_Winter/cumulative dia 14 (2026-05-05 → 2026-05-19) 41568 bytes
2026-05-05 09:34:12,158 [INFO] [OK] Argentina/ECM_ENSEMBLE_Soy/daily dia 04 (2026-05-09 → 2026-05-09) 40044 bytes
2026-05-05 09:34:12,577 [INFO] [OK] Argentina/ECM_ENSEMBLE_Soy/daily dia 05 (2026-05-10 → 2026-05-10) 35717 bytes
2026-05-05 09:34:12,585 [INFO] [OK] Argentina/ECM_ENSEMBLE_Soy/daily dia 06 (2026-05-11 → 2026-05-11) 31276 bytes
2026-05-05 09:34:12,675 [INFO] [OK] Argentina/ECM_ENSEMBLE_Soy/daily dia 07 (2026-05-12 → 2026-05-12) 31532 bytes
2026-05-05 09:34:12,897 [INFO] [OK] Argentina/ECM_ENSEMBLE_Soy/daily dia 09 (2026-05-14 → 2026-05-14) 42106 bytes
2026-05-05 09:34:12,919 [INFO] [OK] Argentina/ECM_ENSEMBLE_Soy/daily dia 08 (2026-05-13 → 2026-05-13) 35831 bytes
2026-05-05 09:34:13,362 [INFO] [OK] Argentina/ECM_ENSEMBLE_Soy/daily dia 10 (2026-05-15 → 2026-05-15) 45725 bytes
2026-05-05 09:34:13,788 [INFO] [OK] Argentina/ECM_ENSEMBLE_Soy/daily dia 12 (2026-05-17 → 2026-05-17) 44050 bytes
2026-05-05 09:34:13,881 [INFO] [OK] Argentina/ECM_ENSEMBLE_Soy/daily dia 11 (2026-05-16 → 2026-05-16) 45337 bytes
2026-05-05 09:34:13,964 [INFO] [OK] Argentina/ECM_ENSEMBLE_Soy/daily dia 13 (2026-05-18 → 2026-05-18) 45688 bytes
2026-05-05 09:34:14,031 [INFO] [OK] Argentina/ECM_ENSEMBLE_Soy/daily dia 14 (2026-05-19 → 2026-05-19) 44777 bytes
2026-05-05 09:34:14,080 [INFO] [OK] Argentina/ECM_ENSEMBLE_Soy/cumulative dia 00 (2026-05-05 → 2026-05-05) 34396 bytes
2026-05-05 09:34:14,565 [INFO] [OK] Argentina/ECM_ENSEMBLE_Soy/cumulative dia 01 (2026-05-05 → 2026-05-06) 35683 bytes
2026-05-05 09:34:15,055 [INFO] [OK] Argentina/ECM_ENSEMBLE_Soy/cumulative dia 03 (2026-05-05 → 2026-05-08) 42438 bytes
2026-05-05 09:34:15,084 [INFO] [OK] Argentina/ECM_ENSEMBLE_Soy/cumulative dia 02 (2026-05-05 → 2026-05-07) 40144 bytes
2026-05-05 09:34:15,318 [INFO] [OK] Argentina/ECM_ENSEMBLE_Soy/cumulative dia 04 (2026-05-05 → 2026-05-09) 43264 bytes
2026-05-05 09:34:15,504 [INFO] [OK] Argentina/ECM_ENSEMBLE_Soy/cumulative dia 05 (2026-05-05 → 2026-05-10) 44206 bytes
2026-05-05 09:34:15,617 [INFO] [OK] Argentina/ECM_ENSEMBLE_Soy/cumulative dia 06 (2026-05-05 → 2026-05-11) 44444 bytes
2026-05-05 09:34:15,922 [INFO] [OK] Argentina/ECM_ENSEMBLE_Soy/cumulative dia 07 (2026-05-05 → 2026-05-12) 44317 bytes
2026-05-05 09:34:16,712 [INFO] [OK] Argentina/ECM_ENSEMBLE_Soy/cumulative dia 08 (2026-05-05 → 2026-05-13) 44019 bytes
2026-05-05 09:34:16,737 [INFO] [OK] Argentina/ECM_ENSEMBLE_Soy/cumulative dia 09 (2026-05-05 → 2026-05-14) 44004 bytes
2026-05-05 09:34:17,105 [INFO] [OK] Argentina/ECM_ENSEMBLE_Soy/cumulative dia 10 (2026-05-05 → 2026-05-15) 44376 bytes
2026-05-05 09:34:17,485 [INFO] [OK] Argentina/ECM_ENSEMBLE_Soy/cumulative dia 11 (2026-05-05 → 2026-05-16) 44545 bytes
2026-05-05 09:34:17,659 [INFO] [OK] Argentina/ECM_ENSEMBLE_Soy/cumulative dia 12 (2026-05-05 → 2026-05-17) 45095 bytes
2026-05-05 09:34:17,802 [INFO] [OK] Argentina/ECM_ENSEMBLE_Corn_Winter/daily dia 00 (2026-05-05 → 2026-05-05) 32739 bytes
2026-05-05 09:34:17,972 [INFO] [OK] Argentina/ECM_ENSEMBLE_Soy/cumulative dia 13 (2026-05-05 → 2026-05-18) 45116 bytes
2026-05-05 09:34:18,137 [INFO] [OK] Argentina/ECM_ENSEMBLE_Corn_Winter/daily dia 01 (2026-05-06 → 2026-05-06) 33597 bytes
2026-05-05 09:34:18,701 [INFO] [OK] Argentina/ECM_ENSEMBLE_Corn_Winter/daily dia 03 (2026-05-08 → 2026-05-08) 38536 bytes
2026-05-05 09:34:18,719 [INFO] [OK] Argentina/ECM_ENSEMBLE_Soy/cumulative dia 14 (2026-05-05 → 2026-05-19) 45369 bytes
2026-05-05 09:34:18,800 [INFO] [OK] Argentina/ECM_ENSEMBLE_Corn_Winter/daily dia 02 (2026-05-07 → 2026-05-07) 38918 bytes
2026-05-05 09:34:18,840 [INFO] [OK] Argentina/ECM_ENSEMBLE_Corn_Winter/daily dia 04 (2026-05-09 → 2026-05-09) 38645 bytes
2026-05-05 09:34:19,020 [INFO] [OK] Argentina/ECM_ENSEMBLE_Corn_Winter/daily dia 05 (2026-05-10 → 2026-05-10) 34177 bytes
2026-05-05 09:34:19,170 [INFO] [OK] Argentina/ECM_ENSEMBLE_Corn_Winter/daily dia 06 (2026-05-11 → 2026-05-11) 29540 bytes
2026-05-05 09:34:19,713 [INFO] [OK] Argentina/ECM_ENSEMBLE_Corn_Winter/daily dia 08 (2026-05-13 → 2026-05-13) 34230 bytes
2026-05-05 09:34:19,750 [INFO] [OK] Argentina/ECM_ENSEMBLE_Corn_Winter/daily dia 07 (2026-05-12 → 2026-05-12) 30167 bytes
2026-05-05 09:34:19,918 [INFO] [OK] Argentina/ECM_ENSEMBLE_Corn_Winter/daily dia 09 (2026-05-14 → 2026-05-14) 40695 bytes
2026-05-05 09:34:20,180 [INFO] [OK] Argentina/ECM_ENSEMBLE_Corn_Winter/daily dia 10 (2026-05-15 → 2026-05-15) 44317 bytes
2026-05-05 09:34:20,370 [INFO] [OK] Argentina/ECM_ENSEMBLE_Corn_Winter/daily dia 11 (2026-05-16 → 2026-05-16) 44078 bytes
2026-05-05 09:34:20,388 [INFO] [OK] Argentina/ECM_ENSEMBLE_Corn_Winter/daily dia 12 (2026-05-17 → 2026-05-17) 42775 bytes
2026-05-05 09:34:20,742 [INFO] [OK] Argentina/ECM_ENSEMBLE_Corn_Winter/daily dia 13 (2026-05-18 → 2026-05-18) 44263 bytes
2026-05-05 09:34:20,856 [INFO] [OK] Argentina/ECM_ENSEMBLE_Corn_Winter/daily dia 14 (2026-05-19 → 2026-05-19) 43380 bytes
2026-05-05 09:34:20,905 [INFO] [OK] Argentina/ECM_ENSEMBLE_Corn_Winter/cumulative dia 00 (2026-05-05 → 2026-05-05) 32739 bytes
2026-05-05 09:34:21,233 [INFO] [OK] Argentina/ECM_ENSEMBLE_Corn_Winter/cumulative dia 01 (2026-05-05 → 2026-05-06) 33936 bytes
2026-05-05 09:34:21,561 [INFO] [OK] Argentina/ECM_ENSEMBLE_Corn_Winter/cumulative dia 02 (2026-05-05 → 2026-05-07) 38501 bytes
2026-05-05 09:34:21,917 [INFO] [OK] Argentina/ECM_ENSEMBLE_Corn_Winter/cumulative dia 03 (2026-05-05 → 2026-05-08) 41000 bytes
2026-05-05 09:34:22,223 [INFO] [OK] Argentina/ECM_ENSEMBLE_Corn_Winter/cumulative dia 04 (2026-05-05 → 2026-05-09) 41697 bytes
2026-05-05 09:34:22,382 [INFO] [OK] Argentina/ECM_ENSEMBLE_Corn_Winter/cumulative dia 05 (2026-05-05 → 2026-05-10) 42800 bytes
2026-05-05 09:34:22,560 [INFO] [OK] Argentina/ECM_ENSEMBLE_Corn_Winter/cumulative dia 06 (2026-05-05 → 2026-05-11) 42956 bytes
2026-05-05 09:34:22,787 [INFO] [OK] Argentina/ECM_ENSEMBLE_Corn_Winter/cumulative dia 07 (2026-05-05 → 2026-05-12) 42591 bytes
2026-05-05 09:34:22,935 [INFO] [OK] Argentina/ECM_ENSEMBLE_Corn_Winter/cumulative dia 08 (2026-05-05 → 2026-05-13) 42403 bytes
2026-05-05 09:34:23,572 [INFO] [OK] Argentina/ECM_ENSEMBLE_Corn_Winter/cumulative dia 09 (2026-05-05 → 2026-05-14) 42193 bytes
2026-05-05 09:34:23,976 [INFO] [OK] Argentina/ECM_ENSEMBLE_Corn_Winter/cumulative dia 10 (2026-05-05 → 2026-05-15) 42764 bytes
