2026-05-22 09:33:22,315 [INFO] === Execução 2026-05-22 | modo=both | dias=15 | parâmetro=PRCP_DEP ===
2026-05-22 09:33:22,317 [INFO] Baixando 240 mapas com 6 threads...
2026-05-22 09:33:25,823 [INFO] [OK] Brazil/GFS_ENSEMBLE_Soy/daily dia 00 (2026-05-22 → 2026-05-22) 40498 bytes
2026-05-22 09:33:25,841 [INFO] [OK] Brazil/GFS_ENSEMBLE_Soy/daily dia 02 (2026-05-24 → 2026-05-24) 41452 bytes
2026-05-22 09:33:25,893 [INFO] [OK] Brazil/GFS_ENSEMBLE_Soy/daily dia 01 (2026-05-23 → 2026-05-23) 40204 bytes
2026-05-22 09:33:26,003 [INFO] [OK] Brazil/GFS_ENSEMBLE_Soy/daily dia 04 (2026-05-26 → 2026-05-26) 42879 bytes
2026-05-22 09:33:26,017 [INFO] [OK] Brazil/GFS_ENSEMBLE_Soy/daily dia 05 (2026-05-27 → 2026-05-27) 43057 bytes
2026-05-22 09:33:26,108 [INFO] [OK] Brazil/GFS_ENSEMBLE_Soy/daily dia 03 (2026-05-25 → 2026-05-25) 42929 bytes
2026-05-22 09:33:27,338 [INFO] [OK] Brazil/GFS_ENSEMBLE_Soy/daily dia 07 (2026-05-29 → 2026-05-29) 50370 bytes
2026-05-22 09:33:27,340 [INFO] [OK] Brazil/GFS_ENSEMBLE_Soy/daily dia 06 (2026-05-28 → 2026-05-28) 47037 bytes
2026-05-22 09:33:27,612 [INFO] [OK] Brazil/GFS_ENSEMBLE_Soy/daily dia 11 (2026-06-02 → 2026-06-02) 54100 bytes
2026-05-22 09:33:27,619 [INFO] [OK] Brazil/GFS_ENSEMBLE_Soy/daily dia 09 (2026-05-31 → 2026-05-31) 52747 bytes
2026-05-22 09:33:27,620 [INFO] [OK] Brazil/GFS_ENSEMBLE_Soy/daily dia 10 (2026-06-01 → 2026-06-01) 52944 bytes
2026-05-22 09:33:27,622 [INFO] [OK] Brazil/GFS_ENSEMBLE_Soy/daily dia 08 (2026-05-30 → 2026-05-30) 52337 bytes
2026-05-22 09:33:28,704 [INFO] [OK] Brazil/GFS_ENSEMBLE_Soy/daily dia 13 (2026-06-04 → 2026-06-04) 51350 bytes
2026-05-22 09:33:28,786 [INFO] [OK] Brazil/GFS_ENSEMBLE_Soy/daily dia 12 (2026-06-03 → 2026-06-03) 53604 bytes
2026-05-22 09:33:28,972 [INFO] [OK] Brazil/GFS_ENSEMBLE_Soy/daily dia 14 (2026-06-05 → 2026-06-05) 50799 bytes
2026-05-22 09:33:29,048 [INFO] [OK] Brazil/GFS_ENSEMBLE_Soy/cumulative dia 00 (2026-05-22 → 2026-05-22) 40498 bytes
2026-05-22 09:33:29,049 [INFO] [OK] Brazil/GFS_ENSEMBLE_Soy/cumulative dia 01 (2026-05-22 → 2026-05-23) 41029 bytes
2026-05-22 09:33:29,071 [INFO] [OK] Brazil/GFS_ENSEMBLE_Soy/cumulative dia 02 (2026-05-22 → 2026-05-24) 41659 bytes
2026-05-22 09:33:30,256 [INFO] [OK] Brazil/GFS_ENSEMBLE_Soy/cumulative dia 03 (2026-05-22 → 2026-05-25) 42188 bytes
2026-05-22 09:33:30,512 [INFO] [OK] Brazil/GFS_ENSEMBLE_Soy/cumulative dia 04 (2026-05-22 → 2026-05-26) 42877 bytes
2026-05-22 09:33:30,721 [INFO] [OK] Brazil/GFS_ENSEMBLE_Soy/cumulative dia 05 (2026-05-22 → 2026-05-27) 43252 bytes
2026-05-22 09:33:30,909 [INFO] [OK] Brazil/GFS_ENSEMBLE_Soy/cumulative dia 06 (2026-05-22 → 2026-05-28) 44659 bytes
2026-05-22 09:33:30,909 [INFO] [OK] Brazil/GFS_ENSEMBLE_Soy/cumulative dia 07 (2026-05-22 → 2026-05-29) 45857 bytes
2026-05-22 09:33:31,050 [INFO] [OK] Brazil/GFS_ENSEMBLE_Soy/cumulative dia 08 (2026-05-22 → 2026-05-30) 46987 bytes
2026-05-22 09:33:32,231 [INFO] [OK] Brazil/GFS_ENSEMBLE_Soy/cumulative dia 09 (2026-05-22 → 2026-05-31) 48428 bytes
2026-05-22 09:33:32,593 [INFO] [OK] Brazil/GFS_ENSEMBLE_Soy/cumulative dia 10 (2026-05-22 → 2026-06-01) 49839 bytes
2026-05-22 09:33:33,958 [INFO] [OK] Brazil/GFS_ENSEMBLE_Soy/cumulative dia 14 (2026-05-22 → 2026-06-05) 54149 bytes
2026-05-22 09:33:33,959 [INFO] [OK] Brazil/GFS_ENSEMBLE_Soy/cumulative dia 11 (2026-05-22 → 2026-06-02) 51635 bytes
2026-05-22 09:33:33,960 [INFO] [OK] Brazil/GFS_ENSEMBLE_Soy/cumulative dia 12 (2026-05-22 → 2026-06-03) 52364 bytes
2026-05-22 09:33:33,962 [INFO] [OK] Brazil/GFS_ENSEMBLE_Soy/cumulative dia 13 (2026-05-22 → 2026-06-04) 52976 bytes
2026-05-22 09:33:35,278 [INFO] [OK] Brazil/GFS_ENSEMBLE_Corn_Winter/daily dia 01 (2026-05-23 → 2026-05-23) 38685 bytes
2026-05-22 09:33:35,278 [INFO] [OK] Brazil/GFS_ENSEMBLE_Corn_Winter/daily dia 00 (2026-05-22 → 2026-05-22) 38989 bytes
2026-05-22 09:33:36,436 [INFO] [OK] Brazil/GFS_ENSEMBLE_Corn_Winter/daily dia 03 (2026-05-25 → 2026-05-25) 41250 bytes
2026-05-22 09:33:36,596 [INFO] [OK] Brazil/GFS_ENSEMBLE_Corn_Winter/daily dia 02 (2026-05-24 → 2026-05-24) 39915 bytes
2026-05-22 09:33:38,456 [INFO] [OK] Brazil/GFS_ENSEMBLE_Corn_Winter/daily dia 05 (2026-05-27 → 2026-05-27) 41539 bytes
2026-05-22 09:33:38,465 [INFO] [OK] Brazil/GFS_ENSEMBLE_Corn_Winter/daily dia 06 (2026-05-28 → 2026-05-28) 45305 bytes
2026-05-22 09:33:38,493 [INFO] [OK] Brazil/GFS_ENSEMBLE_Corn_Winter/daily dia 04 (2026-05-26 → 2026-05-26) 41334 bytes
2026-05-22 09:33:38,494 [INFO] [OK] Brazil/GFS_ENSEMBLE_Corn_Winter/daily dia 09 (2026-05-31 → 2026-05-31) 51022 bytes
2026-05-22 09:33:38,500 [INFO] [OK] Brazil/GFS_ENSEMBLE_Corn_Winter/daily dia 08 (2026-05-30 → 2026-05-30) 50488 bytes
2026-05-22 09:33:38,516 [INFO] [OK] Brazil/GFS_ENSEMBLE_Corn_Winter/daily dia 07 (2026-05-29 → 2026-05-29) 48633 bytes
2026-05-22 09:33:41,394 [INFO] [OK] Brazil/GFS_ENSEMBLE_Corn_Winter/daily dia 11 (2026-06-02 → 2026-06-02) 52807 bytes
2026-05-22 09:33:41,838 [INFO] [OK] Brazil/GFS_ENSEMBLE_Corn_Winter/daily dia 13 (2026-06-04 → 2026-06-04) 49687 bytes
2026-05-22 09:33:41,869 [INFO] [OK] Brazil/GFS_ENSEMBLE_Corn_Winter/daily dia 10 (2026-06-01 → 2026-06-01) 51288 bytes
2026-05-22 09:33:41,870 [INFO] [OK] Brazil/GFS_ENSEMBLE_Corn_Winter/daily dia 12 (2026-06-03 → 2026-06-03) 52182 bytes
2026-05-22 09:33:41,898 [INFO] [OK] Brazil/GFS_ENSEMBLE_Corn_Winter/daily dia 14 (2026-06-05 → 2026-06-05) 49210 bytes
2026-05-22 09:33:43,895 [INFO] [OK] Brazil/GFS_ENSEMBLE_Corn_Winter/cumulative dia 00 (2026-05-22 → 2026-05-22) 38989 bytes
2026-05-22 09:33:46,948 [INFO] [OK] Brazil/GFS_ENSEMBLE_Corn_Winter/cumulative dia 03 (2026-05-22 → 2026-05-25) 40575 bytes
2026-05-22 09:33:47,397 [INFO] [OK] Brazil/GFS_ENSEMBLE_Corn_Winter/cumulative dia 01 (2026-05-22 → 2026-05-23) 39497 bytes
2026-05-22 09:33:47,410 [INFO] [OK] Brazil/GFS_ENSEMBLE_Corn_Winter/cumulative dia 05 (2026-05-22 → 2026-05-27) 41815 bytes
2026-05-22 09:33:47,429 [INFO] [OK] Brazil/GFS_ENSEMBLE_Corn_Winter/cumulative dia 02 (2026-05-22 → 2026-05-24) 40190 bytes
2026-05-22 09:33:48,783 [INFO] [OK] Brazil/GFS_ENSEMBLE_Corn_Winter/cumulative dia 06 (2026-05-22 → 2026-05-28) 43185 bytes
2026-05-22 09:33:48,785 [INFO] [OK] Brazil/GFS_ENSEMBLE_Corn_Winter/cumulative dia 04 (2026-05-22 → 2026-05-26) 41473 bytes
2026-05-22 09:33:50,478 [INFO] [OK] Brazil/GFS_ENSEMBLE_Corn_Winter/cumulative dia 07 (2026-05-22 → 2026-05-29) 44310 bytes
2026-05-22 09:33:50,856 [INFO] [OK] Brazil/GFS_ENSEMBLE_Corn_Winter/cumulative dia 08 (2026-05-22 → 2026-05-30) 45492 bytes
2026-05-22 09:33:51,046 [INFO] [OK] Brazil/GFS_ENSEMBLE_Corn_Winter/cumulative dia 10 (2026-05-22 → 2026-06-01) 47997 bytes
2026-05-22 09:33:51,059 [INFO] [OK] Brazil/GFS_ENSEMBLE_Corn_Winter/cumulative dia 09 (2026-05-22 → 2026-05-31) 46831 bytes
2026-05-22 09:33:51,128 [INFO] [OK] Brazil/GFS_ENSEMBLE_Corn_Winter/cumulative dia 11 (2026-05-22 → 2026-06-02) 49973 bytes
2026-05-22 09:33:51,212 [INFO] [OK] Brazil/GFS_ENSEMBLE_Corn_Winter/cumulative dia 12 (2026-05-22 → 2026-06-03) 50829 bytes
2026-05-22 09:33:52,377 [INFO] [OK] Brazil/ECM_ENSEMBLE_Soy/daily dia 00 (2026-05-22 → 2026-05-22) 45083 bytes
2026-05-22 09:33:52,573 [INFO] [OK] Brazil/ECM_ENSEMBLE_Soy/daily dia 01 (2026-05-23 → 2026-05-23) 43619 bytes
2026-05-22 09:33:52,803 [INFO] [OK] Brazil/ECM_ENSEMBLE_Soy/daily dia 02 (2026-05-24 → 2026-05-24) 46435 bytes
2026-05-22 09:33:52,804 [INFO] [OK] Brazil/ECM_ENSEMBLE_Soy/daily dia 03 (2026-05-25 → 2026-05-25) 48164 bytes
2026-05-22 09:33:52,878 [INFO] [OK] Brazil/GFS_ENSEMBLE_Corn_Winter/cumulative dia 13 (2026-05-22 → 2026-06-04) 51385 bytes
2026-05-22 09:33:53,202 [INFO] [OK] Brazil/GFS_ENSEMBLE_Corn_Winter/cumulative dia 14 (2026-05-22 → 2026-06-05) 52448 bytes
2026-05-22 09:33:53,682 [INFO] [OK] Brazil/ECM_ENSEMBLE_Soy/daily dia 04 (2026-05-26 → 2026-05-26) 49518 bytes
2026-05-22 09:33:53,886 [INFO] [OK] Brazil/ECM_ENSEMBLE_Soy/daily dia 05 (2026-05-27 → 2026-05-27) 46691 bytes
2026-05-22 09:33:54,122 [INFO] [OK] Brazil/ECM_ENSEMBLE_Soy/daily dia 07 (2026-05-29 → 2026-05-29) 50169 bytes
2026-05-22 09:33:54,458 [INFO] [OK] Brazil/ECM_ENSEMBLE_Soy/daily dia 08 (2026-05-30 → 2026-05-30) 51059 bytes
2026-05-22 09:33:54,514 [INFO] [OK] Brazil/ECM_ENSEMBLE_Soy/daily dia 09 (2026-05-31 → 2026-05-31) 50466 bytes
2026-05-22 09:33:54,530 [INFO] [OK] Brazil/ECM_ENSEMBLE_Soy/daily dia 06 (2026-05-28 → 2026-05-28) 49582 bytes
2026-05-22 09:33:55,026 [INFO] [OK] Brazil/ECM_ENSEMBLE_Soy/daily dia 10 (2026-06-01 → 2026-06-01) 51130 bytes
2026-05-22 09:33:55,388 [INFO] [OK] Brazil/ECM_ENSEMBLE_Soy/daily dia 11 (2026-06-02 → 2026-06-02) 52114 bytes
2026-05-22 09:33:55,569 [INFO] [OK] Brazil/ECM_ENSEMBLE_Soy/daily dia 12 (2026-06-03 → 2026-06-03) 53796 bytes
2026-05-22 09:33:55,757 [INFO] [OK] Brazil/ECM_ENSEMBLE_Soy/daily dia 13 (2026-06-04 → 2026-06-04) 51668 bytes
2026-05-22 09:33:56,931 [INFO] [OK] Brazil/ECM_ENSEMBLE_Soy/daily dia 14 (2026-06-05 → 2026-06-05) 51965 bytes
2026-05-22 09:33:57,271 [INFO] [OK] Brazil/ECM_ENSEMBLE_Soy/cumulative dia 03 (2026-05-22 → 2026-05-25) 47530 bytes
2026-05-22 09:33:57,271 [INFO] [OK] Brazil/ECM_ENSEMBLE_Soy/cumulative dia 00 (2026-05-22 → 2026-05-22) 45083 bytes
2026-05-22 09:33:57,284 [INFO] [OK] Brazil/ECM_ENSEMBLE_Soy/cumulative dia 02 (2026-05-22 → 2026-05-24) 46158 bytes
2026-05-22 09:33:57,285 [INFO] [OK] Brazil/ECM_ENSEMBLE_Soy/cumulative dia 01 (2026-05-22 → 2026-05-23) 44990 bytes
2026-05-22 09:33:57,403 [INFO] [OK] Brazil/ECM_ENSEMBLE_Soy/cumulative dia 04 (2026-05-22 → 2026-05-26) 48633 bytes
2026-05-22 09:33:59,165 [INFO] [OK] Brazil/ECM_ENSEMBLE_Soy/cumulative dia 05 (2026-05-22 → 2026-05-27) 49435 bytes
2026-05-22 09:33:59,282 [INFO] [OK] Brazil/ECM_ENSEMBLE_Soy/cumulative dia 06 (2026-05-22 → 2026-05-28) 50238 bytes
2026-05-22 09:33:59,407 [INFO] [OK] Brazil/ECM_ENSEMBLE_Soy/cumulative dia 07 (2026-05-22 → 2026-05-29) 50804 bytes
2026-05-22 09:33:59,511 [INFO] [OK] Brazil/ECM_ENSEMBLE_Soy/cumulative dia 08 (2026-05-22 → 2026-05-30) 51333 bytes
2026-05-22 09:33:59,519 [INFO] [OK] Brazil/ECM_ENSEMBLE_Soy/cumulative dia 09 (2026-05-22 → 2026-05-31) 51606 bytes
2026-05-22 09:33:59,776 [INFO] [OK] Brazil/ECM_ENSEMBLE_Soy/cumulative dia 10 (2026-05-22 → 2026-06-01) 51970 bytes
2026-05-22 09:34:03,306 [INFO] [OK] Brazil/ECM_ENSEMBLE_Corn_Winter/daily dia 01 (2026-05-23 → 2026-05-23) 42314 bytes
2026-05-22 09:34:03,319 [INFO] [OK] Brazil/ECM_ENSEMBLE_Corn_Winter/daily dia 00 (2026-05-22 → 2026-05-22) 43667 bytes
2026-05-22 09:34:03,357 [INFO] [OK] Brazil/ECM_ENSEMBLE_Soy/cumulative dia 14 (2026-05-22 → 2026-06-05) 54557 bytes
2026-05-22 09:34:03,368 [INFO] [OK] Brazil/ECM_ENSEMBLE_Soy/cumulative dia 11 (2026-05-22 → 2026-06-02) 53202 bytes
2026-05-22 09:34:03,375 [INFO] [OK] Brazil/ECM_ENSEMBLE_Soy/cumulative dia 13 (2026-05-22 → 2026-06-04) 53553 bytes
2026-05-22 09:34:04,257 [INFO] [OK] Brazil/ECM_ENSEMBLE_Soy/cumulative dia 12 (2026-05-22 → 2026-06-03) 53555 bytes
2026-05-22 09:34:05,472 [INFO] [OK] Brazil/ECM_ENSEMBLE_Corn_Winter/daily dia 06 (2026-05-28 → 2026-05-28) 48072 bytes
2026-05-22 09:34:05,473 [INFO] [OK] Brazil/ECM_ENSEMBLE_Corn_Winter/daily dia 03 (2026-05-25 → 2026-05-25) 46737 bytes
2026-05-22 09:34:05,477 [INFO] [OK] Brazil/ECM_ENSEMBLE_Corn_Winter/daily dia 05 (2026-05-27 → 2026-05-27) 45289 bytes
2026-05-22 09:34:05,482 [INFO] [OK] Brazil/ECM_ENSEMBLE_Corn_Winter/daily dia 02 (2026-05-24 → 2026-05-24) 44894 bytes
2026-05-22 09:34:05,492 [INFO] [OK] Brazil/ECM_ENSEMBLE_Corn_Winter/daily dia 04 (2026-05-26 → 2026-05-26) 48091 bytes
2026-05-22 09:34:05,718 [INFO] [OK] Brazil/ECM_ENSEMBLE_Corn_Winter/daily dia 07 (2026-05-29 → 2026-05-29) 48796 bytes
2026-05-22 09:34:06,874 [INFO] [OK] Brazil/ECM_ENSEMBLE_Corn_Winter/daily dia 10 (2026-06-01 → 2026-06-01) 49583 bytes
2026-05-22 09:34:06,893 [INFO] [OK] Brazil/ECM_ENSEMBLE_Corn_Winter/daily dia 11 (2026-06-02 → 2026-06-02) 50386 bytes
2026-05-22 09:34:08,308 [INFO] [OK] Brazil/ECM_ENSEMBLE_Corn_Winter/daily dia 09 (2026-05-31 → 2026-05-31) 48936 bytes
2026-05-22 09:34:08,387 [INFO] [OK] Brazil/ECM_ENSEMBLE_Corn_Winter/daily dia 13 (2026-06-04 → 2026-06-04) 50009 bytes
2026-05-22 09:34:08,398 [INFO] [OK] Brazil/ECM_ENSEMBLE_Corn_Winter/daily dia 14 (2026-06-05 → 2026-06-05) 50430 bytes
2026-05-22 09:34:08,400 [INFO] [OK] Brazil/ECM_ENSEMBLE_Corn_Winter/daily dia 12 (2026-06-03 → 2026-06-03) 52164 bytes
2026-05-22 09:34:08,404 [INFO] [OK] Brazil/ECM_ENSEMBLE_Corn_Winter/daily dia 08 (2026-05-30 → 2026-05-30) 49710 bytes
2026-05-22 09:34:10,195 [INFO] [OK] Brazil/ECM_ENSEMBLE_Corn_Winter/cumulative dia 00 (2026-05-22 → 2026-05-22) 43667 bytes
2026-05-22 09:34:11,642 [INFO] [OK] Brazil/ECM_ENSEMBLE_Corn_Winter/cumulative dia 01 (2026-05-22 → 2026-05-23) 43446 bytes
2026-05-22 09:34:20,802 [INFO] [OK] Brazil/ECM_ENSEMBLE_Corn_Winter/cumulative dia 07 (2026-05-22 → 2026-05-29) 49543 bytes
2026-05-22 09:34:20,804 [INFO] [OK] Brazil/ECM_ENSEMBLE_Corn_Winter/cumulative dia 02 (2026-05-22 → 2026-05-24) 44498 bytes
2026-05-22 09:34:20,829 [INFO] [OK] Brazil/ECM_ENSEMBLE_Corn_Winter/cumulative dia 06 (2026-05-22 → 2026-05-28) 48910 bytes
2026-05-22 09:34:20,849 [INFO] [OK] Brazil/ECM_ENSEMBLE_Corn_Winter/cumulative dia 04 (2026-05-22 → 2026-05-26) 47180 bytes
2026-05-22 09:34:20,859 [INFO] [OK] Brazil/ECM_ENSEMBLE_Corn_Winter/cumulative dia 05 (2026-05-22 → 2026-05-27) 48002 bytes
2026-05-22 09:34:20,860 [INFO] [OK] Brazil/ECM_ENSEMBLE_Corn_Winter/cumulative dia 03 (2026-05-22 → 2026-05-25) 46147 bytes
2026-05-22 09:34:22,991 [INFO] [OK] Brazil/ECM_ENSEMBLE_Corn_Winter/cumulative dia 08 (2026-05-22 → 2026-05-30) 49936 bytes
2026-05-22 09:34:23,116 [INFO] [OK] Brazil/ECM_ENSEMBLE_Corn_Winter/cumulative dia 09 (2026-05-22 → 2026-05-31) 50404 bytes
2026-05-22 09:34:23,140 [INFO] [OK] Brazil/ECM_ENSEMBLE_Corn_Winter/cumulative dia 10 (2026-05-22 → 2026-06-01) 50415 bytes
2026-05-22 09:34:23,147 [INFO] [OK] Brazil/ECM_ENSEMBLE_Corn_Winter/cumulative dia 12 (2026-05-22 → 2026-06-03) 51700 bytes
2026-05-22 09:34:23,375 [INFO] [OK] Brazil/ECM_ENSEMBLE_Corn_Winter/cumulative dia 11 (2026-05-22 → 2026-06-02) 51525 bytes
2026-05-22 09:34:23,457 [INFO] [OK] Brazil/ECM_ENSEMBLE_Corn_Winter/cumulative dia 13 (2026-05-22 → 2026-06-04) 51951 bytes
2026-05-22 09:34:24,476 [INFO] [OK] Argentina/GFS_ENSEMBLE_Soy/daily dia 00 (2026-05-22 → 2026-05-22) 32002 bytes
2026-05-22 09:34:24,478 [INFO] [OK] Argentina/GFS_ENSEMBLE_Soy/daily dia 02 (2026-05-24 → 2026-05-24) 32003 bytes
2026-05-22 09:34:24,479 [INFO] [OK] Argentina/GFS_ENSEMBLE_Soy/daily dia 03 (2026-05-25 → 2026-05-25) 33778 bytes
2026-05-22 09:34:24,479 [INFO] [OK] Argentina/GFS_ENSEMBLE_Soy/daily dia 01 (2026-05-23 → 2026-05-23) 31603 bytes
2026-05-22 09:34:24,623 [INFO] [OK] Argentina/GFS_ENSEMBLE_Soy/daily dia 04 (2026-05-26 → 2026-05-26) 33831 bytes
2026-05-22 09:34:25,477 [INFO] [OK] Brazil/ECM_ENSEMBLE_Corn_Winter/cumulative dia 14 (2026-05-22 → 2026-06-05) 52755 bytes
2026-05-22 09:34:25,492 [INFO] [OK] Argentina/GFS_ENSEMBLE_Soy/daily dia 05 (2026-05-27 → 2026-05-27) 34265 bytes
2026-05-22 09:34:25,622 [INFO] [OK] Argentina/GFS_ENSEMBLE_Soy/daily dia 06 (2026-05-28 → 2026-05-28) 39730 bytes
2026-05-22 09:34:25,623 [INFO] [OK] Argentina/GFS_ENSEMBLE_Soy/daily dia 07 (2026-05-29 → 2026-05-29) 43427 bytes
2026-05-22 09:34:25,642 [INFO] [OK] Argentina/GFS_ENSEMBLE_Soy/daily dia 08 (2026-05-30 → 2026-05-30) 42036 bytes
2026-05-22 09:34:25,682 [INFO] [OK] Argentina/GFS_ENSEMBLE_Soy/daily dia 09 (2026-05-31 → 2026-05-31) 41969 bytes
2026-05-22 09:34:26,538 [INFO] [OK] Argentina/GFS_ENSEMBLE_Soy/daily dia 10 (2026-06-01 → 2026-06-01) 43000 bytes
2026-05-22 09:34:26,607 [INFO] [OK] Argentina/GFS_ENSEMBLE_Soy/daily dia 11 (2026-06-02 → 2026-06-02) 45257 bytes
2026-05-22 09:34:26,667 [INFO] [OK] Argentina/GFS_ENSEMBLE_Soy/daily dia 13 (2026-06-04 → 2026-06-04) 42765 bytes
2026-05-22 09:34:26,695 [INFO] [OK] Argentina/GFS_ENSEMBLE_Soy/daily dia 12 (2026-06-03 → 2026-06-03) 45413 bytes
2026-05-22 09:34:26,743 [INFO] [OK] Argentina/GFS_ENSEMBLE_Soy/cumulative dia 00 (2026-05-22 → 2026-05-22) 32002 bytes
2026-05-22 09:34:26,808 [INFO] [OK] Argentina/GFS_ENSEMBLE_Soy/daily dia 14 (2026-06-05 → 2026-06-05) 42222 bytes
2026-05-22 09:34:27,639 [INFO] [OK] Argentina/GFS_ENSEMBLE_Soy/cumulative dia 01 (2026-05-22 → 2026-05-23) 32837 bytes
2026-05-22 09:34:27,911 [INFO] [OK] Argentina/GFS_ENSEMBLE_Soy/cumulative dia 04 (2026-05-22 → 2026-05-26) 33909 bytes
2026-05-22 09:34:27,912 [INFO] [OK] Argentina/GFS_ENSEMBLE_Soy/cumulative dia 02 (2026-05-22 → 2026-05-24) 33046 bytes
2026-05-22 09:34:27,913 [INFO] [OK] Argentina/GFS_ENSEMBLE_Soy/cumulative dia 03 (2026-05-22 → 2026-05-25) 33518 bytes
2026-05-22 09:34:27,983 [INFO] [OK] Argentina/GFS_ENSEMBLE_Soy/cumulative dia 05 (2026-05-22 → 2026-05-27) 34409 bytes
2026-05-22 09:34:28,086 [INFO] [OK] Argentina/GFS_ENSEMBLE_Soy/cumulative dia 06 (2026-05-22 → 2026-05-28) 36250 bytes
2026-05-22 09:34:28,920 [INFO] [OK] Argentina/GFS_ENSEMBLE_Soy/cumulative dia 07 (2026-05-22 → 2026-05-29) 37831 bytes
2026-05-22 09:34:29,332 [INFO] [OK] Argentina/GFS_ENSEMBLE_Soy/cumulative dia 08 (2026-05-22 → 2026-05-30) 38539 bytes
2026-05-22 09:34:29,390 [INFO] [OK] Argentina/GFS_ENSEMBLE_Soy/cumulative dia 09 (2026-05-22 → 2026-05-31) 39385 bytes
2026-05-22 09:34:29,414 [INFO] [OK] Argentina/GFS_ENSEMBLE_Soy/cumulative dia 10 (2026-05-22 → 2026-06-01) 39972 bytes
2026-05-22 09:34:29,477 [INFO] [OK] Argentina/GFS_ENSEMBLE_Soy/cumulative dia 11 (2026-05-22 → 2026-06-02) 41020 bytes
2026-05-22 09:34:29,658 [INFO] [OK] Argentina/GFS_ENSEMBLE_Soy/cumulative dia 12 (2026-05-22 → 2026-06-03) 41506 bytes
2026-05-22 09:34:30,430 [INFO] [OK] Argentina/GFS_ENSEMBLE_Soy/cumulative dia 13 (2026-05-22 → 2026-06-04) 41976 bytes
2026-05-22 09:34:30,431 [INFO] [OK] Argentina/GFS_ENSEMBLE_Corn_Winter/daily dia 00 (2026-05-22 → 2026-05-22) 30469 bytes
2026-05-22 09:34:30,606 [INFO] [OK] Argentina/GFS_ENSEMBLE_Corn_Winter/daily dia 03 (2026-05-25 → 2026-05-25) 31934 bytes
2026-05-22 09:34:30,609 [INFO] [OK] Argentina/GFS_ENSEMBLE_Corn_Winter/daily dia 02 (2026-05-24 → 2026-05-24) 30303 bytes
2026-05-22 09:34:30,811 [INFO] [OK] Argentina/GFS_ENSEMBLE_Corn_Winter/daily dia 01 (2026-05-23 → 2026-05-23) 30047 bytes
2026-05-22 09:34:30,968 [INFO] [OK] Argentina/GFS_ENSEMBLE_Soy/cumulative dia 14 (2026-05-22 → 2026-06-05) 42460 bytes
2026-05-22 09:34:31,480 [INFO] [OK] Argentina/GFS_ENSEMBLE_Corn_Winter/daily dia 05 (2026-05-27 → 2026-05-27) 32406 bytes
2026-05-22 09:34:31,636 [INFO] [OK] Argentina/GFS_ENSEMBLE_Corn_Winter/daily dia 06 (2026-05-28 → 2026-05-28) 37757 bytes
2026-05-22 09:34:31,640 [INFO] [OK] Argentina/GFS_ENSEMBLE_Corn_Winter/daily dia 04 (2026-05-26 → 2026-05-26) 32115 bytes
2026-05-22 09:34:31,677 [INFO] [OK] Argentina/GFS_ENSEMBLE_Corn_Winter/daily dia 07 (2026-05-29 → 2026-05-29) 41466 bytes
2026-05-22 09:34:32,085 [INFO] [OK] Argentina/GFS_ENSEMBLE_Corn_Winter/daily dia 08 (2026-05-30 → 2026-05-30) 40245 bytes
2026-05-22 09:34:32,086 [INFO] [OK] Argentina/GFS_ENSEMBLE_Corn_Winter/daily dia 09 (2026-05-31 → 2026-05-31) 40352 bytes
2026-05-22 09:34:32,628 [INFO] [OK] Argentina/GFS_ENSEMBLE_Corn_Winter/daily dia 10 (2026-06-01 → 2026-06-01) 41481 bytes
2026-05-22 09:34:32,632 [INFO] [OK] Argentina/GFS_ENSEMBLE_Corn_Winter/daily dia 11 (2026-06-02 → 2026-06-02) 43771 bytes
2026-05-22 09:34:32,647 [INFO] [OK] Argentina/GFS_ENSEMBLE_Corn_Winter/daily dia 12 (2026-06-03 → 2026-06-03) 44016 bytes
2026-05-22 09:34:32,929 [INFO] [OK] Argentina/GFS_ENSEMBLE_Corn_Winter/daily dia 13 (2026-06-04 → 2026-06-04) 41192 bytes
2026-05-22 09:34:33,039 [INFO] [OK] Argentina/GFS_ENSEMBLE_Corn_Winter/cumulative dia 00 (2026-05-22 → 2026-05-22) 30469 bytes
2026-05-22 09:34:33,114 [INFO] [OK] Argentina/GFS_ENSEMBLE_Corn_Winter/daily dia 14 (2026-06-05 → 2026-06-05) 40466 bytes
2026-05-22 09:34:33,685 [INFO] [OK] Argentina/GFS_ENSEMBLE_Corn_Winter/cumulative dia 01 (2026-05-22 → 2026-05-23) 31200 bytes
2026-05-22 09:34:33,782 [INFO] [OK] Argentina/GFS_ENSEMBLE_Corn_Winter/cumulative dia 02 (2026-05-22 → 2026-05-24) 31357 bytes
2026-05-22 09:34:33,832 [INFO] [OK] Argentina/GFS_ENSEMBLE_Corn_Winter/cumulative dia 03 (2026-05-22 → 2026-05-25) 31833 bytes
2026-05-22 09:34:34,125 [INFO] [OK] Argentina/GFS_ENSEMBLE_Corn_Winter/cumulative dia 04 (2026-05-22 → 2026-05-26) 32294 bytes
2026-05-22 09:34:34,207 [INFO] [OK] Argentina/GFS_ENSEMBLE_Corn_Winter/cumulative dia 05 (2026-05-22 → 2026-05-27) 32761 bytes
2026-05-22 09:34:34,345 [INFO] [OK] Argentina/GFS_ENSEMBLE_Corn_Winter/cumulative dia 06 (2026-05-22 → 2026-05-28) 34682 bytes
2026-05-22 09:34:34,959 [INFO] [OK] Argentina/GFS_ENSEMBLE_Corn_Winter/cumulative dia 07 (2026-05-22 → 2026-05-29) 36125 bytes
2026-05-22 09:34:35,157 [INFO] [OK] Argentina/GFS_ENSEMBLE_Corn_Winter/cumulative dia 08 (2026-05-22 → 2026-05-30) 37054 bytes
2026-05-22 09:34:35,231 [INFO] [OK] Argentina/GFS_ENSEMBLE_Corn_Winter/cumulative dia 09 (2026-05-22 → 2026-05-31) 37729 bytes
2026-05-22 09:34:35,643 [INFO] [OK] Argentina/GFS_ENSEMBLE_Corn_Winter/cumulative dia 10 (2026-05-22 → 2026-06-01) 38279 bytes
2026-05-22 09:34:35,774 [INFO] [OK] Argentina/GFS_ENSEMBLE_Corn_Winter/cumulative dia 11 (2026-05-22 → 2026-06-02) 39401 bytes
2026-05-22 09:34:36,012 [INFO] [OK] Argentina/GFS_ENSEMBLE_Corn_Winter/cumulative dia 12 (2026-05-22 → 2026-06-03) 39841 bytes
2026-05-22 09:34:36,316 [INFO] [OK] Argentina/ECM_ENSEMBLE_Soy/daily dia 00 (2026-05-22 → 2026-05-22) 36509 bytes
2026-05-22 09:34:36,465 [INFO] [OK] Argentina/GFS_ENSEMBLE_Corn_Winter/cumulative dia 13 (2026-05-22 → 2026-06-04) 40379 bytes
2026-05-22 09:34:36,682 [INFO] [OK] Argentina/ECM_ENSEMBLE_Soy/daily dia 01 (2026-05-23 → 2026-05-23) 34668 bytes
2026-05-22 09:34:36,863 [INFO] [OK] Argentina/GFS_ENSEMBLE_Corn_Winter/cumulative dia 14 (2026-05-22 → 2026-06-05) 40943 bytes
2026-05-22 09:34:36,935 [INFO] [OK] Argentina/ECM_ENSEMBLE_Soy/daily dia 02 (2026-05-24 → 2026-05-24) 37176 bytes
2026-05-22 09:34:37,121 [INFO] [OK] Argentina/ECM_ENSEMBLE_Soy/daily dia 03 (2026-05-25 → 2026-05-25) 38846 bytes
2026-05-22 09:34:37,338 [INFO] [OK] Argentina/ECM_ENSEMBLE_Soy/daily dia 04 (2026-05-26 → 2026-05-26) 40294 bytes
2026-05-22 09:34:37,430 [INFO] [OK] Argentina/ECM_ENSEMBLE_Soy/daily dia 05 (2026-05-27 → 2026-05-27) 37958 bytes
2026-05-22 09:34:38,992 [INFO] [OK] Argentina/ECM_ENSEMBLE_Soy/daily dia 07 (2026-05-29 → 2026-05-29) 42114 bytes
2026-05-22 09:34:39,001 [INFO] [OK] Argentina/ECM_ENSEMBLE_Soy/daily dia 08 (2026-05-30 → 2026-05-30) 42954 bytes
2026-05-22 09:34:39,016 [INFO] [OK] Argentina/ECM_ENSEMBLE_Soy/daily dia 06 (2026-05-28 → 2026-05-28) 41920 bytes
2026-05-22 09:34:39,027 [INFO] [OK] Argentina/ECM_ENSEMBLE_Soy/daily dia 11 (2026-06-02 → 2026-06-02) 41421 bytes
2026-05-22 09:34:39,033 [INFO] [OK] Argentina/ECM_ENSEMBLE_Soy/daily dia 09 (2026-05-31 → 2026-05-31) 41525 bytes
2026-05-22 09:34:39,037 [INFO] [OK] Argentina/ECM_ENSEMBLE_Soy/daily dia 10 (2026-06-01 → 2026-06-01) 40295 bytes
2026-05-22 09:34:40,228 [INFO] [OK] Argentina/ECM_ENSEMBLE_Soy/cumulative dia 02 (2026-05-22 → 2026-05-24) 36778 bytes
2026-05-22 09:34:40,229 [INFO] [OK] Argentina/ECM_ENSEMBLE_Soy/daily dia 13 (2026-06-04 → 2026-06-04) 42155 bytes
2026-05-22 09:34:40,230 [INFO] [OK] Argentina/ECM_ENSEMBLE_Soy/cumulative dia 01 (2026-05-22 → 2026-05-23) 36131 bytes
2026-05-22 09:34:40,258 [INFO] [OK] Argentina/ECM_ENSEMBLE_Soy/daily dia 12 (2026-06-03 → 2026-06-03) 43381 bytes
2026-05-22 09:34:40,270 [INFO] [OK] Argentina/ECM_ENSEMBLE_Soy/cumulative dia 00 (2026-05-22 → 2026-05-22) 36509 bytes
2026-05-22 09:34:40,328 [INFO] [OK] Argentina/ECM_ENSEMBLE_Soy/daily dia 14 (2026-06-05 → 2026-06-05) 42856 bytes
2026-05-22 09:34:41,488 [INFO] [OK] Argentina/ECM_ENSEMBLE_Soy/cumulative dia 04 (2026-05-22 → 2026-05-26) 39093 bytes
2026-05-22 09:34:41,522 [INFO] [OK] Argentina/ECM_ENSEMBLE_Soy/cumulative dia 03 (2026-05-22 → 2026-05-25) 38652 bytes
2026-05-22 09:34:41,621 [INFO] [OK] Argentina/ECM_ENSEMBLE_Soy/cumulative dia 05 (2026-05-22 → 2026-05-27) 39460 bytes
2026-05-22 09:34:41,622 [INFO] [OK] Argentina/ECM_ENSEMBLE_Soy/cumulative dia 07 (2026-05-22 → 2026-05-29) 41418 bytes
2026-05-22 09:34:41,714 [INFO] [OK] Argentina/ECM_ENSEMBLE_Soy/cumulative dia 06 (2026-05-22 → 2026-05-28) 40526 bytes
2026-05-22 09:34:41,761 [INFO] [OK] Argentina/ECM_ENSEMBLE_Soy/cumulative dia 08 (2026-05-22 → 2026-05-30) 41870 bytes
2026-05-22 09:34:42,885 [INFO] [OK] Argentina/ECM_ENSEMBLE_Soy/cumulative dia 09 (2026-05-22 → 2026-05-31) 42131 bytes
2026-05-22 09:34:43,145 [INFO] [OK] Argentina/ECM_ENSEMBLE_Soy/cumulative dia 10 (2026-05-22 → 2026-06-01) 42736 bytes
2026-05-22 09:34:43,296 [INFO] [OK] Argentina/ECM_ENSEMBLE_Soy/cumulative dia 12 (2026-05-22 → 2026-06-03) 43475 bytes
2026-05-22 09:34:43,327 [INFO] [OK] Argentina/ECM_ENSEMBLE_Soy/cumulative dia 11 (2026-05-22 → 2026-06-02) 43653 bytes
2026-05-22 09:34:43,475 [INFO] [OK] Argentina/ECM_ENSEMBLE_Soy/cumulative dia 13 (2026-05-22 → 2026-06-04) 43455 bytes
2026-05-22 09:34:43,551 [INFO] [OK] Argentina/ECM_ENSEMBLE_Soy/cumulative dia 14 (2026-05-22 → 2026-06-05) 44021 bytes
2026-05-22 09:34:43,837 [INFO] [OK] Argentina/ECM_ENSEMBLE_Corn_Winter/daily dia 00 (2026-05-22 → 2026-05-22) 34920 bytes
2026-05-22 09:34:44,114 [INFO] [OK] Argentina/ECM_ENSEMBLE_Corn_Winter/daily dia 01 (2026-05-23 → 2026-05-23) 33028 bytes
2026-05-22 09:34:44,337 [INFO] [OK] Argentina/ECM_ENSEMBLE_Corn_Winter/daily dia 02 (2026-05-24 → 2026-05-24) 35605 bytes
2026-05-22 09:34:44,500 [INFO] [OK] Argentina/ECM_ENSEMBLE_Corn_Winter/daily dia 05 (2026-05-27 → 2026-05-27) 36350 bytes
2026-05-22 09:34:44,513 [INFO] [OK] Argentina/ECM_ENSEMBLE_Corn_Winter/daily dia 03 (2026-05-25 → 2026-05-25) 37625 bytes
2026-05-22 09:34:44,579 [INFO] [OK] Argentina/ECM_ENSEMBLE_Corn_Winter/daily dia 04 (2026-05-26 → 2026-05-26) 38532 bytes
2026-05-22 09:34:44,893 [INFO] [OK] Argentina/ECM_ENSEMBLE_Corn_Winter/daily dia 06 (2026-05-28 → 2026-05-28) 40280 bytes
2026-05-22 09:34:45,124 [INFO] [OK] Argentina/ECM_ENSEMBLE_Corn_Winter/daily dia 07 (2026-05-29 → 2026-05-29) 40439 bytes
2026-05-22 09:34:45,394 [INFO] [OK] Argentina/ECM_ENSEMBLE_Corn_Winter/daily dia 08 (2026-05-30 → 2026-05-30) 41445 bytes
2026-05-22 09:34:45,480 [INFO] [OK] Argentina/ECM_ENSEMBLE_Corn_Winter/daily dia 09 (2026-05-31 → 2026-05-31) 39786 bytes
2026-05-22 09:34:45,585 [INFO] [OK] Argentina/ECM_ENSEMBLE_Corn_Winter/daily dia 11 (2026-06-02 → 2026-06-02) 39618 bytes
2026-05-22 09:34:45,664 [INFO] [OK] Argentina/ECM_ENSEMBLE_Corn_Winter/daily dia 10 (2026-06-01 → 2026-06-01) 38787 bytes
2026-05-22 09:34:45,971 [INFO] [OK] Argentina/ECM_ENSEMBLE_Corn_Winter/daily dia 12 (2026-06-03 → 2026-06-03) 41783 bytes
2026-05-22 09:34:46,108 [INFO] [OK] Argentina/ECM_ENSEMBLE_Corn_Winter/daily dia 13 (2026-06-04 → 2026-06-04) 40357 bytes
2026-05-22 09:34:46,356 [INFO] [OK] Argentina/ECM_ENSEMBLE_Corn_Winter/daily dia 14 (2026-06-05 → 2026-06-05) 41261 bytes
2026-05-22 09:34:46,474 [INFO] [OK] Argentina/ECM_ENSEMBLE_Corn_Winter/cumulative dia 00 (2026-05-22 → 2026-05-22) 34920 bytes
2026-05-22 09:34:46,696 [INFO] [OK] Argentina/ECM_ENSEMBLE_Corn_Winter/cumulative dia 01 (2026-05-22 → 2026-05-23) 34576 bytes
2026-05-22 09:34:46,751 [INFO] [OK] Argentina/ECM_ENSEMBLE_Corn_Winter/cumulative dia 02 (2026-05-22 → 2026-05-24) 35284 bytes
2026-05-22 09:34:47,054 [INFO] [OK] Argentina/ECM_ENSEMBLE_Corn_Winter/cumulative dia 03 (2026-05-22 → 2026-05-25) 37304 bytes
2026-05-22 09:34:47,309 [INFO] [OK] Argentina/ECM_ENSEMBLE_Corn_Winter/cumulative dia 04 (2026-05-22 → 2026-05-26) 37541 bytes
2026-05-22 09:34:47,656 [INFO] [OK] Argentina/ECM_ENSEMBLE_Corn_Winter/cumulative dia 05 (2026-05-22 → 2026-05-27) 38001 bytes
2026-05-22 09:34:47,714 [INFO] [OK] Argentina/ECM_ENSEMBLE_Corn_Winter/cumulative dia 06 (2026-05-22 → 2026-05-28) 39142 bytes
2026-05-22 09:34:47,961 [INFO] [OK] Argentina/ECM_ENSEMBLE_Corn_Winter/cumulative dia 07 (2026-05-22 → 2026-05-29) 39937 bytes
2026-05-22 09:34:48,230 [INFO] [OK] Argentina/ECM_ENSEMBLE_Corn_Winter/cumulative dia 08 (2026-05-22 → 2026-05-30) 40363 bytes
2026-05-22 09:34:48,404 [INFO] [OK] Argentina/ECM_ENSEMBLE_Corn_Winter/cumulative dia 09 (2026-05-22 → 2026-05-31) 40900 bytes
2026-05-22 09:34:48,768 [INFO] [OK] Argentina/ECM_ENSEMBLE_Corn_Winter/cumulative dia 10 (2026-05-22 → 2026-06-01) 41189 bytes
2026-05-22 09:34:49,230 [INFO] [OK] Argentina/ECM_ENSEMBLE_Corn_Winter/cumulative dia 11 (2026-05-22 → 2026-06-02) 41929 bytes
2026-05-22 09:34:49,290 [INFO] [OK] Argentina/ECM_ENSEMBLE_Corn_Winter/cumulative dia 12 (2026-05-22 → 2026-06-03) 41654 bytes
2026-05-22 09:34:49,840 [INFO] [OK] Argentina/ECM_ENSEMBLE_Corn_Winter/cumulative dia 13 (2026-05-22 → 2026-06-04) 41709 bytes
2026-05-22 09:34:49,862 [INFO] [OK] Argentina/ECM_ENSEMBLE_Corn_Winter/cumulative dia 14 (2026-05-22 → 2026-06-05) 42454 bytes
2026-05-22 09:34:49,875 [INFO] Resumo: 240/240 sucessos, 0 erros
