2026-06-01 09:33:18,761 [INFO] === Execução 2026-06-01 | modo=both | dias=15 | parâmetro=PRCP_DEP ===
2026-06-01 09:33:18,852 [INFO] Baixando 240 mapas com 6 threads...
2026-06-01 09:33:21,294 [INFO] [OK] Brazil/GFS_ENSEMBLE_Soy/daily dia 03 (2026-06-04 → 2026-06-04) 43342 bytes
2026-06-01 09:33:21,301 [INFO] [OK] Brazil/GFS_ENSEMBLE_Soy/daily dia 02 (2026-06-03 → 2026-06-03) 43383 bytes
2026-06-01 09:33:21,302 [INFO] [OK] Brazil/GFS_ENSEMBLE_Soy/daily dia 04 (2026-06-05 → 2026-06-05) 42903 bytes
2026-06-01 09:33:21,453 [INFO] [OK] Brazil/GFS_ENSEMBLE_Soy/daily dia 01 (2026-06-02 → 2026-06-02) 42681 bytes
2026-06-01 09:33:21,559 [INFO] [OK] Brazil/GFS_ENSEMBLE_Soy/daily dia 00 (2026-06-01 → 2026-06-01) 43462 bytes
2026-06-01 09:33:21,583 [INFO] [OK] Brazil/GFS_ENSEMBLE_Soy/daily dia 05 (2026-06-06 → 2026-06-06) 43478 bytes
2026-06-01 09:33:23,012 [INFO] [OK] Brazil/GFS_ENSEMBLE_Soy/daily dia 08 (2026-06-09 → 2026-06-09) 49749 bytes
2026-06-01 09:33:23,031 [INFO] [OK] Brazil/GFS_ENSEMBLE_Soy/daily dia 06 (2026-06-07 → 2026-06-07) 45525 bytes
2026-06-01 09:33:23,034 [INFO] [OK] Brazil/GFS_ENSEMBLE_Soy/daily dia 07 (2026-06-08 → 2026-06-08) 47597 bytes
2026-06-01 09:33:23,040 [INFO] [OK] Brazil/GFS_ENSEMBLE_Soy/daily dia 09 (2026-06-10 → 2026-06-10) 50993 bytes
2026-06-01 09:33:23,125 [INFO] [OK] Brazil/GFS_ENSEMBLE_Soy/daily dia 10 (2026-06-11 → 2026-06-11) 51320 bytes
2026-06-01 09:33:23,167 [INFO] [OK] Brazil/GFS_ENSEMBLE_Soy/daily dia 11 (2026-06-12 → 2026-06-12) 51948 bytes
2026-06-01 09:33:24,427 [INFO] [OK] Brazil/GFS_ENSEMBLE_Soy/daily dia 12 (2026-06-13 → 2026-06-13) 52084 bytes
2026-06-01 09:33:24,559 [INFO] [OK] Brazil/GFS_ENSEMBLE_Soy/daily dia 14 (2026-06-15 → 2026-06-15) 53183 bytes
2026-06-01 09:33:24,609 [INFO] [OK] Brazil/GFS_ENSEMBLE_Soy/daily dia 13 (2026-06-14 → 2026-06-14) 52244 bytes
2026-06-01 09:33:24,668 [INFO] [OK] Brazil/GFS_ENSEMBLE_Soy/cumulative dia 01 (2026-06-01 → 2026-06-02) 43962 bytes
2026-06-01 09:33:24,739 [INFO] [OK] Brazil/GFS_ENSEMBLE_Soy/cumulative dia 00 (2026-06-01 → 2026-06-01) 43462 bytes
2026-06-01 09:33:24,978 [INFO] [OK] Brazil/GFS_ENSEMBLE_Soy/cumulative dia 02 (2026-06-01 → 2026-06-03) 44025 bytes
2026-06-01 09:33:26,116 [INFO] [OK] Brazil/GFS_ENSEMBLE_Soy/cumulative dia 03 (2026-06-01 → 2026-06-04) 44702 bytes
2026-06-01 09:33:26,241 [INFO] [OK] Brazil/GFS_ENSEMBLE_Soy/cumulative dia 04 (2026-06-01 → 2026-06-05) 44947 bytes
2026-06-01 09:33:26,436 [INFO] [OK] Brazil/GFS_ENSEMBLE_Soy/cumulative dia 05 (2026-06-01 → 2026-06-06) 45564 bytes
2026-06-01 09:33:26,664 [INFO] [OK] Brazil/GFS_ENSEMBLE_Soy/cumulative dia 06 (2026-06-01 → 2026-06-07) 46107 bytes
2026-06-01 09:33:26,783 [INFO] [OK] Brazil/GFS_ENSEMBLE_Soy/cumulative dia 07 (2026-06-01 → 2026-06-08) 48505 bytes
2026-06-01 09:33:27,016 [INFO] [OK] Brazil/GFS_ENSEMBLE_Soy/cumulative dia 08 (2026-06-01 → 2026-06-09) 49906 bytes
2026-06-01 09:33:28,164 [INFO] [OK] Brazil/GFS_ENSEMBLE_Soy/cumulative dia 09 (2026-06-01 → 2026-06-10) 51562 bytes
2026-06-01 09:33:28,525 [INFO] [OK] Brazil/GFS_ENSEMBLE_Soy/cumulative dia 10 (2026-06-01 → 2026-06-11) 51943 bytes
2026-06-01 09:33:28,957 [INFO] [OK] Brazil/GFS_ENSEMBLE_Soy/cumulative dia 11 (2026-06-01 → 2026-06-12) 51757 bytes
2026-06-01 09:33:29,218 [INFO] [OK] Brazil/GFS_ENSEMBLE_Soy/cumulative dia 12 (2026-06-01 → 2026-06-13) 51911 bytes
2026-06-01 09:33:29,391 [INFO] [OK] Brazil/GFS_ENSEMBLE_Soy/cumulative dia 13 (2026-06-01 → 2026-06-14) 52025 bytes
2026-06-01 09:33:29,523 [INFO] [OK] Brazil/GFS_ENSEMBLE_Corn_Winter/daily dia 00 (2026-06-01 → 2026-06-01) 41924 bytes
2026-06-01 09:33:29,642 [INFO] [OK] Brazil/GFS_ENSEMBLE_Soy/cumulative dia 14 (2026-06-01 → 2026-06-15) 51847 bytes
2026-06-01 09:33:29,803 [INFO] [OK] Brazil/GFS_ENSEMBLE_Corn_Winter/daily dia 01 (2026-06-02 → 2026-06-02) 41131 bytes
2026-06-01 09:33:30,231 [INFO] [OK] Brazil/GFS_ENSEMBLE_Corn_Winter/daily dia 02 (2026-06-03 → 2026-06-03) 41710 bytes
2026-06-01 09:33:30,494 [INFO] [OK] Brazil/GFS_ENSEMBLE_Corn_Winter/daily dia 03 (2026-06-04 → 2026-06-04) 41774 bytes
2026-06-01 09:33:30,722 [INFO] [OK] Brazil/GFS_ENSEMBLE_Corn_Winter/daily dia 04 (2026-06-05 → 2026-06-05) 41287 bytes
2026-06-01 09:33:30,868 [INFO] [OK] Brazil/GFS_ENSEMBLE_Corn_Winter/daily dia 05 (2026-06-06 → 2026-06-06) 41982 bytes
2026-06-01 09:33:31,065 [INFO] [OK] Brazil/GFS_ENSEMBLE_Corn_Winter/daily dia 06 (2026-06-07 → 2026-06-07) 44084 bytes
2026-06-01 09:33:31,256 [INFO] [OK] Brazil/GFS_ENSEMBLE_Corn_Winter/daily dia 07 (2026-06-08 → 2026-06-08) 46252 bytes
2026-06-01 09:33:31,517 [INFO] [OK] Brazil/GFS_ENSEMBLE_Corn_Winter/daily dia 08 (2026-06-09 → 2026-06-09) 48180 bytes
2026-06-01 09:33:31,776 [INFO] [OK] Brazil/GFS_ENSEMBLE_Corn_Winter/daily dia 09 (2026-06-10 → 2026-06-10) 49493 bytes
2026-06-01 09:33:32,265 [INFO] [OK] Brazil/GFS_ENSEMBLE_Corn_Winter/daily dia 11 (2026-06-12 → 2026-06-12) 50528 bytes
2026-06-01 09:33:32,277 [INFO] [OK] Brazil/GFS_ENSEMBLE_Corn_Winter/daily dia 10 (2026-06-11 → 2026-06-11) 50111 bytes
2026-06-01 09:33:32,531 [INFO] [OK] Brazil/GFS_ENSEMBLE_Corn_Winter/daily dia 12 (2026-06-13 → 2026-06-13) 50769 bytes
2026-06-01 09:33:32,560 [INFO] [OK] Brazil/GFS_ENSEMBLE_Corn_Winter/daily dia 13 (2026-06-14 → 2026-06-14) 50604 bytes
2026-06-01 09:33:32,894 [INFO] [OK] Brazil/GFS_ENSEMBLE_Corn_Winter/daily dia 14 (2026-06-15 → 2026-06-15) 51442 bytes
2026-06-01 09:33:33,024 [INFO] [OK] Brazil/GFS_ENSEMBLE_Corn_Winter/cumulative dia 00 (2026-06-01 → 2026-06-01) 41924 bytes
2026-06-01 09:33:33,705 [INFO] [OK] Brazil/GFS_ENSEMBLE_Corn_Winter/cumulative dia 01 (2026-06-01 → 2026-06-02) 42286 bytes
2026-06-01 09:33:33,902 [INFO] [OK] Brazil/GFS_ENSEMBLE_Corn_Winter/cumulative dia 02 (2026-06-01 → 2026-06-03) 42507 bytes
2026-06-01 09:33:34,238 [INFO] [OK] Brazil/GFS_ENSEMBLE_Corn_Winter/cumulative dia 03 (2026-06-01 → 2026-06-04) 43252 bytes
2026-06-01 09:33:34,539 [INFO] [OK] Brazil/GFS_ENSEMBLE_Corn_Winter/cumulative dia 04 (2026-06-01 → 2026-06-05) 43439 bytes
2026-06-01 09:33:34,635 [INFO] [OK] Brazil/GFS_ENSEMBLE_Corn_Winter/cumulative dia 05 (2026-06-01 → 2026-06-06) 44159 bytes
2026-06-01 09:33:34,910 [INFO] [OK] Brazil/GFS_ENSEMBLE_Corn_Winter/cumulative dia 06 (2026-06-01 → 2026-06-07) 44766 bytes
2026-06-01 09:33:35,510 [INFO] [OK] Brazil/GFS_ENSEMBLE_Corn_Winter/cumulative dia 07 (2026-06-01 → 2026-06-08) 47015 bytes
2026-06-01 09:33:36,234 [INFO] [OK] Brazil/GFS_ENSEMBLE_Corn_Winter/cumulative dia 08 (2026-06-01 → 2026-06-09) 48712 bytes
2026-06-01 09:33:36,420 [INFO] [OK] Brazil/GFS_ENSEMBLE_Corn_Winter/cumulative dia 09 (2026-06-01 → 2026-06-10) 49931 bytes
2026-06-01 09:33:36,735 [INFO] [OK] Brazil/GFS_ENSEMBLE_Corn_Winter/cumulative dia 10 (2026-06-01 → 2026-06-11) 50738 bytes
2026-06-01 09:33:36,923 [INFO] [OK] Brazil/GFS_ENSEMBLE_Corn_Winter/cumulative dia 11 (2026-06-01 → 2026-06-12) 50740 bytes
2026-06-01 09:33:37,278 [INFO] [OK] Brazil/GFS_ENSEMBLE_Corn_Winter/cumulative dia 12 (2026-06-01 → 2026-06-13) 50685 bytes
2026-06-01 09:33:37,862 [INFO] [OK] Brazil/ECM_ENSEMBLE_Soy/daily dia 00 (2026-06-01 → 2026-06-01) 50537 bytes
2026-06-01 09:33:38,048 [INFO] [OK] Brazil/GFS_ENSEMBLE_Corn_Winter/cumulative dia 13 (2026-06-01 → 2026-06-14) 50919 bytes
2026-06-01 09:33:38,105 [INFO] [OK] Brazil/ECM_ENSEMBLE_Soy/daily dia 01 (2026-06-02 → 2026-06-02) 48150 bytes
2026-06-01 09:33:38,300 [INFO] [OK] Brazil/ECM_ENSEMBLE_Soy/daily dia 02 (2026-06-03 → 2026-06-03) 49191 bytes
2026-06-01 09:33:38,636 [INFO] [OK] Brazil/GFS_ENSEMBLE_Corn_Winter/cumulative dia 14 (2026-06-01 → 2026-06-15) 50736 bytes
2026-06-01 09:33:38,653 [INFO] [OK] Brazil/ECM_ENSEMBLE_Soy/daily dia 03 (2026-06-04 → 2026-06-04) 47508 bytes
2026-06-01 09:33:39,175 [INFO] [OK] Brazil/ECM_ENSEMBLE_Soy/daily dia 04 (2026-06-05 → 2026-06-05) 44933 bytes
2026-06-01 09:33:39,400 [INFO] [OK] Brazil/ECM_ENSEMBLE_Soy/daily dia 05 (2026-06-06 → 2026-06-06) 45266 bytes
2026-06-01 09:33:39,548 [INFO] [OK] Brazil/ECM_ENSEMBLE_Soy/daily dia 06 (2026-06-07 → 2026-06-07) 47638 bytes
2026-06-01 09:33:39,624 [INFO] [OK] Brazil/ECM_ENSEMBLE_Soy/daily dia 07 (2026-06-08 → 2026-06-08) 48250 bytes
2026-06-01 09:33:39,944 [INFO] [OK] Brazil/ECM_ENSEMBLE_Soy/daily dia 08 (2026-06-09 → 2026-06-09) 49377 bytes
2026-06-01 09:33:39,961 [INFO] [OK] Brazil/ECM_ENSEMBLE_Soy/daily dia 09 (2026-06-10 → 2026-06-10) 49740 bytes
2026-06-01 09:33:40,742 [INFO] [OK] Brazil/ECM_ENSEMBLE_Soy/daily dia 11 (2026-06-12 → 2026-06-12) 50372 bytes
2026-06-01 09:33:40,845 [INFO] [OK] Brazil/ECM_ENSEMBLE_Soy/daily dia 12 (2026-06-13 → 2026-06-13) 49469 bytes
2026-06-01 09:33:40,921 [INFO] [OK] Brazil/ECM_ENSEMBLE_Soy/daily dia 10 (2026-06-11 → 2026-06-11) 50228 bytes
2026-06-01 09:33:41,302 [INFO] [OK] Brazil/ECM_ENSEMBLE_Soy/daily dia 14 (2026-06-15 → 2026-06-15) 51144 bytes
2026-06-01 09:33:41,599 [INFO] [OK] Brazil/ECM_ENSEMBLE_Soy/cumulative dia 00 (2026-06-01 → 2026-06-01) 50537 bytes
2026-06-01 09:33:41,695 [INFO] [OK] Brazil/ECM_ENSEMBLE_Soy/daily dia 13 (2026-06-14 → 2026-06-14) 49803 bytes
2026-06-01 09:33:42,101 [INFO] [OK] Brazil/ECM_ENSEMBLE_Soy/cumulative dia 01 (2026-06-01 → 2026-06-02) 50582 bytes
2026-06-01 09:33:42,342 [INFO] [OK] Brazil/ECM_ENSEMBLE_Soy/cumulative dia 02 (2026-06-01 → 2026-06-03) 50714 bytes
2026-06-01 09:33:42,480 [INFO] [OK] Brazil/ECM_ENSEMBLE_Soy/cumulative dia 03 (2026-06-01 → 2026-06-04) 50159 bytes
2026-06-01 09:33:42,946 [INFO] [OK] Brazil/ECM_ENSEMBLE_Soy/cumulative dia 04 (2026-06-01 → 2026-06-05) 49880 bytes
2026-06-01 09:33:43,439 [INFO] [OK] Brazil/ECM_ENSEMBLE_Soy/cumulative dia 05 (2026-06-01 → 2026-06-06) 49772 bytes
2026-06-01 09:33:43,618 [INFO] [OK] Brazil/ECM_ENSEMBLE_Soy/cumulative dia 06 (2026-06-01 → 2026-06-07) 51075 bytes
2026-06-01 09:33:44,164 [INFO] [OK] Brazil/ECM_ENSEMBLE_Soy/cumulative dia 07 (2026-06-01 → 2026-06-08) 52187 bytes
2026-06-01 09:33:44,386 [INFO] [OK] Brazil/ECM_ENSEMBLE_Soy/cumulative dia 08 (2026-06-01 → 2026-06-09) 52463 bytes
2026-06-01 09:33:44,564 [INFO] [OK] Brazil/ECM_ENSEMBLE_Soy/cumulative dia 09 (2026-06-01 → 2026-06-10) 52927 bytes
2026-06-01 09:33:45,251 [INFO] [OK] Brazil/ECM_ENSEMBLE_Soy/cumulative dia 10 (2026-06-01 → 2026-06-11) 53633 bytes
2026-06-01 09:33:45,632 [INFO] [OK] Brazil/ECM_ENSEMBLE_Soy/cumulative dia 11 (2026-06-01 → 2026-06-12) 53089 bytes
2026-06-01 09:33:45,939 [INFO] [OK] Brazil/ECM_ENSEMBLE_Soy/cumulative dia 12 (2026-06-01 → 2026-06-13) 52643 bytes
2026-06-01 09:33:46,011 [INFO] [OK] Brazil/ECM_ENSEMBLE_Corn_Winter/daily dia 00 (2026-06-01 → 2026-06-01) 48674 bytes
2026-06-01 09:33:46,451 [INFO] [OK] Brazil/ECM_ENSEMBLE_Soy/cumulative dia 13 (2026-06-01 → 2026-06-14) 51788 bytes
2026-06-01 09:33:46,606 [INFO] [OK] Brazil/ECM_ENSEMBLE_Corn_Winter/daily dia 01 (2026-06-02 → 2026-06-02) 46498 bytes
2026-06-01 09:33:46,812 [INFO] [OK] Brazil/ECM_ENSEMBLE_Soy/cumulative dia 14 (2026-06-01 → 2026-06-15) 51280 bytes
2026-06-01 09:33:46,976 [INFO] [OK] Brazil/ECM_ENSEMBLE_Corn_Winter/daily dia 02 (2026-06-03 → 2026-06-03) 47454 bytes
2026-06-01 09:33:47,243 [INFO] [OK] Brazil/ECM_ENSEMBLE_Corn_Winter/daily dia 04 (2026-06-05 → 2026-06-05) 43697 bytes
2026-06-01 09:33:47,253 [INFO] [OK] Brazil/ECM_ENSEMBLE_Corn_Winter/daily dia 03 (2026-06-04 → 2026-06-04) 46036 bytes
2026-06-01 09:33:47,746 [INFO] [OK] Brazil/ECM_ENSEMBLE_Corn_Winter/daily dia 05 (2026-06-06 → 2026-06-06) 43912 bytes
2026-06-01 09:33:47,903 [INFO] [OK] Brazil/ECM_ENSEMBLE_Corn_Winter/daily dia 06 (2026-06-07 → 2026-06-07) 46086 bytes
2026-06-01 09:33:48,257 [INFO] [OK] Brazil/ECM_ENSEMBLE_Corn_Winter/daily dia 07 (2026-06-08 → 2026-06-08) 46816 bytes
2026-06-01 09:33:48,313 [INFO] [OK] Brazil/ECM_ENSEMBLE_Corn_Winter/daily dia 08 (2026-06-09 → 2026-06-09) 47907 bytes
2026-06-01 09:33:48,557 [INFO] [OK] Brazil/ECM_ENSEMBLE_Corn_Winter/daily dia 09 (2026-06-10 → 2026-06-10) 48445 bytes
2026-06-01 09:33:48,581 [INFO] [OK] Brazil/ECM_ENSEMBLE_Corn_Winter/daily dia 10 (2026-06-11 → 2026-06-11) 48769 bytes
2026-06-01 09:33:49,080 [INFO] [OK] Brazil/ECM_ENSEMBLE_Corn_Winter/daily dia 11 (2026-06-12 → 2026-06-12) 48906 bytes
2026-06-01 09:33:49,246 [INFO] [OK] Brazil/ECM_ENSEMBLE_Corn_Winter/daily dia 12 (2026-06-13 → 2026-06-13) 48152 bytes
2026-06-01 09:33:49,650 [INFO] [OK] Brazil/ECM_ENSEMBLE_Corn_Winter/daily dia 13 (2026-06-14 → 2026-06-14) 48365 bytes
2026-06-01 09:33:49,719 [INFO] [OK] Brazil/ECM_ENSEMBLE_Corn_Winter/daily dia 14 (2026-06-15 → 2026-06-15) 49506 bytes
2026-06-01 09:33:49,889 [INFO] [OK] Brazil/ECM_ENSEMBLE_Corn_Winter/cumulative dia 00 (2026-06-01 → 2026-06-01) 48674 bytes
2026-06-01 09:33:49,940 [INFO] [OK] Brazil/ECM_ENSEMBLE_Corn_Winter/cumulative dia 01 (2026-06-01 → 2026-06-02) 48859 bytes
2026-06-01 09:33:50,534 [INFO] [OK] Brazil/ECM_ENSEMBLE_Corn_Winter/cumulative dia 02 (2026-06-01 → 2026-06-03) 49117 bytes
2026-06-01 09:33:50,842 [INFO] [OK] Brazil/ECM_ENSEMBLE_Corn_Winter/cumulative dia 03 (2026-06-01 → 2026-06-04) 48726 bytes
2026-06-01 09:33:51,804 [INFO] [OK] Brazil/ECM_ENSEMBLE_Corn_Winter/cumulative dia 05 (2026-06-01 → 2026-06-06) 48390 bytes
2026-06-01 09:33:51,805 [INFO] [OK] Brazil/ECM_ENSEMBLE_Corn_Winter/cumulative dia 04 (2026-06-01 → 2026-06-05) 48432 bytes
2026-06-01 09:33:51,840 [INFO] [OK] Brazil/ECM_ENSEMBLE_Corn_Winter/cumulative dia 06 (2026-06-01 → 2026-06-07) 49648 bytes
2026-06-01 09:33:52,001 [INFO] [OK] Brazil/ECM_ENSEMBLE_Corn_Winter/cumulative dia 07 (2026-06-01 → 2026-06-08) 50708 bytes
2026-06-01 09:33:52,491 [INFO] [OK] Brazil/ECM_ENSEMBLE_Corn_Winter/cumulative dia 08 (2026-06-01 → 2026-06-09) 51240 bytes
2026-06-01 09:33:52,812 [INFO] [OK] Brazil/ECM_ENSEMBLE_Corn_Winter/cumulative dia 09 (2026-06-01 → 2026-06-10) 51751 bytes
2026-06-01 09:33:53,805 [INFO] [OK] Argentina/GFS_ENSEMBLE_Soy/daily dia 00 (2026-06-01 → 2026-06-01) 35368 bytes
2026-06-01 09:33:53,994 [INFO] [OK] Brazil/ECM_ENSEMBLE_Corn_Winter/cumulative dia 10 (2026-06-01 → 2026-06-11) 52249 bytes
2026-06-01 09:33:54,078 [INFO] [OK] Brazil/ECM_ENSEMBLE_Corn_Winter/cumulative dia 11 (2026-06-01 → 2026-06-12) 51860 bytes
2026-06-01 09:33:54,206 [INFO] [OK] Brazil/ECM_ENSEMBLE_Corn_Winter/cumulative dia 12 (2026-06-01 → 2026-06-13) 51221 bytes
2026-06-01 09:33:54,403 [INFO] [OK] Brazil/ECM_ENSEMBLE_Corn_Winter/cumulative dia 13 (2026-06-01 → 2026-06-14) 50399 bytes
2026-06-01 09:33:54,896 [INFO] [OK] Argentina/GFS_ENSEMBLE_Soy/daily dia 01 (2026-06-02 → 2026-06-02) 34327 bytes
2026-06-01 09:33:54,958 [INFO] [OK] Brazil/ECM_ENSEMBLE_Corn_Winter/cumulative dia 14 (2026-06-01 → 2026-06-15) 50119 bytes
2026-06-01 09:33:54,971 [INFO] [OK] Argentina/GFS_ENSEMBLE_Soy/daily dia 02 (2026-06-03 → 2026-06-03) 34644 bytes
2026-06-01 09:33:55,154 [INFO] [OK] Argentina/GFS_ENSEMBLE_Soy/daily dia 04 (2026-06-05 → 2026-06-05) 33820 bytes
2026-06-01 09:33:55,189 [INFO] [OK] Argentina/GFS_ENSEMBLE_Soy/daily dia 03 (2026-06-04 → 2026-06-04) 33997 bytes
2026-06-01 09:33:55,395 [INFO] [OK] Argentina/GFS_ENSEMBLE_Soy/daily dia 05 (2026-06-06 → 2026-06-06) 34060 bytes
2026-06-01 09:33:55,951 [INFO] [OK] Argentina/GFS_ENSEMBLE_Soy/daily dia 06 (2026-06-07 → 2026-06-07) 35064 bytes
2026-06-01 09:33:56,039 [INFO] [OK] Argentina/GFS_ENSEMBLE_Soy/daily dia 08 (2026-06-09 → 2026-06-09) 41283 bytes
2026-06-01 09:33:56,084 [INFO] [OK] Argentina/GFS_ENSEMBLE_Soy/daily dia 07 (2026-06-08 → 2026-06-08) 38161 bytes
2026-06-01 09:33:56,150 [INFO] [OK] Argentina/GFS_ENSEMBLE_Soy/daily dia 10 (2026-06-11 → 2026-06-11) 42480 bytes
2026-06-01 09:33:56,167 [INFO] [OK] Argentina/GFS_ENSEMBLE_Soy/daily dia 09 (2026-06-10 → 2026-06-10) 42328 bytes
2026-06-01 09:33:56,529 [INFO] [OK] Argentina/GFS_ENSEMBLE_Soy/daily dia 11 (2026-06-12 → 2026-06-12) 43159 bytes
2026-06-01 09:33:57,002 [INFO] [OK] Argentina/GFS_ENSEMBLE_Soy/daily dia 12 (2026-06-13 → 2026-06-13) 42968 bytes
2026-06-01 09:33:57,041 [INFO] [OK] Argentina/GFS_ENSEMBLE_Soy/daily dia 13 (2026-06-14 → 2026-06-14) 41967 bytes
2026-06-01 09:33:57,195 [INFO] [OK] Argentina/GFS_ENSEMBLE_Soy/cumulative dia 00 (2026-06-01 → 2026-06-01) 35368 bytes
2026-06-01 09:33:57,197 [INFO] [OK] Argentina/GFS_ENSEMBLE_Soy/daily dia 14 (2026-06-15 → 2026-06-15) 44487 bytes
2026-06-01 09:33:57,250 [INFO] [OK] Argentina/GFS_ENSEMBLE_Soy/cumulative dia 01 (2026-06-01 → 2026-06-02) 35928 bytes
2026-06-01 09:33:57,605 [INFO] [OK] Argentina/GFS_ENSEMBLE_Soy/cumulative dia 02 (2026-06-01 → 2026-06-03) 35997 bytes
2026-06-01 09:33:58,341 [INFO] [OK] Argentina/GFS_ENSEMBLE_Soy/cumulative dia 04 (2026-06-01 → 2026-06-05) 36460 bytes
2026-06-01 09:33:58,394 [INFO] [OK] Argentina/GFS_ENSEMBLE_Soy/cumulative dia 03 (2026-06-01 → 2026-06-04) 36864 bytes
2026-06-01 09:33:58,453 [INFO] [OK] Argentina/GFS_ENSEMBLE_Soy/cumulative dia 05 (2026-06-01 → 2026-06-06) 37268 bytes
2026-06-01 09:33:58,455 [INFO] [OK] Argentina/GFS_ENSEMBLE_Soy/cumulative dia 06 (2026-06-01 → 2026-06-07) 37285 bytes
2026-06-01 09:33:58,519 [INFO] [OK] Argentina/GFS_ENSEMBLE_Soy/cumulative dia 07 (2026-06-01 → 2026-06-08) 38495 bytes
2026-06-01 09:33:59,030 [INFO] [OK] Argentina/GFS_ENSEMBLE_Soy/cumulative dia 08 (2026-06-01 → 2026-06-09) 39986 bytes
2026-06-01 09:33:59,757 [INFO] [OK] Argentina/GFS_ENSEMBLE_Soy/cumulative dia 09 (2026-06-01 → 2026-06-10) 41848 bytes
2026-06-01 09:33:59,957 [INFO] [OK] Argentina/GFS_ENSEMBLE_Soy/cumulative dia 10 (2026-06-01 → 2026-06-11) 42820 bytes
2026-06-01 09:34:00,225 [INFO] [OK] Argentina/GFS_ENSEMBLE_Soy/cumulative dia 11 (2026-06-01 → 2026-06-12) 42757 bytes
2026-06-01 09:34:00,272 [INFO] [OK] Argentina/GFS_ENSEMBLE_Soy/cumulative dia 13 (2026-06-01 → 2026-06-14) 43370 bytes
2026-06-01 09:34:00,331 [INFO] [OK] Argentina/GFS_ENSEMBLE_Soy/cumulative dia 12 (2026-06-01 → 2026-06-13) 42915 bytes
2026-06-01 09:34:00,749 [INFO] [OK] Argentina/GFS_ENSEMBLE_Corn_Winter/daily dia 00 (2026-06-01 → 2026-06-01) 33573 bytes
2026-06-01 09:34:00,785 [INFO] [OK] Argentina/GFS_ENSEMBLE_Soy/cumulative dia 14 (2026-06-01 → 2026-06-15) 43301 bytes
2026-06-01 09:34:00,950 [INFO] [OK] Argentina/GFS_ENSEMBLE_Corn_Winter/daily dia 01 (2026-06-02 → 2026-06-02) 32266 bytes
2026-06-01 09:34:01,204 [INFO] [OK] Argentina/GFS_ENSEMBLE_Corn_Winter/daily dia 03 (2026-06-04 → 2026-06-04) 32022 bytes
2026-06-01 09:34:01,264 [INFO] [OK] Argentina/GFS_ENSEMBLE_Corn_Winter/daily dia 02 (2026-06-03 → 2026-06-03) 32601 bytes
2026-06-01 09:34:01,392 [INFO] [OK] Argentina/GFS_ENSEMBLE_Corn_Winter/daily dia 04 (2026-06-05 → 2026-06-05) 31989 bytes
2026-06-01 09:34:01,677 [INFO] [OK] Argentina/GFS_ENSEMBLE_Corn_Winter/daily dia 05 (2026-06-06 → 2026-06-06) 32230 bytes
2026-06-01 09:34:01,738 [INFO] [OK] Argentina/GFS_ENSEMBLE_Corn_Winter/daily dia 06 (2026-06-07 → 2026-06-07) 33387 bytes
2026-06-01 09:34:01,970 [INFO] [OK] Argentina/GFS_ENSEMBLE_Corn_Winter/daily dia 07 (2026-06-08 → 2026-06-08) 36715 bytes
2026-06-01 09:34:02,211 [INFO] [OK] Argentina/GFS_ENSEMBLE_Corn_Winter/daily dia 08 (2026-06-09 → 2026-06-09) 39571 bytes
2026-06-01 09:34:02,290 [INFO] [OK] Argentina/GFS_ENSEMBLE_Corn_Winter/daily dia 09 (2026-06-10 → 2026-06-10) 40487 bytes
2026-06-01 09:34:02,418 [INFO] [OK] Argentina/GFS_ENSEMBLE_Corn_Winter/daily dia 10 (2026-06-11 → 2026-06-11) 40921 bytes
2026-06-01 09:34:02,676 [INFO] [OK] Argentina/GFS_ENSEMBLE_Corn_Winter/daily dia 11 (2026-06-12 → 2026-06-12) 41660 bytes
2026-06-01 09:34:02,766 [INFO] [OK] Argentina/GFS_ENSEMBLE_Corn_Winter/daily dia 12 (2026-06-13 → 2026-06-13) 41191 bytes
2026-06-01 09:34:04,066 [INFO] [OK] Argentina/GFS_ENSEMBLE_Corn_Winter/cumulative dia 02 (2026-06-01 → 2026-06-03) 34100 bytes
2026-06-01 09:34:04,954 [INFO] [OK] Argentina/GFS_ENSEMBLE_Corn_Winter/cumulative dia 01 (2026-06-01 → 2026-06-02) 34131 bytes
2026-06-01 09:34:04,971 [INFO] [OK] Argentina/GFS_ENSEMBLE_Corn_Winter/cumulative dia 03 (2026-06-01 → 2026-06-04) 35089 bytes
2026-06-01 09:34:04,975 [INFO] [OK] Argentina/GFS_ENSEMBLE_Corn_Winter/cumulative dia 00 (2026-06-01 → 2026-06-01) 33573 bytes
2026-06-01 09:34:04,986 [INFO] [OK] Argentina/GFS_ENSEMBLE_Corn_Winter/daily dia 14 (2026-06-15 → 2026-06-15) 42664 bytes
2026-06-01 09:34:04,997 [INFO] [OK] Argentina/GFS_ENSEMBLE_Corn_Winter/daily dia 13 (2026-06-14 → 2026-06-14) 40046 bytes
2026-06-01 09:34:06,213 [INFO] [OK] Argentina/GFS_ENSEMBLE_Corn_Winter/cumulative dia 04 (2026-06-01 → 2026-06-05) 34698 bytes
2026-06-01 09:34:06,359 [INFO] [OK] Argentina/GFS_ENSEMBLE_Corn_Winter/cumulative dia 05 (2026-06-01 → 2026-06-06) 35698 bytes
2026-06-01 09:34:06,367 [INFO] [OK] Argentina/GFS_ENSEMBLE_Corn_Winter/cumulative dia 06 (2026-06-01 → 2026-06-07) 35858 bytes
2026-06-01 09:34:06,469 [INFO] [OK] Argentina/GFS_ENSEMBLE_Corn_Winter/cumulative dia 07 (2026-06-01 → 2026-06-08) 37037 bytes
2026-06-01 09:34:06,842 [INFO] [OK] Argentina/GFS_ENSEMBLE_Corn_Winter/cumulative dia 08 (2026-06-01 → 2026-06-09) 38858 bytes
2026-06-01 09:34:07,148 [INFO] [OK] Argentina/GFS_ENSEMBLE_Corn_Winter/cumulative dia 09 (2026-06-01 → 2026-06-10) 40669 bytes
2026-06-01 09:34:07,647 [INFO] [OK] Argentina/GFS_ENSEMBLE_Corn_Winter/cumulative dia 10 (2026-06-01 → 2026-06-11) 41610 bytes
2026-06-01 09:34:08,009 [INFO] [OK] Argentina/GFS_ENSEMBLE_Corn_Winter/cumulative dia 11 (2026-06-01 → 2026-06-12) 41432 bytes
2026-06-01 09:34:08,012 [INFO] [OK] Argentina/GFS_ENSEMBLE_Corn_Winter/cumulative dia 12 (2026-06-01 → 2026-06-13) 41558 bytes
2026-06-01 09:34:08,107 [INFO] [OK] Argentina/ECM_ENSEMBLE_Soy/daily dia 00 (2026-06-01 → 2026-06-01) 40121 bytes
2026-06-01 09:34:08,168 [INFO] [OK] Argentina/GFS_ENSEMBLE_Corn_Winter/cumulative dia 13 (2026-06-01 → 2026-06-14) 42012 bytes
2026-06-01 09:34:08,560 [INFO] [OK] Argentina/GFS_ENSEMBLE_Corn_Winter/cumulative dia 14 (2026-06-01 → 2026-06-15) 41878 bytes
2026-06-01 09:34:08,758 [INFO] [OK] Argentina/ECM_ENSEMBLE_Soy/daily dia 01 (2026-06-02 → 2026-06-02) 37606 bytes
2026-06-01 09:34:08,984 [INFO] [OK] Argentina/ECM_ENSEMBLE_Soy/daily dia 02 (2026-06-03 → 2026-06-03) 37416 bytes
2026-06-01 09:34:09,017 [INFO] [OK] Argentina/ECM_ENSEMBLE_Soy/daily dia 03 (2026-06-04 → 2026-06-04) 36270 bytes
2026-06-01 09:34:09,104 [INFO] [OK] Argentina/ECM_ENSEMBLE_Soy/daily dia 05 (2026-06-06 → 2026-06-06) 36142 bytes
2026-06-01 09:34:09,166 [INFO] [OK] Argentina/ECM_ENSEMBLE_Soy/daily dia 04 (2026-06-05 → 2026-06-05) 34657 bytes
2026-06-01 09:34:09,642 [INFO] [OK] Argentina/ECM_ENSEMBLE_Soy/daily dia 06 (2026-06-07 → 2026-06-07) 37737 bytes
2026-06-01 09:34:09,855 [INFO] [OK] Argentina/ECM_ENSEMBLE_Soy/daily dia 07 (2026-06-08 → 2026-06-08) 39073 bytes
2026-06-01 09:34:10,013 [INFO] [OK] Argentina/ECM_ENSEMBLE_Soy/daily dia 08 (2026-06-09 → 2026-06-09) 42317 bytes
2026-06-01 09:34:10,051 [INFO] [OK] Argentina/ECM_ENSEMBLE_Soy/daily dia 09 (2026-06-10 → 2026-06-10) 41693 bytes
2026-06-01 09:34:10,120 [INFO] [OK] Argentina/ECM_ENSEMBLE_Soy/daily dia 10 (2026-06-11 → 2026-06-11) 40160 bytes
2026-06-01 09:34:10,233 [INFO] [OK] Argentina/ECM_ENSEMBLE_Soy/daily dia 11 (2026-06-12 → 2026-06-12) 41127 bytes
2026-06-01 09:34:10,598 [INFO] [OK] Argentina/ECM_ENSEMBLE_Soy/daily dia 12 (2026-06-13 → 2026-06-13) 39716 bytes
2026-06-01 09:34:10,771 [INFO] [OK] Argentina/ECM_ENSEMBLE_Soy/daily dia 13 (2026-06-14 → 2026-06-14) 39671 bytes
2026-06-01 09:34:11,057 [INFO] [OK] Argentina/ECM_ENSEMBLE_Soy/daily dia 14 (2026-06-15 → 2026-06-15) 41774 bytes
2026-06-01 09:34:11,254 [INFO] [OK] Argentina/ECM_ENSEMBLE_Soy/cumulative dia 01 (2026-06-01 → 2026-06-02) 39395 bytes
2026-06-01 09:34:11,263 [INFO] [OK] Argentina/ECM_ENSEMBLE_Soy/cumulative dia 00 (2026-06-01 → 2026-06-01) 40121 bytes
2026-06-01 09:34:11,300 [INFO] [OK] Argentina/ECM_ENSEMBLE_Soy/cumulative dia 02 (2026-06-01 → 2026-06-03) 39229 bytes
2026-06-01 09:34:11,673 [INFO] [OK] Argentina/ECM_ENSEMBLE_Soy/cumulative dia 03 (2026-06-01 → 2026-06-04) 38214 bytes
2026-06-01 09:34:11,904 [INFO] [OK] Argentina/ECM_ENSEMBLE_Soy/cumulative dia 04 (2026-06-01 → 2026-06-05) 37703 bytes
2026-06-01 09:34:12,246 [INFO] [OK] Argentina/ECM_ENSEMBLE_Soy/cumulative dia 05 (2026-06-01 → 2026-06-06) 37747 bytes
2026-06-01 09:34:12,522 [INFO] [OK] Argentina/ECM_ENSEMBLE_Soy/cumulative dia 06 (2026-06-01 → 2026-06-07) 39639 bytes
2026-06-01 09:34:12,584 [INFO] [OK] Argentina/ECM_ENSEMBLE_Soy/cumulative dia 07 (2026-06-01 → 2026-06-08) 40801 bytes
2026-06-01 09:34:12,635 [INFO] [OK] Argentina/ECM_ENSEMBLE_Soy/cumulative dia 08 (2026-06-01 → 2026-06-09) 41340 bytes
2026-06-01 09:34:13,049 [INFO] [OK] Argentina/ECM_ENSEMBLE_Soy/cumulative dia 09 (2026-06-01 → 2026-06-10) 42106 bytes
2026-06-01 09:34:13,324 [INFO] [OK] Argentina/ECM_ENSEMBLE_Soy/cumulative dia 10 (2026-06-01 → 2026-06-11) 42940 bytes
2026-06-01 09:34:13,759 [INFO] [OK] Argentina/ECM_ENSEMBLE_Soy/cumulative dia 11 (2026-06-01 → 2026-06-12) 42543 bytes
2026-06-01 09:34:14,038 [INFO] [OK] Argentina/ECM_ENSEMBLE_Corn_Winter/daily dia 00 (2026-06-01 → 2026-06-01) 38353 bytes
2026-06-01 09:34:14,078 [INFO] [OK] Argentina/ECM_ENSEMBLE_Soy/cumulative dia 12 (2026-06-01 → 2026-06-13) 42401 bytes
2026-06-01 09:34:14,225 [INFO] [OK] Argentina/ECM_ENSEMBLE_Soy/cumulative dia 13 (2026-06-01 → 2026-06-14) 41826 bytes
2026-06-01 09:34:14,272 [INFO] [OK] Argentina/ECM_ENSEMBLE_Corn_Winter/daily dia 01 (2026-06-02 → 2026-06-02) 35857 bytes
2026-06-01 09:34:14,329 [INFO] [OK] Argentina/ECM_ENSEMBLE_Soy/cumulative dia 14 (2026-06-01 → 2026-06-15) 41607 bytes
2026-06-01 09:34:14,697 [INFO] [OK] Argentina/ECM_ENSEMBLE_Corn_Winter/daily dia 02 (2026-06-03 → 2026-06-03) 35744 bytes
2026-06-01 09:34:14,972 [INFO] [OK] Argentina/ECM_ENSEMBLE_Corn_Winter/daily dia 03 (2026-06-04 → 2026-06-04) 34636 bytes
2026-06-01 09:34:15,153 [INFO] [OK] Argentina/ECM_ENSEMBLE_Corn_Winter/daily dia 04 (2026-06-05 → 2026-06-05) 33167 bytes
2026-06-01 09:34:15,246 [INFO] [OK] Argentina/ECM_ENSEMBLE_Corn_Winter/daily dia 05 (2026-06-06 → 2026-06-06) 34489 bytes
2026-06-01 09:34:15,249 [INFO] [OK] Argentina/ECM_ENSEMBLE_Corn_Winter/daily dia 06 (2026-06-07 → 2026-06-07) 35815 bytes
2026-06-01 09:34:15,307 [INFO] [OK] Argentina/ECM_ENSEMBLE_Corn_Winter/daily dia 07 (2026-06-08 → 2026-06-08) 37538 bytes
2026-06-01 09:34:15,725 [INFO] [OK] Argentina/ECM_ENSEMBLE_Corn_Winter/daily dia 08 (2026-06-09 → 2026-06-09) 40799 bytes
2026-06-01 09:34:15,925 [INFO] [OK] Argentina/ECM_ENSEMBLE_Corn_Winter/daily dia 09 (2026-06-10 → 2026-06-10) 40213 bytes
2026-06-01 09:34:16,137 [INFO] [OK] Argentina/ECM_ENSEMBLE_Corn_Winter/daily dia 10 (2026-06-11 → 2026-06-11) 38455 bytes
2026-06-01 09:34:16,196 [INFO] [OK] Argentina/ECM_ENSEMBLE_Corn_Winter/daily dia 12 (2026-06-13 → 2026-06-13) 38111 bytes
2026-06-01 09:34:16,229 [INFO] [OK] Argentina/ECM_ENSEMBLE_Corn_Winter/daily dia 11 (2026-06-12 → 2026-06-12) 39303 bytes
2026-06-01 09:34:16,258 [INFO] [OK] Argentina/ECM_ENSEMBLE_Corn_Winter/daily dia 13 (2026-06-14 → 2026-06-14) 37985 bytes
2026-06-01 09:34:16,814 [INFO] [OK] Argentina/ECM_ENSEMBLE_Corn_Winter/daily dia 14 (2026-06-15 → 2026-06-15) 39995 bytes
2026-06-01 09:34:16,921 [INFO] [OK] Argentina/ECM_ENSEMBLE_Corn_Winter/cumulative dia 00 (2026-06-01 → 2026-06-01) 38353 bytes
2026-06-01 09:34:17,204 [INFO] [OK] Argentina/ECM_ENSEMBLE_Corn_Winter/cumulative dia 01 (2026-06-01 → 2026-06-02) 37761 bytes
2026-06-01 09:34:17,344 [INFO] [OK] Argentina/ECM_ENSEMBLE_Corn_Winter/cumulative dia 02 (2026-06-01 → 2026-06-03) 37699 bytes
2026-06-01 09:34:17,347 [INFO] [OK] Argentina/ECM_ENSEMBLE_Corn_Winter/cumulative dia 03 (2026-06-01 → 2026-06-04) 36838 bytes
2026-06-01 09:34:17,446 [INFO] [OK] Argentina/ECM_ENSEMBLE_Corn_Winter/cumulative dia 04 (2026-06-01 → 2026-06-05) 36290 bytes
2026-06-01 09:34:18,082 [INFO] [OK] Argentina/ECM_ENSEMBLE_Corn_Winter/cumulative dia 05 (2026-06-01 → 2026-06-06) 36577 bytes
2026-06-01 09:34:18,235 [INFO] [OK] Argentina/ECM_ENSEMBLE_Corn_Winter/cumulative dia 06 (2026-06-01 → 2026-06-07) 38441 bytes
2026-06-01 09:34:18,511 [INFO] [OK] Argentina/ECM_ENSEMBLE_Corn_Winter/cumulative dia 07 (2026-06-01 → 2026-06-08) 39451 bytes
2026-06-01 09:34:18,715 [INFO] [OK] Argentina/ECM_ENSEMBLE_Corn_Winter/cumulative dia 08 (2026-06-01 → 2026-06-09) 40114 bytes
2026-06-01 09:34:18,859 [INFO] [OK] Argentina/ECM_ENSEMBLE_Corn_Winter/cumulative dia 09 (2026-06-01 → 2026-06-10) 40961 bytes
2026-06-01 09:34:18,937 [INFO] [OK] Argentina/ECM_ENSEMBLE_Corn_Winter/cumulative dia 10 (2026-06-01 → 2026-06-11) 41774 bytes
2026-06-01 09:34:19,564 [INFO] [OK] Argentina/ECM_ENSEMBLE_Corn_Winter/cumulative dia 11 (2026-06-01 → 2026-06-12) 41163 bytes
2026-06-01 09:34:19,875 [INFO] [OK] Argentina/ECM_ENSEMBLE_Corn_Winter/cumulative dia 12 (2026-06-01 → 2026-06-13) 40830 bytes
2026-06-01 09:34:20,269 [INFO] [OK] Argentina/ECM_ENSEMBLE_Corn_Winter/cumulative dia 13 (2026-06-01 → 2026-06-14) 40356 bytes
2026-06-01 09:34:20,442 [INFO] [OK] Argentina/ECM_ENSEMBLE_Corn_Winter/cumulative dia 14 (2026-06-01 → 2026-06-15) 40113 bytes
2026-06-01 09:34:20,451 [INFO] Resumo: 240/240 sucessos, 0 erros
2026-06-01 09:34:22,018 [INFO] [CLEANUP] Removidas 72 pastas de histórico anteriores a 2026-05-02
2026-06-01 09:34:22,040 [INFO] Manifest: C:\Users\server\OneDrive - CGB Enterprises, Inc\ZGC-PBI Research - Documents\Dataset Data Files\Weather_maps\manifest.json
2026-06-01 09:34:22,041 [INFO] [GIT] Iniciando sincronização com GitHub...
