2026-05-08 09:33:18,892 [INFO] === Execução 2026-05-08 | modo=both | dias=15 | parâmetro=PRCP_DEP ===
2026-05-08 09:33:18,893 [INFO] Baixando 240 mapas com 6 threads...
2026-05-08 09:33:21,399 [INFO] [OK] Brazil/GFS_ENSEMBLE_Soy/daily dia 03 (2026-05-11 → 2026-05-11) 38109 bytes
2026-05-08 09:33:21,437 [INFO] [OK] Brazil/GFS_ENSEMBLE_Soy/daily dia 02 (2026-05-10 → 2026-05-10) 42076 bytes
2026-05-08 09:33:21,651 [INFO] [OK] Brazil/GFS_ENSEMBLE_Soy/daily dia 05 (2026-05-13 → 2026-05-13) 40697 bytes
2026-05-08 09:33:21,683 [INFO] [OK] Brazil/GFS_ENSEMBLE_Soy/daily dia 04 (2026-05-12 → 2026-05-12) 39067 bytes
2026-05-08 09:33:21,765 [INFO] [OK] Brazil/GFS_ENSEMBLE_Soy/daily dia 00 (2026-05-08 → 2026-05-08) 46821 bytes
2026-05-08 09:33:21,841 [INFO] [OK] Brazil/GFS_ENSEMBLE_Soy/daily dia 01 (2026-05-09 → 2026-05-09) 46124 bytes
2026-05-08 09:33:22,864 [INFO] [OK] Brazil/GFS_ENSEMBLE_Soy/daily dia 07 (2026-05-15 → 2026-05-15) 49722 bytes
2026-05-08 09:33:22,916 [INFO] [OK] Brazil/GFS_ENSEMBLE_Soy/daily dia 06 (2026-05-14 → 2026-05-14) 46003 bytes
2026-05-08 09:33:23,186 [INFO] [OK] Brazil/GFS_ENSEMBLE_Soy/daily dia 08 (2026-05-16 → 2026-05-16) 49879 bytes
2026-05-08 09:33:23,251 [INFO] [OK] Brazil/GFS_ENSEMBLE_Soy/daily dia 10 (2026-05-18 → 2026-05-18) 50176 bytes
2026-05-08 09:33:23,280 [INFO] [OK] Brazil/GFS_ENSEMBLE_Soy/daily dia 09 (2026-05-17 → 2026-05-17) 48613 bytes
2026-05-08 09:33:23,377 [INFO] [OK] Brazil/GFS_ENSEMBLE_Soy/daily dia 11 (2026-05-19 → 2026-05-19) 51462 bytes
2026-05-08 09:33:24,209 [INFO] [OK] Brazil/GFS_ENSEMBLE_Soy/daily dia 12 (2026-05-20 → 2026-05-20) 55355 bytes
2026-05-08 09:33:24,416 [INFO] [OK] Brazil/GFS_ENSEMBLE_Soy/daily dia 13 (2026-05-21 → 2026-05-21) 54325 bytes
2026-05-08 09:33:24,550 [INFO] [OK] Brazil/GFS_ENSEMBLE_Soy/daily dia 14 (2026-05-22 → 2026-05-22) 53987 bytes
2026-05-08 09:33:24,634 [INFO] [OK] Brazil/GFS_ENSEMBLE_Soy/cumulative dia 00 (2026-05-08 → 2026-05-08) 46821 bytes
2026-05-08 09:33:24,767 [INFO] [OK] Brazil/GFS_ENSEMBLE_Soy/cumulative dia 01 (2026-05-08 → 2026-05-09) 47323 bytes
2026-05-08 09:33:24,906 [INFO] [OK] Brazil/GFS_ENSEMBLE_Soy/cumulative dia 02 (2026-05-08 → 2026-05-10) 47462 bytes
2026-05-08 09:33:26,085 [INFO] [OK] Brazil/GFS_ENSEMBLE_Soy/cumulative dia 03 (2026-05-08 → 2026-05-11) 47516 bytes
2026-05-08 09:33:26,402 [INFO] [OK] Brazil/GFS_ENSEMBLE_Soy/cumulative dia 04 (2026-05-08 → 2026-05-12) 47749 bytes
2026-05-08 09:33:26,446 [INFO] [OK] Brazil/GFS_ENSEMBLE_Soy/cumulative dia 05 (2026-05-08 → 2026-05-13) 48128 bytes
2026-05-08 09:33:26,757 [INFO] [OK] Brazil/GFS_ENSEMBLE_Soy/cumulative dia 06 (2026-05-08 → 2026-05-14) 47847 bytes
2026-05-08 09:33:26,879 [INFO] [OK] Brazil/GFS_ENSEMBLE_Soy/cumulative dia 07 (2026-05-08 → 2026-05-15) 48397 bytes
2026-05-08 09:33:27,103 [INFO] [OK] Brazil/GFS_ENSEMBLE_Soy/cumulative dia 08 (2026-05-08 → 2026-05-16) 49851 bytes
2026-05-08 09:33:28,207 [INFO] [OK] Brazil/GFS_ENSEMBLE_Soy/cumulative dia 09 (2026-05-08 → 2026-05-17) 50626 bytes
2026-05-08 09:33:29,053 [INFO] [OK] Brazil/GFS_ENSEMBLE_Soy/cumulative dia 10 (2026-05-08 → 2026-05-18) 50940 bytes
2026-05-08 09:33:29,091 [INFO] [OK] Brazil/GFS_ENSEMBLE_Soy/cumulative dia 11 (2026-05-08 → 2026-05-19) 51247 bytes
2026-05-08 09:33:29,538 [INFO] [OK] Brazil/GFS_ENSEMBLE_Soy/cumulative dia 12 (2026-05-08 → 2026-05-20) 51657 bytes
2026-05-08 09:33:29,605 [INFO] [OK] Brazil/GFS_ENSEMBLE_Corn_Winter/daily dia 00 (2026-05-08 → 2026-05-08) 45321 bytes
2026-05-08 09:33:29,706 [INFO] [OK] Brazil/GFS_ENSEMBLE_Soy/cumulative dia 13 (2026-05-08 → 2026-05-21) 51518 bytes
2026-05-08 09:33:29,934 [INFO] [OK] Brazil/GFS_ENSEMBLE_Soy/cumulative dia 14 (2026-05-08 → 2026-05-22) 51721 bytes
2026-05-08 09:33:30,445 [INFO] [OK] Brazil/GFS_ENSEMBLE_Corn_Winter/daily dia 02 (2026-05-10 → 2026-05-10) 40486 bytes
2026-05-08 09:33:30,572 [INFO] [OK] Brazil/GFS_ENSEMBLE_Corn_Winter/daily dia 01 (2026-05-09 → 2026-05-09) 44965 bytes
2026-05-08 09:33:30,919 [INFO] [OK] Brazil/GFS_ENSEMBLE_Corn_Winter/daily dia 03 (2026-05-11 → 2026-05-11) 36331 bytes
2026-05-08 09:33:30,992 [INFO] [OK] Brazil/GFS_ENSEMBLE_Corn_Winter/daily dia 04 (2026-05-12 → 2026-05-12) 37317 bytes
2026-05-08 09:33:31,196 [INFO] [OK] Brazil/GFS_ENSEMBLE_Corn_Winter/daily dia 05 (2026-05-13 → 2026-05-13) 39158 bytes
2026-05-08 09:33:31,340 [INFO] [OK] Brazil/GFS_ENSEMBLE_Corn_Winter/daily dia 06 (2026-05-14 → 2026-05-14) 44399 bytes
2026-05-08 09:33:31,878 [INFO] [OK] Brazil/GFS_ENSEMBLE_Corn_Winter/daily dia 07 (2026-05-15 → 2026-05-15) 48159 bytes
2026-05-08 09:33:31,928 [INFO] [OK] Brazil/GFS_ENSEMBLE_Corn_Winter/daily dia 08 (2026-05-16 → 2026-05-16) 47996 bytes
2026-05-08 09:33:32,278 [INFO] [OK] Brazil/GFS_ENSEMBLE_Corn_Winter/daily dia 09 (2026-05-17 → 2026-05-17) 46799 bytes
2026-05-08 09:33:32,313 [INFO] [OK] Brazil/GFS_ENSEMBLE_Corn_Winter/daily dia 10 (2026-05-18 → 2026-05-18) 48582 bytes
2026-05-08 09:33:32,671 [INFO] [OK] Brazil/GFS_ENSEMBLE_Corn_Winter/daily dia 11 (2026-05-19 → 2026-05-19) 50089 bytes
2026-05-08 09:33:32,674 [INFO] [OK] Brazil/GFS_ENSEMBLE_Corn_Winter/daily dia 12 (2026-05-20 → 2026-05-20) 53866 bytes
2026-05-08 09:33:33,315 [INFO] [OK] Brazil/GFS_ENSEMBLE_Corn_Winter/daily dia 13 (2026-05-21 → 2026-05-21) 52280 bytes
2026-05-08 09:33:33,362 [INFO] [OK] Brazil/GFS_ENSEMBLE_Corn_Winter/daily dia 14 (2026-05-22 → 2026-05-22) 52266 bytes
2026-05-08 09:33:33,670 [INFO] [OK] Brazil/GFS_ENSEMBLE_Corn_Winter/cumulative dia 00 (2026-05-08 → 2026-05-08) 45321 bytes
2026-05-08 09:33:33,766 [INFO] [OK] Brazil/GFS_ENSEMBLE_Corn_Winter/cumulative dia 01 (2026-05-08 → 2026-05-09) 46083 bytes
2026-05-08 09:33:34,246 [INFO] [OK] Brazil/GFS_ENSEMBLE_Corn_Winter/cumulative dia 02 (2026-05-08 → 2026-05-10) 45971 bytes
2026-05-08 09:33:34,315 [INFO] [OK] Brazil/GFS_ENSEMBLE_Corn_Winter/cumulative dia 03 (2026-05-08 → 2026-05-11) 46066 bytes
2026-05-08 09:33:35,187 [INFO] [OK] Brazil/GFS_ENSEMBLE_Corn_Winter/cumulative dia 04 (2026-05-08 → 2026-05-12) 46317 bytes
2026-05-08 09:33:35,192 [INFO] [OK] Brazil/GFS_ENSEMBLE_Corn_Winter/cumulative dia 05 (2026-05-08 → 2026-05-13) 46491 bytes
2026-05-08 09:33:35,624 [INFO] [OK] Brazil/GFS_ENSEMBLE_Corn_Winter/cumulative dia 06 (2026-05-08 → 2026-05-14) 46342 bytes
2026-05-08 09:33:35,669 [INFO] [OK] Brazil/GFS_ENSEMBLE_Corn_Winter/cumulative dia 07 (2026-05-08 → 2026-05-15) 46919 bytes
2026-05-08 09:33:36,302 [INFO] [OK] Brazil/GFS_ENSEMBLE_Corn_Winter/cumulative dia 08 (2026-05-08 → 2026-05-16) 48375 bytes
2026-05-08 09:33:36,383 [INFO] [OK] Brazil/GFS_ENSEMBLE_Corn_Winter/cumulative dia 09 (2026-05-08 → 2026-05-17) 49147 bytes
2026-05-08 09:33:37,383 [INFO] [OK] Brazil/GFS_ENSEMBLE_Corn_Winter/cumulative dia 10 (2026-05-08 → 2026-05-18) 49347 bytes
2026-05-08 09:33:37,465 [INFO] [OK] Brazil/GFS_ENSEMBLE_Corn_Winter/cumulative dia 11 (2026-05-08 → 2026-05-19) 49502 bytes
2026-05-08 09:33:37,794 [INFO] [OK] Brazil/ECM_ENSEMBLE_Soy/daily dia 00 (2026-05-08 → 2026-05-08) 49713 bytes
2026-05-08 09:33:38,251 [INFO] [OK] Brazil/GFS_ENSEMBLE_Corn_Winter/cumulative dia 13 (2026-05-08 → 2026-05-21) 49752 bytes
2026-05-08 09:33:38,302 [INFO] [OK] Brazil/GFS_ENSEMBLE_Corn_Winter/cumulative dia 12 (2026-05-08 → 2026-05-20) 49816 bytes
2026-05-08 09:33:38,793 [INFO] [OK] Brazil/ECM_ENSEMBLE_Soy/daily dia 01 (2026-05-09 → 2026-05-09) 48762 bytes
2026-05-08 09:33:38,835 [INFO] [OK] Brazil/ECM_ENSEMBLE_Soy/daily dia 02 (2026-05-10 → 2026-05-10) 43162 bytes
2026-05-08 09:33:38,844 [INFO] [OK] Brazil/GFS_ENSEMBLE_Corn_Winter/cumulative dia 14 (2026-05-08 → 2026-05-22) 49883 bytes
2026-05-08 09:33:39,208 [INFO] [OK] Brazil/ECM_ENSEMBLE_Soy/daily dia 03 (2026-05-11 → 2026-05-11) 38524 bytes
2026-05-08 09:33:39,644 [INFO] [OK] Brazil/ECM_ENSEMBLE_Soy/daily dia 04 (2026-05-12 → 2026-05-12) 39446 bytes
2026-05-08 09:33:39,884 [INFO] [OK] Brazil/ECM_ENSEMBLE_Soy/daily dia 05 (2026-05-13 → 2026-05-13) 42334 bytes
2026-05-08 09:33:40,304 [INFO] [OK] Brazil/ECM_ENSEMBLE_Soy/daily dia 07 (2026-05-15 → 2026-05-15) 53060 bytes
2026-05-08 09:33:40,387 [INFO] [OK] Brazil/ECM_ENSEMBLE_Soy/daily dia 06 (2026-05-14 → 2026-05-14) 48435 bytes
2026-05-08 09:33:40,509 [INFO] [OK] Brazil/ECM_ENSEMBLE_Soy/daily dia 08 (2026-05-16 → 2026-05-16) 53640 bytes
2026-05-08 09:33:40,672 [INFO] [OK] Brazil/ECM_ENSEMBLE_Soy/daily dia 09 (2026-05-17 → 2026-05-17) 52678 bytes
2026-05-08 09:33:41,138 [INFO] [OK] Brazil/ECM_ENSEMBLE_Soy/daily dia 10 (2026-05-18 → 2026-05-18) 53519 bytes
2026-05-08 09:33:41,294 [INFO] [OK] Brazil/ECM_ENSEMBLE_Soy/daily dia 11 (2026-05-19 → 2026-05-19) 54771 bytes
2026-05-08 09:33:41,650 [INFO] [OK] Brazil/ECM_ENSEMBLE_Soy/daily dia 12 (2026-05-20 → 2026-05-20) 55324 bytes
2026-05-08 09:33:41,702 [INFO] [OK] Brazil/ECM_ENSEMBLE_Soy/daily dia 13 (2026-05-21 → 2026-05-21) 54918 bytes
2026-05-08 09:33:41,846 [INFO] [OK] Brazil/ECM_ENSEMBLE_Soy/daily dia 14 (2026-05-22 → 2026-05-22) 53505 bytes
2026-05-08 09:33:42,163 [INFO] [OK] Brazil/ECM_ENSEMBLE_Soy/cumulative dia 00 (2026-05-08 → 2026-05-08) 49713 bytes
2026-05-08 09:33:42,626 [INFO] [OK] Brazil/ECM_ENSEMBLE_Soy/cumulative dia 01 (2026-05-08 → 2026-05-09) 49809 bytes
2026-05-08 09:33:42,838 [INFO] [OK] Brazil/ECM_ENSEMBLE_Soy/cumulative dia 02 (2026-05-08 → 2026-05-10) 49209 bytes
2026-05-08 09:33:43,365 [INFO] [OK] Brazil/ECM_ENSEMBLE_Soy/cumulative dia 04 (2026-05-08 → 2026-05-12) 48983 bytes
2026-05-08 09:33:43,494 [INFO] [OK] Brazil/ECM_ENSEMBLE_Soy/cumulative dia 03 (2026-05-08 → 2026-05-11) 49367 bytes
2026-05-08 09:33:43,714 [INFO] [OK] Brazil/ECM_ENSEMBLE_Soy/cumulative dia 05 (2026-05-08 → 2026-05-13) 48617 bytes
2026-05-08 09:33:44,363 [INFO] [OK] Brazil/ECM_ENSEMBLE_Soy/cumulative dia 06 (2026-05-08 → 2026-05-14) 49014 bytes
2026-05-08 09:33:45,028 [INFO] [OK] Brazil/ECM_ENSEMBLE_Soy/cumulative dia 07 (2026-05-08 → 2026-05-15) 50440 bytes
2026-05-08 09:33:45,519 [INFO] [OK] Brazil/ECM_ENSEMBLE_Soy/cumulative dia 08 (2026-05-08 → 2026-05-16) 51947 bytes
2026-05-08 09:33:45,743 [INFO] [OK] Brazil/ECM_ENSEMBLE_Soy/cumulative dia 09 (2026-05-08 → 2026-05-17) 52406 bytes
2026-05-08 09:33:45,946 [INFO] [OK] Brazil/ECM_ENSEMBLE_Soy/cumulative dia 10 (2026-05-08 → 2026-05-18) 53101 bytes
2026-05-08 09:33:46,261 [INFO] [OK] Brazil/ECM_ENSEMBLE_Soy/cumulative dia 11 (2026-05-08 → 2026-05-19) 53232 bytes
2026-05-08 09:33:46,759 [INFO] [OK] Brazil/ECM_ENSEMBLE_Soy/cumulative dia 12 (2026-05-08 → 2026-05-20) 53128 bytes
2026-05-08 09:33:47,065 [INFO] [OK] Brazil/ECM_ENSEMBLE_Corn_Winter/daily dia 00 (2026-05-08 → 2026-05-08) 48166 bytes
2026-05-08 09:33:47,297 [INFO] [OK] Brazil/ECM_ENSEMBLE_Soy/cumulative dia 13 (2026-05-08 → 2026-05-21) 53116 bytes
2026-05-08 09:33:47,608 [INFO] [OK] Brazil/ECM_ENSEMBLE_Corn_Winter/daily dia 01 (2026-05-09 → 2026-05-09) 47586 bytes
2026-05-08 09:33:47,612 [INFO] [OK] Brazil/ECM_ENSEMBLE_Corn_Winter/daily dia 02 (2026-05-10 → 2026-05-10) 41485 bytes
2026-05-08 09:33:48,012 [INFO] [OK] Brazil/ECM_ENSEMBLE_Soy/cumulative dia 14 (2026-05-08 → 2026-05-22) 53198 bytes
2026-05-08 09:33:48,065 [INFO] [OK] Brazil/ECM_ENSEMBLE_Corn_Winter/daily dia 03 (2026-05-11 → 2026-05-11) 36767 bytes
2026-05-08 09:33:48,341 [INFO] [OK] Brazil/ECM_ENSEMBLE_Corn_Winter/daily dia 04 (2026-05-12 → 2026-05-12) 37899 bytes
2026-05-08 09:33:48,630 [INFO] [OK] Brazil/ECM_ENSEMBLE_Corn_Winter/daily dia 05 (2026-05-13 → 2026-05-13) 40548 bytes
2026-05-08 09:33:48,985 [INFO] [OK] Brazil/ECM_ENSEMBLE_Corn_Winter/daily dia 06 (2026-05-14 → 2026-05-14) 46781 bytes
2026-05-08 09:33:49,001 [INFO] [OK] Brazil/ECM_ENSEMBLE_Corn_Winter/daily dia 07 (2026-05-15 → 2026-05-15) 51999 bytes
2026-05-08 09:33:49,537 [INFO] [OK] Brazil/ECM_ENSEMBLE_Corn_Winter/daily dia 09 (2026-05-17 → 2026-05-17) 50983 bytes
2026-05-08 09:33:49,561 [INFO] [OK] Brazil/ECM_ENSEMBLE_Corn_Winter/daily dia 08 (2026-05-16 → 2026-05-16) 52029 bytes
2026-05-08 09:33:49,731 [INFO] [OK] Brazil/ECM_ENSEMBLE_Corn_Winter/daily dia 10 (2026-05-18 → 2026-05-18) 51994 bytes
2026-05-08 09:33:49,949 [INFO] [OK] Brazil/ECM_ENSEMBLE_Corn_Winter/daily dia 11 (2026-05-19 → 2026-05-19) 53313 bytes
2026-05-08 09:33:50,307 [INFO] [OK] Brazil/ECM_ENSEMBLE_Corn_Winter/daily dia 12 (2026-05-20 → 2026-05-20) 53549 bytes
2026-05-08 09:33:50,326 [INFO] [OK] Brazil/ECM_ENSEMBLE_Corn_Winter/daily dia 13 (2026-05-21 → 2026-05-21) 53315 bytes
2026-05-08 09:33:50,887 [INFO] [OK] Brazil/ECM_ENSEMBLE_Corn_Winter/daily dia 14 (2026-05-22 → 2026-05-22) 51289 bytes
2026-05-08 09:33:50,893 [INFO] [OK] Brazil/ECM_ENSEMBLE_Corn_Winter/cumulative dia 00 (2026-05-08 → 2026-05-08) 48166 bytes
2026-05-08 09:33:51,091 [INFO] [OK] Brazil/ECM_ENSEMBLE_Corn_Winter/cumulative dia 01 (2026-05-08 → 2026-05-09) 48520 bytes
2026-05-08 09:33:51,478 [INFO] [OK] Brazil/ECM_ENSEMBLE_Corn_Winter/cumulative dia 02 (2026-05-08 → 2026-05-10) 48015 bytes
2026-05-08 09:33:51,844 [INFO] [OK] Brazil/ECM_ENSEMBLE_Corn_Winter/cumulative dia 03 (2026-05-08 → 2026-05-11) 48116 bytes
2026-05-08 09:33:51,968 [INFO] [OK] Brazil/ECM_ENSEMBLE_Corn_Winter/cumulative dia 04 (2026-05-08 → 2026-05-12) 47782 bytes
2026-05-08 09:33:52,634 [INFO] [OK] Brazil/ECM_ENSEMBLE_Corn_Winter/cumulative dia 05 (2026-05-08 → 2026-05-13) 47434 bytes
2026-05-08 09:33:52,676 [INFO] [OK] Brazil/ECM_ENSEMBLE_Corn_Winter/cumulative dia 06 (2026-05-08 → 2026-05-14) 47721 bytes
2026-05-08 09:33:52,976 [INFO] [OK] Brazil/ECM_ENSEMBLE_Corn_Winter/cumulative dia 07 (2026-05-08 → 2026-05-15) 49158 bytes
2026-05-08 09:33:53,445 [INFO] [OK] Brazil/ECM_ENSEMBLE_Corn_Winter/cumulative dia 08 (2026-05-08 → 2026-05-16) 50690 bytes
2026-05-08 09:33:54,092 [INFO] [OK] Brazil/ECM_ENSEMBLE_Corn_Winter/cumulative dia 09 (2026-05-08 → 2026-05-17) 51154 bytes
2026-05-08 09:33:54,759 [INFO] [OK] Brazil/ECM_ENSEMBLE_Corn_Winter/cumulative dia 10 (2026-05-08 → 2026-05-18) 51765 bytes
2026-05-08 09:33:55,316 [INFO] [OK] Argentina/GFS_ENSEMBLE_Soy/daily dia 00 (2026-05-08 → 2026-05-08) 37381 bytes
2026-05-08 09:33:56,228 [INFO] [OK] Argentina/GFS_ENSEMBLE_Soy/daily dia 01 (2026-05-09 → 2026-05-09) 36651 bytes
2026-05-08 09:33:56,525 [INFO] [OK] Argentina/GFS_ENSEMBLE_Soy/daily dia 02 (2026-05-10 → 2026-05-10) 30697 bytes
2026-05-08 09:33:56,608 [INFO] [OK] Brazil/ECM_ENSEMBLE_Corn_Winter/cumulative dia 11 (2026-05-08 → 2026-05-19) 51770 bytes
2026-05-08 09:33:56,816 [INFO] [OK] Brazil/ECM_ENSEMBLE_Corn_Winter/cumulative dia 12 (2026-05-08 → 2026-05-20) 51512 bytes
2026-05-08 09:33:57,088 [INFO] [OK] Brazil/ECM_ENSEMBLE_Corn_Winter/cumulative dia 13 (2026-05-08 → 2026-05-21) 51689 bytes
2026-05-08 09:33:57,189 [INFO] [OK] Brazil/ECM_ENSEMBLE_Corn_Winter/cumulative dia 14 (2026-05-08 → 2026-05-22) 51822 bytes
2026-05-08 09:33:57,198 [INFO] [OK] Argentina/GFS_ENSEMBLE_Soy/daily dia 03 (2026-05-11 → 2026-05-11) 27734 bytes
2026-05-08 09:33:57,501 [INFO] [OK] Argentina/GFS_ENSEMBLE_Soy/daily dia 04 (2026-05-12 → 2026-05-12) 29422 bytes
2026-05-08 09:33:57,575 [INFO] [OK] Argentina/GFS_ENSEMBLE_Soy/daily dia 05 (2026-05-13 → 2026-05-13) 29442 bytes
2026-05-08 09:33:57,765 [INFO] [OK] Argentina/GFS_ENSEMBLE_Soy/daily dia 06 (2026-05-14 → 2026-05-14) 35145 bytes
2026-05-08 09:33:58,106 [INFO] [OK] Argentina/GFS_ENSEMBLE_Soy/daily dia 07 (2026-05-15 → 2026-05-15) 38360 bytes
2026-05-08 09:33:58,326 [INFO] [OK] Argentina/GFS_ENSEMBLE_Soy/daily dia 09 (2026-05-17 → 2026-05-17) 38865 bytes
2026-05-08 09:33:58,338 [INFO] [OK] Argentina/GFS_ENSEMBLE_Soy/daily dia 08 (2026-05-16 → 2026-05-16) 39928 bytes
2026-05-08 09:33:58,545 [INFO] [OK] Argentina/GFS_ENSEMBLE_Soy/daily dia 10 (2026-05-18 → 2026-05-18) 41322 bytes
2026-05-08 09:33:58,565 [INFO] [OK] Argentina/GFS_ENSEMBLE_Soy/daily dia 11 (2026-05-19 → 2026-05-19) 42224 bytes
2026-05-08 09:33:58,782 [INFO] [OK] Argentina/GFS_ENSEMBLE_Soy/daily dia 12 (2026-05-20 → 2026-05-20) 45567 bytes
2026-05-08 09:33:59,170 [INFO] [OK] Argentina/GFS_ENSEMBLE_Soy/daily dia 13 (2026-05-21 → 2026-05-21) 45137 bytes
2026-05-08 09:33:59,352 [INFO] [OK] Argentina/GFS_ENSEMBLE_Soy/cumulative dia 00 (2026-05-08 → 2026-05-08) 37381 bytes
2026-05-08 09:33:59,425 [INFO] [OK] Argentina/GFS_ENSEMBLE_Soy/daily dia 14 (2026-05-22 → 2026-05-22) 44832 bytes
2026-05-08 09:33:59,629 [INFO] [OK] Argentina/GFS_ENSEMBLE_Soy/cumulative dia 01 (2026-05-08 → 2026-05-09) 38103 bytes
2026-05-08 09:33:59,682 [INFO] [OK] Argentina/GFS_ENSEMBLE_Soy/cumulative dia 02 (2026-05-08 → 2026-05-10) 37646 bytes
2026-05-08 09:33:59,925 [INFO] [OK] Argentina/GFS_ENSEMBLE_Soy/cumulative dia 03 (2026-05-08 → 2026-05-11) 37524 bytes
2026-05-08 09:34:00,350 [INFO] [OK] Argentina/GFS_ENSEMBLE_Soy/cumulative dia 04 (2026-05-08 → 2026-05-12) 37587 bytes
2026-05-08 09:34:00,783 [INFO] [OK] Argentina/GFS_ENSEMBLE_Soy/cumulative dia 05 (2026-05-08 → 2026-05-13) 37671 bytes
2026-05-08 09:34:00,800 [INFO] [OK] Argentina/GFS_ENSEMBLE_Soy/cumulative dia 06 (2026-05-08 → 2026-05-14) 37684 bytes
2026-05-08 09:34:01,091 [INFO] [OK] Argentina/GFS_ENSEMBLE_Soy/cumulative dia 07 (2026-05-08 → 2026-05-15) 38430 bytes
2026-05-08 09:34:01,170 [INFO] [OK] Argentina/GFS_ENSEMBLE_Soy/cumulative dia 08 (2026-05-08 → 2026-05-16) 39897 bytes
2026-05-08 09:34:01,371 [INFO] [OK] Argentina/GFS_ENSEMBLE_Soy/cumulative dia 09 (2026-05-08 → 2026-05-17) 40292 bytes
2026-05-08 09:34:01,793 [INFO] [OK] Argentina/GFS_ENSEMBLE_Soy/cumulative dia 10 (2026-05-08 → 2026-05-18) 40486 bytes
2026-05-08 09:34:02,738 [INFO] [OK] Argentina/GFS_ENSEMBLE_Corn_Winter/daily dia 00 (2026-05-08 → 2026-05-08) 35523 bytes
2026-05-08 09:34:02,875 [INFO] [OK] Argentina/GFS_ENSEMBLE_Soy/cumulative dia 11 (2026-05-08 → 2026-05-19) 41030 bytes
2026-05-08 09:34:02,899 [INFO] [OK] Argentina/GFS_ENSEMBLE_Soy/cumulative dia 12 (2026-05-08 → 2026-05-20) 41441 bytes
2026-05-08 09:34:02,902 [INFO] [OK] Argentina/GFS_ENSEMBLE_Soy/cumulative dia 14 (2026-05-08 → 2026-05-22) 41816 bytes
2026-05-08 09:34:02,926 [INFO] [OK] Argentina/GFS_ENSEMBLE_Corn_Winter/daily dia 01 (2026-05-09 → 2026-05-09) 35273 bytes
2026-05-08 09:34:03,164 [INFO] [OK] Argentina/GFS_ENSEMBLE_Soy/cumulative dia 13 (2026-05-08 → 2026-05-21) 41602 bytes
2026-05-08 09:34:03,670 [INFO] [OK] Argentina/GFS_ENSEMBLE_Corn_Winter/daily dia 02 (2026-05-10 → 2026-05-10) 29004 bytes
2026-05-08 09:34:03,896 [INFO] [OK] Argentina/GFS_ENSEMBLE_Corn_Winter/daily dia 06 (2026-05-14 → 2026-05-14) 33310 bytes
2026-05-08 09:34:03,982 [INFO] [OK] Argentina/GFS_ENSEMBLE_Corn_Winter/daily dia 04 (2026-05-12 → 2026-05-12) 27493 bytes
2026-05-08 09:34:04,091 [INFO] [OK] Argentina/GFS_ENSEMBLE_Corn_Winter/daily dia 05 (2026-05-13 → 2026-05-13) 27660 bytes
2026-05-08 09:34:04,248 [INFO] [OK] Argentina/GFS_ENSEMBLE_Corn_Winter/daily dia 03 (2026-05-11 → 2026-05-11) 25800 bytes
2026-05-08 09:34:04,375 [INFO] [OK] Argentina/GFS_ENSEMBLE_Corn_Winter/daily dia 07 (2026-05-15 → 2026-05-15) 36828 bytes
2026-05-08 09:34:04,654 [INFO] [OK] Argentina/GFS_ENSEMBLE_Corn_Winter/daily dia 08 (2026-05-16 → 2026-05-16) 38057 bytes
2026-05-08 09:34:04,964 [INFO] [OK] Argentina/GFS_ENSEMBLE_Corn_Winter/daily dia 09 (2026-05-17 → 2026-05-17) 36870 bytes
2026-05-08 09:34:05,176 [INFO] [OK] Argentina/GFS_ENSEMBLE_Corn_Winter/daily dia 11 (2026-05-19 → 2026-05-19) 40417 bytes
2026-05-08 09:34:05,236 [INFO] [OK] Argentina/GFS_ENSEMBLE_Corn_Winter/daily dia 10 (2026-05-18 → 2026-05-18) 39390 bytes
2026-05-08 09:34:05,467 [INFO] [OK] Argentina/GFS_ENSEMBLE_Corn_Winter/daily dia 13 (2026-05-21 → 2026-05-21) 43217 bytes
2026-05-08 09:34:05,500 [INFO] [OK] Argentina/GFS_ENSEMBLE_Corn_Winter/daily dia 12 (2026-05-20 → 2026-05-20) 44025 bytes
2026-05-08 09:34:05,766 [INFO] [OK] Argentina/GFS_ENSEMBLE_Corn_Winter/daily dia 14 (2026-05-22 → 2026-05-22) 42984 bytes
2026-05-08 09:34:06,594 [INFO] [OK] Argentina/GFS_ENSEMBLE_Corn_Winter/cumulative dia 00 (2026-05-08 → 2026-05-08) 35523 bytes
2026-05-08 09:34:06,609 [INFO] [OK] Argentina/GFS_ENSEMBLE_Corn_Winter/cumulative dia 02 (2026-05-08 → 2026-05-10) 35972 bytes
2026-05-08 09:34:06,609 [INFO] [OK] Argentina/GFS_ENSEMBLE_Corn_Winter/cumulative dia 01 (2026-05-08 → 2026-05-09) 36540 bytes
2026-05-08 09:34:06,684 [INFO] [OK] Argentina/GFS_ENSEMBLE_Corn_Winter/cumulative dia 03 (2026-05-08 → 2026-05-11) 35892 bytes
2026-05-08 09:34:06,686 [INFO] [OK] Argentina/GFS_ENSEMBLE_Corn_Winter/cumulative dia 04 (2026-05-08 → 2026-05-12) 35977 bytes
2026-05-08 09:34:06,947 [INFO] [OK] Argentina/GFS_ENSEMBLE_Corn_Winter/cumulative dia 05 (2026-05-08 → 2026-05-13) 36005 bytes
2026-05-08 09:34:07,915 [INFO] [OK] Argentina/GFS_ENSEMBLE_Corn_Winter/cumulative dia 06 (2026-05-08 → 2026-05-14) 35951 bytes
2026-05-08 09:34:08,006 [INFO] [OK] Argentina/GFS_ENSEMBLE_Corn_Winter/cumulative dia 07 (2026-05-08 → 2026-05-15) 36764 bytes
2026-05-08 09:34:08,192 [INFO] [OK] Argentina/GFS_ENSEMBLE_Corn_Winter/cumulative dia 08 (2026-05-08 → 2026-05-16) 38262 bytes
2026-05-08 09:34:08,369 [INFO] [OK] Argentina/GFS_ENSEMBLE_Corn_Winter/cumulative dia 09 (2026-05-08 → 2026-05-17) 38527 bytes
2026-05-08 09:34:08,419 [INFO] [OK] Argentina/GFS_ENSEMBLE_Corn_Winter/cumulative dia 10 (2026-05-08 → 2026-05-18) 38865 bytes
2026-05-08 09:34:08,673 [INFO] [OK] Argentina/GFS_ENSEMBLE_Corn_Winter/cumulative dia 11 (2026-05-08 → 2026-05-19) 39202 bytes
2026-05-08 09:34:09,625 [INFO] [OK] Argentina/ECM_ENSEMBLE_Soy/daily dia 01 (2026-05-09 → 2026-05-09) 40006 bytes
2026-05-08 09:34:09,670 [INFO] [OK] Argentina/ECM_ENSEMBLE_Soy/daily dia 02 (2026-05-10 → 2026-05-10) 31645 bytes
2026-05-08 09:34:09,775 [INFO] [OK] Argentina/ECM_ENSEMBLE_Soy/daily dia 00 (2026-05-08 → 2026-05-08) 39374 bytes
2026-05-08 09:34:09,817 [INFO] [OK] Argentina/GFS_ENSEMBLE_Corn_Winter/cumulative dia 12 (2026-05-08 → 2026-05-20) 39549 bytes
2026-05-08 09:34:09,887 [INFO] [OK] Argentina/GFS_ENSEMBLE_Corn_Winter/cumulative dia 13 (2026-05-08 → 2026-05-21) 39839 bytes
2026-05-08 09:34:09,976 [INFO] [OK] Argentina/GFS_ENSEMBLE_Corn_Winter/cumulative dia 14 (2026-05-08 → 2026-05-22) 39938 bytes
2026-05-08 09:34:10,575 [INFO] [OK] Argentina/ECM_ENSEMBLE_Soy/daily dia 03 (2026-05-11 → 2026-05-11) 28530 bytes
2026-05-08 09:34:10,663 [INFO] [OK] Argentina/ECM_ENSEMBLE_Soy/daily dia 04 (2026-05-12 → 2026-05-12) 29119 bytes
2026-05-08 09:34:10,753 [INFO] [OK] Argentina/ECM_ENSEMBLE_Soy/daily dia 05 (2026-05-13 → 2026-05-13) 30834 bytes
2026-05-08 09:34:11,428 [INFO] [OK] Argentina/ECM_ENSEMBLE_Soy/daily dia 06 (2026-05-14 → 2026-05-14) 37788 bytes
2026-05-08 09:34:11,433 [INFO] [OK] Argentina/ECM_ENSEMBLE_Soy/daily dia 08 (2026-05-16 → 2026-05-16) 44604 bytes
2026-05-08 09:34:11,436 [INFO] [OK] Argentina/ECM_ENSEMBLE_Soy/daily dia 07 (2026-05-15 → 2026-05-15) 44960 bytes
2026-05-08 09:34:11,673 [INFO] [OK] Argentina/ECM_ENSEMBLE_Soy/daily dia 09 (2026-05-17 → 2026-05-17) 42604 bytes
2026-05-08 09:34:11,735 [INFO] [OK] Argentina/ECM_ENSEMBLE_Soy/daily dia 10 (2026-05-18 → 2026-05-18) 43681 bytes
2026-05-08 09:34:11,780 [INFO] [OK] Argentina/ECM_ENSEMBLE_Soy/daily dia 11 (2026-05-19 → 2026-05-19) 45788 bytes
2026-05-08 09:34:12,434 [INFO] [OK] Argentina/ECM_ENSEMBLE_Soy/daily dia 12 (2026-05-20 → 2026-05-20) 46115 bytes
2026-05-08 09:34:12,540 [INFO] [OK] Argentina/ECM_ENSEMBLE_Soy/daily dia 14 (2026-05-22 → 2026-05-22) 43618 bytes
2026-05-08 09:34:12,556 [INFO] [OK] Argentina/ECM_ENSEMBLE_Soy/daily dia 13 (2026-05-21 → 2026-05-21) 45105 bytes
2026-05-08 09:34:12,727 [INFO] [OK] Argentina/ECM_ENSEMBLE_Soy/cumulative dia 00 (2026-05-08 → 2026-05-08) 39374 bytes
2026-05-08 09:34:12,814 [INFO] [OK] Argentina/ECM_ENSEMBLE_Soy/cumulative dia 01 (2026-05-08 → 2026-05-09) 40907 bytes
2026-05-08 09:34:12,925 [INFO] [OK] Argentina/ECM_ENSEMBLE_Soy/cumulative dia 02 (2026-05-08 → 2026-05-10) 40430 bytes
2026-05-08 09:34:13,540 [INFO] [OK] Argentina/ECM_ENSEMBLE_Soy/cumulative dia 03 (2026-05-08 → 2026-05-11) 39796 bytes
2026-05-08 09:34:13,861 [INFO] [OK] Argentina/ECM_ENSEMBLE_Soy/cumulative dia 04 (2026-05-08 → 2026-05-12) 39597 bytes
2026-05-08 09:34:14,122 [INFO] [OK] Argentina/ECM_ENSEMBLE_Soy/cumulative dia 05 (2026-05-08 → 2026-05-13) 38923 bytes
2026-05-08 09:34:14,127 [INFO] [OK] Argentina/ECM_ENSEMBLE_Soy/cumulative dia 06 (2026-05-08 → 2026-05-14) 39357 bytes
2026-05-08 09:34:14,128 [INFO] [OK] Argentina/ECM_ENSEMBLE_Soy/cumulative dia 07 (2026-05-08 → 2026-05-15) 40843 bytes
2026-05-08 09:34:14,325 [INFO] [OK] Argentina/ECM_ENSEMBLE_Soy/cumulative dia 08 (2026-05-08 → 2026-05-16) 42882 bytes
2026-05-08 09:34:15,161 [INFO] [OK] Argentina/ECM_ENSEMBLE_Soy/cumulative dia 09 (2026-05-08 → 2026-05-17) 43174 bytes
2026-05-08 09:34:15,469 [INFO] [OK] Argentina/ECM_ENSEMBLE_Soy/cumulative dia 10 (2026-05-08 → 2026-05-18) 43967 bytes
2026-05-08 09:34:15,765 [INFO] [OK] Argentina/ECM_ENSEMBLE_Soy/cumulative dia 11 (2026-05-08 → 2026-05-19) 44135 bytes
2026-05-08 09:34:15,852 [INFO] [OK] Argentina/ECM_ENSEMBLE_Soy/cumulative dia 13 (2026-05-08 → 2026-05-21) 44418 bytes
2026-05-08 09:34:15,989 [INFO] [OK] Argentina/ECM_ENSEMBLE_Soy/cumulative dia 12 (2026-05-08 → 2026-05-20) 44444 bytes
2026-05-08 09:34:16,120 [INFO] [OK] Argentina/ECM_ENSEMBLE_Soy/cumulative dia 14 (2026-05-08 → 2026-05-22) 44151 bytes
2026-05-08 09:34:16,176 [INFO] [OK] Argentina/ECM_ENSEMBLE_Corn_Winter/daily dia 00 (2026-05-08 → 2026-05-08) 37647 bytes
2026-05-08 09:34:16,524 [INFO] [OK] Argentina/ECM_ENSEMBLE_Corn_Winter/daily dia 01 (2026-05-09 → 2026-05-09) 38476 bytes
2026-05-08 09:34:16,758 [INFO] [OK] Argentina/ECM_ENSEMBLE_Corn_Winter/daily dia 02 (2026-05-10 → 2026-05-10) 30060 bytes
2026-05-08 09:34:16,840 [INFO] [OK] Argentina/ECM_ENSEMBLE_Corn_Winter/daily dia 03 (2026-05-11 → 2026-05-11) 26612 bytes
2026-05-08 09:34:17,007 [INFO] [OK] Argentina/ECM_ENSEMBLE_Corn_Winter/daily dia 04 (2026-05-12 → 2026-05-12) 27426 bytes
2026-05-08 09:34:17,066 [INFO] [OK] Argentina/ECM_ENSEMBLE_Corn_Winter/daily dia 05 (2026-05-13 → 2026-05-13) 29009 bytes
2026-05-08 09:34:17,300 [INFO] [OK] Argentina/ECM_ENSEMBLE_Corn_Winter/daily dia 06 (2026-05-14 → 2026-05-14) 36129 bytes
2026-05-08 09:34:17,560 [INFO] [OK] Argentina/ECM_ENSEMBLE_Corn_Winter/daily dia 07 (2026-05-15 → 2026-05-15) 43796 bytes
2026-05-08 09:34:17,790 [INFO] [OK] Argentina/ECM_ENSEMBLE_Corn_Winter/daily dia 08 (2026-05-16 → 2026-05-16) 42958 bytes
2026-05-08 09:34:17,867 [INFO] [OK] Argentina/ECM_ENSEMBLE_Corn_Winter/daily dia 09 (2026-05-17 → 2026-05-17) 41082 bytes
2026-05-08 09:34:18,016 [INFO] [OK] Argentina/ECM_ENSEMBLE_Corn_Winter/daily dia 10 (2026-05-18 → 2026-05-18) 41847 bytes
2026-05-08 09:34:18,116 [INFO] [OK] Argentina/ECM_ENSEMBLE_Corn_Winter/daily dia 11 (2026-05-19 → 2026-05-19) 44191 bytes
2026-05-08 09:34:18,292 [INFO] [OK] Argentina/ECM_ENSEMBLE_Corn_Winter/daily dia 12 (2026-05-20 → 2026-05-20) 44613 bytes
2026-05-08 09:34:18,581 [INFO] [OK] Argentina/ECM_ENSEMBLE_Corn_Winter/daily dia 13 (2026-05-21 → 2026-05-21) 43612 bytes
2026-05-08 09:34:18,804 [INFO] [OK] Argentina/ECM_ENSEMBLE_Corn_Winter/daily dia 14 (2026-05-22 → 2026-05-22) 41856 bytes
2026-05-08 09:34:18,843 [INFO] [OK] Argentina/ECM_ENSEMBLE_Corn_Winter/cumulative dia 00 (2026-05-08 → 2026-05-08) 37647 bytes
2026-05-08 09:34:19,214 [INFO] [OK] Argentina/ECM_ENSEMBLE_Corn_Winter/cumulative dia 01 (2026-05-08 → 2026-05-09) 39460 bytes
2026-05-08 09:34:19,215 [INFO] [OK] Argentina/ECM_ENSEMBLE_Corn_Winter/cumulative dia 02 (2026-05-08 → 2026-05-10) 38991 bytes
2026-05-08 09:34:19,569 [INFO] [OK] Argentina/ECM_ENSEMBLE_Corn_Winter/cumulative dia 03 (2026-05-08 → 2026-05-11) 38409 bytes
2026-05-08 09:34:19,820 [INFO] [OK] Argentina/ECM_ENSEMBLE_Corn_Winter/cumulative dia 04 (2026-05-08 → 2026-05-12) 38140 bytes
2026-05-08 09:34:20,042 [INFO] [OK] Argentina/ECM_ENSEMBLE_Corn_Winter/cumulative dia 05 (2026-05-08 → 2026-05-13) 37335 bytes
2026-05-08 09:34:20,135 [INFO] [OK] Argentina/ECM_ENSEMBLE_Corn_Winter/cumulative dia 06 (2026-05-08 → 2026-05-14) 37748 bytes
2026-05-08 09:34:20,667 [INFO] [OK] Argentina/ECM_ENSEMBLE_Corn_Winter/cumulative dia 07 (2026-05-08 → 2026-05-15) 39387 bytes
2026-05-08 09:34:20,672 [INFO] [OK] Argentina/ECM_ENSEMBLE_Corn_Winter/cumulative dia 08 (2026-05-08 → 2026-05-16) 41467 bytes
2026-05-08 09:34:21,306 [INFO] [OK] Argentina/ECM_ENSEMBLE_Corn_Winter/cumulative dia 09 (2026-05-08 → 2026-05-17) 41517 bytes
2026-05-08 09:34:21,386 [INFO] [OK] Argentina/ECM_ENSEMBLE_Corn_Winter/cumulative dia 10 (2026-05-08 → 2026-05-18) 42443 bytes
2026-05-08 09:34:21,575 [INFO] [OK] Argentina/ECM_ENSEMBLE_Corn_Winter/cumulative dia 11 (2026-05-08 → 2026-05-19) 42441 bytes
2026-05-08 09:34:21,686 [INFO] [OK] Argentina/ECM_ENSEMBLE_Corn_Winter/cumulative dia 12 (2026-05-08 → 2026-05-20) 42857 bytes
