2026-04-28 09:33:20,345 [INFO] === Execução 2026-04-28 | modo=both | dias=15 | parâmetro=PRCP_DEP ===
2026-04-28 09:33:20,655 [INFO] Baixando 240 mapas com 6 threads...
2026-04-28 09:33:23,424 [INFO] [OK] Brazil/GFS_ENSEMBLE_Soy/daily dia 01 (2026-04-29 → 2026-04-29) 44809 bytes
2026-04-28 09:33:24,032 [INFO] [OK] Brazil/GFS_ENSEMBLE_Soy/daily dia 05 (2026-05-03 → 2026-05-03) 44778 bytes
2026-04-28 09:33:24,091 [INFO] [OK] Brazil/GFS_ENSEMBLE_Soy/daily dia 04 (2026-05-02 → 2026-05-02) 45409 bytes
2026-04-28 09:33:24,121 [INFO] [OK] Brazil/GFS_ENSEMBLE_Soy/daily dia 00 (2026-04-28 → 2026-04-28) 46808 bytes
2026-04-28 09:33:24,149 [INFO] [OK] Brazil/GFS_ENSEMBLE_Soy/daily dia 02 (2026-04-30 → 2026-04-30) 42689 bytes
2026-04-28 09:33:24,182 [INFO] [OK] Brazil/GFS_ENSEMBLE_Soy/daily dia 03 (2026-05-01 → 2026-05-01) 45556 bytes
2026-04-28 09:33:24,881 [INFO] [OK] Brazil/GFS_ENSEMBLE_Soy/daily dia 06 (2026-05-04 → 2026-05-04) 47741 bytes
2026-04-28 09:33:25,669 [INFO] [OK] Brazil/GFS_ENSEMBLE_Soy/daily dia 11 (2026-05-09 → 2026-05-09) 51672 bytes
2026-04-28 09:33:25,679 [INFO] [OK] Brazil/GFS_ENSEMBLE_Soy/daily dia 08 (2026-05-06 → 2026-05-06) 51681 bytes
2026-04-28 09:33:25,731 [INFO] [OK] Brazil/GFS_ENSEMBLE_Soy/daily dia 07 (2026-05-05 → 2026-05-05) 50005 bytes
2026-04-28 09:33:25,783 [INFO] [OK] Brazil/GFS_ENSEMBLE_Soy/daily dia 09 (2026-05-07 → 2026-05-07) 53141 bytes
2026-04-28 09:33:25,862 [INFO] [OK] Brazil/GFS_ENSEMBLE_Soy/daily dia 10 (2026-05-08 → 2026-05-08) 52754 bytes
2026-04-28 09:33:26,326 [INFO] [OK] Brazil/GFS_ENSEMBLE_Soy/daily dia 12 (2026-05-10 → 2026-05-10) 50809 bytes
2026-04-28 09:33:27,042 [INFO] [OK] Brazil/GFS_ENSEMBLE_Soy/daily dia 14 (2026-05-12 → 2026-05-12) 51636 bytes
2026-04-28 09:33:27,424 [INFO] [OK] Brazil/GFS_ENSEMBLE_Soy/daily dia 13 (2026-05-11 → 2026-05-11) 50834 bytes
2026-04-28 09:33:27,450 [INFO] [OK] Brazil/GFS_ENSEMBLE_Soy/cumulative dia 00 (2026-04-28 → 2026-04-28) 46808 bytes
2026-04-28 09:33:27,723 [INFO] [OK] Brazil/GFS_ENSEMBLE_Soy/cumulative dia 01 (2026-04-28 → 2026-04-29) 46655 bytes
2026-04-28 09:33:27,763 [INFO] [OK] Brazil/GFS_ENSEMBLE_Soy/cumulative dia 02 (2026-04-28 → 2026-04-30) 46262 bytes
2026-04-28 09:33:28,073 [INFO] [OK] Brazil/GFS_ENSEMBLE_Soy/cumulative dia 03 (2026-04-28 → 2026-05-01) 48256 bytes
2026-04-28 09:33:28,726 [INFO] [OK] Brazil/GFS_ENSEMBLE_Soy/cumulative dia 04 (2026-04-28 → 2026-05-02) 48347 bytes
2026-04-28 09:33:29,139 [INFO] [OK] Brazil/GFS_ENSEMBLE_Soy/cumulative dia 05 (2026-04-28 → 2026-05-03) 48950 bytes
2026-04-28 09:33:29,261 [INFO] [OK] Brazil/GFS_ENSEMBLE_Soy/cumulative dia 06 (2026-04-28 → 2026-05-04) 49281 bytes
2026-04-28 09:33:29,646 [INFO] [OK] Brazil/GFS_ENSEMBLE_Soy/cumulative dia 07 (2026-04-28 → 2026-05-05) 49485 bytes
2026-04-28 09:33:29,682 [INFO] [OK] Brazil/GFS_ENSEMBLE_Soy/cumulative dia 08 (2026-04-28 → 2026-05-06) 49723 bytes
2026-04-28 09:33:30,022 [INFO] [OK] Brazil/GFS_ENSEMBLE_Soy/cumulative dia 09 (2026-04-28 → 2026-05-07) 50927 bytes
2026-04-28 09:33:30,914 [INFO] [OK] Brazil/GFS_ENSEMBLE_Soy/cumulative dia 10 (2026-04-28 → 2026-05-08) 51144 bytes
2026-04-28 09:33:31,322 [INFO] [OK] Brazil/GFS_ENSEMBLE_Corn_Winter/daily dia 00 (2026-04-28 → 2026-04-28) 45364 bytes
2026-04-28 09:33:31,383 [INFO] [OK] Brazil/GFS_ENSEMBLE_Soy/cumulative dia 11 (2026-04-28 → 2026-05-09) 52151 bytes
2026-04-28 09:33:31,669 [INFO] [OK] Brazil/GFS_ENSEMBLE_Soy/cumulative dia 12 (2026-04-28 → 2026-05-10) 52164 bytes
2026-04-28 09:33:31,915 [INFO] [OK] Brazil/GFS_ENSEMBLE_Soy/cumulative dia 13 (2026-04-28 → 2026-05-11) 52871 bytes
2026-04-28 09:33:32,158 [INFO] [OK] Brazil/GFS_ENSEMBLE_Soy/cumulative dia 14 (2026-04-28 → 2026-05-12) 52962 bytes
2026-04-28 09:33:32,196 [INFO] [OK] Brazil/GFS_ENSEMBLE_Corn_Winter/daily dia 01 (2026-04-29 → 2026-04-29) 43395 bytes
2026-04-28 09:33:33,105 [INFO] [OK] Brazil/GFS_ENSEMBLE_Corn_Winter/daily dia 02 (2026-04-30 → 2026-04-30) 41298 bytes
2026-04-28 09:33:33,107 [INFO] [OK] Brazil/GFS_ENSEMBLE_Corn_Winter/daily dia 03 (2026-05-01 → 2026-05-01) 44199 bytes
2026-04-28 09:33:33,347 [INFO] [OK] Brazil/GFS_ENSEMBLE_Corn_Winter/daily dia 05 (2026-05-03 → 2026-05-03) 43088 bytes
2026-04-28 09:33:33,408 [INFO] [OK] Brazil/GFS_ENSEMBLE_Corn_Winter/daily dia 04 (2026-05-02 → 2026-05-02) 43922 bytes
2026-04-28 09:33:33,626 [INFO] [OK] Brazil/GFS_ENSEMBLE_Corn_Winter/daily dia 06 (2026-05-04 → 2026-05-04) 46335 bytes
2026-04-28 09:33:33,627 [INFO] [OK] Brazil/GFS_ENSEMBLE_Corn_Winter/daily dia 07 (2026-05-05 → 2026-05-05) 48481 bytes
2026-04-28 09:33:34,874 [INFO] [OK] Brazil/GFS_ENSEMBLE_Corn_Winter/daily dia 08 (2026-05-06 → 2026-05-06) 50358 bytes
2026-04-28 09:33:34,879 [INFO] [OK] Brazil/GFS_ENSEMBLE_Corn_Winter/daily dia 11 (2026-05-09 → 2026-05-09) 50018 bytes
2026-04-28 09:33:34,920 [INFO] [OK] Brazil/GFS_ENSEMBLE_Corn_Winter/daily dia 09 (2026-05-07 → 2026-05-07) 51708 bytes
2026-04-28 09:33:35,120 [INFO] [OK] Brazil/GFS_ENSEMBLE_Corn_Winter/daily dia 12 (2026-05-10 → 2026-05-10) 49323 bytes
2026-04-28 09:33:35,208 [INFO] [OK] Brazil/GFS_ENSEMBLE_Corn_Winter/daily dia 10 (2026-05-08 → 2026-05-08) 51390 bytes
2026-04-28 09:33:35,330 [INFO] [OK] Brazil/GFS_ENSEMBLE_Corn_Winter/daily dia 13 (2026-05-11 → 2026-05-11) 49411 bytes
2026-04-28 09:33:36,234 [INFO] [OK] Brazil/GFS_ENSEMBLE_Corn_Winter/cumulative dia 00 (2026-04-28 → 2026-04-28) 45364 bytes
2026-04-28 09:33:36,320 [INFO] [OK] Brazil/GFS_ENSEMBLE_Corn_Winter/daily dia 14 (2026-05-12 → 2026-05-12) 50113 bytes
2026-04-28 09:33:36,373 [INFO] [OK] Brazil/GFS_ENSEMBLE_Corn_Winter/cumulative dia 01 (2026-04-28 → 2026-04-29) 45165 bytes
2026-04-28 09:33:36,575 [INFO] [OK] Brazil/GFS_ENSEMBLE_Corn_Winter/cumulative dia 02 (2026-04-28 → 2026-04-30) 44879 bytes
2026-04-28 09:33:36,750 [INFO] [OK] Brazil/GFS_ENSEMBLE_Corn_Winter/cumulative dia 03 (2026-04-28 → 2026-05-01) 46890 bytes
2026-04-28 09:33:36,975 [INFO] [OK] Brazil/GFS_ENSEMBLE_Corn_Winter/cumulative dia 04 (2026-04-28 → 2026-05-02) 47080 bytes
2026-04-28 09:33:38,044 [INFO] [OK] Brazil/GFS_ENSEMBLE_Corn_Winter/cumulative dia 05 (2026-04-28 → 2026-05-03) 47478 bytes
2026-04-28 09:33:38,159 [INFO] [OK] Brazil/GFS_ENSEMBLE_Corn_Winter/cumulative dia 06 (2026-04-28 → 2026-05-04) 47907 bytes
2026-04-28 09:33:38,335 [INFO] [OK] Brazil/GFS_ENSEMBLE_Corn_Winter/cumulative dia 07 (2026-04-28 → 2026-05-05) 47905 bytes
2026-04-28 09:33:38,601 [INFO] [OK] Brazil/GFS_ENSEMBLE_Corn_Winter/cumulative dia 08 (2026-04-28 → 2026-05-06) 48329 bytes
2026-04-28 09:33:38,794 [INFO] [OK] Brazil/GFS_ENSEMBLE_Corn_Winter/cumulative dia 09 (2026-04-28 → 2026-05-07) 49294 bytes
2026-04-28 09:33:39,069 [INFO] [OK] Brazil/GFS_ENSEMBLE_Corn_Winter/cumulative dia 10 (2026-04-28 → 2026-05-08) 49822 bytes
2026-04-28 09:33:40,453 [INFO] [OK] Brazil/ECM_ENSEMBLE_Soy/daily dia 00 (2026-04-28 → 2026-04-28) 48354 bytes
2026-04-28 09:33:40,488 [INFO] [OK] Brazil/GFS_ENSEMBLE_Corn_Winter/cumulative dia 11 (2026-04-28 → 2026-05-09) 50850 bytes
2026-04-28 09:33:40,588 [INFO] [OK] Brazil/GFS_ENSEMBLE_Corn_Winter/cumulative dia 12 (2026-04-28 → 2026-05-10) 50630 bytes
2026-04-28 09:33:40,679 [INFO] [OK] Brazil/ECM_ENSEMBLE_Soy/daily dia 01 (2026-04-29 → 2026-04-29) 46731 bytes
2026-04-28 09:33:40,911 [INFO] [OK] Brazil/GFS_ENSEMBLE_Corn_Winter/cumulative dia 13 (2026-04-28 → 2026-05-11) 51415 bytes
2026-04-28 09:33:41,314 [INFO] [OK] Brazil/GFS_ENSEMBLE_Corn_Winter/cumulative dia 14 (2026-04-28 → 2026-05-12) 51360 bytes
2026-04-28 09:33:41,872 [INFO] [OK] Brazil/ECM_ENSEMBLE_Soy/daily dia 03 (2026-05-01 → 2026-05-01) 46658 bytes
2026-04-28 09:33:41,990 [INFO] [OK] Brazil/ECM_ENSEMBLE_Soy/daily dia 04 (2026-05-02 → 2026-05-02) 46848 bytes
2026-04-28 09:33:42,145 [INFO] [OK] Brazil/ECM_ENSEMBLE_Soy/daily dia 05 (2026-05-03 → 2026-05-03) 46333 bytes
2026-04-28 09:33:42,146 [INFO] [OK] Brazil/ECM_ENSEMBLE_Soy/daily dia 02 (2026-04-30 → 2026-04-30) 45718 bytes
2026-04-28 09:33:42,326 [INFO] [OK] Brazil/ECM_ENSEMBLE_Soy/daily dia 06 (2026-05-04 → 2026-05-04) 46525 bytes
2026-04-28 09:33:42,599 [INFO] [OK] Brazil/ECM_ENSEMBLE_Soy/daily dia 07 (2026-05-05 → 2026-05-05) 49206 bytes
2026-04-28 09:33:43,225 [INFO] [OK] Brazil/ECM_ENSEMBLE_Soy/daily dia 08 (2026-05-06 → 2026-05-06) 49764 bytes
2026-04-28 09:33:43,480 [INFO] [OK] Brazil/ECM_ENSEMBLE_Soy/daily dia 11 (2026-05-09 → 2026-05-09) 52997 bytes
2026-04-28 09:33:43,619 [INFO] [OK] Brazil/ECM_ENSEMBLE_Soy/daily dia 09 (2026-05-07 → 2026-05-07) 49984 bytes
2026-04-28 09:33:43,697 [INFO] [OK] Brazil/ECM_ENSEMBLE_Soy/daily dia 12 (2026-05-10 → 2026-05-10) 54279 bytes
2026-04-28 09:33:43,699 [INFO] [OK] Brazil/ECM_ENSEMBLE_Soy/daily dia 10 (2026-05-08 → 2026-05-08) 51709 bytes
2026-04-28 09:33:44,037 [INFO] [OK] Brazil/ECM_ENSEMBLE_Soy/daily dia 13 (2026-05-11 → 2026-05-11) 52423 bytes
2026-04-28 09:33:44,584 [INFO] [OK] Brazil/ECM_ENSEMBLE_Soy/daily dia 14 (2026-05-12 → 2026-05-12) 48607 bytes
2026-04-28 09:33:44,821 [INFO] [OK] Brazil/ECM_ENSEMBLE_Soy/cumulative dia 00 (2026-04-28 → 2026-04-28) 48354 bytes
2026-04-28 09:33:45,147 [INFO] [OK] Brazil/ECM_ENSEMBLE_Soy/cumulative dia 02 (2026-04-28 → 2026-04-30) 48253 bytes
2026-04-28 09:33:45,241 [INFO] [OK] Brazil/ECM_ENSEMBLE_Soy/cumulative dia 01 (2026-04-28 → 2026-04-29) 48457 bytes
2026-04-28 09:33:45,364 [INFO] [OK] Brazil/ECM_ENSEMBLE_Soy/cumulative dia 03 (2026-04-28 → 2026-05-01) 50827 bytes
2026-04-28 09:33:45,675 [INFO] [OK] Brazil/ECM_ENSEMBLE_Soy/cumulative dia 04 (2026-04-28 → 2026-05-02) 50646 bytes
2026-04-28 09:33:46,259 [INFO] [OK] Brazil/ECM_ENSEMBLE_Soy/cumulative dia 05 (2026-04-28 → 2026-05-03) 50900 bytes
2026-04-28 09:33:46,601 [INFO] [OK] Brazil/ECM_ENSEMBLE_Soy/cumulative dia 06 (2026-04-28 → 2026-05-04) 50475 bytes
2026-04-28 09:33:47,067 [INFO] [OK] Brazil/ECM_ENSEMBLE_Soy/cumulative dia 07 (2026-04-28 → 2026-05-05) 50505 bytes
2026-04-28 09:33:47,318 [INFO] [OK] Brazil/ECM_ENSEMBLE_Soy/cumulative dia 08 (2026-04-28 → 2026-05-06) 51370 bytes
2026-04-28 09:33:47,431 [INFO] [OK] Brazil/ECM_ENSEMBLE_Soy/cumulative dia 09 (2026-04-28 → 2026-05-07) 51335 bytes
2026-04-28 09:33:47,824 [INFO] [OK] Brazil/ECM_ENSEMBLE_Soy/cumulative dia 10 (2026-04-28 → 2026-05-08) 51678 bytes
2026-04-28 09:33:48,602 [INFO] [OK] Brazil/ECM_ENSEMBLE_Soy/cumulative dia 11 (2026-04-28 → 2026-05-09) 51578 bytes
2026-04-28 09:33:48,852 [INFO] [OK] Brazil/ECM_ENSEMBLE_Corn_Winter/daily dia 00 (2026-04-28 → 2026-04-28) 46854 bytes
2026-04-28 09:33:49,048 [INFO] [OK] Brazil/ECM_ENSEMBLE_Soy/cumulative dia 12 (2026-04-28 → 2026-05-10) 52011 bytes
2026-04-28 09:33:49,185 [INFO] [OK] Brazil/ECM_ENSEMBLE_Corn_Winter/daily dia 01 (2026-04-29 → 2026-04-29) 45428 bytes
2026-04-28 09:33:49,503 [INFO] [OK] Brazil/ECM_ENSEMBLE_Soy/cumulative dia 13 (2026-04-28 → 2026-05-11) 52274 bytes
2026-04-28 09:33:49,878 [INFO] [OK] Brazil/ECM_ENSEMBLE_Soy/cumulative dia 14 (2026-04-28 → 2026-05-12) 52163 bytes
2026-04-28 09:33:49,934 [INFO] [OK] Brazil/ECM_ENSEMBLE_Corn_Winter/daily dia 02 (2026-04-30 → 2026-04-30) 44384 bytes
2026-04-28 09:33:50,217 [INFO] [OK] Brazil/ECM_ENSEMBLE_Corn_Winter/daily dia 03 (2026-05-01 → 2026-05-01) 45253 bytes
2026-04-28 09:33:50,348 [INFO] [OK] Brazil/ECM_ENSEMBLE_Corn_Winter/daily dia 04 (2026-05-02 → 2026-05-02) 45293 bytes
2026-04-28 09:33:50,481 [INFO] [OK] Brazil/ECM_ENSEMBLE_Corn_Winter/daily dia 05 (2026-05-03 → 2026-05-03) 44785 bytes
2026-04-28 09:33:50,883 [INFO] [OK] Brazil/ECM_ENSEMBLE_Corn_Winter/daily dia 06 (2026-05-04 → 2026-05-04) 45152 bytes
2026-04-28 09:33:51,233 [INFO] [OK] Brazil/ECM_ENSEMBLE_Corn_Winter/daily dia 07 (2026-05-05 → 2026-05-05) 47517 bytes
2026-04-28 09:33:51,280 [INFO] [OK] Brazil/ECM_ENSEMBLE_Corn_Winter/daily dia 08 (2026-05-06 → 2026-05-06) 48221 bytes
2026-04-28 09:33:51,706 [INFO] [OK] Brazil/ECM_ENSEMBLE_Corn_Winter/daily dia 09 (2026-05-07 → 2026-05-07) 48876 bytes
2026-04-28 09:33:51,836 [INFO] [OK] Brazil/ECM_ENSEMBLE_Corn_Winter/daily dia 11 (2026-05-09 → 2026-05-09) 51618 bytes
2026-04-28 09:33:52,052 [INFO] [OK] Brazil/ECM_ENSEMBLE_Corn_Winter/daily dia 10 (2026-05-08 → 2026-05-08) 50620 bytes
2026-04-28 09:33:52,371 [INFO] [OK] Brazil/ECM_ENSEMBLE_Corn_Winter/daily dia 12 (2026-05-10 → 2026-05-10) 52430 bytes
2026-04-28 09:33:52,598 [INFO] [OK] Brazil/ECM_ENSEMBLE_Corn_Winter/daily dia 13 (2026-05-11 → 2026-05-11) 50678 bytes
2026-04-28 09:33:52,635 [INFO] [OK] Brazil/ECM_ENSEMBLE_Corn_Winter/daily dia 14 (2026-05-12 → 2026-05-12) 47221 bytes
2026-04-28 09:33:53,052 [INFO] [OK] Brazil/ECM_ENSEMBLE_Corn_Winter/cumulative dia 00 (2026-04-28 → 2026-04-28) 46854 bytes
2026-04-28 09:33:53,362 [INFO] [OK] Brazil/ECM_ENSEMBLE_Corn_Winter/cumulative dia 01 (2026-04-28 → 2026-04-29) 47179 bytes
2026-04-28 09:33:53,652 [INFO] [OK] Brazil/ECM_ENSEMBLE_Corn_Winter/cumulative dia 02 (2026-04-28 → 2026-04-30) 47048 bytes
2026-04-28 09:33:54,080 [INFO] [OK] Brazil/ECM_ENSEMBLE_Corn_Winter/cumulative dia 03 (2026-04-28 → 2026-05-01) 49630 bytes
2026-04-28 09:33:54,496 [INFO] [OK] Brazil/ECM_ENSEMBLE_Corn_Winter/cumulative dia 04 (2026-04-28 → 2026-05-02) 49522 bytes
2026-04-28 09:33:54,800 [INFO] [OK] Brazil/ECM_ENSEMBLE_Corn_Winter/cumulative dia 05 (2026-04-28 → 2026-05-03) 49780 bytes
2026-04-28 09:33:55,313 [INFO] [OK] Brazil/ECM_ENSEMBLE_Corn_Winter/cumulative dia 06 (2026-04-28 → 2026-05-04) 49359 bytes
2026-04-28 09:33:55,594 [INFO] [OK] Brazil/ECM_ENSEMBLE_Corn_Winter/cumulative dia 07 (2026-04-28 → 2026-05-05) 49383 bytes
2026-04-28 09:33:56,129 [INFO] [OK] Brazil/ECM_ENSEMBLE_Corn_Winter/cumulative dia 08 (2026-04-28 → 2026-05-06) 50105 bytes
2026-04-28 09:33:56,689 [INFO] [OK] Brazil/ECM_ENSEMBLE_Corn_Winter/cumulative dia 09 (2026-04-28 → 2026-05-07) 50013 bytes
2026-04-28 09:33:57,105 [INFO] [OK] Brazil/ECM_ENSEMBLE_Corn_Winter/cumulative dia 10 (2026-04-28 → 2026-05-08) 50439 bytes
2026-04-28 09:33:57,595 [INFO] [OK] Brazil/ECM_ENSEMBLE_Corn_Winter/cumulative dia 11 (2026-04-28 → 2026-05-09) 50376 bytes
2026-04-28 09:33:57,853 [INFO] [OK] Argentina/GFS_ENSEMBLE_Soy/daily dia 00 (2026-04-28 → 2026-04-28) 36399 bytes
2026-04-28 09:33:58,029 [INFO] [OK] Brazil/ECM_ENSEMBLE_Corn_Winter/cumulative dia 12 (2026-04-28 → 2026-05-10) 50677 bytes
2026-04-28 09:33:58,307 [INFO] [OK] Argentina/GFS_ENSEMBLE_Soy/daily dia 01 (2026-04-29 → 2026-04-29) 33882 bytes
2026-04-28 09:33:58,470 [INFO] [OK] Brazil/ECM_ENSEMBLE_Corn_Winter/cumulative dia 13 (2026-04-28 → 2026-05-11) 51149 bytes
2026-04-28 09:33:58,596 [INFO] [OK] Argentina/GFS_ENSEMBLE_Soy/daily dia 02 (2026-04-30 → 2026-04-30) 31910 bytes
2026-04-28 09:33:58,876 [INFO] [OK] Argentina/GFS_ENSEMBLE_Soy/daily dia 03 (2026-05-01 → 2026-05-01) 34920 bytes
2026-04-28 09:33:59,043 [INFO] [OK] Brazil/ECM_ENSEMBLE_Corn_Winter/cumulative dia 14 (2026-04-28 → 2026-05-12) 50938 bytes
2026-04-28 09:33:59,050 [INFO] [OK] Argentina/GFS_ENSEMBLE_Soy/daily dia 04 (2026-05-02 → 2026-05-02) 36373 bytes
2026-04-28 09:33:59,350 [INFO] [OK] Argentina/GFS_ENSEMBLE_Soy/daily dia 05 (2026-05-03 → 2026-05-03) 35530 bytes
2026-04-28 09:33:59,491 [INFO] [OK] Argentina/GFS_ENSEMBLE_Soy/daily dia 06 (2026-05-04 → 2026-05-04) 37876 bytes
2026-04-28 09:33:59,647 [INFO] [OK] Argentina/GFS_ENSEMBLE_Soy/daily dia 07 (2026-05-05 → 2026-05-05) 40621 bytes
2026-04-28 09:33:59,964 [INFO] [OK] Argentina/GFS_ENSEMBLE_Soy/daily dia 08 (2026-05-06 → 2026-05-06) 43490 bytes
2026-04-28 09:34:00,085 [INFO] [OK] Argentina/GFS_ENSEMBLE_Soy/daily dia 09 (2026-05-07 → 2026-05-07) 44563 bytes
2026-04-28 09:34:00,172 [INFO] [OK] Argentina/GFS_ENSEMBLE_Soy/daily dia 10 (2026-05-08 → 2026-05-08) 44044 bytes
2026-04-28 09:34:00,483 [INFO] [OK] Argentina/GFS_ENSEMBLE_Soy/daily dia 11 (2026-05-09 → 2026-05-09) 43473 bytes
2026-04-28 09:34:00,540 [INFO] [OK] Argentina/GFS_ENSEMBLE_Soy/daily dia 12 (2026-05-10 → 2026-05-10) 41726 bytes
2026-04-28 09:34:00,747 [INFO] [OK] Argentina/GFS_ENSEMBLE_Soy/daily dia 13 (2026-05-11 → 2026-05-11) 41902 bytes
2026-04-28 09:34:01,017 [INFO] [OK] Argentina/GFS_ENSEMBLE_Soy/daily dia 14 (2026-05-12 → 2026-05-12) 42913 bytes
2026-04-28 09:34:01,169 [INFO] [OK] Argentina/GFS_ENSEMBLE_Soy/cumulative dia 00 (2026-04-28 → 2026-04-28) 36399 bytes
2026-04-28 09:34:01,276 [INFO] [OK] Argentina/GFS_ENSEMBLE_Soy/cumulative dia 01 (2026-04-28 → 2026-04-29) 36336 bytes
2026-04-28 09:34:01,579 [INFO] [OK] Argentina/GFS_ENSEMBLE_Soy/cumulative dia 02 (2026-04-28 → 2026-04-30) 36358 bytes
2026-04-28 09:34:01,825 [INFO] [OK] Argentina/GFS_ENSEMBLE_Soy/cumulative dia 03 (2026-04-28 → 2026-05-01) 38877 bytes
2026-04-28 09:34:02,115 [INFO] [OK] Argentina/GFS_ENSEMBLE_Soy/cumulative dia 04 (2026-04-28 → 2026-05-02) 38624 bytes
2026-04-28 09:34:02,332 [INFO] [OK] Argentina/GFS_ENSEMBLE_Soy/cumulative dia 05 (2026-04-28 → 2026-05-03) 39097 bytes
2026-04-28 09:34:02,711 [INFO] [OK] Argentina/GFS_ENSEMBLE_Soy/cumulative dia 07 (2026-04-28 → 2026-05-05) 40010 bytes
2026-04-28 09:34:02,748 [INFO] [OK] Argentina/GFS_ENSEMBLE_Soy/cumulative dia 06 (2026-04-28 → 2026-05-04) 39602 bytes
2026-04-28 09:34:03,083 [INFO] [OK] Argentina/GFS_ENSEMBLE_Soy/cumulative dia 08 (2026-04-28 → 2026-05-06) 40055 bytes
2026-04-28 09:34:03,601 [INFO] [OK] Argentina/GFS_ENSEMBLE_Soy/cumulative dia 09 (2026-04-28 → 2026-05-07) 41423 bytes
2026-04-28 09:34:03,864 [INFO] [OK] Argentina/GFS_ENSEMBLE_Soy/cumulative dia 10 (2026-04-28 → 2026-05-08) 41879 bytes
2026-04-28 09:34:04,119 [INFO] [OK] Argentina/GFS_ENSEMBLE_Soy/cumulative dia 11 (2026-04-28 → 2026-05-09) 43024 bytes
2026-04-28 09:34:04,547 [INFO] [OK] Argentina/GFS_ENSEMBLE_Soy/cumulative dia 12 (2026-04-28 → 2026-05-10) 43242 bytes
2026-04-28 09:34:04,640 [INFO] [OK] Argentina/GFS_ENSEMBLE_Soy/cumulative dia 13 (2026-04-28 → 2026-05-11) 43563 bytes
2026-04-28 09:34:04,839 [INFO] [OK] Argentina/GFS_ENSEMBLE_Corn_Winter/daily dia 00 (2026-04-28 → 2026-04-28) 34759 bytes
2026-04-28 09:34:04,850 [INFO] [OK] Argentina/GFS_ENSEMBLE_Soy/cumulative dia 14 (2026-04-28 → 2026-05-12) 43953 bytes
2026-04-28 09:34:04,924 [INFO] [OK] Argentina/GFS_ENSEMBLE_Corn_Winter/daily dia 01 (2026-04-29 → 2026-04-29) 32117 bytes
2026-04-28 09:34:05,050 [INFO] [OK] Argentina/GFS_ENSEMBLE_Corn_Winter/daily dia 02 (2026-04-30 → 2026-04-30) 30311 bytes
2026-04-28 09:34:05,528 [INFO] [OK] Argentina/GFS_ENSEMBLE_Corn_Winter/daily dia 03 (2026-05-01 → 2026-05-01) 33223 bytes
2026-04-28 09:34:05,676 [INFO] [OK] Argentina/GFS_ENSEMBLE_Corn_Winter/daily dia 04 (2026-05-02 → 2026-05-02) 34649 bytes
2026-04-28 09:34:06,018 [INFO] [OK] Argentina/GFS_ENSEMBLE_Corn_Winter/daily dia 06 (2026-05-04 → 2026-05-04) 36474 bytes
2026-04-28 09:34:06,026 [INFO] [OK] Argentina/GFS_ENSEMBLE_Corn_Winter/daily dia 07 (2026-05-05 → 2026-05-05) 38846 bytes
2026-04-28 09:34:06,073 [INFO] [OK] Argentina/GFS_ENSEMBLE_Corn_Winter/daily dia 05 (2026-05-03 → 2026-05-03) 33747 bytes
2026-04-28 09:34:06,159 [INFO] [OK] Argentina/GFS_ENSEMBLE_Corn_Winter/daily dia 08 (2026-05-06 → 2026-05-06) 41994 bytes
2026-04-28 09:34:06,589 [INFO] [OK] Argentina/GFS_ENSEMBLE_Corn_Winter/daily dia 09 (2026-05-07 → 2026-05-07) 42948 bytes
2026-04-28 09:34:06,747 [INFO] [OK] Argentina/GFS_ENSEMBLE_Corn_Winter/daily dia 10 (2026-05-08 → 2026-05-08) 42744 bytes
2026-04-28 09:34:07,035 [INFO] [OK] Argentina/GFS_ENSEMBLE_Corn_Winter/daily dia 12 (2026-05-10 → 2026-05-10) 40093 bytes
2026-04-28 09:34:07,200 [INFO] [OK] Argentina/GFS_ENSEMBLE_Corn_Winter/daily dia 14 (2026-05-12 → 2026-05-12) 41328 bytes
2026-04-28 09:34:07,212 [INFO] [OK] Argentina/GFS_ENSEMBLE_Corn_Winter/daily dia 13 (2026-05-11 → 2026-05-11) 40011 bytes
2026-04-28 09:34:07,263 [INFO] [OK] Argentina/GFS_ENSEMBLE_Corn_Winter/daily dia 11 (2026-05-09 → 2026-05-09) 41880 bytes
2026-04-28 09:34:07,622 [INFO] [OK] Argentina/GFS_ENSEMBLE_Corn_Winter/cumulative dia 00 (2026-04-28 → 2026-04-28) 34759 bytes
2026-04-28 09:34:07,821 [INFO] [OK] Argentina/GFS_ENSEMBLE_Corn_Winter/cumulative dia 01 (2026-04-28 → 2026-04-29) 34613 bytes
2026-04-28 09:34:08,205 [INFO] [OK] Argentina/GFS_ENSEMBLE_Corn_Winter/cumulative dia 02 (2026-04-28 → 2026-04-30) 34854 bytes
2026-04-28 09:34:08,582 [INFO] [OK] Argentina/GFS_ENSEMBLE_Corn_Winter/cumulative dia 03 (2026-04-28 → 2026-05-01) 37189 bytes
2026-04-28 09:34:08,655 [INFO] [OK] Argentina/GFS_ENSEMBLE_Corn_Winter/cumulative dia 04 (2026-04-28 → 2026-05-02) 37179 bytes
2026-04-28 09:34:08,894 [INFO] [OK] Argentina/GFS_ENSEMBLE_Corn_Winter/cumulative dia 05 (2026-04-28 → 2026-05-03) 37358 bytes
2026-04-28 09:34:09,119 [INFO] [OK] Argentina/GFS_ENSEMBLE_Corn_Winter/cumulative dia 06 (2026-04-28 → 2026-05-04) 37894 bytes
2026-04-28 09:34:09,468 [INFO] [OK] Argentina/GFS_ENSEMBLE_Corn_Winter/cumulative dia 07 (2026-04-28 → 2026-05-05) 38174 bytes
2026-04-28 09:34:10,019 [INFO] [OK] Argentina/GFS_ENSEMBLE_Corn_Winter/cumulative dia 08 (2026-04-28 → 2026-05-06) 38454 bytes
2026-04-28 09:34:10,548 [INFO] [OK] Argentina/GFS_ENSEMBLE_Corn_Winter/cumulative dia 09 (2026-04-28 → 2026-05-07) 39778 bytes
2026-04-28 09:34:10,727 [INFO] [OK] Argentina/GFS_ENSEMBLE_Corn_Winter/cumulative dia 10 (2026-04-28 → 2026-05-08) 40143 bytes
2026-04-28 09:34:10,873 [INFO] [OK] Argentina/GFS_ENSEMBLE_Corn_Winter/cumulative dia 11 (2026-04-28 → 2026-05-09) 41696 bytes
2026-04-28 09:34:10,913 [INFO] [OK] Argentina/GFS_ENSEMBLE_Corn_Winter/cumulative dia 12 (2026-04-28 → 2026-05-10) 41541 bytes
2026-04-28 09:34:11,365 [INFO] [OK] Argentina/GFS_ENSEMBLE_Corn_Winter/cumulative dia 13 (2026-04-28 → 2026-05-11) 41963 bytes
2026-04-28 09:34:11,656 [INFO] [OK] Argentina/ECM_ENSEMBLE_Soy/daily dia 00 (2026-04-28 → 2026-04-28) 37897 bytes
2026-04-28 09:34:11,808 [INFO] [OK] Argentina/ECM_ENSEMBLE_Soy/daily dia 01 (2026-04-29 → 2026-04-29) 35560 bytes
2026-04-28 09:34:11,949 [INFO] [OK] Argentina/GFS_ENSEMBLE_Corn_Winter/cumulative dia 14 (2026-04-28 → 2026-05-12) 42318 bytes
2026-04-28 09:34:12,131 [INFO] [OK] Argentina/ECM_ENSEMBLE_Soy/daily dia 02 (2026-04-30 → 2026-04-30) 35419 bytes
2026-04-28 09:34:12,178 [INFO] [OK] Argentina/ECM_ENSEMBLE_Soy/daily dia 03 (2026-05-01 → 2026-05-01) 37144 bytes
2026-04-28 09:34:12,360 [INFO] [OK] Argentina/ECM_ENSEMBLE_Soy/daily dia 04 (2026-05-02 → 2026-05-02) 37187 bytes
2026-04-28 09:34:12,767 [INFO] [OK] Argentina/ECM_ENSEMBLE_Soy/daily dia 05 (2026-05-03 → 2026-05-03) 38315 bytes
2026-04-28 09:34:12,841 [INFO] [OK] Argentina/ECM_ENSEMBLE_Soy/daily dia 06 (2026-05-04 → 2026-05-04) 38325 bytes
2026-04-28 09:34:13,292 [INFO] [OK] Argentina/ECM_ENSEMBLE_Soy/daily dia 07 (2026-05-05 → 2026-05-05) 40537 bytes
2026-04-28 09:34:13,510 [INFO] [OK] Argentina/ECM_ENSEMBLE_Soy/daily dia 08 (2026-05-06 → 2026-05-06) 40645 bytes
2026-04-28 09:34:13,584 [INFO] [OK] Argentina/ECM_ENSEMBLE_Soy/daily dia 09 (2026-05-07 → 2026-05-07) 40707 bytes
2026-04-28 09:34:13,601 [INFO] [OK] Argentina/ECM_ENSEMBLE_Soy/daily dia 10 (2026-05-08 → 2026-05-08) 42638 bytes
2026-04-28 09:34:14,061 [INFO] [OK] Argentina/ECM_ENSEMBLE_Soy/daily dia 11 (2026-05-09 → 2026-05-09) 45140 bytes
2026-04-28 09:34:14,195 [INFO] [OK] Argentina/ECM_ENSEMBLE_Soy/daily dia 12 (2026-05-10 → 2026-05-10) 45634 bytes
2026-04-28 09:34:14,338 [INFO] [OK] Argentina/ECM_ENSEMBLE_Soy/daily dia 13 (2026-05-11 → 2026-05-11) 43018 bytes
2026-04-28 09:34:14,585 [INFO] [OK] Argentina/ECM_ENSEMBLE_Soy/daily dia 14 (2026-05-12 → 2026-05-12) 37611 bytes
2026-04-28 09:34:14,676 [INFO] [OK] Argentina/ECM_ENSEMBLE_Soy/cumulative dia 01 (2026-04-28 → 2026-04-29) 37688 bytes
2026-04-28 09:34:14,714 [INFO] [OK] Argentina/ECM_ENSEMBLE_Soy/cumulative dia 00 (2026-04-28 → 2026-04-28) 37897 bytes
2026-04-28 09:34:15,168 [INFO] [OK] Argentina/ECM_ENSEMBLE_Soy/cumulative dia 02 (2026-04-28 → 2026-04-30) 38506 bytes
2026-04-28 09:34:15,416 [INFO] [OK] Argentina/ECM_ENSEMBLE_Soy/cumulative dia 03 (2026-04-28 → 2026-05-01) 41606 bytes
2026-04-28 09:34:15,609 [INFO] [OK] Argentina/ECM_ENSEMBLE_Soy/cumulative dia 04 (2026-04-28 → 2026-05-02) 41486 bytes
2026-04-28 09:34:15,846 [INFO] [OK] Argentina/ECM_ENSEMBLE_Soy/cumulative dia 05 (2026-04-28 → 2026-05-03) 41625 bytes
2026-04-28 09:34:16,149 [INFO] [OK] Argentina/ECM_ENSEMBLE_Soy/cumulative dia 06 (2026-04-28 → 2026-05-04) 41240 bytes
2026-04-28 09:34:16,235 [INFO] [OK] Argentina/ECM_ENSEMBLE_Soy/cumulative dia 07 (2026-04-28 → 2026-05-05) 41847 bytes
2026-04-28 09:34:16,733 [INFO] [OK] Argentina/ECM_ENSEMBLE_Soy/cumulative dia 08 (2026-04-28 → 2026-05-06) 42529 bytes
2026-04-28 09:34:17,291 [INFO] [OK] Argentina/ECM_ENSEMBLE_Soy/cumulative dia 09 (2026-04-28 → 2026-05-07) 42770 bytes
2026-04-28 09:34:17,960 [INFO] [OK] Argentina/ECM_ENSEMBLE_Soy/cumulative dia 10 (2026-04-28 → 2026-05-08) 42922 bytes
2026-04-28 09:34:18,490 [INFO] [OK] Argentina/ECM_ENSEMBLE_Soy/cumulative dia 11 (2026-04-28 → 2026-05-09) 43275 bytes
2026-04-28 09:34:18,783 [INFO] [OK] Argentina/ECM_ENSEMBLE_Corn_Winter/daily dia 00 (2026-04-28 → 2026-04-28) 36313 bytes
2026-04-28 09:34:18,961 [INFO] [OK] Argentina/ECM_ENSEMBLE_Soy/cumulative dia 12 (2026-04-28 → 2026-05-10) 43768 bytes
2026-04-28 09:34:19,218 [INFO] [OK] Argentina/ECM_ENSEMBLE_Corn_Winter/daily dia 01 (2026-04-29 → 2026-04-29) 33930 bytes
2026-04-28 09:34:19,287 [INFO] [OK] Argentina/ECM_ENSEMBLE_Soy/cumulative dia 13 (2026-04-28 → 2026-05-11) 43912 bytes
2026-04-28 09:34:19,308 [INFO] [OK] Argentina/ECM_ENSEMBLE_Soy/cumulative dia 14 (2026-04-28 → 2026-05-12) 43904 bytes
2026-04-28 09:34:19,553 [INFO] [OK] Argentina/ECM_ENSEMBLE_Corn_Winter/daily dia 02 (2026-04-30 → 2026-04-30) 33810 bytes
2026-04-28 09:34:19,873 [INFO] [OK] Argentina/ECM_ENSEMBLE_Corn_Winter/daily dia 03 (2026-05-01 → 2026-05-01) 35473 bytes
2026-04-28 09:34:20,030 [INFO] [OK] Argentina/ECM_ENSEMBLE_Corn_Winter/daily dia 04 (2026-05-02 → 2026-05-02) 35323 bytes
2026-04-28 09:34:20,246 [INFO] [OK] Argentina/ECM_ENSEMBLE_Corn_Winter/daily dia 05 (2026-05-03 → 2026-05-03) 36723 bytes
2026-04-28 09:34:20,367 [INFO] [OK] Argentina/ECM_ENSEMBLE_Corn_Winter/daily dia 06 (2026-05-04 → 2026-05-04) 36636 bytes
2026-04-28 09:34:20,412 [INFO] [OK] Argentina/ECM_ENSEMBLE_Corn_Winter/daily dia 07 (2026-05-05 → 2026-05-05) 38601 bytes
2026-04-28 09:34:20,757 [INFO] [OK] Argentina/ECM_ENSEMBLE_Corn_Winter/daily dia 08 (2026-05-06 → 2026-05-06) 38827 bytes
2026-04-28 09:34:20,894 [INFO] [OK] Argentina/ECM_ENSEMBLE_Corn_Winter/daily dia 09 (2026-05-07 → 2026-05-07) 39146 bytes
2026-04-28 09:34:21,129 [INFO] [OK] Argentina/ECM_ENSEMBLE_Corn_Winter/daily dia 10 (2026-05-08 → 2026-05-08) 41178 bytes
2026-04-28 09:34:21,578 [INFO] [OK] Argentina/ECM_ENSEMBLE_Corn_Winter/daily dia 12 (2026-05-10 → 2026-05-10) 43889 bytes
2026-04-28 09:34:21,599 [INFO] [OK] Argentina/ECM_ENSEMBLE_Corn_Winter/daily dia 11 (2026-05-09 → 2026-05-09) 43555 bytes
2026-04-28 09:34:21,624 [INFO] [OK] Argentina/ECM_ENSEMBLE_Corn_Winter/daily dia 13 (2026-05-11 → 2026-05-11) 41248 bytes
2026-04-28 09:34:21,783 [INFO] [OK] Argentina/ECM_ENSEMBLE_Corn_Winter/daily dia 14 (2026-05-12 → 2026-05-12) 36381 bytes
2026-04-28 09:34:21,970 [INFO] [OK] Argentina/ECM_ENSEMBLE_Corn_Winter/cumulative dia 00 (2026-04-28 → 2026-04-28) 36313 bytes
2026-04-28 09:34:22,356 [INFO] [OK] Argentina/ECM_ENSEMBLE_Corn_Winter/cumulative dia 01 (2026-04-28 → 2026-04-29) 36218 bytes
2026-04-28 09:34:22,934 [INFO] [OK] Argentina/ECM_ENSEMBLE_Corn_Winter/cumulative dia 02 (2026-04-28 → 2026-04-30) 37117 bytes
2026-04-28 09:34:23,231 [INFO] [OK] Argentina/ECM_ENSEMBLE_Corn_Winter/cumulative dia 03 (2026-04-28 → 2026-05-01) 39928 bytes
2026-04-28 09:34:23,363 [INFO] [OK] Argentina/ECM_ENSEMBLE_Corn_Winter/cumulative dia 05 (2026-04-28 → 2026-05-03) 40126 bytes
2026-04-28 09:34:23,403 [INFO] [OK] Argentina/ECM_ENSEMBLE_Corn_Winter/cumulative dia 04 (2026-04-28 → 2026-05-02) 40035 bytes
2026-04-28 09:34:23,827 [INFO] [OK] Argentina/ECM_ENSEMBLE_Corn_Winter/cumulative dia 06 (2026-04-28 → 2026-05-04) 39759 bytes
2026-04-28 09:34:23,948 [INFO] [OK] Argentina/ECM_ENSEMBLE_Corn_Winter/cumulative dia 07 (2026-04-28 → 2026-05-05) 40339 bytes
2026-04-28 09:34:24,662 [INFO] [OK] Argentina/ECM_ENSEMBLE_Corn_Winter/cumulative dia 08 (2026-04-28 → 2026-05-06) 41116 bytes
2026-04-28 09:34:25,575 [INFO] [OK] Argentina/ECM_ENSEMBLE_Corn_Winter/cumulative dia 09 (2026-04-28 → 2026-05-07) 41442 bytes
2026-04-28 09:34:25,723 [INFO] [OK] Argentina/ECM_ENSEMBLE_Corn_Winter/cumulative dia 11 (2026-04-28 → 2026-05-09) 41812 bytes
2026-04-28 09:34:25,875 [INFO] [OK] Argentina/ECM_ENSEMBLE_Corn_Winter/cumulative dia 10 (2026-04-28 → 2026-05-08) 41391 bytes
2026-04-28 09:34:26,881 [INFO] [OK] Argentina/ECM_ENSEMBLE_Corn_Winter/cumulative dia 12 (2026-04-28 → 2026-05-10) 42211 bytes
2026-04-28 09:34:26,952 [INFO] [OK] Argentina/ECM_ENSEMBLE_Corn_Winter/cumulative dia 13 (2026-04-28 → 2026-05-11) 42387 bytes
2026-04-28 09:34:27,226 [INFO] [OK] Argentina/ECM_ENSEMBLE_Corn_Winter/cumulative dia 14 (2026-04-28 → 2026-05-12) 42585 bytes
2026-04-28 09:34:27,227 [INFO] Resumo: 240/240 sucessos, 0 erros
2026-04-28 09:34:27,310 [INFO] Manifest: C:\Users\server\OneDrive - CGB Enterprises, Inc\ZGC-PBI Research - Documents\Dataset Data Files\Weather_maps\manifest.json
2026-04-28 09:34:27,311 [INFO] [GIT] Iniciando sincronização com GitHub...
2026-04-28 09:34:56,795 [INFO] [GIT] Sucesso ✓
2026-04-28 09:34:56,796 [INFO] ✓ Sincronizado com GitHub — Power BI atualiza no próximo refresh
