2026-05-15 09:33:18,244 [INFO] === Execução 2026-05-15 | modo=both | dias=15 | parâmetro=PRCP_DEP ===
2026-05-15 09:33:18,244 [INFO] Baixando 240 mapas com 6 threads...
2026-05-15 09:33:20,518 [INFO] [OK] Brazil/GFS_ENSEMBLE_Soy/daily dia 02 (2026-05-17 → 2026-05-17) 48000 bytes
2026-05-15 09:33:20,544 [INFO] [OK] Brazil/GFS_ENSEMBLE_Soy/daily dia 01 (2026-05-16 → 2026-05-16) 48990 bytes
2026-05-15 09:33:21,043 [INFO] [OK] Brazil/GFS_ENSEMBLE_Soy/daily dia 00 (2026-05-15 → 2026-05-15) 44391 bytes
2026-05-15 09:33:21,043 [INFO] [OK] Brazil/GFS_ENSEMBLE_Soy/daily dia 05 (2026-05-20 → 2026-05-20) 43189 bytes
2026-05-15 09:33:21,045 [INFO] [OK] Brazil/GFS_ENSEMBLE_Soy/daily dia 03 (2026-05-18 → 2026-05-18) 46343 bytes
2026-05-15 09:33:21,048 [INFO] [OK] Brazil/GFS_ENSEMBLE_Soy/daily dia 04 (2026-05-19 → 2026-05-19) 43752 bytes
2026-05-15 09:33:21,831 [INFO] [OK] Brazil/GFS_ENSEMBLE_Soy/daily dia 06 (2026-05-21 → 2026-05-21) 43543 bytes
2026-05-15 09:33:21,905 [INFO] [OK] Brazil/GFS_ENSEMBLE_Soy/daily dia 07 (2026-05-22 → 2026-05-22) 47008 bytes
2026-05-15 09:33:22,348 [INFO] [OK] Brazil/GFS_ENSEMBLE_Soy/daily dia 08 (2026-05-23 → 2026-05-23) 47445 bytes
2026-05-15 09:33:22,673 [INFO] [OK] Brazil/GFS_ENSEMBLE_Soy/daily dia 11 (2026-05-26 → 2026-05-26) 53094 bytes
2026-05-15 09:33:22,774 [INFO] [OK] Brazil/GFS_ENSEMBLE_Soy/daily dia 10 (2026-05-25 → 2026-05-25) 51156 bytes
2026-05-15 09:33:22,778 [INFO] [OK] Brazil/GFS_ENSEMBLE_Soy/daily dia 09 (2026-05-24 → 2026-05-24) 47246 bytes
2026-05-15 09:33:23,181 [INFO] [OK] Brazil/GFS_ENSEMBLE_Soy/daily dia 12 (2026-05-27 → 2026-05-27) 52784 bytes
2026-05-15 09:33:23,479 [INFO] [OK] Brazil/GFS_ENSEMBLE_Soy/daily dia 13 (2026-05-28 → 2026-05-28) 53442 bytes
2026-05-15 09:33:23,729 [INFO] [OK] Brazil/GFS_ENSEMBLE_Soy/daily dia 14 (2026-05-29 → 2026-05-29) 54594 bytes
2026-05-15 09:33:24,069 [INFO] [OK] Brazil/GFS_ENSEMBLE_Soy/cumulative dia 00 (2026-05-15 → 2026-05-15) 44391 bytes
2026-05-15 09:33:24,198 [INFO] [OK] Brazil/GFS_ENSEMBLE_Soy/cumulative dia 01 (2026-05-15 → 2026-05-16) 48568 bytes
2026-05-15 09:33:24,240 [INFO] [OK] Brazil/GFS_ENSEMBLE_Soy/cumulative dia 02 (2026-05-15 → 2026-05-17) 49743 bytes
2026-05-15 09:33:24,668 [INFO] [OK] Brazil/GFS_ENSEMBLE_Soy/cumulative dia 03 (2026-05-15 → 2026-05-18) 49559 bytes
2026-05-15 09:33:25,091 [INFO] [OK] Brazil/GFS_ENSEMBLE_Soy/cumulative dia 04 (2026-05-15 → 2026-05-19) 49784 bytes
2026-05-15 09:33:25,545 [INFO] [OK] Brazil/GFS_ENSEMBLE_Soy/cumulative dia 05 (2026-05-15 → 2026-05-20) 50059 bytes
2026-05-15 09:33:26,022 [INFO] [OK] Brazil/GFS_ENSEMBLE_Soy/cumulative dia 06 (2026-05-15 → 2026-05-21) 50435 bytes
2026-05-15 09:33:26,106 [INFO] [OK] Brazil/GFS_ENSEMBLE_Soy/cumulative dia 07 (2026-05-15 → 2026-05-22) 50327 bytes
2026-05-15 09:33:26,258 [INFO] [OK] Brazil/GFS_ENSEMBLE_Soy/cumulative dia 08 (2026-05-15 → 2026-05-23) 50171 bytes
2026-05-15 09:33:26,695 [INFO] [OK] Brazil/GFS_ENSEMBLE_Soy/cumulative dia 09 (2026-05-15 → 2026-05-24) 50616 bytes
2026-05-15 09:33:27,476 [INFO] [OK] Brazil/GFS_ENSEMBLE_Soy/cumulative dia 10 (2026-05-15 → 2026-05-25) 50697 bytes
2026-05-15 09:33:27,887 [INFO] [OK] Brazil/GFS_ENSEMBLE_Soy/cumulative dia 11 (2026-05-15 → 2026-05-26) 50830 bytes
2026-05-15 09:33:28,029 [INFO] [OK] Brazil/GFS_ENSEMBLE_Corn_Winter/daily dia 00 (2026-05-15 → 2026-05-15) 42929 bytes
2026-05-15 09:33:28,225 [INFO] [OK] Brazil/GFS_ENSEMBLE_Soy/cumulative dia 12 (2026-05-15 → 2026-05-27) 51401 bytes
2026-05-15 09:33:28,618 [INFO] [OK] Brazil/GFS_ENSEMBLE_Soy/cumulative dia 13 (2026-05-15 → 2026-05-28) 51257 bytes
2026-05-15 09:33:28,681 [INFO] [OK] Brazil/GFS_ENSEMBLE_Soy/cumulative dia 14 (2026-05-15 → 2026-05-29) 51762 bytes
2026-05-15 09:33:28,791 [INFO] [OK] Brazil/GFS_ENSEMBLE_Corn_Winter/daily dia 01 (2026-05-16 → 2026-05-16) 47516 bytes
2026-05-15 09:33:29,230 [INFO] [OK] Brazil/GFS_ENSEMBLE_Corn_Winter/daily dia 02 (2026-05-17 → 2026-05-17) 46618 bytes
2026-05-15 09:33:29,409 [INFO] [OK] Brazil/GFS_ENSEMBLE_Corn_Winter/daily dia 03 (2026-05-18 → 2026-05-18) 44920 bytes
2026-05-15 09:33:29,535 [INFO] [OK] Brazil/GFS_ENSEMBLE_Corn_Winter/daily dia 04 (2026-05-19 → 2026-05-19) 42339 bytes
2026-05-15 09:33:29,975 [INFO] [OK] Brazil/GFS_ENSEMBLE_Corn_Winter/daily dia 06 (2026-05-21 → 2026-05-21) 41775 bytes
2026-05-15 09:33:29,998 [INFO] [OK] Brazil/GFS_ENSEMBLE_Corn_Winter/daily dia 05 (2026-05-20 → 2026-05-20) 41639 bytes
2026-05-15 09:33:30,089 [INFO] [OK] Brazil/GFS_ENSEMBLE_Corn_Winter/daily dia 07 (2026-05-22 → 2026-05-22) 45468 bytes
2026-05-15 09:33:30,571 [INFO] [OK] Brazil/GFS_ENSEMBLE_Corn_Winter/daily dia 08 (2026-05-23 → 2026-05-23) 45827 bytes
2026-05-15 09:33:30,725 [INFO] [OK] Brazil/GFS_ENSEMBLE_Corn_Winter/daily dia 09 (2026-05-24 → 2026-05-24) 45824 bytes
2026-05-15 09:33:30,891 [INFO] [OK] Brazil/GFS_ENSEMBLE_Corn_Winter/daily dia 10 (2026-05-25 → 2026-05-25) 49375 bytes
2026-05-15 09:33:31,315 [INFO] [OK] Brazil/GFS_ENSEMBLE_Corn_Winter/daily dia 11 (2026-05-26 → 2026-05-26) 51073 bytes
2026-05-15 09:33:31,330 [INFO] [OK] Brazil/GFS_ENSEMBLE_Corn_Winter/daily dia 12 (2026-05-27 → 2026-05-27) 51093 bytes
2026-05-15 09:33:31,416 [INFO] [OK] Brazil/GFS_ENSEMBLE_Corn_Winter/daily dia 13 (2026-05-28 → 2026-05-28) 51943 bytes
2026-05-15 09:33:31,925 [INFO] [OK] Brazil/GFS_ENSEMBLE_Corn_Winter/daily dia 14 (2026-05-29 → 2026-05-29) 52826 bytes
2026-05-15 09:33:32,073 [INFO] [OK] Brazil/GFS_ENSEMBLE_Corn_Winter/cumulative dia 00 (2026-05-15 → 2026-05-15) 42929 bytes
2026-05-15 09:33:32,237 [INFO] [OK] Brazil/GFS_ENSEMBLE_Corn_Winter/cumulative dia 01 (2026-05-15 → 2026-05-16) 47065 bytes
2026-05-15 09:33:32,767 [INFO] [OK] Brazil/GFS_ENSEMBLE_Corn_Winter/cumulative dia 02 (2026-05-15 → 2026-05-17) 48322 bytes
2026-05-15 09:33:32,918 [INFO] [OK] Brazil/GFS_ENSEMBLE_Corn_Winter/cumulative dia 03 (2026-05-15 → 2026-05-18) 48289 bytes
2026-05-15 09:33:33,060 [INFO] [OK] Brazil/GFS_ENSEMBLE_Corn_Winter/cumulative dia 04 (2026-05-15 → 2026-05-19) 48465 bytes
2026-05-15 09:33:33,657 [INFO] [OK] Brazil/GFS_ENSEMBLE_Corn_Winter/cumulative dia 05 (2026-05-15 → 2026-05-20) 48633 bytes
2026-05-15 09:33:33,915 [INFO] [OK] Brazil/GFS_ENSEMBLE_Corn_Winter/cumulative dia 06 (2026-05-15 → 2026-05-21) 48997 bytes
2026-05-15 09:33:34,286 [INFO] [OK] Brazil/GFS_ENSEMBLE_Corn_Winter/cumulative dia 07 (2026-05-15 → 2026-05-22) 48920 bytes
2026-05-15 09:33:34,779 [INFO] [OK] Brazil/GFS_ENSEMBLE_Corn_Winter/cumulative dia 08 (2026-05-15 → 2026-05-23) 48860 bytes
2026-05-15 09:33:34,900 [INFO] [OK] Brazil/GFS_ENSEMBLE_Corn_Winter/cumulative dia 09 (2026-05-15 → 2026-05-24) 49224 bytes
2026-05-15 09:33:35,134 [INFO] [OK] Brazil/GFS_ENSEMBLE_Corn_Winter/cumulative dia 10 (2026-05-15 → 2026-05-25) 49204 bytes
2026-05-15 09:33:35,770 [INFO] [OK] Brazil/GFS_ENSEMBLE_Corn_Winter/cumulative dia 11 (2026-05-15 → 2026-05-26) 49449 bytes
2026-05-15 09:33:36,038 [INFO] [OK] Brazil/GFS_ENSEMBLE_Corn_Winter/cumulative dia 12 (2026-05-15 → 2026-05-27) 49902 bytes
2026-05-15 09:33:36,243 [INFO] [OK] Brazil/ECM_ENSEMBLE_Soy/daily dia 00 (2026-05-15 → 2026-05-15) 48693 bytes
2026-05-15 09:33:36,493 [INFO] [OK] Brazil/ECM_ENSEMBLE_Soy/daily dia 01 (2026-05-16 → 2026-05-16) 50221 bytes
2026-05-15 09:33:36,578 [INFO] [OK] Brazil/GFS_ENSEMBLE_Corn_Winter/cumulative dia 13 (2026-05-15 → 2026-05-28) 49921 bytes
2026-05-15 09:33:37,040 [INFO] [OK] Brazil/GFS_ENSEMBLE_Corn_Winter/cumulative dia 14 (2026-05-15 → 2026-05-29) 50420 bytes
2026-05-15 09:33:37,170 [INFO] [OK] Brazil/ECM_ENSEMBLE_Soy/daily dia 02 (2026-05-17 → 2026-05-17) 48596 bytes
2026-05-15 09:33:37,472 [INFO] [OK] Brazil/ECM_ENSEMBLE_Soy/daily dia 03 (2026-05-18 → 2026-05-18) 45940 bytes
2026-05-15 09:33:37,559 [INFO] [OK] Brazil/ECM_ENSEMBLE_Soy/daily dia 04 (2026-05-19 → 2026-05-19) 41819 bytes
2026-05-15 09:33:37,789 [INFO] [OK] Brazil/ECM_ENSEMBLE_Soy/daily dia 05 (2026-05-20 → 2026-05-20) 45541 bytes
2026-05-15 09:33:38,009 [INFO] [OK] Brazil/ECM_ENSEMBLE_Soy/daily dia 06 (2026-05-21 → 2026-05-21) 47762 bytes
2026-05-15 09:33:38,379 [INFO] [OK] Brazil/ECM_ENSEMBLE_Soy/daily dia 07 (2026-05-22 → 2026-05-22) 48235 bytes
2026-05-15 09:33:38,488 [INFO] [OK] Brazil/ECM_ENSEMBLE_Soy/daily dia 08 (2026-05-23 → 2026-05-23) 46972 bytes
2026-05-15 09:33:38,888 [INFO] [OK] Brazil/ECM_ENSEMBLE_Soy/daily dia 10 (2026-05-25 → 2026-05-25) 52908 bytes
2026-05-15 09:33:38,990 [INFO] [OK] Brazil/ECM_ENSEMBLE_Soy/daily dia 09 (2026-05-24 → 2026-05-24) 49613 bytes
2026-05-15 09:33:39,106 [INFO] [OK] Brazil/ECM_ENSEMBLE_Soy/daily dia 11 (2026-05-26 → 2026-05-26) 53308 bytes
2026-05-15 09:33:39,330 [INFO] [OK] Brazil/ECM_ENSEMBLE_Soy/daily dia 12 (2026-05-27 → 2026-05-27) 53464 bytes
2026-05-15 09:33:39,721 [INFO] [OK] Brazil/ECM_ENSEMBLE_Soy/daily dia 13 (2026-05-28 → 2026-05-28) 52484 bytes
2026-05-15 09:33:39,850 [INFO] [OK] Brazil/ECM_ENSEMBLE_Soy/daily dia 14 (2026-05-29 → 2026-05-29) 53094 bytes
2026-05-15 09:33:40,247 [INFO] [OK] Brazil/ECM_ENSEMBLE_Soy/cumulative dia 00 (2026-05-15 → 2026-05-15) 48693 bytes
2026-05-15 09:33:40,511 [INFO] [OK] Brazil/ECM_ENSEMBLE_Soy/cumulative dia 01 (2026-05-15 → 2026-05-16) 50508 bytes
2026-05-15 09:33:40,651 [INFO] [OK] Brazil/ECM_ENSEMBLE_Soy/cumulative dia 02 (2026-05-15 → 2026-05-17) 50333 bytes
2026-05-15 09:33:41,028 [INFO] [OK] Brazil/ECM_ENSEMBLE_Soy/cumulative dia 03 (2026-05-15 → 2026-05-18) 50386 bytes
2026-05-15 09:33:41,457 [INFO] [OK] Brazil/ECM_ENSEMBLE_Soy/cumulative dia 04 (2026-05-15 → 2026-05-19) 51197 bytes
2026-05-15 09:33:41,575 [INFO] [OK] Brazil/ECM_ENSEMBLE_Soy/cumulative dia 05 (2026-05-15 → 2026-05-20) 51473 bytes
2026-05-15 09:33:42,021 [INFO] [OK] Brazil/ECM_ENSEMBLE_Soy/cumulative dia 06 (2026-05-15 → 2026-05-21) 51600 bytes
2026-05-15 09:33:42,404 [INFO] [OK] Brazil/ECM_ENSEMBLE_Soy/cumulative dia 07 (2026-05-15 → 2026-05-22) 51441 bytes
2026-05-15 09:33:42,514 [INFO] [OK] Brazil/ECM_ENSEMBLE_Soy/cumulative dia 08 (2026-05-15 → 2026-05-23) 52132 bytes
2026-05-15 09:33:43,059 [INFO] [OK] Brazil/ECM_ENSEMBLE_Soy/cumulative dia 09 (2026-05-15 → 2026-05-24) 52378 bytes
2026-05-15 09:33:43,617 [INFO] [OK] Brazil/ECM_ENSEMBLE_Soy/cumulative dia 10 (2026-05-15 → 2026-05-25) 52741 bytes
2026-05-15 09:33:43,794 [INFO] [OK] Brazil/ECM_ENSEMBLE_Soy/cumulative dia 11 (2026-05-15 → 2026-05-26) 53280 bytes
2026-05-15 09:33:44,462 [INFO] [OK] Brazil/ECM_ENSEMBLE_Corn_Winter/daily dia 00 (2026-05-15 → 2026-05-15) 47071 bytes
2026-05-15 09:33:44,466 [INFO] [OK] Brazil/ECM_ENSEMBLE_Soy/cumulative dia 12 (2026-05-15 → 2026-05-27) 53806 bytes
2026-05-15 09:33:44,753 [INFO] [OK] Brazil/ECM_ENSEMBLE_Soy/cumulative dia 13 (2026-05-15 → 2026-05-28) 53495 bytes
2026-05-15 09:33:45,101 [INFO] [OK] Brazil/ECM_ENSEMBLE_Corn_Winter/daily dia 01 (2026-05-16 → 2026-05-16) 48796 bytes
2026-05-15 09:33:45,138 [INFO] [OK] Brazil/ECM_ENSEMBLE_Soy/cumulative dia 14 (2026-05-15 → 2026-05-29) 53840 bytes
2026-05-15 09:33:45,301 [INFO] [OK] Brazil/ECM_ENSEMBLE_Corn_Winter/daily dia 02 (2026-05-17 → 2026-05-17) 47312 bytes
2026-05-15 09:33:46,009 [INFO] [OK] Brazil/ECM_ENSEMBLE_Corn_Winter/daily dia 03 (2026-05-18 → 2026-05-18) 44278 bytes
2026-05-15 09:33:46,232 [INFO] [OK] Brazil/ECM_ENSEMBLE_Corn_Winter/daily dia 04 (2026-05-19 → 2026-05-19) 40264 bytes
2026-05-15 09:33:46,385 [INFO] [OK] Brazil/ECM_ENSEMBLE_Corn_Winter/daily dia 05 (2026-05-20 → 2026-05-20) 43994 bytes
2026-05-15 09:33:46,514 [INFO] [OK] Brazil/ECM_ENSEMBLE_Corn_Winter/daily dia 06 (2026-05-21 → 2026-05-21) 46012 bytes
2026-05-15 09:33:46,540 [INFO] [OK] Brazil/ECM_ENSEMBLE_Corn_Winter/daily dia 07 (2026-05-22 → 2026-05-22) 46780 bytes
2026-05-15 09:33:46,675 [INFO] [OK] Brazil/ECM_ENSEMBLE_Corn_Winter/daily dia 08 (2026-05-23 → 2026-05-23) 45510 bytes
2026-05-15 09:33:47,308 [INFO] [OK] Brazil/ECM_ENSEMBLE_Corn_Winter/daily dia 09 (2026-05-24 → 2026-05-24) 48183 bytes
2026-05-15 09:33:47,707 [INFO] [OK] Brazil/ECM_ENSEMBLE_Corn_Winter/daily dia 10 (2026-05-25 → 2026-05-25) 51314 bytes
2026-05-15 09:33:47,832 [INFO] [OK] Brazil/ECM_ENSEMBLE_Corn_Winter/daily dia 11 (2026-05-26 → 2026-05-26) 51738 bytes
2026-05-15 09:33:47,941 [INFO] [OK] Brazil/ECM_ENSEMBLE_Corn_Winter/daily dia 12 (2026-05-27 → 2026-05-27) 51889 bytes
2026-05-15 09:33:47,995 [INFO] [OK] Brazil/ECM_ENSEMBLE_Corn_Winter/daily dia 13 (2026-05-28 → 2026-05-28) 51134 bytes
2026-05-15 09:33:48,017 [INFO] [OK] Brazil/ECM_ENSEMBLE_Corn_Winter/daily dia 14 (2026-05-29 → 2026-05-29) 51506 bytes
2026-05-15 09:33:48,844 [INFO] [OK] Brazil/ECM_ENSEMBLE_Corn_Winter/cumulative dia 00 (2026-05-15 → 2026-05-15) 47071 bytes
2026-05-15 09:33:49,221 [INFO] [OK] Brazil/ECM_ENSEMBLE_Corn_Winter/cumulative dia 01 (2026-05-15 → 2026-05-16) 49180 bytes
2026-05-15 09:33:49,486 [INFO] [OK] Brazil/ECM_ENSEMBLE_Corn_Winter/cumulative dia 02 (2026-05-15 → 2026-05-17) 49098 bytes
2026-05-15 09:33:49,635 [INFO] [OK] Brazil/ECM_ENSEMBLE_Corn_Winter/cumulative dia 03 (2026-05-15 → 2026-05-18) 48911 bytes
2026-05-15 09:33:49,686 [INFO] [OK] Brazil/ECM_ENSEMBLE_Corn_Winter/cumulative dia 04 (2026-05-15 → 2026-05-19) 49886 bytes
2026-05-15 09:33:49,690 [INFO] [OK] Brazil/ECM_ENSEMBLE_Corn_Winter/cumulative dia 05 (2026-05-15 → 2026-05-20) 50068 bytes
2026-05-15 09:33:50,775 [INFO] [OK] Brazil/ECM_ENSEMBLE_Corn_Winter/cumulative dia 06 (2026-05-15 → 2026-05-21) 50371 bytes
2026-05-15 09:33:51,091 [INFO] [OK] Brazil/ECM_ENSEMBLE_Corn_Winter/cumulative dia 07 (2026-05-15 → 2026-05-22) 50260 bytes
2026-05-15 09:33:51,510 [INFO] [OK] Brazil/ECM_ENSEMBLE_Corn_Winter/cumulative dia 08 (2026-05-15 → 2026-05-23) 51004 bytes
2026-05-15 09:33:51,779 [INFO] [OK] Brazil/ECM_ENSEMBLE_Corn_Winter/cumulative dia 09 (2026-05-15 → 2026-05-24) 51033 bytes
2026-05-15 09:33:51,826 [INFO] [OK] Brazil/ECM_ENSEMBLE_Corn_Winter/cumulative dia 10 (2026-05-15 → 2026-05-25) 51449 bytes
2026-05-15 09:33:51,877 [INFO] [OK] Brazil/ECM_ENSEMBLE_Corn_Winter/cumulative dia 11 (2026-05-15 → 2026-05-26) 51790 bytes
2026-05-15 09:33:52,849 [INFO] [OK] Argentina/GFS_ENSEMBLE_Soy/daily dia 00 (2026-05-15 → 2026-05-15) 35050 bytes
2026-05-15 09:33:52,900 [INFO] [OK] Brazil/ECM_ENSEMBLE_Corn_Winter/cumulative dia 12 (2026-05-15 → 2026-05-27) 52383 bytes
2026-05-15 09:33:52,916 [INFO] [OK] Argentina/GFS_ENSEMBLE_Soy/daily dia 02 (2026-05-17 → 2026-05-17) 37319 bytes
2026-05-15 09:33:52,926 [INFO] [OK] Argentina/GFS_ENSEMBLE_Soy/daily dia 01 (2026-05-16 → 2026-05-16) 39329 bytes
2026-05-15 09:33:53,346 [INFO] [OK] Brazil/ECM_ENSEMBLE_Corn_Winter/cumulative dia 13 (2026-05-15 → 2026-05-28) 52017 bytes
2026-05-15 09:33:53,781 [INFO] [OK] Argentina/GFS_ENSEMBLE_Soy/daily dia 03 (2026-05-18 → 2026-05-18) 36877 bytes
2026-05-15 09:33:53,850 [INFO] [OK] Brazil/ECM_ENSEMBLE_Corn_Winter/cumulative dia 14 (2026-05-15 → 2026-05-29) 52244 bytes
2026-05-15 09:33:53,934 [INFO] [OK] Argentina/GFS_ENSEMBLE_Soy/daily dia 05 (2026-05-20 → 2026-05-20) 31152 bytes
2026-05-15 09:33:53,972 [INFO] [OK] Argentina/GFS_ENSEMBLE_Soy/daily dia 04 (2026-05-19 → 2026-05-19) 32678 bytes
2026-05-15 09:33:54,078 [INFO] [OK] Argentina/GFS_ENSEMBLE_Soy/daily dia 06 (2026-05-21 → 2026-05-21) 31445 bytes
2026-05-15 09:33:54,317 [INFO] [OK] Argentina/GFS_ENSEMBLE_Soy/daily dia 07 (2026-05-22 → 2026-05-22) 34934 bytes
2026-05-15 09:33:54,730 [INFO] [OK] Argentina/GFS_ENSEMBLE_Soy/daily dia 08 (2026-05-23 → 2026-05-23) 35898 bytes
2026-05-15 09:33:54,874 [INFO] [OK] Argentina/GFS_ENSEMBLE_Soy/daily dia 09 (2026-05-24 → 2026-05-24) 35949 bytes
2026-05-15 09:33:54,971 [INFO] [OK] Argentina/GFS_ENSEMBLE_Soy/daily dia 10 (2026-05-25 → 2026-05-25) 40122 bytes
2026-05-15 09:33:55,035 [INFO] [OK] Argentina/GFS_ENSEMBLE_Soy/daily dia 12 (2026-05-27 → 2026-05-27) 42688 bytes
2026-05-15 09:33:55,106 [INFO] [OK] Argentina/GFS_ENSEMBLE_Soy/daily dia 11 (2026-05-26 → 2026-05-26) 43194 bytes
2026-05-15 09:33:55,367 [INFO] [OK] Argentina/GFS_ENSEMBLE_Soy/daily dia 13 (2026-05-28 → 2026-05-28) 43834 bytes
2026-05-15 09:33:55,708 [INFO] [OK] Argentina/GFS_ENSEMBLE_Soy/daily dia 14 (2026-05-29 → 2026-05-29) 43251 bytes
2026-05-15 09:33:55,851 [INFO] [OK] Argentina/GFS_ENSEMBLE_Soy/cumulative dia 00 (2026-05-15 → 2026-05-15) 35050 bytes
2026-05-15 09:33:56,025 [INFO] [OK] Argentina/GFS_ENSEMBLE_Soy/cumulative dia 01 (2026-05-15 → 2026-05-16) 39607 bytes
2026-05-15 09:33:56,102 [INFO] [OK] Argentina/GFS_ENSEMBLE_Soy/cumulative dia 02 (2026-05-15 → 2026-05-17) 40207 bytes
2026-05-15 09:33:56,283 [INFO] [OK] Argentina/GFS_ENSEMBLE_Soy/cumulative dia 03 (2026-05-15 → 2026-05-18) 40611 bytes
2026-05-15 09:33:56,487 [INFO] [OK] Argentina/GFS_ENSEMBLE_Soy/cumulative dia 04 (2026-05-15 → 2026-05-19) 40830 bytes
2026-05-15 09:33:57,154 [INFO] [OK] Argentina/GFS_ENSEMBLE_Soy/cumulative dia 06 (2026-05-15 → 2026-05-21) 41134 bytes
2026-05-15 09:33:57,175 [INFO] [OK] Argentina/GFS_ENSEMBLE_Soy/cumulative dia 05 (2026-05-15 → 2026-05-20) 41163 bytes
2026-05-15 09:33:57,410 [INFO] [OK] Argentina/GFS_ENSEMBLE_Soy/cumulative dia 07 (2026-05-15 → 2026-05-22) 40691 bytes
2026-05-15 09:33:57,634 [INFO] [OK] Argentina/GFS_ENSEMBLE_Soy/cumulative dia 08 (2026-05-15 → 2026-05-23) 40498 bytes
2026-05-15 09:33:57,690 [INFO] [OK] Argentina/GFS_ENSEMBLE_Soy/cumulative dia 09 (2026-05-15 → 2026-05-24) 40819 bytes
2026-05-15 09:33:57,930 [INFO] [OK] Argentina/GFS_ENSEMBLE_Soy/cumulative dia 10 (2026-05-15 → 2026-05-25) 40956 bytes
2026-05-15 09:33:58,787 [INFO] [OK] Argentina/GFS_ENSEMBLE_Soy/cumulative dia 12 (2026-05-15 → 2026-05-27) 42031 bytes
2026-05-15 09:33:58,830 [INFO] [OK] Argentina/GFS_ENSEMBLE_Soy/cumulative dia 11 (2026-05-15 → 2026-05-26) 41093 bytes
2026-05-15 09:33:58,897 [INFO] [OK] Argentina/GFS_ENSEMBLE_Corn_Winter/daily dia 00 (2026-05-15 → 2026-05-15) 33423 bytes
2026-05-15 09:33:59,093 [INFO] [OK] Argentina/GFS_ENSEMBLE_Corn_Winter/daily dia 01 (2026-05-16 → 2026-05-16) 37647 bytes
2026-05-15 09:33:59,153 [INFO] [OK] Argentina/GFS_ENSEMBLE_Soy/cumulative dia 13 (2026-05-15 → 2026-05-28) 41682 bytes
2026-05-15 09:33:59,274 [INFO] [OK] Argentina/GFS_ENSEMBLE_Soy/cumulative dia 14 (2026-05-15 → 2026-05-29) 41912 bytes
2026-05-15 09:33:59,692 [INFO] [OK] Argentina/GFS_ENSEMBLE_Corn_Winter/daily dia 02 (2026-05-17 → 2026-05-17) 35842 bytes
2026-05-15 09:33:59,792 [INFO] [OK] Argentina/GFS_ENSEMBLE_Corn_Winter/daily dia 03 (2026-05-18 → 2026-05-18) 35149 bytes
2026-05-15 09:33:59,854 [INFO] [OK] Argentina/GFS_ENSEMBLE_Corn_Winter/daily dia 04 (2026-05-19 → 2026-05-19) 31127 bytes
2026-05-15 09:34:00,098 [INFO] [OK] Argentina/GFS_ENSEMBLE_Corn_Winter/daily dia 05 (2026-05-20 → 2026-05-20) 29463 bytes
2026-05-15 09:34:00,105 [INFO] [OK] Argentina/GFS_ENSEMBLE_Corn_Winter/daily dia 06 (2026-05-21 → 2026-05-21) 29698 bytes
2026-05-15 09:34:00,245 [INFO] [OK] Argentina/GFS_ENSEMBLE_Corn_Winter/daily dia 07 (2026-05-22 → 2026-05-22) 33483 bytes
2026-05-15 09:34:00,660 [INFO] [OK] Argentina/GFS_ENSEMBLE_Corn_Winter/daily dia 08 (2026-05-23 → 2026-05-23) 34101 bytes
2026-05-15 09:34:00,747 [INFO] [OK] Argentina/GFS_ENSEMBLE_Corn_Winter/daily dia 09 (2026-05-24 → 2026-05-24) 34387 bytes
2026-05-15 09:34:00,899 [INFO] [OK] Argentina/GFS_ENSEMBLE_Corn_Winter/daily dia 10 (2026-05-25 → 2026-05-25) 38308 bytes
2026-05-15 09:34:01,069 [INFO] [OK] Argentina/GFS_ENSEMBLE_Corn_Winter/daily dia 11 (2026-05-26 → 2026-05-26) 41339 bytes
2026-05-15 09:34:01,157 [INFO] [OK] Argentina/GFS_ENSEMBLE_Corn_Winter/daily dia 12 (2026-05-27 → 2026-05-27) 41024 bytes
2026-05-15 09:34:01,259 [INFO] [OK] Argentina/GFS_ENSEMBLE_Corn_Winter/daily dia 13 (2026-05-28 → 2026-05-28) 42371 bytes
2026-05-15 09:34:01,921 [INFO] [OK] Argentina/GFS_ENSEMBLE_Corn_Winter/daily dia 14 (2026-05-29 → 2026-05-29) 41651 bytes
2026-05-15 09:34:01,936 [INFO] [OK] Argentina/GFS_ENSEMBLE_Corn_Winter/cumulative dia 00 (2026-05-15 → 2026-05-15) 33423 bytes
2026-05-15 09:34:01,943 [INFO] [OK] Argentina/GFS_ENSEMBLE_Corn_Winter/cumulative dia 01 (2026-05-15 → 2026-05-16) 37916 bytes
2026-05-15 09:34:02,135 [INFO] [OK] Argentina/GFS_ENSEMBLE_Corn_Winter/cumulative dia 02 (2026-05-15 → 2026-05-17) 38684 bytes
2026-05-15 09:34:02,279 [INFO] [OK] Argentina/GFS_ENSEMBLE_Corn_Winter/cumulative dia 03 (2026-05-15 → 2026-05-18) 39218 bytes
2026-05-15 09:34:02,402 [INFO] [OK] Argentina/GFS_ENSEMBLE_Corn_Winter/cumulative dia 04 (2026-05-15 → 2026-05-19) 39159 bytes
2026-05-15 09:34:03,289 [INFO] [OK] Argentina/GFS_ENSEMBLE_Corn_Winter/cumulative dia 06 (2026-05-15 → 2026-05-21) 39570 bytes
2026-05-15 09:34:03,390 [INFO] [OK] Argentina/GFS_ENSEMBLE_Corn_Winter/cumulative dia 07 (2026-05-15 → 2026-05-22) 39165 bytes
2026-05-15 09:34:03,531 [INFO] [OK] Argentina/GFS_ENSEMBLE_Corn_Winter/cumulative dia 05 (2026-05-15 → 2026-05-20) 39621 bytes
2026-05-15 09:34:03,860 [INFO] [OK] Argentina/GFS_ENSEMBLE_Corn_Winter/cumulative dia 08 (2026-05-15 → 2026-05-23) 39047 bytes
2026-05-15 09:34:03,916 [INFO] [OK] Argentina/GFS_ENSEMBLE_Corn_Winter/cumulative dia 09 (2026-05-15 → 2026-05-24) 39370 bytes
2026-05-15 09:34:04,057 [INFO] [OK] Argentina/GFS_ENSEMBLE_Corn_Winter/cumulative dia 10 (2026-05-15 → 2026-05-25) 39318 bytes
2026-05-15 09:34:04,856 [INFO] [OK] Argentina/GFS_ENSEMBLE_Corn_Winter/cumulative dia 11 (2026-05-15 → 2026-05-26) 39729 bytes
2026-05-15 09:34:04,956 [INFO] [OK] Argentina/ECM_ENSEMBLE_Soy/daily dia 00 (2026-05-15 → 2026-05-15) 38939 bytes
2026-05-15 09:34:05,077 [INFO] [OK] Argentina/GFS_ENSEMBLE_Corn_Winter/cumulative dia 12 (2026-05-15 → 2026-05-27) 40513 bytes
2026-05-15 09:34:05,229 [INFO] [OK] Argentina/GFS_ENSEMBLE_Corn_Winter/cumulative dia 13 (2026-05-15 → 2026-05-28) 40309 bytes
2026-05-15 09:34:05,230 [INFO] [OK] Argentina/ECM_ENSEMBLE_Soy/daily dia 01 (2026-05-16 → 2026-05-16) 41805 bytes
2026-05-15 09:34:05,473 [INFO] [OK] Argentina/GFS_ENSEMBLE_Corn_Winter/cumulative dia 14 (2026-05-15 → 2026-05-29) 40514 bytes
2026-05-15 09:34:05,935 [INFO] [OK] Argentina/ECM_ENSEMBLE_Soy/daily dia 03 (2026-05-18 → 2026-05-18) 35588 bytes
2026-05-15 09:34:05,960 [INFO] [OK] Argentina/ECM_ENSEMBLE_Soy/daily dia 02 (2026-05-17 → 2026-05-17) 38980 bytes
2026-05-15 09:34:06,003 [INFO] [OK] Argentina/ECM_ENSEMBLE_Soy/daily dia 04 (2026-05-19 → 2026-05-19) 31775 bytes
2026-05-15 09:34:06,347 [INFO] [OK] Argentina/ECM_ENSEMBLE_Soy/daily dia 05 (2026-05-20 → 2026-05-20) 35582 bytes
2026-05-15 09:34:06,347 [INFO] [OK] Argentina/ECM_ENSEMBLE_Soy/daily dia 06 (2026-05-21 → 2026-05-21) 37777 bytes
2026-05-15 09:34:06,550 [INFO] [OK] Argentina/ECM_ENSEMBLE_Soy/daily dia 07 (2026-05-22 → 2026-05-22) 38234 bytes
2026-05-15 09:34:06,891 [INFO] [OK] Argentina/ECM_ENSEMBLE_Soy/daily dia 08 (2026-05-23 → 2026-05-23) 36207 bytes
2026-05-15 09:34:06,918 [INFO] [OK] Argentina/ECM_ENSEMBLE_Soy/daily dia 09 (2026-05-24 → 2026-05-24) 39700 bytes
2026-05-15 09:34:07,058 [INFO] [OK] Argentina/ECM_ENSEMBLE_Soy/daily dia 10 (2026-05-25 → 2026-05-25) 44017 bytes
2026-05-15 09:34:07,315 [INFO] [OK] Argentina/ECM_ENSEMBLE_Soy/daily dia 11 (2026-05-26 → 2026-05-26) 44111 bytes
2026-05-15 09:34:07,392 [INFO] [OK] Argentina/ECM_ENSEMBLE_Soy/daily dia 12 (2026-05-27 → 2026-05-27) 44011 bytes
2026-05-15 09:34:07,645 [INFO] [OK] Argentina/ECM_ENSEMBLE_Soy/daily dia 13 (2026-05-28 → 2026-05-28) 42995 bytes
2026-05-15 09:34:07,886 [INFO] [OK] Argentina/ECM_ENSEMBLE_Soy/cumulative dia 00 (2026-05-15 → 2026-05-15) 38939 bytes
2026-05-15 09:34:07,936 [INFO] [OK] Argentina/ECM_ENSEMBLE_Soy/daily dia 14 (2026-05-29 → 2026-05-29) 45016 bytes
2026-05-15 09:34:08,050 [INFO] [OK] Argentina/ECM_ENSEMBLE_Soy/cumulative dia 01 (2026-05-15 → 2026-05-16) 41329 bytes
2026-05-15 09:34:08,975 [INFO] [OK] Argentina/ECM_ENSEMBLE_Soy/cumulative dia 03 (2026-05-15 → 2026-05-18) 41502 bytes
2026-05-15 09:34:08,994 [INFO] [OK] Argentina/ECM_ENSEMBLE_Soy/cumulative dia 02 (2026-05-15 → 2026-05-17) 40856 bytes
2026-05-15 09:34:09,005 [INFO] [OK] Argentina/ECM_ENSEMBLE_Soy/cumulative dia 04 (2026-05-15 → 2026-05-19) 42080 bytes
2026-05-15 09:34:09,138 [INFO] [OK] Argentina/ECM_ENSEMBLE_Soy/cumulative dia 05 (2026-05-15 → 2026-05-20) 42402 bytes
2026-05-15 09:34:09,245 [INFO] [OK] Argentina/ECM_ENSEMBLE_Soy/cumulative dia 06 (2026-05-15 → 2026-05-21) 42471 bytes
2026-05-15 09:34:09,377 [INFO] [OK] Argentina/ECM_ENSEMBLE_Soy/cumulative dia 07 (2026-05-15 → 2026-05-22) 42267 bytes
2026-05-15 09:34:10,632 [INFO] [OK] Argentina/ECM_ENSEMBLE_Soy/cumulative dia 09 (2026-05-15 → 2026-05-24) 42649 bytes
2026-05-15 09:34:10,645 [INFO] [OK] Argentina/ECM_ENSEMBLE_Soy/cumulative dia 10 (2026-05-15 → 2026-05-25) 42766 bytes
2026-05-15 09:34:10,832 [INFO] [OK] Argentina/ECM_ENSEMBLE_Soy/cumulative dia 08 (2026-05-15 → 2026-05-23) 42160 bytes
2026-05-15 09:34:10,852 [INFO] [OK] Argentina/ECM_ENSEMBLE_Soy/cumulative dia 11 (2026-05-15 → 2026-05-26) 43699 bytes
2026-05-15 09:34:10,961 [INFO] [OK] Argentina/ECM_ENSEMBLE_Soy/cumulative dia 12 (2026-05-15 → 2026-05-27) 44089 bytes
2026-05-15 09:34:11,027 [INFO] [OK] Argentina/ECM_ENSEMBLE_Soy/cumulative dia 13 (2026-05-15 → 2026-05-28) 43872 bytes
2026-05-15 09:34:11,613 [INFO] [OK] Argentina/ECM_ENSEMBLE_Corn_Winter/daily dia 00 (2026-05-15 → 2026-05-15) 37064 bytes
2026-05-15 09:34:11,848 [INFO] [OK] Argentina/ECM_ENSEMBLE_Corn_Winter/daily dia 01 (2026-05-16 → 2026-05-16) 40312 bytes
2026-05-15 09:34:11,860 [INFO] [OK] Argentina/ECM_ENSEMBLE_Corn_Winter/daily dia 02 (2026-05-17 → 2026-05-17) 37397 bytes
2026-05-15 09:34:11,896 [INFO] [OK] Argentina/ECM_ENSEMBLE_Corn_Winter/daily dia 03 (2026-05-18 → 2026-05-18) 34254 bytes
2026-05-15 09:34:11,950 [INFO] [OK] Argentina/ECM_ENSEMBLE_Corn_Winter/daily dia 04 (2026-05-19 → 2026-05-19) 30007 bytes
2026-05-15 09:34:12,240 [INFO] [OK] Argentina/ECM_ENSEMBLE_Soy/cumulative dia 14 (2026-05-15 → 2026-05-29) 44134 bytes
2026-05-15 09:34:12,639 [INFO] [OK] Argentina/ECM_ENSEMBLE_Corn_Winter/daily dia 05 (2026-05-20 → 2026-05-20) 33779 bytes
2026-05-15 09:34:12,864 [INFO] [OK] Argentina/ECM_ENSEMBLE_Corn_Winter/daily dia 08 (2026-05-23 → 2026-05-23) 34656 bytes
2026-05-15 09:34:12,887 [INFO] [OK] Argentina/ECM_ENSEMBLE_Corn_Winter/daily dia 06 (2026-05-21 → 2026-05-21) 36377 bytes
2026-05-15 09:34:12,925 [INFO] [OK] Argentina/ECM_ENSEMBLE_Corn_Winter/daily dia 07 (2026-05-22 → 2026-05-22) 36734 bytes
2026-05-15 09:34:13,144 [INFO] [OK] Argentina/ECM_ENSEMBLE_Corn_Winter/daily dia 09 (2026-05-24 → 2026-05-24) 37926 bytes
2026-05-15 09:34:13,311 [INFO] [OK] Argentina/ECM_ENSEMBLE_Corn_Winter/daily dia 10 (2026-05-25 → 2026-05-25) 42345 bytes
2026-05-15 09:34:13,741 [INFO] [OK] Argentina/ECM_ENSEMBLE_Corn_Winter/daily dia 11 (2026-05-26 → 2026-05-26) 42408 bytes
2026-05-15 09:34:13,944 [INFO] [OK] Argentina/ECM_ENSEMBLE_Corn_Winter/daily dia 14 (2026-05-29 → 2026-05-29) 43551 bytes
2026-05-15 09:34:13,988 [INFO] [OK] Argentina/ECM_ENSEMBLE_Corn_Winter/daily dia 12 (2026-05-27 → 2026-05-27) 42362 bytes
2026-05-15 09:34:14,180 [INFO] [OK] Argentina/ECM_ENSEMBLE_Corn_Winter/daily dia 13 (2026-05-28 → 2026-05-28) 41551 bytes
2026-05-15 09:34:14,350 [INFO] [OK] Argentina/ECM_ENSEMBLE_Corn_Winter/cumulative dia 00 (2026-05-15 → 2026-05-15) 37064 bytes
2026-05-15 09:34:14,606 [INFO] [OK] Argentina/ECM_ENSEMBLE_Corn_Winter/cumulative dia 01 (2026-05-15 → 2026-05-16) 40015 bytes
2026-05-15 09:34:14,952 [INFO] [OK] Argentina/ECM_ENSEMBLE_Corn_Winter/cumulative dia 02 (2026-05-15 → 2026-05-17) 39502 bytes
2026-05-15 09:34:15,093 [INFO] [OK] Argentina/ECM_ENSEMBLE_Corn_Winter/cumulative dia 03 (2026-05-15 → 2026-05-18) 39832 bytes
2026-05-15 09:34:15,129 [INFO] [OK] Argentina/ECM_ENSEMBLE_Corn_Winter/cumulative dia 04 (2026-05-15 → 2026-05-19) 40575 bytes
2026-05-15 09:34:15,397 [INFO] [OK] Argentina/ECM_ENSEMBLE_Corn_Winter/cumulative dia 05 (2026-05-15 → 2026-05-20) 40718 bytes
2026-05-15 09:34:15,583 [INFO] [OK] Argentina/ECM_ENSEMBLE_Corn_Winter/cumulative dia 06 (2026-05-15 → 2026-05-21) 40803 bytes
2026-05-15 09:34:15,883 [INFO] [OK] Argentina/ECM_ENSEMBLE_Corn_Winter/cumulative dia 07 (2026-05-15 → 2026-05-22) 40686 bytes
2026-05-15 09:34:16,270 [INFO] [OK] Argentina/ECM_ENSEMBLE_Corn_Winter/cumulative dia 08 (2026-05-15 → 2026-05-23) 40663 bytes
