2026-05-07 09:33:18,673 [INFO] === Execução 2026-05-07 | modo=both | dias=15 | parâmetro=PRCP_DEP ===
2026-05-07 09:33:18,676 [INFO] Baixando 240 mapas com 6 threads...
2026-05-07 09:33:21,468 [INFO] [OK] Brazil/GFS_ENSEMBLE_Soy/daily dia 04 (2026-05-11 → 2026-05-11) 39400 bytes
2026-05-07 09:33:21,640 [INFO] [OK] Brazil/GFS_ENSEMBLE_Soy/daily dia 01 (2026-05-08 → 2026-05-08) 46573 bytes
2026-05-07 09:33:21,684 [INFO] [OK] Brazil/GFS_ENSEMBLE_Soy/daily dia 03 (2026-05-10 → 2026-05-10) 42452 bytes
2026-05-07 09:33:21,713 [INFO] [OK] Brazil/GFS_ENSEMBLE_Soy/daily dia 00 (2026-05-07 → 2026-05-07) 45655 bytes
2026-05-07 09:33:21,935 [INFO] [OK] Brazil/GFS_ENSEMBLE_Soy/daily dia 02 (2026-05-09 → 2026-05-09) 45439 bytes
2026-05-07 09:33:22,156 [INFO] [OK] Brazil/GFS_ENSEMBLE_Soy/daily dia 05 (2026-05-12 → 2026-05-12) 41144 bytes
2026-05-07 09:33:23,087 [INFO] [OK] Brazil/GFS_ENSEMBLE_Soy/daily dia 07 (2026-05-14 → 2026-05-14) 48554 bytes
2026-05-07 09:33:23,126 [INFO] [OK] Brazil/GFS_ENSEMBLE_Soy/daily dia 09 (2026-05-16 → 2026-05-16) 52230 bytes
2026-05-07 09:33:23,176 [INFO] [OK] Brazil/GFS_ENSEMBLE_Soy/daily dia 06 (2026-05-13 → 2026-05-13) 43872 bytes
2026-05-07 09:33:23,314 [INFO] [OK] Brazil/GFS_ENSEMBLE_Soy/daily dia 08 (2026-05-15 → 2026-05-15) 50776 bytes
2026-05-07 09:33:23,523 [INFO] [OK] Brazil/GFS_ENSEMBLE_Soy/daily dia 11 (2026-05-18 → 2026-05-18) 52558 bytes
2026-05-07 09:33:23,695 [INFO] [OK] Brazil/GFS_ENSEMBLE_Soy/daily dia 10 (2026-05-17 → 2026-05-17) 51952 bytes
2026-05-07 09:33:24,507 [INFO] [OK] Brazil/GFS_ENSEMBLE_Soy/daily dia 13 (2026-05-20 → 2026-05-20) 55689 bytes
2026-05-07 09:33:24,586 [INFO] [OK] Brazil/GFS_ENSEMBLE_Soy/daily dia 12 (2026-05-19 → 2026-05-19) 55477 bytes
2026-05-07 09:33:24,603 [INFO] [OK] Brazil/GFS_ENSEMBLE_Soy/daily dia 14 (2026-05-21 → 2026-05-21) 52099 bytes
2026-05-07 09:33:24,725 [INFO] [OK] Brazil/GFS_ENSEMBLE_Soy/cumulative dia 00 (2026-05-07 → 2026-05-07) 45655 bytes
2026-05-07 09:33:25,006 [INFO] [OK] Brazil/GFS_ENSEMBLE_Soy/cumulative dia 01 (2026-05-07 → 2026-05-08) 48681 bytes
2026-05-07 09:33:25,453 [INFO] [OK] Brazil/GFS_ENSEMBLE_Soy/cumulative dia 02 (2026-05-07 → 2026-05-09) 49670 bytes
2026-05-07 09:33:26,029 [INFO] [OK] Brazil/GFS_ENSEMBLE_Soy/cumulative dia 03 (2026-05-07 → 2026-05-10) 50058 bytes
2026-05-07 09:33:26,282 [INFO] [OK] Brazil/GFS_ENSEMBLE_Soy/cumulative dia 05 (2026-05-07 → 2026-05-12) 50762 bytes
2026-05-07 09:33:26,328 [INFO] [OK] Brazil/GFS_ENSEMBLE_Soy/cumulative dia 04 (2026-05-07 → 2026-05-11) 50358 bytes
2026-05-07 09:33:26,645 [INFO] [OK] Brazil/GFS_ENSEMBLE_Soy/cumulative dia 06 (2026-05-07 → 2026-05-13) 50610 bytes
2026-05-07 09:33:26,944 [INFO] [OK] Brazil/GFS_ENSEMBLE_Soy/cumulative dia 07 (2026-05-07 → 2026-05-14) 50651 bytes
2026-05-07 09:33:27,658 [INFO] [OK] Brazil/GFS_ENSEMBLE_Soy/cumulative dia 08 (2026-05-07 → 2026-05-15) 51271 bytes
2026-05-07 09:33:28,734 [INFO] [OK] Brazil/GFS_ENSEMBLE_Soy/cumulative dia 09 (2026-05-07 → 2026-05-16) 51602 bytes
2026-05-07 09:33:29,212 [INFO] [OK] Brazil/GFS_ENSEMBLE_Soy/cumulative dia 11 (2026-05-07 → 2026-05-18) 52690 bytes
2026-05-07 09:33:29,250 [INFO] [OK] Brazil/GFS_ENSEMBLE_Soy/cumulative dia 10 (2026-05-07 → 2026-05-17) 52383 bytes
2026-05-07 09:33:29,454 [INFO] [OK] Brazil/GFS_ENSEMBLE_Soy/cumulative dia 12 (2026-05-07 → 2026-05-19) 53273 bytes
2026-05-07 09:33:29,791 [INFO] [OK] Brazil/GFS_ENSEMBLE_Soy/cumulative dia 13 (2026-05-07 → 2026-05-20) 53409 bytes
2026-05-07 09:33:30,058 [INFO] [OK] Brazil/GFS_ENSEMBLE_Corn_Winter/daily dia 00 (2026-05-07 → 2026-05-07) 44058 bytes
2026-05-07 09:33:30,319 [INFO] [OK] Brazil/GFS_ENSEMBLE_Soy/cumulative dia 14 (2026-05-07 → 2026-05-21) 53241 bytes
2026-05-07 09:33:30,541 [INFO] [OK] Brazil/GFS_ENSEMBLE_Corn_Winter/daily dia 02 (2026-05-09 → 2026-05-09) 44174 bytes
2026-05-07 09:33:30,545 [INFO] [OK] Brazil/GFS_ENSEMBLE_Corn_Winter/daily dia 01 (2026-05-08 → 2026-05-08) 44965 bytes
2026-05-07 09:33:30,760 [INFO] [OK] Brazil/GFS_ENSEMBLE_Corn_Winter/daily dia 03 (2026-05-10 → 2026-05-10) 40821 bytes
2026-05-07 09:33:31,064 [INFO] [OK] Brazil/GFS_ENSEMBLE_Corn_Winter/daily dia 04 (2026-05-11 → 2026-05-11) 37572 bytes
2026-05-07 09:33:31,835 [INFO] [OK] Brazil/GFS_ENSEMBLE_Corn_Winter/daily dia 05 (2026-05-12 → 2026-05-12) 39233 bytes
2026-05-07 09:33:31,848 [INFO] [OK] Brazil/GFS_ENSEMBLE_Corn_Winter/daily dia 07 (2026-05-14 → 2026-05-14) 47073 bytes
2026-05-07 09:33:31,925 [INFO] [OK] Brazil/GFS_ENSEMBLE_Corn_Winter/daily dia 06 (2026-05-13 → 2026-05-13) 42362 bytes
2026-05-07 09:33:32,053 [INFO] [OK] Brazil/GFS_ENSEMBLE_Corn_Winter/daily dia 08 (2026-05-15 → 2026-05-15) 49458 bytes
2026-05-07 09:33:32,418 [INFO] [OK] Brazil/GFS_ENSEMBLE_Corn_Winter/daily dia 09 (2026-05-16 → 2026-05-16) 50512 bytes
2026-05-07 09:33:32,427 [INFO] [OK] Brazil/GFS_ENSEMBLE_Corn_Winter/daily dia 10 (2026-05-17 → 2026-05-17) 50380 bytes
2026-05-07 09:33:33,368 [INFO] [OK] Brazil/GFS_ENSEMBLE_Corn_Winter/daily dia 12 (2026-05-19 → 2026-05-19) 53597 bytes
2026-05-07 09:33:33,441 [INFO] [OK] Brazil/GFS_ENSEMBLE_Corn_Winter/daily dia 11 (2026-05-18 → 2026-05-18) 50854 bytes
2026-05-07 09:33:33,450 [INFO] [OK] Brazil/GFS_ENSEMBLE_Corn_Winter/daily dia 13 (2026-05-20 → 2026-05-20) 54285 bytes
2026-05-07 09:33:33,629 [INFO] [OK] Brazil/GFS_ENSEMBLE_Corn_Winter/daily dia 14 (2026-05-21 → 2026-05-21) 50867 bytes
2026-05-07 09:33:33,950 [INFO] [OK] Brazil/GFS_ENSEMBLE_Corn_Winter/cumulative dia 01 (2026-05-07 → 2026-05-08) 47296 bytes
2026-05-07 09:33:34,104 [INFO] [OK] Brazil/GFS_ENSEMBLE_Corn_Winter/cumulative dia 00 (2026-05-07 → 2026-05-07) 44058 bytes
2026-05-07 09:33:35,064 [INFO] [OK] Brazil/GFS_ENSEMBLE_Corn_Winter/cumulative dia 02 (2026-05-07 → 2026-05-09) 48244 bytes
2026-05-07 09:33:35,112 [INFO] [OK] Brazil/GFS_ENSEMBLE_Corn_Winter/cumulative dia 03 (2026-05-07 → 2026-05-10) 48607 bytes
2026-05-07 09:33:35,528 [INFO] [OK] Brazil/GFS_ENSEMBLE_Corn_Winter/cumulative dia 04 (2026-05-07 → 2026-05-11) 48651 bytes
2026-05-07 09:33:35,640 [INFO] [OK] Brazil/GFS_ENSEMBLE_Corn_Winter/cumulative dia 05 (2026-05-07 → 2026-05-12) 49060 bytes
2026-05-07 09:33:35,761 [INFO] [OK] Brazil/GFS_ENSEMBLE_Corn_Winter/cumulative dia 06 (2026-05-07 → 2026-05-13) 48961 bytes
2026-05-07 09:33:36,069 [INFO] [OK] Brazil/GFS_ENSEMBLE_Corn_Winter/cumulative dia 07 (2026-05-07 → 2026-05-14) 49026 bytes
2026-05-07 09:33:37,122 [INFO] [OK] Brazil/GFS_ENSEMBLE_Corn_Winter/cumulative dia 08 (2026-05-07 → 2026-05-15) 49769 bytes
2026-05-07 09:33:37,327 [INFO] [OK] Brazil/GFS_ENSEMBLE_Corn_Winter/cumulative dia 09 (2026-05-07 → 2026-05-16) 50181 bytes
2026-05-07 09:33:37,894 [INFO] [OK] Brazil/GFS_ENSEMBLE_Corn_Winter/cumulative dia 10 (2026-05-07 → 2026-05-17) 50927 bytes
2026-05-07 09:33:38,030 [INFO] [OK] Brazil/GFS_ENSEMBLE_Corn_Winter/cumulative dia 11 (2026-05-07 → 2026-05-18) 51222 bytes
2026-05-07 09:33:38,193 [INFO] [OK] Brazil/GFS_ENSEMBLE_Corn_Winter/cumulative dia 12 (2026-05-07 → 2026-05-19) 51668 bytes
2026-05-07 09:33:38,693 [INFO] [OK] Brazil/ECM_ENSEMBLE_Soy/daily dia 00 (2026-05-07 → 2026-05-07) 47338 bytes
2026-05-07 09:33:38,857 [INFO] [OK] Brazil/GFS_ENSEMBLE_Corn_Winter/cumulative dia 13 (2026-05-07 → 2026-05-20) 51704 bytes
2026-05-07 09:33:39,408 [INFO] [OK] Brazil/ECM_ENSEMBLE_Soy/daily dia 01 (2026-05-08 → 2026-05-08) 49797 bytes
2026-05-07 09:33:39,489 [INFO] [OK] Brazil/ECM_ENSEMBLE_Soy/daily dia 03 (2026-05-10 → 2026-05-10) 43780 bytes
2026-05-07 09:33:39,506 [INFO] [OK] Brazil/ECM_ENSEMBLE_Soy/daily dia 02 (2026-05-09 → 2026-05-09) 47637 bytes
2026-05-07 09:33:39,519 [INFO] [OK] Brazil/GFS_ENSEMBLE_Corn_Winter/cumulative dia 14 (2026-05-07 → 2026-05-21) 51550 bytes
2026-05-07 09:33:40,016 [INFO] [OK] Brazil/ECM_ENSEMBLE_Soy/daily dia 04 (2026-05-11 → 2026-05-11) 39273 bytes
2026-05-07 09:33:40,146 [INFO] [OK] Brazil/ECM_ENSEMBLE_Soy/daily dia 05 (2026-05-12 → 2026-05-12) 40365 bytes
2026-05-07 09:33:41,001 [INFO] [OK] Brazil/ECM_ENSEMBLE_Soy/daily dia 06 (2026-05-13 → 2026-05-13) 44337 bytes
2026-05-07 09:33:41,066 [INFO] [OK] Brazil/ECM_ENSEMBLE_Soy/daily dia 08 (2026-05-15 → 2026-05-15) 52700 bytes
2026-05-07 09:33:41,095 [INFO] [OK] Brazil/ECM_ENSEMBLE_Soy/daily dia 09 (2026-05-16 → 2026-05-16) 54076 bytes
2026-05-07 09:33:41,106 [INFO] [OK] Brazil/ECM_ENSEMBLE_Soy/daily dia 07 (2026-05-14 → 2026-05-14) 50278 bytes
2026-05-07 09:33:41,812 [INFO] [OK] Brazil/ECM_ENSEMBLE_Soy/daily dia 11 (2026-05-18 → 2026-05-18) 54788 bytes
2026-05-07 09:33:41,816 [INFO] [OK] Brazil/ECM_ENSEMBLE_Soy/daily dia 10 (2026-05-17 → 2026-05-17) 53229 bytes
2026-05-07 09:33:43,047 [INFO] [OK] Brazil/ECM_ENSEMBLE_Soy/daily dia 12 (2026-05-19 → 2026-05-19) 54432 bytes
2026-05-07 09:33:43,051 [INFO] [OK] Brazil/ECM_ENSEMBLE_Soy/daily dia 14 (2026-05-21 → 2026-05-21) 53927 bytes
2026-05-07 09:33:43,055 [INFO] [OK] Brazil/ECM_ENSEMBLE_Soy/cumulative dia 00 (2026-05-07 → 2026-05-07) 47338 bytes
2026-05-07 09:33:43,223 [INFO] [OK] Brazil/ECM_ENSEMBLE_Soy/daily dia 13 (2026-05-20 → 2026-05-20) 54754 bytes
2026-05-07 09:33:43,442 [INFO] [OK] Brazil/ECM_ENSEMBLE_Soy/cumulative dia 01 (2026-05-07 → 2026-05-08) 49941 bytes
2026-05-07 09:33:43,548 [INFO] [OK] Brazil/ECM_ENSEMBLE_Soy/cumulative dia 02 (2026-05-07 → 2026-05-09) 50333 bytes
2026-05-07 09:33:45,076 [INFO] [OK] Brazil/ECM_ENSEMBLE_Soy/cumulative dia 04 (2026-05-07 → 2026-05-11) 51267 bytes
2026-05-07 09:33:45,118 [INFO] [OK] Brazil/ECM_ENSEMBLE_Soy/cumulative dia 05 (2026-05-07 → 2026-05-12) 51360 bytes
2026-05-07 09:33:45,125 [INFO] [OK] Brazil/ECM_ENSEMBLE_Soy/cumulative dia 03 (2026-05-07 → 2026-05-10) 50932 bytes
2026-05-07 09:33:45,723 [INFO] [OK] Brazil/ECM_ENSEMBLE_Soy/cumulative dia 07 (2026-05-07 → 2026-05-14) 51815 bytes
2026-05-07 09:33:45,834 [INFO] [OK] Brazil/ECM_ENSEMBLE_Soy/cumulative dia 06 (2026-05-07 → 2026-05-13) 51665 bytes
2026-05-07 09:33:46,019 [INFO] [OK] Brazil/ECM_ENSEMBLE_Soy/cumulative dia 08 (2026-05-07 → 2026-05-15) 52323 bytes
2026-05-07 09:33:47,428 [INFO] [OK] Brazil/ECM_ENSEMBLE_Soy/cumulative dia 09 (2026-05-07 → 2026-05-16) 52612 bytes
2026-05-07 09:33:47,595 [INFO] [OK] Brazil/ECM_ENSEMBLE_Soy/cumulative dia 10 (2026-05-07 → 2026-05-17) 53173 bytes
2026-05-07 09:33:47,909 [INFO] [OK] Brazil/ECM_ENSEMBLE_Soy/cumulative dia 11 (2026-05-07 → 2026-05-18) 53267 bytes
2026-05-07 09:33:48,907 [INFO] [OK] Brazil/ECM_ENSEMBLE_Soy/cumulative dia 12 (2026-05-07 → 2026-05-19) 53671 bytes
2026-05-07 09:33:49,305 [INFO] [OK] Brazil/ECM_ENSEMBLE_Corn_Winter/daily dia 00 (2026-05-07 → 2026-05-07) 45940 bytes
2026-05-07 09:33:49,311 [INFO] [OK] Brazil/ECM_ENSEMBLE_Soy/cumulative dia 13 (2026-05-07 → 2026-05-20) 53627 bytes
2026-05-07 09:33:49,459 [INFO] [OK] Brazil/ECM_ENSEMBLE_Corn_Winter/daily dia 01 (2026-05-08 → 2026-05-08) 48437 bytes
2026-05-07 09:33:49,683 [INFO] [OK] Brazil/ECM_ENSEMBLE_Corn_Winter/daily dia 02 (2026-05-09 → 2026-05-09) 46452 bytes
2026-05-07 09:33:50,034 [INFO] [OK] Brazil/ECM_ENSEMBLE_Soy/cumulative dia 14 (2026-05-07 → 2026-05-21) 53416 bytes
2026-05-07 09:33:50,250 [INFO] [OK] Brazil/ECM_ENSEMBLE_Corn_Winter/daily dia 03 (2026-05-10 → 2026-05-10) 42237 bytes
2026-05-07 09:33:50,774 [INFO] [OK] Brazil/ECM_ENSEMBLE_Corn_Winter/daily dia 05 (2026-05-12 → 2026-05-12) 38951 bytes
2026-05-07 09:33:50,912 [INFO] [OK] Brazil/ECM_ENSEMBLE_Corn_Winter/daily dia 06 (2026-05-13 → 2026-05-13) 42661 bytes
2026-05-07 09:33:51,084 [INFO] [OK] Brazil/ECM_ENSEMBLE_Corn_Winter/daily dia 04 (2026-05-11 → 2026-05-11) 37529 bytes
2026-05-07 09:33:51,168 [INFO] [OK] Brazil/ECM_ENSEMBLE_Corn_Winter/daily dia 07 (2026-05-14 → 2026-05-14) 49092 bytes
2026-05-07 09:33:51,470 [INFO] [OK] Brazil/ECM_ENSEMBLE_Corn_Winter/daily dia 08 (2026-05-15 → 2026-05-15) 51477 bytes
2026-05-07 09:33:51,728 [INFO] [OK] Brazil/ECM_ENSEMBLE_Corn_Winter/daily dia 09 (2026-05-16 → 2026-05-16) 52779 bytes
2026-05-07 09:33:52,278 [INFO] [OK] Brazil/ECM_ENSEMBLE_Corn_Winter/daily dia 10 (2026-05-17 → 2026-05-17) 51605 bytes
2026-05-07 09:33:52,437 [INFO] [OK] Brazil/ECM_ENSEMBLE_Corn_Winter/daily dia 11 (2026-05-18 → 2026-05-18) 52927 bytes
2026-05-07 09:33:52,757 [INFO] [OK] Brazil/ECM_ENSEMBLE_Corn_Winter/daily dia 12 (2026-05-19 → 2026-05-19) 52848 bytes
2026-05-07 09:33:52,799 [INFO] [OK] Brazil/ECM_ENSEMBLE_Corn_Winter/daily dia 13 (2026-05-20 → 2026-05-20) 52959 bytes
2026-05-07 09:33:52,943 [INFO] [OK] Brazil/ECM_ENSEMBLE_Corn_Winter/daily dia 14 (2026-05-21 → 2026-05-21) 52204 bytes
2026-05-07 09:33:53,259 [INFO] [OK] Brazil/ECM_ENSEMBLE_Corn_Winter/cumulative dia 00 (2026-05-07 → 2026-05-07) 45940 bytes
2026-05-07 09:33:53,991 [INFO] [OK] Brazil/ECM_ENSEMBLE_Corn_Winter/cumulative dia 01 (2026-05-07 → 2026-05-08) 48664 bytes
2026-05-07 09:33:54,430 [INFO] [OK] Brazil/ECM_ENSEMBLE_Corn_Winter/cumulative dia 02 (2026-05-07 → 2026-05-09) 49215 bytes
2026-05-07 09:33:54,881 [INFO] [OK] Brazil/ECM_ENSEMBLE_Corn_Winter/cumulative dia 03 (2026-05-07 → 2026-05-10) 49786 bytes
2026-05-07 09:33:54,890 [INFO] [OK] Brazil/ECM_ENSEMBLE_Corn_Winter/cumulative dia 04 (2026-05-07 → 2026-05-11) 50152 bytes
2026-05-07 09:33:55,134 [INFO] [OK] Brazil/ECM_ENSEMBLE_Corn_Winter/cumulative dia 05 (2026-05-07 → 2026-05-12) 50057 bytes
2026-05-07 09:33:55,405 [INFO] [OK] Brazil/ECM_ENSEMBLE_Corn_Winter/cumulative dia 06 (2026-05-07 → 2026-05-13) 50271 bytes
2026-05-07 09:33:56,322 [INFO] [OK] Brazil/ECM_ENSEMBLE_Corn_Winter/cumulative dia 07 (2026-05-07 → 2026-05-14) 50527 bytes
2026-05-07 09:33:56,655 [INFO] [OK] Brazil/ECM_ENSEMBLE_Corn_Winter/cumulative dia 08 (2026-05-07 → 2026-05-15) 51109 bytes
2026-05-07 09:33:57,216 [INFO] [OK] Brazil/ECM_ENSEMBLE_Corn_Winter/cumulative dia 10 (2026-05-07 → 2026-05-17) 52058 bytes
2026-05-07 09:33:57,217 [INFO] [OK] Brazil/ECM_ENSEMBLE_Corn_Winter/cumulative dia 09 (2026-05-07 → 2026-05-16) 51564 bytes
2026-05-07 09:33:57,927 [INFO] [OK] Brazil/ECM_ENSEMBLE_Corn_Winter/cumulative dia 11 (2026-05-07 → 2026-05-18) 52040 bytes
2026-05-07 09:33:57,941 [INFO] [OK] Brazil/ECM_ENSEMBLE_Corn_Winter/cumulative dia 12 (2026-05-07 → 2026-05-19) 52477 bytes
2026-05-07 09:33:58,321 [INFO] [OK] Argentina/GFS_ENSEMBLE_Soy/daily dia 00 (2026-05-07 → 2026-05-07) 38262 bytes
2026-05-07 09:33:58,327 [INFO] [OK] Argentina/GFS_ENSEMBLE_Soy/daily dia 01 (2026-05-08 → 2026-05-08) 37358 bytes
2026-05-07 09:33:58,944 [INFO] [OK] Brazil/ECM_ENSEMBLE_Corn_Winter/cumulative dia 13 (2026-05-07 → 2026-05-20) 52354 bytes
2026-05-07 09:33:58,962 [INFO] [OK] Argentina/GFS_ENSEMBLE_Soy/daily dia 03 (2026-05-10 → 2026-05-10) 31257 bytes
2026-05-07 09:33:58,984 [INFO] [OK] Argentina/GFS_ENSEMBLE_Soy/daily dia 02 (2026-05-09 → 2026-05-09) 36365 bytes
2026-05-07 09:33:59,194 [INFO] [OK] Brazil/ECM_ENSEMBLE_Corn_Winter/cumulative dia 14 (2026-05-07 → 2026-05-21) 52106 bytes
2026-05-07 09:33:59,268 [INFO] [OK] Argentina/GFS_ENSEMBLE_Soy/daily dia 05 (2026-05-12 → 2026-05-12) 30861 bytes
2026-05-07 09:33:59,338 [INFO] [OK] Argentina/GFS_ENSEMBLE_Soy/daily dia 04 (2026-05-11 → 2026-05-11) 29389 bytes
2026-05-07 09:34:00,101 [INFO] [OK] Argentina/GFS_ENSEMBLE_Soy/daily dia 08 (2026-05-15 → 2026-05-15) 40768 bytes
2026-05-07 09:34:00,146 [INFO] [OK] Argentina/GFS_ENSEMBLE_Soy/daily dia 07 (2026-05-14 → 2026-05-14) 38686 bytes
2026-05-07 09:34:00,162 [INFO] [OK] Argentina/GFS_ENSEMBLE_Soy/daily dia 06 (2026-05-13 → 2026-05-13) 33711 bytes
2026-05-07 09:34:00,425 [INFO] [OK] Argentina/GFS_ENSEMBLE_Soy/daily dia 11 (2026-05-18 → 2026-05-18) 43006 bytes
2026-05-07 09:34:00,437 [INFO] [OK] Argentina/GFS_ENSEMBLE_Soy/daily dia 09 (2026-05-16 → 2026-05-16) 43227 bytes
2026-05-07 09:34:00,448 [INFO] [OK] Argentina/GFS_ENSEMBLE_Soy/daily dia 10 (2026-05-17 → 2026-05-17) 42519 bytes
2026-05-07 09:34:01,110 [INFO] [OK] Argentina/GFS_ENSEMBLE_Soy/daily dia 12 (2026-05-19 → 2026-05-19) 45531 bytes
2026-05-07 09:34:01,152 [INFO] [OK] Argentina/GFS_ENSEMBLE_Soy/daily dia 13 (2026-05-20 → 2026-05-20) 45670 bytes
2026-05-07 09:34:01,446 [INFO] [OK] Argentina/GFS_ENSEMBLE_Soy/cumulative dia 00 (2026-05-07 → 2026-05-07) 38262 bytes
2026-05-07 09:34:01,447 [INFO] [OK] Argentina/GFS_ENSEMBLE_Soy/daily dia 14 (2026-05-21 → 2026-05-21) 40514 bytes
2026-05-07 09:34:01,541 [INFO] [OK] Argentina/GFS_ENSEMBLE_Soy/cumulative dia 01 (2026-05-07 → 2026-05-08) 40608 bytes
2026-05-07 09:34:01,545 [INFO] [OK] Argentina/GFS_ENSEMBLE_Soy/cumulative dia 02 (2026-05-07 → 2026-05-09) 41296 bytes
2026-05-07 09:34:02,243 [INFO] [OK] Argentina/GFS_ENSEMBLE_Soy/cumulative dia 03 (2026-05-07 → 2026-05-10) 41489 bytes
2026-05-07 09:34:02,357 [INFO] [OK] Argentina/GFS_ENSEMBLE_Soy/cumulative dia 04 (2026-05-07 → 2026-05-11) 41916 bytes
2026-05-07 09:34:02,873 [INFO] [OK] Argentina/GFS_ENSEMBLE_Soy/cumulative dia 05 (2026-05-07 → 2026-05-12) 41800 bytes
2026-05-07 09:34:03,024 [INFO] [OK] Argentina/GFS_ENSEMBLE_Soy/cumulative dia 08 (2026-05-07 → 2026-05-15) 42311 bytes
2026-05-07 09:34:03,069 [INFO] [OK] Argentina/GFS_ENSEMBLE_Soy/cumulative dia 07 (2026-05-07 → 2026-05-14) 41487 bytes
2026-05-07 09:34:03,145 [INFO] [OK] Argentina/GFS_ENSEMBLE_Soy/cumulative dia 06 (2026-05-07 → 2026-05-13) 41702 bytes
2026-05-07 09:34:03,643 [INFO] [OK] Argentina/GFS_ENSEMBLE_Soy/cumulative dia 09 (2026-05-07 → 2026-05-16) 42514 bytes
2026-05-07 09:34:04,070 [INFO] [OK] Argentina/GFS_ENSEMBLE_Soy/cumulative dia 10 (2026-05-07 → 2026-05-17) 43552 bytes
2026-05-07 09:34:04,569 [INFO] [OK] Argentina/GFS_ENSEMBLE_Soy/cumulative dia 11 (2026-05-07 → 2026-05-18) 43656 bytes
2026-05-07 09:34:04,885 [INFO] [OK] Argentina/GFS_ENSEMBLE_Soy/cumulative dia 13 (2026-05-07 → 2026-05-20) 44113 bytes
2026-05-07 09:34:04,894 [INFO] [OK] Argentina/GFS_ENSEMBLE_Soy/cumulative dia 12 (2026-05-07 → 2026-05-19) 44097 bytes
2026-05-07 09:34:04,902 [INFO] [OK] Argentina/GFS_ENSEMBLE_Corn_Winter/daily dia 00 (2026-05-07 → 2026-05-07) 36304 bytes
2026-05-07 09:34:05,103 [INFO] [OK] Argentina/GFS_ENSEMBLE_Corn_Winter/daily dia 01 (2026-05-08 → 2026-05-08) 35601 bytes
2026-05-07 09:34:05,179 [INFO] [OK] Argentina/GFS_ENSEMBLE_Soy/cumulative dia 14 (2026-05-07 → 2026-05-21) 44053 bytes
2026-05-07 09:34:05,558 [INFO] [OK] Argentina/GFS_ENSEMBLE_Corn_Winter/daily dia 02 (2026-05-09 → 2026-05-09) 34862 bytes
2026-05-07 09:34:05,852 [INFO] [OK] Argentina/GFS_ENSEMBLE_Corn_Winter/daily dia 03 (2026-05-10 → 2026-05-10) 29543 bytes
2026-05-07 09:34:05,853 [INFO] [OK] Argentina/GFS_ENSEMBLE_Corn_Winter/daily dia 04 (2026-05-11 → 2026-05-11) 27458 bytes
2026-05-07 09:34:06,075 [INFO] [OK] Argentina/GFS_ENSEMBLE_Corn_Winter/daily dia 05 (2026-05-12 → 2026-05-12) 29020 bytes
2026-05-07 09:34:06,188 [INFO] [OK] Argentina/GFS_ENSEMBLE_Corn_Winter/daily dia 06 (2026-05-13 → 2026-05-13) 32148 bytes
2026-05-07 09:34:06,205 [INFO] [OK] Argentina/GFS_ENSEMBLE_Corn_Winter/daily dia 07 (2026-05-14 → 2026-05-14) 37084 bytes
2026-05-07 09:34:06,604 [INFO] [OK] Argentina/GFS_ENSEMBLE_Corn_Winter/daily dia 08 (2026-05-15 → 2026-05-15) 39368 bytes
2026-05-07 09:34:06,859 [INFO] [OK] Argentina/GFS_ENSEMBLE_Corn_Winter/daily dia 10 (2026-05-17 → 2026-05-17) 40781 bytes
2026-05-07 09:34:06,881 [INFO] [OK] Argentina/GFS_ENSEMBLE_Corn_Winter/daily dia 09 (2026-05-16 → 2026-05-16) 41517 bytes
2026-05-07 09:34:07,103 [INFO] [OK] Argentina/GFS_ENSEMBLE_Corn_Winter/daily dia 11 (2026-05-18 → 2026-05-18) 41226 bytes
2026-05-07 09:34:07,450 [INFO] [OK] Argentina/GFS_ENSEMBLE_Corn_Winter/daily dia 12 (2026-05-19 → 2026-05-19) 43616 bytes
2026-05-07 09:34:07,462 [INFO] [OK] Argentina/GFS_ENSEMBLE_Corn_Winter/daily dia 13 (2026-05-20 → 2026-05-20) 44036 bytes
2026-05-07 09:34:07,575 [INFO] [OK] Argentina/GFS_ENSEMBLE_Corn_Winter/daily dia 14 (2026-05-21 → 2026-05-21) 39172 bytes
2026-05-07 09:34:07,927 [INFO] [OK] Argentina/GFS_ENSEMBLE_Corn_Winter/cumulative dia 01 (2026-05-07 → 2026-05-08) 38861 bytes
2026-05-07 09:34:07,974 [INFO] [OK] Argentina/GFS_ENSEMBLE_Corn_Winter/cumulative dia 00 (2026-05-07 → 2026-05-07) 36304 bytes
2026-05-07 09:34:08,163 [INFO] [OK] Argentina/GFS_ENSEMBLE_Corn_Winter/cumulative dia 02 (2026-05-07 → 2026-05-09) 39562 bytes
2026-05-07 09:34:08,796 [INFO] [OK] Argentina/GFS_ENSEMBLE_Corn_Winter/cumulative dia 03 (2026-05-07 → 2026-05-10) 39968 bytes
2026-05-07 09:34:08,801 [INFO] [OK] Argentina/GFS_ENSEMBLE_Corn_Winter/cumulative dia 04 (2026-05-07 → 2026-05-11) 40097 bytes
2026-05-07 09:34:08,995 [INFO] [OK] Argentina/GFS_ENSEMBLE_Corn_Winter/cumulative dia 05 (2026-05-07 → 2026-05-12) 39959 bytes
2026-05-07 09:34:09,323 [INFO] [OK] Argentina/GFS_ENSEMBLE_Corn_Winter/cumulative dia 06 (2026-05-07 → 2026-05-13) 39844 bytes
2026-05-07 09:34:09,486 [INFO] [OK] Argentina/GFS_ENSEMBLE_Corn_Winter/cumulative dia 07 (2026-05-07 → 2026-05-14) 39641 bytes
2026-05-07 09:34:09,636 [INFO] [OK] Argentina/GFS_ENSEMBLE_Corn_Winter/cumulative dia 08 (2026-05-07 → 2026-05-15) 40612 bytes
2026-05-07 09:34:10,216 [INFO] [OK] Argentina/GFS_ENSEMBLE_Corn_Winter/cumulative dia 09 (2026-05-07 → 2026-05-16) 40855 bytes
2026-05-07 09:34:10,477 [INFO] [OK] Argentina/GFS_ENSEMBLE_Corn_Winter/cumulative dia 10 (2026-05-07 → 2026-05-17) 41776 bytes
2026-05-07 09:34:10,533 [INFO] [OK] Argentina/GFS_ENSEMBLE_Corn_Winter/cumulative dia 11 (2026-05-07 → 2026-05-18) 42069 bytes
2026-05-07 09:34:10,876 [INFO] [OK] Argentina/GFS_ENSEMBLE_Corn_Winter/cumulative dia 12 (2026-05-07 → 2026-05-19) 42419 bytes
2026-05-07 09:34:11,075 [INFO] [OK] Argentina/GFS_ENSEMBLE_Corn_Winter/cumulative dia 13 (2026-05-07 → 2026-05-20) 42348 bytes
2026-05-07 09:34:11,245 [INFO] [OK] Argentina/ECM_ENSEMBLE_Soy/daily dia 00 (2026-05-07 → 2026-05-07) 39499 bytes
2026-05-07 09:34:11,287 [INFO] [OK] Argentina/GFS_ENSEMBLE_Corn_Winter/cumulative dia 14 (2026-05-07 → 2026-05-21) 42237 bytes
2026-05-07 09:34:11,502 [INFO] [OK] Argentina/ECM_ENSEMBLE_Soy/daily dia 01 (2026-05-08 → 2026-05-08) 40154 bytes
2026-05-07 09:34:11,571 [INFO] [OK] Argentina/ECM_ENSEMBLE_Soy/daily dia 02 (2026-05-09 → 2026-05-09) 38812 bytes
2026-05-07 09:34:11,902 [INFO] [OK] Argentina/ECM_ENSEMBLE_Soy/daily dia 03 (2026-05-10 → 2026-05-10) 32487 bytes
2026-05-07 09:34:12,038 [INFO] [OK] Argentina/ECM_ENSEMBLE_Soy/daily dia 04 (2026-05-11 → 2026-05-11) 29719 bytes
2026-05-07 09:34:12,257 [INFO] [OK] Argentina/ECM_ENSEMBLE_Soy/daily dia 06 (2026-05-13 → 2026-05-13) 34213 bytes
2026-05-07 09:34:12,285 [INFO] [OK] Argentina/ECM_ENSEMBLE_Soy/daily dia 05 (2026-05-12 → 2026-05-12) 30933 bytes
2026-05-07 09:34:12,570 [INFO] [OK] Argentina/ECM_ENSEMBLE_Soy/daily dia 07 (2026-05-14 → 2026-05-14) 40896 bytes
2026-05-07 09:34:12,765 [INFO] [OK] Argentina/ECM_ENSEMBLE_Soy/daily dia 08 (2026-05-15 → 2026-05-15) 43669 bytes
2026-05-07 09:34:13,026 [INFO] [OK] Argentina/ECM_ENSEMBLE_Soy/daily dia 09 (2026-05-16 → 2026-05-16) 45756 bytes
2026-05-07 09:34:13,047 [INFO] [OK] Argentina/ECM_ENSEMBLE_Soy/daily dia 10 (2026-05-17 → 2026-05-17) 43817 bytes
2026-05-07 09:34:13,611 [INFO] [OK] Argentina/ECM_ENSEMBLE_Soy/daily dia 11 (2026-05-18 → 2026-05-18) 45591 bytes
2026-05-07 09:34:13,616 [INFO] [OK] Argentina/ECM_ENSEMBLE_Soy/daily dia 12 (2026-05-19 → 2026-05-19) 44674 bytes
2026-05-07 09:34:13,807 [INFO] [OK] Argentina/ECM_ENSEMBLE_Soy/daily dia 13 (2026-05-20 → 2026-05-20) 45091 bytes
2026-05-07 09:34:14,028 [INFO] [OK] Argentina/ECM_ENSEMBLE_Soy/cumulative dia 00 (2026-05-07 → 2026-05-07) 39499 bytes
2026-05-07 09:34:14,127 [INFO] [OK] Argentina/ECM_ENSEMBLE_Soy/daily dia 14 (2026-05-21 → 2026-05-21) 45047 bytes
2026-05-07 09:34:14,317 [INFO] [OK] Argentina/ECM_ENSEMBLE_Soy/cumulative dia 01 (2026-05-07 → 2026-05-08) 41512 bytes
2026-05-07 09:34:14,903 [INFO] [OK] Argentina/ECM_ENSEMBLE_Soy/cumulative dia 02 (2026-05-07 → 2026-05-09) 42083 bytes
2026-05-07 09:34:15,148 [INFO] [OK] Argentina/ECM_ENSEMBLE_Soy/cumulative dia 03 (2026-05-07 → 2026-05-10) 43199 bytes
2026-05-07 09:34:15,436 [INFO] [OK] Argentina/ECM_ENSEMBLE_Soy/cumulative dia 06 (2026-05-07 → 2026-05-13) 43754 bytes
2026-05-07 09:34:15,437 [INFO] [OK] Argentina/ECM_ENSEMBLE_Soy/cumulative dia 05 (2026-05-07 → 2026-05-12) 43780 bytes
2026-05-07 09:34:15,452 [INFO] [OK] Argentina/ECM_ENSEMBLE_Soy/cumulative dia 04 (2026-05-07 → 2026-05-11) 43832 bytes
2026-05-07 09:34:16,170 [INFO] [OK] Argentina/ECM_ENSEMBLE_Soy/cumulative dia 07 (2026-05-07 → 2026-05-14) 43921 bytes
2026-05-07 09:34:16,715 [INFO] [OK] Argentina/ECM_ENSEMBLE_Soy/cumulative dia 08 (2026-05-07 → 2026-05-15) 44121 bytes
2026-05-07 09:34:17,471 [INFO] [OK] Argentina/ECM_ENSEMBLE_Soy/cumulative dia 10 (2026-05-07 → 2026-05-17) 44779 bytes
2026-05-07 09:34:17,477 [INFO] [OK] Argentina/ECM_ENSEMBLE_Soy/cumulative dia 09 (2026-05-07 → 2026-05-16) 44388 bytes
2026-05-07 09:34:17,957 [INFO] [OK] Argentina/ECM_ENSEMBLE_Soy/cumulative dia 12 (2026-05-07 → 2026-05-19) 45412 bytes
2026-05-07 09:34:17,980 [INFO] [OK] Argentina/ECM_ENSEMBLE_Soy/cumulative dia 11 (2026-05-07 → 2026-05-18) 45131 bytes
2026-05-07 09:34:18,280 [INFO] [OK] Argentina/ECM_ENSEMBLE_Soy/cumulative dia 13 (2026-05-07 → 2026-05-20) 45447 bytes
2026-05-07 09:34:18,574 [INFO] [OK] Argentina/ECM_ENSEMBLE_Corn_Winter/daily dia 00 (2026-05-07 → 2026-05-07) 37881 bytes
2026-05-07 09:34:18,590 [INFO] [OK] Argentina/ECM_ENSEMBLE_Soy/cumulative dia 14 (2026-05-07 → 2026-05-21) 45453 bytes
2026-05-07 09:34:18,869 [INFO] [OK] Argentina/ECM_ENSEMBLE_Corn_Winter/daily dia 01 (2026-05-08 → 2026-05-08) 38699 bytes
2026-05-07 09:34:19,114 [INFO] [OK] Argentina/ECM_ENSEMBLE_Corn_Winter/daily dia 02 (2026-05-09 → 2026-05-09) 37132 bytes
2026-05-07 09:34:19,373 [INFO] [OK] Argentina/ECM_ENSEMBLE_Corn_Winter/daily dia 04 (2026-05-11 → 2026-05-11) 27702 bytes
2026-05-07 09:34:19,607 [INFO] [OK] Argentina/ECM_ENSEMBLE_Corn_Winter/daily dia 06 (2026-05-13 → 2026-05-13) 32367 bytes
2026-05-07 09:34:19,607 [INFO] [OK] Argentina/ECM_ENSEMBLE_Corn_Winter/daily dia 03 (2026-05-10 → 2026-05-10) 30753 bytes
2026-05-07 09:34:19,610 [INFO] [OK] Argentina/ECM_ENSEMBLE_Corn_Winter/daily dia 05 (2026-05-12 → 2026-05-12) 29228 bytes
2026-05-07 09:34:19,920 [INFO] [OK] Argentina/ECM_ENSEMBLE_Corn_Winter/daily dia 07 (2026-05-14 → 2026-05-14) 39380 bytes
2026-05-07 09:34:20,129 [INFO] [OK] Argentina/ECM_ENSEMBLE_Corn_Winter/daily dia 08 (2026-05-15 → 2026-05-15) 42340 bytes
2026-05-07 09:34:20,410 [INFO] [OK] Argentina/ECM_ENSEMBLE_Corn_Winter/daily dia 09 (2026-05-16 → 2026-05-16) 44456 bytes
2026-05-07 09:34:20,631 [INFO] [OK] Argentina/ECM_ENSEMBLE_Corn_Winter/daily dia 10 (2026-05-17 → 2026-05-17) 42284 bytes
2026-05-07 09:34:20,728 [INFO] [OK] Argentina/ECM_ENSEMBLE_Corn_Winter/daily dia 12 (2026-05-19 → 2026-05-19) 43177 bytes
2026-05-07 09:34:20,757 [INFO] [OK] Argentina/ECM_ENSEMBLE_Corn_Winter/daily dia 11 (2026-05-18 → 2026-05-18) 43747 bytes
2026-05-07 09:34:20,900 [INFO] [OK] Argentina/ECM_ENSEMBLE_Corn_Winter/daily dia 13 (2026-05-20 → 2026-05-20) 43251 bytes
2026-05-07 09:34:21,228 [INFO] [OK] Argentina/ECM_ENSEMBLE_Corn_Winter/daily dia 14 (2026-05-21 → 2026-05-21) 43094 bytes
2026-05-07 09:34:21,411 [INFO] [OK] Argentina/ECM_ENSEMBLE_Corn_Winter/cumulative dia 00 (2026-05-07 → 2026-05-07) 37881 bytes
2026-05-07 09:34:21,710 [INFO] [OK] Argentina/ECM_ENSEMBLE_Corn_Winter/cumulative dia 01 (2026-05-07 → 2026-05-08) 40065 bytes
2026-05-07 09:34:21,914 [INFO] [OK] Argentina/ECM_ENSEMBLE_Corn_Winter/cumulative dia 03 (2026-05-07 → 2026-05-10) 41631 bytes
2026-05-07 09:34:21,918 [INFO] [OK] Argentina/ECM_ENSEMBLE_Corn_Winter/cumulative dia 02 (2026-05-07 → 2026-05-09) 40531 bytes
2026-05-07 09:34:22,175 [INFO] [OK] Argentina/ECM_ENSEMBLE_Corn_Winter/cumulative dia 04 (2026-05-07 → 2026-05-11) 42262 bytes
2026-05-07 09:34:22,500 [INFO] [OK] Argentina/ECM_ENSEMBLE_Corn_Winter/cumulative dia 05 (2026-05-07 → 2026-05-12) 42086 bytes
2026-05-07 09:34:22,668 [INFO] [OK] Argentina/ECM_ENSEMBLE_Corn_Winter/cumulative dia 06 (2026-05-07 → 2026-05-13) 42021 bytes
2026-05-07 09:34:23,212 [INFO] [OK] Argentina/ECM_ENSEMBLE_Corn_Winter/cumulative dia 07 (2026-05-07 → 2026-05-14) 42390 bytes
2026-05-07 09:34:23,272 [INFO] [OK] Argentina/ECM_ENSEMBLE_Corn_Winter/cumulative dia 08 (2026-05-07 → 2026-05-15) 42609 bytes
2026-05-07 09:34:23,399 [INFO] [OK] Argentina/ECM_ENSEMBLE_Corn_Winter/cumulative dia 09 (2026-05-07 → 2026-05-16) 42979 bytes
2026-05-07 09:34:23,724 [INFO] [OK] Argentina/ECM_ENSEMBLE_Corn_Winter/cumulative dia 10 (2026-05-07 → 2026-05-17) 43415 bytes
2026-05-07 09:34:24,078 [INFO] [OK] Argentina/ECM_ENSEMBLE_Corn_Winter/cumulative dia 11 (2026-05-07 → 2026-05-18) 43637 bytes
2026-05-07 09:34:24,370 [INFO] [OK] Argentina/ECM_ENSEMBLE_Corn_Winter/cumulative dia 12 (2026-05-07 → 2026-05-19) 44018 bytes
2026-05-07 09:34:24,816 [INFO] [OK] Argentina/ECM_ENSEMBLE_Corn_Winter/cumulative dia 13 (2026-05-07 → 2026-05-20) 43938 bytes
2026-05-07 09:34:25,032 [INFO] [OK] Argentina/ECM_ENSEMBLE_Corn_Winter/cumulative dia 14 (2026-05-07 → 2026-05-21) 43802 bytes
2026-05-07 09:34:25,036 [INFO] Resumo: 240/240 sucessos, 0 erros
2026-05-07 09:34:25,079 [INFO] Manifest: C:\Users\server\OneDrive - CGB Enterprises, Inc\ZGC-PBI Research - Documents\Dataset Data Files\Weather_maps\manifest.json
2026-05-07 09:34:25,081 [INFO] [GIT] Iniciando sincronização com GitHub...
2026-05-07 09:35:08,220 [INFO] [GIT] Sucesso ✓
2026-05-07 09:35:08,221 [INFO] ✓ Sincronizado com GitHub — Power BI atualiza no próximo refresh
