2026-04-30 09:33:18,739 [INFO] === Execução 2026-04-30 | modo=both | dias=15 | parâmetro=PRCP_DEP ===
2026-04-30 09:33:18,739 [INFO] Baixando 240 mapas com 6 threads...
2026-04-30 09:33:21,714 [INFO] [OK] Brazil/GFS_ENSEMBLE_Soy/daily dia 02 (2026-05-02 → 2026-05-02) 45243 bytes
2026-04-30 09:33:21,796 [INFO] [OK] Brazil/GFS_ENSEMBLE_Soy/daily dia 03 (2026-05-03 → 2026-05-03) 44157 bytes
2026-04-30 09:33:22,270 [INFO] [OK] Brazil/GFS_ENSEMBLE_Soy/daily dia 00 (2026-04-30 → 2026-04-30) 42937 bytes
2026-04-30 09:33:22,345 [INFO] [OK] Brazil/GFS_ENSEMBLE_Soy/daily dia 01 (2026-05-01 → 2026-05-01) 44073 bytes
2026-04-30 09:33:22,355 [INFO] [OK] Brazil/GFS_ENSEMBLE_Soy/daily dia 05 (2026-05-05 → 2026-05-05) 46093 bytes
2026-04-30 09:33:22,400 [INFO] [OK] Brazil/GFS_ENSEMBLE_Soy/daily dia 04 (2026-05-04 → 2026-05-04) 43791 bytes
2026-04-30 09:33:23,303 [INFO] [OK] Brazil/GFS_ENSEMBLE_Soy/daily dia 06 (2026-05-06 → 2026-05-06) 49210 bytes
2026-04-30 09:33:23,743 [INFO] [OK] Brazil/GFS_ENSEMBLE_Soy/daily dia 07 (2026-05-07 → 2026-05-07) 48182 bytes
2026-04-30 09:33:23,992 [INFO] [OK] Brazil/GFS_ENSEMBLE_Soy/daily dia 09 (2026-05-09 → 2026-05-09) 51044 bytes
2026-04-30 09:33:24,235 [INFO] [OK] Brazil/GFS_ENSEMBLE_Soy/daily dia 11 (2026-05-11 → 2026-05-11) 51981 bytes
2026-04-30 09:33:24,282 [INFO] [OK] Brazil/GFS_ENSEMBLE_Soy/daily dia 10 (2026-05-10 → 2026-05-10) 52181 bytes
2026-04-30 09:33:24,311 [INFO] [OK] Brazil/GFS_ENSEMBLE_Soy/daily dia 08 (2026-05-08 → 2026-05-08) 50213 bytes
2026-04-30 09:33:24,764 [INFO] [OK] Brazil/GFS_ENSEMBLE_Soy/daily dia 12 (2026-05-12 → 2026-05-12) 51935 bytes
2026-04-30 09:33:25,319 [INFO] [OK] Brazil/GFS_ENSEMBLE_Soy/daily dia 13 (2026-05-13 → 2026-05-13) 53343 bytes
2026-04-30 09:33:25,621 [INFO] [OK] Brazil/GFS_ENSEMBLE_Soy/daily dia 14 (2026-05-14 → 2026-05-14) 53804 bytes
2026-04-30 09:33:25,713 [INFO] [OK] Brazil/GFS_ENSEMBLE_Soy/cumulative dia 00 (2026-04-30 → 2026-04-30) 42937 bytes
2026-04-30 09:33:25,981 [INFO] [OK] Brazil/GFS_ENSEMBLE_Soy/cumulative dia 02 (2026-04-30 → 2026-05-02) 46944 bytes
2026-04-30 09:33:26,001 [INFO] [OK] Brazil/GFS_ENSEMBLE_Soy/cumulative dia 01 (2026-04-30 → 2026-05-01) 46134 bytes
2026-04-30 09:33:26,547 [INFO] [OK] Brazil/GFS_ENSEMBLE_Soy/cumulative dia 03 (2026-04-30 → 2026-05-03) 47370 bytes
2026-04-30 09:33:27,529 [INFO] [OK] Brazil/GFS_ENSEMBLE_Soy/cumulative dia 04 (2026-04-30 → 2026-05-04) 47364 bytes
2026-04-30 09:33:28,496 [INFO] [OK] Brazil/GFS_ENSEMBLE_Soy/cumulative dia 05 (2026-04-30 → 2026-05-05) 47451 bytes
2026-04-30 09:33:28,622 [INFO] [OK] Brazil/GFS_ENSEMBLE_Soy/cumulative dia 06 (2026-04-30 → 2026-05-06) 48159 bytes
2026-04-30 09:33:29,336 [INFO] [OK] Brazil/GFS_ENSEMBLE_Soy/cumulative dia 07 (2026-04-30 → 2026-05-07) 49016 bytes
2026-04-30 09:33:29,451 [INFO] [OK] Brazil/GFS_ENSEMBLE_Soy/cumulative dia 08 (2026-04-30 → 2026-05-08) 50230 bytes
2026-04-30 09:33:29,565 [INFO] [OK] Brazil/GFS_ENSEMBLE_Soy/cumulative dia 09 (2026-04-30 → 2026-05-09) 51002 bytes
2026-04-30 09:33:30,319 [INFO] [OK] Brazil/GFS_ENSEMBLE_Soy/cumulative dia 10 (2026-04-30 → 2026-05-10) 51068 bytes
2026-04-30 09:33:31,409 [INFO] [OK] Brazil/GFS_ENSEMBLE_Corn_Winter/daily dia 00 (2026-04-30 → 2026-04-30) 41362 bytes
2026-04-30 09:33:31,899 [INFO] [OK] Brazil/GFS_ENSEMBLE_Soy/cumulative dia 11 (2026-04-30 → 2026-05-11) 51607 bytes
2026-04-30 09:33:32,152 [INFO] [OK] Brazil/GFS_ENSEMBLE_Soy/cumulative dia 12 (2026-04-30 → 2026-05-12) 51987 bytes
2026-04-30 09:33:32,229 [INFO] [OK] Brazil/GFS_ENSEMBLE_Corn_Winter/daily dia 01 (2026-05-01 → 2026-05-01) 42682 bytes
2026-04-30 09:33:33,102 [INFO] [OK] Brazil/GFS_ENSEMBLE_Corn_Winter/daily dia 02 (2026-05-02 → 2026-05-02) 43756 bytes
2026-04-30 09:33:33,204 [INFO] [OK] Brazil/GFS_ENSEMBLE_Soy/cumulative dia 13 (2026-04-30 → 2026-05-13) 52134 bytes
2026-04-30 09:33:33,680 [INFO] [OK] Brazil/GFS_ENSEMBLE_Corn_Winter/daily dia 04 (2026-05-04 → 2026-05-04) 42190 bytes
2026-04-30 09:33:33,867 [INFO] [OK] Brazil/GFS_ENSEMBLE_Corn_Winter/daily dia 03 (2026-05-03 → 2026-05-03) 42453 bytes
2026-04-30 09:33:33,926 [INFO] [OK] Brazil/GFS_ENSEMBLE_Soy/cumulative dia 14 (2026-04-30 → 2026-05-14) 52337 bytes
2026-04-30 09:33:34,131 [INFO] [OK] Brazil/GFS_ENSEMBLE_Corn_Winter/daily dia 05 (2026-05-05 → 2026-05-05) 44521 bytes
2026-04-30 09:33:34,558 [INFO] [OK] Brazil/GFS_ENSEMBLE_Corn_Winter/daily dia 06 (2026-05-06 → 2026-05-06) 47652 bytes
2026-04-30 09:33:34,645 [INFO] [OK] Brazil/GFS_ENSEMBLE_Corn_Winter/daily dia 07 (2026-05-07 → 2026-05-07) 46737 bytes
2026-04-30 09:33:35,293 [INFO] [OK] Brazil/GFS_ENSEMBLE_Corn_Winter/daily dia 08 (2026-05-08 → 2026-05-08) 48978 bytes
2026-04-30 09:33:35,379 [INFO] [OK] Brazil/GFS_ENSEMBLE_Corn_Winter/daily dia 09 (2026-05-09 → 2026-05-09) 49723 bytes
2026-04-30 09:33:35,544 [INFO] [OK] Brazil/GFS_ENSEMBLE_Corn_Winter/daily dia 10 (2026-05-10 → 2026-05-10) 50742 bytes
2026-04-30 09:33:35,669 [INFO] [OK] Brazil/GFS_ENSEMBLE_Corn_Winter/daily dia 11 (2026-05-11 → 2026-05-11) 50476 bytes
2026-04-30 09:33:36,186 [INFO] [OK] Brazil/GFS_ENSEMBLE_Corn_Winter/daily dia 13 (2026-05-13 → 2026-05-13) 51707 bytes
2026-04-30 09:33:36,193 [INFO] [OK] Brazil/GFS_ENSEMBLE_Corn_Winter/daily dia 12 (2026-05-12 → 2026-05-12) 50360 bytes
2026-04-30 09:33:36,941 [INFO] [OK] Brazil/GFS_ENSEMBLE_Corn_Winter/daily dia 14 (2026-05-14 → 2026-05-14) 52364 bytes
2026-04-30 09:33:37,410 [INFO] [OK] Brazil/GFS_ENSEMBLE_Corn_Winter/cumulative dia 00 (2026-04-30 → 2026-04-30) 41362 bytes
2026-04-30 09:33:37,431 [INFO] [OK] Brazil/GFS_ENSEMBLE_Corn_Winter/cumulative dia 01 (2026-04-30 → 2026-05-01) 44694 bytes
2026-04-30 09:33:37,736 [INFO] [OK] Brazil/GFS_ENSEMBLE_Corn_Winter/cumulative dia 02 (2026-04-30 → 2026-05-02) 45475 bytes
2026-04-30 09:33:38,230 [INFO] [OK] Brazil/GFS_ENSEMBLE_Corn_Winter/cumulative dia 03 (2026-04-30 → 2026-05-03) 45974 bytes
2026-04-30 09:33:38,252 [INFO] [OK] Brazil/GFS_ENSEMBLE_Corn_Winter/cumulative dia 04 (2026-04-30 → 2026-05-04) 45760 bytes
2026-04-30 09:33:38,789 [INFO] [OK] Brazil/GFS_ENSEMBLE_Corn_Winter/cumulative dia 05 (2026-04-30 → 2026-05-05) 46020 bytes
2026-04-30 09:33:39,347 [INFO] [OK] Brazil/GFS_ENSEMBLE_Corn_Winter/cumulative dia 06 (2026-04-30 → 2026-05-06) 46672 bytes
2026-04-30 09:33:39,659 [INFO] [OK] Brazil/GFS_ENSEMBLE_Corn_Winter/cumulative dia 07 (2026-04-30 → 2026-05-07) 47556 bytes
2026-04-30 09:33:40,173 [INFO] [OK] Brazil/GFS_ENSEMBLE_Corn_Winter/cumulative dia 08 (2026-04-30 → 2026-05-08) 48624 bytes
2026-04-30 09:33:40,502 [INFO] [OK] Brazil/GFS_ENSEMBLE_Corn_Winter/cumulative dia 09 (2026-04-30 → 2026-05-09) 49618 bytes
2026-04-30 09:33:40,682 [INFO] [OK] Brazil/GFS_ENSEMBLE_Corn_Winter/cumulative dia 10 (2026-04-30 → 2026-05-10) 49557 bytes
2026-04-30 09:33:41,588 [INFO] [OK] Brazil/GFS_ENSEMBLE_Corn_Winter/cumulative dia 11 (2026-04-30 → 2026-05-11) 50107 bytes
2026-04-30 09:33:42,234 [INFO] [OK] Brazil/ECM_ENSEMBLE_Soy/daily dia 01 (2026-05-01 → 2026-05-01) 46225 bytes
2026-04-30 09:33:42,249 [INFO] [OK] Brazil/ECM_ENSEMBLE_Soy/daily dia 00 (2026-04-30 → 2026-04-30) 44631 bytes
2026-04-30 09:33:42,841 [INFO] [OK] Brazil/GFS_ENSEMBLE_Corn_Winter/cumulative dia 12 (2026-04-30 → 2026-05-12) 50615 bytes
2026-04-30 09:33:42,904 [INFO] [OK] Brazil/GFS_ENSEMBLE_Corn_Winter/cumulative dia 13 (2026-04-30 → 2026-05-13) 50773 bytes
2026-04-30 09:33:42,989 [INFO] [OK] Brazil/ECM_ENSEMBLE_Soy/daily dia 02 (2026-05-02 → 2026-05-02) 46213 bytes
2026-04-30 09:33:43,414 [INFO] [OK] Brazil/GFS_ENSEMBLE_Corn_Winter/cumulative dia 14 (2026-04-30 → 2026-05-14) 50816 bytes
2026-04-30 09:33:43,620 [INFO] [OK] Brazil/ECM_ENSEMBLE_Soy/daily dia 03 (2026-05-03 → 2026-05-03) 45161 bytes
2026-04-30 09:33:43,623 [INFO] [OK] Brazil/ECM_ENSEMBLE_Soy/daily dia 04 (2026-05-04 → 2026-05-04) 45539 bytes
2026-04-30 09:33:44,666 [INFO] [OK] Brazil/ECM_ENSEMBLE_Soy/daily dia 05 (2026-05-05 → 2026-05-05) 47547 bytes
2026-04-30 09:33:44,681 [INFO] [OK] Brazil/ECM_ENSEMBLE_Soy/daily dia 07 (2026-05-07 → 2026-05-07) 49072 bytes
2026-04-30 09:33:44,743 [INFO] [OK] Brazil/ECM_ENSEMBLE_Soy/daily dia 06 (2026-05-06 → 2026-05-06) 48751 bytes
2026-04-30 09:33:44,966 [INFO] [OK] Brazil/ECM_ENSEMBLE_Soy/daily dia 08 (2026-05-08 → 2026-05-08) 50547 bytes
2026-04-30 09:33:45,064 [INFO] [OK] Brazil/ECM_ENSEMBLE_Soy/daily dia 09 (2026-05-09 → 2026-05-09) 52708 bytes
2026-04-30 09:33:45,247 [INFO] [OK] Brazil/ECM_ENSEMBLE_Soy/daily dia 10 (2026-05-10 → 2026-05-10) 52938 bytes
2026-04-30 09:33:46,113 [INFO] [OK] Brazil/ECM_ENSEMBLE_Soy/daily dia 11 (2026-05-11 → 2026-05-11) 50537 bytes
2026-04-30 09:33:46,215 [INFO] [OK] Brazil/ECM_ENSEMBLE_Soy/daily dia 13 (2026-05-13 → 2026-05-13) 50877 bytes
2026-04-30 09:33:46,299 [INFO] [OK] Brazil/ECM_ENSEMBLE_Soy/daily dia 12 (2026-05-12 → 2026-05-12) 50418 bytes
2026-04-30 09:33:46,498 [INFO] [OK] Brazil/ECM_ENSEMBLE_Soy/daily dia 14 (2026-05-14 → 2026-05-14) 51101 bytes
2026-04-30 09:33:46,595 [INFO] [OK] Brazil/ECM_ENSEMBLE_Soy/cumulative dia 00 (2026-04-30 → 2026-04-30) 44631 bytes
2026-04-30 09:33:46,721 [INFO] [OK] Brazil/ECM_ENSEMBLE_Soy/cumulative dia 01 (2026-04-30 → 2026-05-01) 47623 bytes
2026-04-30 09:33:47,770 [INFO] [OK] Brazil/ECM_ENSEMBLE_Soy/cumulative dia 02 (2026-04-30 → 2026-05-02) 48621 bytes
2026-04-30 09:33:48,074 [INFO] [OK] Brazil/ECM_ENSEMBLE_Soy/cumulative dia 03 (2026-04-30 → 2026-05-03) 48999 bytes
2026-04-30 09:33:48,351 [INFO] [OK] Brazil/ECM_ENSEMBLE_Soy/cumulative dia 04 (2026-04-30 → 2026-05-04) 49220 bytes
2026-04-30 09:33:48,393 [INFO] [OK] Brazil/ECM_ENSEMBLE_Soy/cumulative dia 05 (2026-04-30 → 2026-05-05) 49751 bytes
2026-04-30 09:33:48,513 [INFO] [OK] Brazil/ECM_ENSEMBLE_Soy/cumulative dia 06 (2026-04-30 → 2026-05-06) 50936 bytes
2026-04-30 09:33:48,815 [INFO] [OK] Brazil/ECM_ENSEMBLE_Soy/cumulative dia 07 (2026-04-30 → 2026-05-07) 51477 bytes
2026-04-30 09:33:49,925 [INFO] [OK] Brazil/ECM_ENSEMBLE_Soy/cumulative dia 08 (2026-04-30 → 2026-05-08) 51541 bytes
2026-04-30 09:33:50,415 [INFO] [OK] Brazil/ECM_ENSEMBLE_Soy/cumulative dia 09 (2026-04-30 → 2026-05-09) 51455 bytes
2026-04-30 09:33:51,223 [INFO] [OK] Brazil/ECM_ENSEMBLE_Soy/cumulative dia 10 (2026-04-30 → 2026-05-10) 51629 bytes
2026-04-30 09:33:51,443 [INFO] [OK] Brazil/ECM_ENSEMBLE_Soy/cumulative dia 12 (2026-04-30 → 2026-05-12) 52393 bytes
2026-04-30 09:33:51,670 [INFO] [OK] Brazil/ECM_ENSEMBLE_Soy/cumulative dia 11 (2026-04-30 → 2026-05-11) 51736 bytes
2026-04-30 09:33:51,933 [INFO] [OK] Brazil/ECM_ENSEMBLE_Soy/cumulative dia 13 (2026-04-30 → 2026-05-13) 52457 bytes
2026-04-30 09:33:52,084 [INFO] [OK] Brazil/ECM_ENSEMBLE_Corn_Winter/daily dia 00 (2026-04-30 → 2026-04-30) 43203 bytes
2026-04-30 09:33:52,676 [INFO] [OK] Brazil/ECM_ENSEMBLE_Corn_Winter/daily dia 01 (2026-05-01 → 2026-05-01) 44513 bytes
2026-04-30 09:33:53,050 [INFO] [OK] Brazil/ECM_ENSEMBLE_Corn_Winter/daily dia 03 (2026-05-03 → 2026-05-03) 43519 bytes
2026-04-30 09:33:53,096 [INFO] [OK] Brazil/ECM_ENSEMBLE_Corn_Winter/daily dia 02 (2026-05-02 → 2026-05-02) 44724 bytes
2026-04-30 09:33:53,167 [INFO] [OK] Brazil/ECM_ENSEMBLE_Soy/cumulative dia 14 (2026-04-30 → 2026-05-14) 52354 bytes
2026-04-30 09:33:53,354 [INFO] [OK] Brazil/ECM_ENSEMBLE_Corn_Winter/daily dia 04 (2026-05-04 → 2026-05-04) 44157 bytes
2026-04-30 09:33:53,540 [INFO] [OK] Brazil/ECM_ENSEMBLE_Corn_Winter/daily dia 05 (2026-05-05 → 2026-05-05) 46090 bytes
2026-04-30 09:33:54,217 [INFO] [OK] Brazil/ECM_ENSEMBLE_Corn_Winter/daily dia 06 (2026-05-06 → 2026-05-06) 47322 bytes
2026-04-30 09:33:54,589 [INFO] [OK] Brazil/ECM_ENSEMBLE_Corn_Winter/daily dia 08 (2026-05-08 → 2026-05-08) 49661 bytes
2026-04-30 09:33:54,833 [INFO] [OK] Brazil/ECM_ENSEMBLE_Corn_Winter/daily dia 10 (2026-05-10 → 2026-05-10) 51370 bytes
2026-04-30 09:33:54,844 [INFO] [OK] Brazil/ECM_ENSEMBLE_Corn_Winter/daily dia 07 (2026-05-07 → 2026-05-07) 47517 bytes
2026-04-30 09:33:54,919 [INFO] [OK] Brazil/ECM_ENSEMBLE_Corn_Winter/daily dia 09 (2026-05-09 → 2026-05-09) 51321 bytes
2026-04-30 09:33:54,998 [INFO] [OK] Brazil/ECM_ENSEMBLE_Corn_Winter/daily dia 11 (2026-05-11 → 2026-05-11) 48899 bytes
2026-04-30 09:33:55,808 [INFO] [OK] Brazil/ECM_ENSEMBLE_Corn_Winter/daily dia 12 (2026-05-12 → 2026-05-12) 49004 bytes
2026-04-30 09:33:56,175 [INFO] [OK] Brazil/ECM_ENSEMBLE_Corn_Winter/daily dia 13 (2026-05-13 → 2026-05-13) 49493 bytes
2026-04-30 09:33:56,428 [INFO] [OK] Brazil/ECM_ENSEMBLE_Corn_Winter/cumulative dia 00 (2026-04-30 → 2026-04-30) 43203 bytes
2026-04-30 09:33:56,579 [INFO] [OK] Brazil/ECM_ENSEMBLE_Corn_Winter/daily dia 14 (2026-05-14 → 2026-05-14) 49493 bytes
2026-04-30 09:33:56,789 [INFO] [OK] Brazil/ECM_ENSEMBLE_Corn_Winter/cumulative dia 01 (2026-04-30 → 2026-05-01) 46423 bytes
2026-04-30 09:33:57,013 [INFO] [OK] Brazil/ECM_ENSEMBLE_Corn_Winter/cumulative dia 02 (2026-04-30 → 2026-05-02) 47430 bytes
2026-04-30 09:33:57,599 [INFO] [OK] Brazil/ECM_ENSEMBLE_Corn_Winter/cumulative dia 03 (2026-04-30 → 2026-05-03) 47987 bytes
2026-04-30 09:33:58,136 [INFO] [OK] Brazil/ECM_ENSEMBLE_Corn_Winter/cumulative dia 04 (2026-04-30 → 2026-05-04) 48068 bytes
2026-04-30 09:33:58,899 [INFO] [OK] Brazil/ECM_ENSEMBLE_Corn_Winter/cumulative dia 05 (2026-04-30 → 2026-05-05) 48634 bytes
2026-04-30 09:33:59,159 [INFO] [OK] Brazil/ECM_ENSEMBLE_Corn_Winter/cumulative dia 06 (2026-04-30 → 2026-05-06) 49622 bytes
2026-04-30 09:33:59,478 [INFO] [OK] Brazil/ECM_ENSEMBLE_Corn_Winter/cumulative dia 07 (2026-04-30 → 2026-05-07) 50333 bytes
2026-04-30 09:33:59,750 [INFO] [OK] Brazil/ECM_ENSEMBLE_Corn_Winter/cumulative dia 08 (2026-04-30 → 2026-05-08) 50410 bytes
2026-04-30 09:34:00,239 [INFO] [OK] Brazil/ECM_ENSEMBLE_Corn_Winter/cumulative dia 09 (2026-04-30 → 2026-05-09) 50319 bytes
2026-04-30 09:34:00,625 [INFO] [OK] Brazil/ECM_ENSEMBLE_Corn_Winter/cumulative dia 10 (2026-04-30 → 2026-05-10) 50507 bytes
2026-04-30 09:34:01,445 [INFO] [OK] Argentina/GFS_ENSEMBLE_Soy/daily dia 00 (2026-04-30 → 2026-04-30) 32360 bytes
2026-04-30 09:34:01,928 [INFO] [OK] Argentina/GFS_ENSEMBLE_Soy/daily dia 01 (2026-05-01 → 2026-05-01) 33226 bytes
2026-04-30 09:34:02,114 [INFO] [OK] Brazil/ECM_ENSEMBLE_Corn_Winter/cumulative dia 11 (2026-04-30 → 2026-05-11) 50666 bytes
2026-04-30 09:34:02,468 [INFO] [OK] Argentina/GFS_ENSEMBLE_Soy/daily dia 02 (2026-05-02 → 2026-05-02) 34722 bytes
2026-04-30 09:34:02,481 [INFO] [OK] Brazil/ECM_ENSEMBLE_Corn_Winter/cumulative dia 12 (2026-04-30 → 2026-05-12) 51221 bytes
2026-04-30 09:34:02,620 [INFO] [OK] Brazil/ECM_ENSEMBLE_Corn_Winter/cumulative dia 13 (2026-04-30 → 2026-05-13) 51380 bytes
2026-04-30 09:34:02,927 [INFO] [OK] Argentina/GFS_ENSEMBLE_Soy/daily dia 03 (2026-05-03 → 2026-05-03) 33636 bytes
2026-04-30 09:34:03,155 [INFO] [OK] Brazil/ECM_ENSEMBLE_Corn_Winter/cumulative dia 14 (2026-04-30 → 2026-05-14) 51155 bytes
2026-04-30 09:34:03,335 [INFO] [OK] Argentina/GFS_ENSEMBLE_Soy/daily dia 04 (2026-05-04 → 2026-05-04) 32357 bytes
2026-04-30 09:34:03,459 [INFO] [OK] Argentina/GFS_ENSEMBLE_Soy/daily dia 05 (2026-05-05 → 2026-05-05) 36349 bytes
2026-04-30 09:34:03,629 [INFO] [OK] Argentina/GFS_ENSEMBLE_Soy/daily dia 06 (2026-05-06 → 2026-05-06) 39873 bytes
2026-04-30 09:34:03,777 [INFO] [OK] Argentina/GFS_ENSEMBLE_Soy/daily dia 07 (2026-05-07 → 2026-05-07) 37111 bytes
2026-04-30 09:34:03,885 [INFO] [OK] Argentina/GFS_ENSEMBLE_Soy/daily dia 08 (2026-05-08 → 2026-05-08) 39913 bytes
2026-04-30 09:34:04,205 [INFO] [OK] Argentina/GFS_ENSEMBLE_Soy/daily dia 09 (2026-05-09 → 2026-05-09) 42151 bytes
2026-04-30 09:34:04,381 [INFO] [OK] Argentina/GFS_ENSEMBLE_Soy/daily dia 10 (2026-05-10 → 2026-05-10) 42413 bytes
2026-04-30 09:34:04,433 [INFO] [OK] Argentina/GFS_ENSEMBLE_Soy/daily dia 11 (2026-05-11 → 2026-05-11) 41808 bytes
2026-04-30 09:34:04,638 [INFO] [OK] Argentina/GFS_ENSEMBLE_Soy/daily dia 12 (2026-05-12 → 2026-05-12) 40779 bytes
2026-04-30 09:34:04,771 [INFO] [OK] Argentina/GFS_ENSEMBLE_Soy/daily dia 13 (2026-05-13 → 2026-05-13) 42125 bytes
2026-04-30 09:34:04,945 [INFO] [OK] Argentina/GFS_ENSEMBLE_Soy/daily dia 14 (2026-05-14 → 2026-05-14) 42799 bytes
2026-04-30 09:34:05,270 [INFO] [OK] Argentina/GFS_ENSEMBLE_Soy/cumulative dia 00 (2026-04-30 → 2026-04-30) 32360 bytes
2026-04-30 09:34:05,429 [INFO] [OK] Argentina/GFS_ENSEMBLE_Soy/cumulative dia 01 (2026-04-30 → 2026-05-01) 35412 bytes
2026-04-30 09:34:05,527 [INFO] [OK] Argentina/GFS_ENSEMBLE_Soy/cumulative dia 02 (2026-04-30 → 2026-05-02) 36514 bytes
2026-04-30 09:34:05,909 [INFO] [OK] Argentina/GFS_ENSEMBLE_Soy/cumulative dia 03 (2026-04-30 → 2026-05-03) 37326 bytes
2026-04-30 09:34:06,208 [INFO] [OK] Argentina/GFS_ENSEMBLE_Soy/cumulative dia 04 (2026-04-30 → 2026-05-04) 37259 bytes
2026-04-30 09:34:06,583 [INFO] [OK] Argentina/GFS_ENSEMBLE_Soy/cumulative dia 05 (2026-04-30 → 2026-05-05) 37666 bytes
2026-04-30 09:34:07,080 [INFO] [OK] Argentina/GFS_ENSEMBLE_Soy/cumulative dia 06 (2026-04-30 → 2026-05-06) 38592 bytes
2026-04-30 09:34:07,177 [INFO] [OK] Argentina/GFS_ENSEMBLE_Soy/cumulative dia 07 (2026-04-30 → 2026-05-07) 39956 bytes
2026-04-30 09:34:07,430 [INFO] [OK] Argentina/GFS_ENSEMBLE_Soy/cumulative dia 08 (2026-04-30 → 2026-05-08) 41271 bytes
2026-04-30 09:34:07,881 [INFO] [OK] Argentina/GFS_ENSEMBLE_Soy/cumulative dia 09 (2026-04-30 → 2026-05-09) 41897 bytes
2026-04-30 09:34:08,089 [INFO] [OK] Argentina/GFS_ENSEMBLE_Soy/cumulative dia 10 (2026-04-30 → 2026-05-10) 41853 bytes
2026-04-30 09:34:08,707 [INFO] [OK] Argentina/GFS_ENSEMBLE_Soy/cumulative dia 11 (2026-04-30 → 2026-05-11) 42454 bytes
2026-04-30 09:34:08,927 [INFO] [OK] Argentina/GFS_ENSEMBLE_Soy/cumulative dia 12 (2026-04-30 → 2026-05-12) 43010 bytes
2026-04-30 09:34:08,961 [INFO] [OK] Argentina/GFS_ENSEMBLE_Corn_Winter/daily dia 00 (2026-04-30 → 2026-04-30) 30526 bytes
2026-04-30 09:34:09,146 [INFO] [OK] Argentina/GFS_ENSEMBLE_Soy/cumulative dia 13 (2026-04-30 → 2026-05-13) 42769 bytes
2026-04-30 09:34:09,184 [INFO] [OK] Argentina/GFS_ENSEMBLE_Corn_Winter/daily dia 01 (2026-05-01 → 2026-05-01) 31661 bytes
2026-04-30 09:34:09,385 [INFO] [OK] Argentina/GFS_ENSEMBLE_Soy/cumulative dia 14 (2026-04-30 → 2026-05-14) 42988 bytes
2026-04-30 09:34:09,713 [INFO] [OK] Argentina/GFS_ENSEMBLE_Corn_Winter/daily dia 02 (2026-05-02 → 2026-05-02) 32982 bytes
2026-04-30 09:34:10,000 [INFO] [OK] Argentina/GFS_ENSEMBLE_Corn_Winter/daily dia 03 (2026-05-03 → 2026-05-03) 31942 bytes
2026-04-30 09:34:10,019 [INFO] [OK] Argentina/GFS_ENSEMBLE_Corn_Winter/daily dia 04 (2026-05-04 → 2026-05-04) 30654 bytes
2026-04-30 09:34:10,225 [INFO] [OK] Argentina/GFS_ENSEMBLE_Corn_Winter/daily dia 06 (2026-05-06 → 2026-05-06) 38231 bytes
2026-04-30 09:34:10,235 [INFO] [OK] Argentina/GFS_ENSEMBLE_Corn_Winter/daily dia 05 (2026-05-05 → 2026-05-05) 34474 bytes
2026-04-30 09:34:10,473 [INFO] [OK] Argentina/GFS_ENSEMBLE_Corn_Winter/daily dia 07 (2026-05-07 → 2026-05-07) 35569 bytes
2026-04-30 09:34:10,840 [INFO] [OK] Argentina/GFS_ENSEMBLE_Corn_Winter/daily dia 08 (2026-05-08 → 2026-05-08) 38256 bytes
2026-04-30 09:34:11,275 [INFO] [OK] Argentina/GFS_ENSEMBLE_Corn_Winter/daily dia 11 (2026-05-11 → 2026-05-11) 40199 bytes
2026-04-30 09:34:11,281 [INFO] [OK] Argentina/GFS_ENSEMBLE_Corn_Winter/daily dia 09 (2026-05-09 → 2026-05-09) 40759 bytes
2026-04-30 09:34:11,340 [INFO] [OK] Argentina/GFS_ENSEMBLE_Corn_Winter/daily dia 10 (2026-05-10 → 2026-05-10) 40900 bytes
2026-04-30 09:34:11,503 [INFO] [OK] Argentina/GFS_ENSEMBLE_Corn_Winter/daily dia 12 (2026-05-12 → 2026-05-12) 39107 bytes
2026-04-30 09:34:11,570 [INFO] [OK] Argentina/GFS_ENSEMBLE_Corn_Winter/daily dia 13 (2026-05-13 → 2026-05-13) 40357 bytes
2026-04-30 09:34:11,922 [INFO] [OK] Argentina/GFS_ENSEMBLE_Corn_Winter/daily dia 14 (2026-05-14 → 2026-05-14) 41240 bytes
2026-04-30 09:34:12,335 [INFO] [OK] Argentina/GFS_ENSEMBLE_Corn_Winter/cumulative dia 01 (2026-04-30 → 2026-05-01) 33571 bytes
2026-04-30 09:34:12,362 [INFO] [OK] Argentina/GFS_ENSEMBLE_Corn_Winter/cumulative dia 00 (2026-04-30 → 2026-04-30) 30526 bytes
2026-04-30 09:34:12,444 [INFO] [OK] Argentina/GFS_ENSEMBLE_Corn_Winter/cumulative dia 02 (2026-04-30 → 2026-05-02) 34794 bytes
2026-04-30 09:34:12,685 [INFO] [OK] Argentina/GFS_ENSEMBLE_Corn_Winter/cumulative dia 03 (2026-04-30 → 2026-05-03) 35737 bytes
2026-04-30 09:34:12,843 [INFO] [OK] Argentina/GFS_ENSEMBLE_Corn_Winter/cumulative dia 04 (2026-04-30 → 2026-05-04) 35484 bytes
2026-04-30 09:34:13,126 [INFO] [OK] Argentina/GFS_ENSEMBLE_Corn_Winter/cumulative dia 05 (2026-04-30 → 2026-05-05) 36042 bytes
2026-04-30 09:34:13,806 [INFO] [OK] Argentina/GFS_ENSEMBLE_Corn_Winter/cumulative dia 06 (2026-04-30 → 2026-05-06) 36869 bytes
2026-04-30 09:34:13,936 [INFO] [OK] Argentina/GFS_ENSEMBLE_Corn_Winter/cumulative dia 07 (2026-04-30 → 2026-05-07) 38474 bytes
2026-04-30 09:34:14,045 [INFO] [OK] Argentina/GFS_ENSEMBLE_Corn_Winter/cumulative dia 08 (2026-04-30 → 2026-05-08) 39407 bytes
2026-04-30 09:34:14,318 [INFO] [OK] Argentina/GFS_ENSEMBLE_Corn_Winter/cumulative dia 09 (2026-04-30 → 2026-05-09) 40353 bytes
2026-04-30 09:34:14,418 [INFO] [OK] Argentina/GFS_ENSEMBLE_Corn_Winter/cumulative dia 10 (2026-04-30 → 2026-05-10) 40311 bytes
2026-04-30 09:34:14,638 [INFO] [OK] Argentina/GFS_ENSEMBLE_Corn_Winter/cumulative dia 11 (2026-04-30 → 2026-05-11) 40852 bytes
2026-04-30 09:34:15,594 [INFO] [OK] Argentina/ECM_ENSEMBLE_Soy/daily dia 00 (2026-04-30 → 2026-04-30) 34235 bytes
2026-04-30 09:34:15,633 [INFO] [OK] Argentina/GFS_ENSEMBLE_Corn_Winter/cumulative dia 12 (2026-04-30 → 2026-05-12) 41417 bytes
2026-04-30 09:34:15,762 [INFO] [OK] Argentina/ECM_ENSEMBLE_Soy/daily dia 01 (2026-05-01 → 2026-05-01) 36137 bytes
2026-04-30 09:34:15,828 [INFO] [OK] Argentina/ECM_ENSEMBLE_Soy/daily dia 02 (2026-05-02 → 2026-05-02) 35658 bytes
2026-04-30 09:34:15,924 [INFO] [OK] Argentina/GFS_ENSEMBLE_Corn_Winter/cumulative dia 13 (2026-04-30 → 2026-05-13) 41283 bytes
2026-04-30 09:34:15,938 [INFO] [OK] Argentina/GFS_ENSEMBLE_Corn_Winter/cumulative dia 14 (2026-04-30 → 2026-05-14) 41557 bytes
2026-04-30 09:34:16,623 [INFO] [OK] Argentina/ECM_ENSEMBLE_Soy/daily dia 04 (2026-05-04 → 2026-05-04) 35218 bytes
2026-04-30 09:34:16,643 [INFO] [OK] Argentina/ECM_ENSEMBLE_Soy/daily dia 03 (2026-05-03 → 2026-05-03) 36730 bytes
2026-04-30 09:34:16,809 [INFO] [OK] Argentina/ECM_ENSEMBLE_Soy/daily dia 05 (2026-05-05 → 2026-05-05) 37457 bytes
2026-04-30 09:34:16,882 [INFO] [OK] Argentina/ECM_ENSEMBLE_Soy/daily dia 06 (2026-05-06 → 2026-05-06) 38896 bytes
2026-04-30 09:34:17,084 [INFO] [OK] Argentina/ECM_ENSEMBLE_Soy/daily dia 07 (2026-05-07 → 2026-05-07) 39438 bytes
2026-04-30 09:34:17,171 [INFO] [OK] Argentina/ECM_ENSEMBLE_Soy/daily dia 08 (2026-05-08 → 2026-05-08) 40231 bytes
2026-04-30 09:34:17,803 [INFO] [OK] Argentina/ECM_ENSEMBLE_Soy/daily dia 09 (2026-05-09 → 2026-05-09) 44518 bytes
2026-04-30 09:34:17,843 [INFO] [OK] Argentina/ECM_ENSEMBLE_Soy/daily dia 11 (2026-05-11 → 2026-05-11) 41302 bytes
2026-04-30 09:34:17,882 [INFO] [OK] Argentina/ECM_ENSEMBLE_Soy/daily dia 10 (2026-05-10 → 2026-05-10) 44335 bytes
2026-04-30 09:34:18,074 [INFO] [OK] Argentina/ECM_ENSEMBLE_Soy/daily dia 12 (2026-05-12 → 2026-05-12) 40385 bytes
2026-04-30 09:34:18,137 [INFO] [OK] Argentina/ECM_ENSEMBLE_Soy/daily dia 13 (2026-05-13 → 2026-05-13) 40490 bytes
2026-04-30 09:34:18,220 [INFO] [OK] Argentina/ECM_ENSEMBLE_Soy/daily dia 14 (2026-05-14 → 2026-05-14) 41345 bytes
2026-04-30 09:34:18,913 [INFO] [OK] Argentina/ECM_ENSEMBLE_Soy/cumulative dia 00 (2026-04-30 → 2026-04-30) 34235 bytes
2026-04-30 09:34:18,994 [INFO] [OK] Argentina/ECM_ENSEMBLE_Soy/cumulative dia 01 (2026-04-30 → 2026-05-01) 37888 bytes
2026-04-30 09:34:19,115 [INFO] [OK] Argentina/ECM_ENSEMBLE_Soy/cumulative dia 02 (2026-04-30 → 2026-05-02) 39270 bytes
2026-04-30 09:34:19,314 [INFO] [OK] Argentina/ECM_ENSEMBLE_Soy/cumulative dia 03 (2026-04-30 → 2026-05-03) 40223 bytes
2026-04-30 09:34:19,434 [INFO] [OK] Argentina/ECM_ENSEMBLE_Soy/cumulative dia 04 (2026-04-30 → 2026-05-04) 40484 bytes
2026-04-30 09:34:19,548 [INFO] [OK] Argentina/ECM_ENSEMBLE_Soy/cumulative dia 05 (2026-04-30 → 2026-05-05) 40863 bytes
2026-04-30 09:34:20,246 [INFO] [OK] Argentina/ECM_ENSEMBLE_Soy/cumulative dia 06 (2026-04-30 → 2026-05-06) 42076 bytes
2026-04-30 09:34:20,534 [INFO] [OK] Argentina/ECM_ENSEMBLE_Soy/cumulative dia 07 (2026-04-30 → 2026-05-07) 43223 bytes
2026-04-30 09:34:20,567 [INFO] [OK] Argentina/ECM_ENSEMBLE_Soy/cumulative dia 08 (2026-04-30 → 2026-05-08) 43292 bytes
2026-04-30 09:34:20,928 [INFO] [OK] Argentina/ECM_ENSEMBLE_Soy/cumulative dia 09 (2026-04-30 → 2026-05-09) 43258 bytes
2026-04-30 09:34:21,364 [INFO] [OK] Argentina/ECM_ENSEMBLE_Soy/cumulative dia 10 (2026-04-30 → 2026-05-10) 43679 bytes
2026-04-30 09:34:21,489 [INFO] [OK] Argentina/ECM_ENSEMBLE_Soy/cumulative dia 11 (2026-04-30 → 2026-05-11) 43581 bytes
2026-04-30 09:34:21,976 [INFO] [OK] Argentina/ECM_ENSEMBLE_Corn_Winter/daily dia 00 (2026-04-30 → 2026-04-30) 32763 bytes
2026-04-30 09:34:22,001 [INFO] [OK] Argentina/ECM_ENSEMBLE_Soy/cumulative dia 12 (2026-04-30 → 2026-05-12) 44067 bytes
2026-04-30 09:34:22,315 [INFO] [OK] Argentina/ECM_ENSEMBLE_Soy/cumulative dia 14 (2026-04-30 → 2026-05-14) 43901 bytes
2026-04-30 09:34:22,337 [INFO] [OK] Argentina/ECM_ENSEMBLE_Soy/cumulative dia 13 (2026-04-30 → 2026-05-13) 44186 bytes
2026-04-30 09:34:22,437 [INFO] [OK] Argentina/ECM_ENSEMBLE_Corn_Winter/daily dia 01 (2026-05-01 → 2026-05-01) 34403 bytes
2026-04-30 09:34:22,480 [INFO] [OK] Argentina/ECM_ENSEMBLE_Corn_Winter/daily dia 02 (2026-05-02 → 2026-05-02) 33984 bytes
2026-04-30 09:34:23,217 [INFO] [OK] Argentina/ECM_ENSEMBLE_Corn_Winter/daily dia 04 (2026-05-04 → 2026-05-04) 33627 bytes
2026-04-30 09:34:23,279 [INFO] [OK] Argentina/ECM_ENSEMBLE_Corn_Winter/daily dia 06 (2026-05-06 → 2026-05-06) 37187 bytes
2026-04-30 09:34:23,290 [INFO] [OK] Argentina/ECM_ENSEMBLE_Corn_Winter/daily dia 05 (2026-05-05 → 2026-05-05) 35526 bytes
2026-04-30 09:34:23,304 [INFO] [OK] Argentina/ECM_ENSEMBLE_Corn_Winter/daily dia 03 (2026-05-03 → 2026-05-03) 35037 bytes
2026-04-30 09:34:23,441 [INFO] [OK] Argentina/ECM_ENSEMBLE_Corn_Winter/daily dia 07 (2026-05-07 → 2026-05-07) 37889 bytes
2026-04-30 09:34:23,552 [INFO] [OK] Argentina/ECM_ENSEMBLE_Corn_Winter/daily dia 08 (2026-05-08 → 2026-05-08) 38756 bytes
2026-04-30 09:34:24,280 [INFO] [OK] Argentina/ECM_ENSEMBLE_Corn_Winter/daily dia 10 (2026-05-10 → 2026-05-10) 42531 bytes
2026-04-30 09:34:24,454 [INFO] [OK] Argentina/ECM_ENSEMBLE_Corn_Winter/daily dia 09 (2026-05-09 → 2026-05-09) 42881 bytes
2026-04-30 09:34:24,522 [INFO] [OK] Argentina/ECM_ENSEMBLE_Corn_Winter/daily dia 14 (2026-05-14 → 2026-05-14) 39780 bytes
2026-04-30 09:34:24,587 [INFO] [OK] Argentina/ECM_ENSEMBLE_Corn_Winter/daily dia 11 (2026-05-11 → 2026-05-11) 39732 bytes
2026-04-30 09:34:24,664 [INFO] [OK] Argentina/ECM_ENSEMBLE_Corn_Winter/daily dia 12 (2026-05-12 → 2026-05-12) 38967 bytes
2026-04-30 09:34:24,690 [INFO] [OK] Argentina/ECM_ENSEMBLE_Corn_Winter/daily dia 13 (2026-05-13 → 2026-05-13) 38899 bytes
2026-04-30 09:34:25,259 [INFO] [OK] Argentina/ECM_ENSEMBLE_Corn_Winter/cumulative dia 00 (2026-04-30 → 2026-04-30) 32763 bytes
2026-04-30 09:34:25,639 [INFO] [OK] Argentina/ECM_ENSEMBLE_Corn_Winter/cumulative dia 01 (2026-04-30 → 2026-05-01) 36388 bytes
2026-04-30 09:34:25,669 [INFO] [OK] Argentina/ECM_ENSEMBLE_Corn_Winter/cumulative dia 02 (2026-04-30 → 2026-05-02) 37728 bytes
2026-04-30 09:34:25,776 [INFO] [OK] Argentina/ECM_ENSEMBLE_Corn_Winter/cumulative dia 03 (2026-04-30 → 2026-05-03) 38756 bytes
2026-04-30 09:34:25,952 [INFO] [OK] Argentina/ECM_ENSEMBLE_Corn_Winter/cumulative dia 04 (2026-04-30 → 2026-05-04) 39111 bytes
2026-04-30 09:34:26,030 [INFO] [OK] Argentina/ECM_ENSEMBLE_Corn_Winter/cumulative dia 05 (2026-04-30 → 2026-05-05) 39348 bytes
2026-04-30 09:34:26,523 [INFO] [OK] Argentina/ECM_ENSEMBLE_Corn_Winter/cumulative dia 06 (2026-04-30 → 2026-05-06) 40658 bytes
2026-04-30 09:34:27,054 [INFO] [OK] Argentina/ECM_ENSEMBLE_Corn_Winter/cumulative dia 07 (2026-04-30 → 2026-05-07) 41619 bytes
2026-04-30 09:34:27,350 [INFO] [OK] Argentina/ECM_ENSEMBLE_Corn_Winter/cumulative dia 09 (2026-04-30 → 2026-05-09) 41975 bytes
2026-04-30 09:34:27,396 [INFO] [OK] Argentina/ECM_ENSEMBLE_Corn_Winter/cumulative dia 08 (2026-04-30 → 2026-05-08) 41882 bytes
2026-04-30 09:34:27,558 [INFO] [OK] Argentina/ECM_ENSEMBLE_Corn_Winter/cumulative dia 10 (2026-04-30 → 2026-05-10) 42155 bytes
2026-04-30 09:34:27,646 [INFO] [OK] Argentina/ECM_ENSEMBLE_Corn_Winter/cumulative dia 11 (2026-04-30 → 2026-05-11) 42227 bytes
2026-04-30 09:34:28,072 [INFO] [OK] Argentina/ECM_ENSEMBLE_Corn_Winter/cumulative dia 12 (2026-04-30 → 2026-05-12) 42696 bytes
2026-04-30 09:34:28,716 [INFO] [OK] Argentina/ECM_ENSEMBLE_Corn_Winter/cumulative dia 13 (2026-04-30 → 2026-05-13) 42808 bytes
2026-04-30 09:34:29,054 [INFO] [OK] Argentina/ECM_ENSEMBLE_Corn_Winter/cumulative dia 14 (2026-04-30 → 2026-05-14) 42603 bytes
2026-04-30 09:34:29,057 [INFO] Resumo: 240/240 sucessos, 0 erros
2026-04-30 09:34:29,133 [INFO] Manifest: C:\Users\server\OneDrive - CGB Enterprises, Inc\ZGC-PBI Research - Documents\Dataset Data Files\Weather_maps\manifest.json
2026-04-30 09:34:29,134 [INFO] [GIT] Iniciando sincronização com GitHub...
2026-04-30 09:34:45,343 [INFO] [GIT] Sucesso ✓
2026-04-30 09:34:45,343 [INFO] ✓ Sincronizado com GitHub — Power BI atualiza no próximo refresh
