2026-04-27 09:33:18,897 [INFO] === Execução 2026-04-27 | modo=both | dias=15 | parâmetro=PRCP_DEP ===
2026-04-27 09:33:19,044 [INFO] Baixando 240 mapas com 6 threads...
2026-04-27 09:33:21,923 [INFO] [OK] Brazil/GFS_ENSEMBLE_Soy/daily dia 00 (2026-04-27 → 2026-04-27) 45088 bytes
2026-04-27 09:33:21,939 [INFO] [OK] Brazil/GFS_ENSEMBLE_Soy/daily dia 05 (2026-05-02 → 2026-05-02) 46750 bytes
2026-04-27 09:33:22,083 [INFO] [OK] Brazil/GFS_ENSEMBLE_Soy/daily dia 04 (2026-05-01 → 2026-05-01) 45004 bytes
2026-04-27 09:33:22,141 [INFO] [OK] Brazil/GFS_ENSEMBLE_Soy/daily dia 03 (2026-04-30 → 2026-04-30) 44362 bytes
2026-04-27 09:33:22,155 [INFO] [OK] Brazil/GFS_ENSEMBLE_Soy/daily dia 01 (2026-04-28 → 2026-04-28) 45728 bytes
2026-04-27 09:33:22,199 [INFO] [OK] Brazil/GFS_ENSEMBLE_Soy/daily dia 02 (2026-04-29 → 2026-04-29) 45538 bytes
2026-04-27 09:33:23,932 [INFO] [OK] Brazil/GFS_ENSEMBLE_Soy/daily dia 07 (2026-05-04 → 2026-05-04) 46830 bytes
2026-04-27 09:33:24,159 [INFO] [OK] Brazil/GFS_ENSEMBLE_Soy/daily dia 10 (2026-05-07 → 2026-05-07) 53642 bytes
2026-04-27 09:33:24,171 [INFO] [OK] Brazil/GFS_ENSEMBLE_Soy/daily dia 08 (2026-05-05 → 2026-05-05) 49943 bytes
2026-04-27 09:33:24,171 [INFO] [OK] Brazil/GFS_ENSEMBLE_Soy/daily dia 06 (2026-05-03 → 2026-05-03) 46036 bytes
2026-04-27 09:33:24,173 [INFO] [OK] Brazil/GFS_ENSEMBLE_Soy/daily dia 09 (2026-05-06 → 2026-05-06) 51655 bytes
2026-04-27 09:33:24,321 [INFO] [OK] Brazil/GFS_ENSEMBLE_Soy/daily dia 11 (2026-05-08 → 2026-05-08) 53555 bytes
2026-04-27 09:33:25,600 [INFO] [OK] Brazil/GFS_ENSEMBLE_Soy/daily dia 12 (2026-05-09 → 2026-05-09) 53406 bytes
2026-04-27 09:33:26,106 [INFO] [OK] Brazil/GFS_ENSEMBLE_Soy/daily dia 13 (2026-05-10 → 2026-05-10) 52534 bytes
2026-04-27 09:33:26,139 [INFO] [OK] Brazil/GFS_ENSEMBLE_Soy/cumulative dia 00 (2026-04-27 → 2026-04-27) 45088 bytes
2026-04-27 09:33:26,151 [INFO] [OK] Brazil/GFS_ENSEMBLE_Soy/cumulative dia 01 (2026-04-27 → 2026-04-28) 46537 bytes
2026-04-27 09:33:26,258 [INFO] [OK] Brazil/GFS_ENSEMBLE_Soy/cumulative dia 02 (2026-04-27 → 2026-04-29) 47079 bytes
2026-04-27 09:33:26,356 [INFO] [OK] Brazil/GFS_ENSEMBLE_Soy/daily dia 14 (2026-05-11 → 2026-05-11) 50977 bytes
2026-04-27 09:33:27,215 [INFO] [OK] Brazil/GFS_ENSEMBLE_Soy/cumulative dia 03 (2026-04-27 → 2026-04-30) 46819 bytes
2026-04-27 09:33:28,289 [INFO] [OK] Brazil/GFS_ENSEMBLE_Soy/cumulative dia 04 (2026-04-27 → 2026-05-01) 48295 bytes
2026-04-27 09:33:29,011 [INFO] [OK] Brazil/GFS_ENSEMBLE_Soy/cumulative dia 06 (2026-04-27 → 2026-05-03) 48407 bytes
2026-04-27 09:33:29,044 [INFO] [OK] Brazil/GFS_ENSEMBLE_Soy/cumulative dia 05 (2026-04-27 → 2026-05-02) 48000 bytes
2026-04-27 09:33:29,060 [INFO] [OK] Brazil/GFS_ENSEMBLE_Soy/cumulative dia 07 (2026-04-27 → 2026-05-04) 48859 bytes
2026-04-27 09:33:29,095 [INFO] [OK] Brazil/GFS_ENSEMBLE_Soy/cumulative dia 08 (2026-04-27 → 2026-05-05) 49368 bytes
2026-04-27 09:33:29,339 [INFO] [OK] Brazil/GFS_ENSEMBLE_Soy/cumulative dia 09 (2026-04-27 → 2026-05-06) 50026 bytes
2026-04-27 09:33:30,363 [INFO] [OK] Brazil/GFS_ENSEMBLE_Soy/cumulative dia 10 (2026-04-27 → 2026-05-07) 50164 bytes
2026-04-27 09:33:30,894 [INFO] [OK] Brazil/GFS_ENSEMBLE_Corn_Winter/daily dia 00 (2026-04-27 → 2026-04-27) 43684 bytes
2026-04-27 09:33:32,538 [INFO] [OK] Brazil/GFS_ENSEMBLE_Soy/cumulative dia 14 (2026-04-27 → 2026-05-11) 52105 bytes
2026-04-27 09:33:33,018 [INFO] [OK] Brazil/GFS_ENSEMBLE_Soy/cumulative dia 11 (2026-04-27 → 2026-05-08) 50934 bytes
2026-04-27 09:33:33,149 [INFO] [OK] Brazil/GFS_ENSEMBLE_Corn_Winter/daily dia 01 (2026-04-28 → 2026-04-28) 44271 bytes
2026-04-27 09:33:33,697 [INFO] [OK] Brazil/GFS_ENSEMBLE_Soy/cumulative dia 12 (2026-04-27 → 2026-05-09) 51630 bytes
2026-04-27 09:33:33,755 [INFO] [OK] Brazil/GFS_ENSEMBLE_Soy/cumulative dia 13 (2026-04-27 → 2026-05-10) 51859 bytes
2026-04-27 09:33:33,769 [INFO] [OK] Brazil/GFS_ENSEMBLE_Corn_Winter/daily dia 02 (2026-04-29 → 2026-04-29) 44041 bytes
2026-04-27 09:33:33,827 [INFO] [OK] Brazil/GFS_ENSEMBLE_Corn_Winter/daily dia 03 (2026-04-30 → 2026-04-30) 43003 bytes
2026-04-27 09:33:34,384 [INFO] [OK] Brazil/GFS_ENSEMBLE_Corn_Winter/daily dia 04 (2026-05-01 → 2026-05-01) 43741 bytes
2026-04-27 09:33:34,547 [INFO] [OK] Brazil/GFS_ENSEMBLE_Corn_Winter/daily dia 05 (2026-05-02 → 2026-05-02) 45426 bytes
2026-04-27 09:33:35,115 [INFO] [OK] Brazil/GFS_ENSEMBLE_Corn_Winter/daily dia 08 (2026-05-05 → 2026-05-05) 48273 bytes
2026-04-27 09:33:35,265 [INFO] [OK] Brazil/GFS_ENSEMBLE_Corn_Winter/daily dia 06 (2026-05-03 → 2026-05-03) 44223 bytes
2026-04-27 09:33:35,694 [INFO] [OK] Brazil/GFS_ENSEMBLE_Corn_Winter/daily dia 09 (2026-05-06 → 2026-05-06) 50096 bytes
2026-04-27 09:33:35,719 [INFO] [OK] Brazil/GFS_ENSEMBLE_Corn_Winter/daily dia 07 (2026-05-04 → 2026-05-04) 45146 bytes
2026-04-27 09:33:36,028 [INFO] [OK] Brazil/GFS_ENSEMBLE_Corn_Winter/daily dia 10 (2026-05-07 → 2026-05-07) 52279 bytes
2026-04-27 09:33:36,099 [INFO] [OK] Brazil/GFS_ENSEMBLE_Corn_Winter/daily dia 11 (2026-05-08 → 2026-05-08) 52092 bytes
2026-04-27 09:33:36,822 [INFO] [OK] Brazil/GFS_ENSEMBLE_Corn_Winter/daily dia 12 (2026-05-09 → 2026-05-09) 52013 bytes
2026-04-27 09:33:36,826 [INFO] [OK] Brazil/GFS_ENSEMBLE_Corn_Winter/daily dia 13 (2026-05-10 → 2026-05-10) 50763 bytes
2026-04-27 09:33:37,367 [INFO] [OK] Brazil/GFS_ENSEMBLE_Corn_Winter/cumulative dia 00 (2026-04-27 → 2026-04-27) 43684 bytes
2026-04-27 09:33:37,505 [INFO] [OK] Brazil/GFS_ENSEMBLE_Corn_Winter/daily dia 14 (2026-05-11 → 2026-05-11) 49405 bytes
2026-04-27 09:33:37,741 [INFO] [OK] Brazil/GFS_ENSEMBLE_Corn_Winter/cumulative dia 01 (2026-04-27 → 2026-04-28) 45144 bytes
2026-04-27 09:33:37,877 [INFO] [OK] Brazil/GFS_ENSEMBLE_Corn_Winter/cumulative dia 02 (2026-04-27 → 2026-04-29) 45529 bytes
2026-04-27 09:33:38,906 [INFO] [OK] Brazil/GFS_ENSEMBLE_Corn_Winter/cumulative dia 03 (2026-04-27 → 2026-04-30) 45300 bytes
2026-04-27 09:33:38,918 [INFO] [OK] Brazil/GFS_ENSEMBLE_Corn_Winter/cumulative dia 04 (2026-04-27 → 2026-05-01) 46863 bytes
2026-04-27 09:33:39,247 [INFO] [OK] Brazil/GFS_ENSEMBLE_Corn_Winter/cumulative dia 05 (2026-04-27 → 2026-05-02) 46640 bytes
2026-04-27 09:33:39,521 [INFO] [OK] Brazil/GFS_ENSEMBLE_Corn_Winter/cumulative dia 06 (2026-04-27 → 2026-05-03) 47079 bytes
2026-04-27 09:33:40,005 [INFO] [OK] Brazil/GFS_ENSEMBLE_Corn_Winter/cumulative dia 07 (2026-04-27 → 2026-05-04) 47391 bytes
2026-04-27 09:33:40,249 [INFO] [OK] Brazil/GFS_ENSEMBLE_Corn_Winter/cumulative dia 08 (2026-04-27 → 2026-05-05) 47830 bytes
2026-04-27 09:33:41,301 [INFO] [OK] Brazil/GFS_ENSEMBLE_Corn_Winter/cumulative dia 09 (2026-04-27 → 2026-05-06) 48483 bytes
2026-04-27 09:33:41,817 [INFO] [OK] Brazil/GFS_ENSEMBLE_Corn_Winter/cumulative dia 10 (2026-04-27 → 2026-05-07) 48747 bytes
2026-04-27 09:33:42,782 [INFO] [OK] Brazil/GFS_ENSEMBLE_Corn_Winter/cumulative dia 11 (2026-04-27 → 2026-05-08) 49739 bytes
2026-04-27 09:33:42,792 [INFO] [OK] Brazil/GFS_ENSEMBLE_Corn_Winter/cumulative dia 12 (2026-04-27 → 2026-05-09) 50349 bytes
2026-04-27 09:33:42,839 [INFO] [OK] Brazil/ECM_ENSEMBLE_Soy/daily dia 00 (2026-04-27 → 2026-04-27) 48580 bytes
2026-04-27 09:33:43,259 [INFO] [OK] Brazil/GFS_ENSEMBLE_Corn_Winter/cumulative dia 13 (2026-04-27 → 2026-05-10) 50592 bytes
2026-04-27 09:33:43,473 [INFO] [OK] Brazil/ECM_ENSEMBLE_Soy/daily dia 01 (2026-04-28 → 2026-04-28) 47502 bytes
2026-04-27 09:33:43,479 [INFO] [OK] Brazil/GFS_ENSEMBLE_Corn_Winter/cumulative dia 14 (2026-04-27 → 2026-05-11) 50773 bytes
2026-04-27 09:33:44,762 [INFO] [OK] Brazil/ECM_ENSEMBLE_Soy/daily dia 03 (2026-04-30 → 2026-04-30) 46441 bytes
2026-04-27 09:33:44,993 [INFO] [OK] Brazil/ECM_ENSEMBLE_Soy/daily dia 07 (2026-05-04 → 2026-05-04) 48760 bytes
2026-04-27 09:33:45,028 [INFO] [OK] Brazil/ECM_ENSEMBLE_Soy/daily dia 02 (2026-04-29 → 2026-04-29) 47182 bytes
2026-04-27 09:33:45,223 [INFO] [OK] Brazil/ECM_ENSEMBLE_Soy/daily dia 04 (2026-05-01 → 2026-05-01) 46815 bytes
2026-04-27 09:33:45,740 [INFO] [OK] Brazil/ECM_ENSEMBLE_Soy/daily dia 06 (2026-05-03 → 2026-05-03) 46509 bytes
2026-04-27 09:33:45,753 [INFO] [OK] Brazil/ECM_ENSEMBLE_Soy/daily dia 05 (2026-05-02 → 2026-05-02) 48018 bytes
2026-04-27 09:33:46,417 [INFO] [OK] Brazil/ECM_ENSEMBLE_Soy/daily dia 08 (2026-05-05 → 2026-05-05) 49272 bytes
2026-04-27 09:33:46,567 [INFO] [OK] Brazil/ECM_ENSEMBLE_Soy/daily dia 10 (2026-05-07 → 2026-05-07) 49569 bytes
2026-04-27 09:33:46,705 [INFO] [OK] Brazil/ECM_ENSEMBLE_Soy/daily dia 09 (2026-05-06 → 2026-05-06) 50906 bytes
2026-04-27 09:33:46,891 [INFO] [OK] Brazil/ECM_ENSEMBLE_Soy/daily dia 11 (2026-05-08 → 2026-05-08) 50685 bytes
2026-04-27 09:33:47,379 [INFO] [OK] Brazil/ECM_ENSEMBLE_Soy/daily dia 12 (2026-05-09 → 2026-05-09) 52233 bytes
2026-04-27 09:33:47,505 [INFO] [OK] Brazil/ECM_ENSEMBLE_Soy/daily dia 13 (2026-05-10 → 2026-05-10) 54207 bytes
2026-04-27 09:33:48,437 [INFO] [OK] Brazil/ECM_ENSEMBLE_Soy/daily dia 14 (2026-05-11 → 2026-05-11) 53281 bytes
2026-04-27 09:33:48,784 [INFO] [OK] Brazil/ECM_ENSEMBLE_Soy/cumulative dia 02 (2026-04-27 → 2026-04-29) 49376 bytes
2026-04-27 09:33:48,789 [INFO] [OK] Brazil/ECM_ENSEMBLE_Soy/cumulative dia 00 (2026-04-27 → 2026-04-27) 48580 bytes
2026-04-27 09:33:48,880 [INFO] [OK] Brazil/ECM_ENSEMBLE_Soy/cumulative dia 01 (2026-04-27 → 2026-04-28) 49149 bytes
2026-04-27 09:33:49,208 [INFO] [OK] Brazil/ECM_ENSEMBLE_Soy/cumulative dia 03 (2026-04-27 → 2026-04-30) 49002 bytes
2026-04-27 09:33:49,339 [INFO] [OK] Brazil/ECM_ENSEMBLE_Soy/cumulative dia 04 (2026-04-27 → 2026-05-01) 51121 bytes
2026-04-27 09:33:50,157 [INFO] [OK] Brazil/ECM_ENSEMBLE_Soy/cumulative dia 05 (2026-04-27 → 2026-05-02) 50859 bytes
2026-04-27 09:33:51,521 [INFO] [OK] Brazil/ECM_ENSEMBLE_Soy/cumulative dia 07 (2026-04-27 → 2026-05-04) 51568 bytes
2026-04-27 09:33:51,649 [INFO] [OK] Brazil/ECM_ENSEMBLE_Soy/cumulative dia 06 (2026-04-27 → 2026-05-03) 50933 bytes
2026-04-27 09:33:51,708 [INFO] [OK] Brazil/ECM_ENSEMBLE_Soy/cumulative dia 10 (2026-04-27 → 2026-05-07) 51987 bytes
2026-04-27 09:33:51,786 [INFO] [OK] Brazil/ECM_ENSEMBLE_Soy/cumulative dia 08 (2026-04-27 → 2026-05-05) 51723 bytes
2026-04-27 09:33:51,965 [INFO] [OK] Brazil/ECM_ENSEMBLE_Soy/cumulative dia 09 (2026-04-27 → 2026-05-06) 52019 bytes
2026-04-27 09:33:52,838 [INFO] [OK] Brazil/ECM_ENSEMBLE_Soy/cumulative dia 11 (2026-04-27 → 2026-05-08) 52185 bytes
2026-04-27 09:33:53,791 [INFO] [OK] Brazil/ECM_ENSEMBLE_Corn_Winter/daily dia 00 (2026-04-27 → 2026-04-27) 47133 bytes
2026-04-27 09:33:53,855 [INFO] [OK] Brazil/ECM_ENSEMBLE_Corn_Winter/daily dia 01 (2026-04-28 → 2026-04-28) 46058 bytes
2026-04-27 09:33:54,508 [INFO] [OK] Brazil/ECM_ENSEMBLE_Soy/cumulative dia 12 (2026-04-27 → 2026-05-09) 52473 bytes
2026-04-27 09:33:54,554 [INFO] [OK] Brazil/ECM_ENSEMBLE_Corn_Winter/daily dia 02 (2026-04-29 → 2026-04-29) 45777 bytes
2026-04-27 09:33:54,713 [INFO] [OK] Brazil/ECM_ENSEMBLE_Soy/cumulative dia 13 (2026-04-27 → 2026-05-10) 52857 bytes
2026-04-27 09:33:54,832 [INFO] [OK] Brazil/ECM_ENSEMBLE_Soy/cumulative dia 14 (2026-04-27 → 2026-05-11) 53038 bytes
2026-04-27 09:33:55,228 [INFO] [OK] Brazil/ECM_ENSEMBLE_Corn_Winter/daily dia 03 (2026-04-30 → 2026-04-30) 45366 bytes
2026-04-27 09:33:55,484 [INFO] [OK] Brazil/ECM_ENSEMBLE_Corn_Winter/daily dia 04 (2026-05-01 → 2026-05-01) 45386 bytes
2026-04-27 09:33:56,357 [INFO] [OK] Brazil/ECM_ENSEMBLE_Corn_Winter/daily dia 05 (2026-05-02 → 2026-05-02) 46596 bytes
2026-04-27 09:33:56,854 [INFO] [OK] Brazil/ECM_ENSEMBLE_Corn_Winter/daily dia 09 (2026-05-06 → 2026-05-06) 49442 bytes
2026-04-27 09:33:56,979 [INFO] [OK] Brazil/ECM_ENSEMBLE_Corn_Winter/daily dia 10 (2026-05-07 → 2026-05-07) 47966 bytes
2026-04-27 09:33:56,982 [INFO] [OK] Brazil/ECM_ENSEMBLE_Corn_Winter/daily dia 06 (2026-05-03 → 2026-05-03) 44945 bytes
2026-04-27 09:33:56,985 [INFO] [OK] Brazil/ECM_ENSEMBLE_Corn_Winter/daily dia 08 (2026-05-05 → 2026-05-05) 47766 bytes
2026-04-27 09:33:57,063 [INFO] [OK] Brazil/ECM_ENSEMBLE_Corn_Winter/daily dia 07 (2026-05-04 → 2026-05-04) 46978 bytes
2026-04-27 09:33:57,693 [INFO] [OK] Brazil/ECM_ENSEMBLE_Corn_Winter/daily dia 11 (2026-05-08 → 2026-05-08) 49528 bytes
2026-04-27 09:33:58,516 [INFO] [OK] Brazil/ECM_ENSEMBLE_Corn_Winter/daily dia 12 (2026-05-09 → 2026-05-09) 51061 bytes
2026-04-27 09:33:58,648 [INFO] [OK] Brazil/ECM_ENSEMBLE_Corn_Winter/daily dia 13 (2026-05-10 → 2026-05-10) 52587 bytes
2026-04-27 09:33:58,727 [INFO] [OK] Brazil/ECM_ENSEMBLE_Corn_Winter/cumulative dia 01 (2026-04-27 → 2026-04-28) 47695 bytes
2026-04-27 09:33:58,882 [INFO] [OK] Brazil/ECM_ENSEMBLE_Corn_Winter/cumulative dia 00 (2026-04-27 → 2026-04-27) 47133 bytes
2026-04-27 09:33:59,066 [INFO] [OK] Brazil/ECM_ENSEMBLE_Corn_Winter/daily dia 14 (2026-05-11 → 2026-05-11) 51570 bytes
2026-04-27 09:33:59,291 [INFO] [OK] Brazil/ECM_ENSEMBLE_Corn_Winter/cumulative dia 02 (2026-04-27 → 2026-04-29) 47881 bytes
2026-04-27 09:34:00,258 [INFO] [OK] Brazil/ECM_ENSEMBLE_Corn_Winter/cumulative dia 03 (2026-04-27 → 2026-04-30) 47726 bytes
2026-04-27 09:34:00,448 [INFO] [OK] Brazil/ECM_ENSEMBLE_Corn_Winter/cumulative dia 04 (2026-04-27 → 2026-05-01) 49727 bytes
2026-04-27 09:34:00,779 [INFO] [OK] Brazil/ECM_ENSEMBLE_Corn_Winter/cumulative dia 05 (2026-04-27 → 2026-05-02) 49790 bytes
2026-04-27 09:34:01,207 [INFO] [OK] Brazil/ECM_ENSEMBLE_Corn_Winter/cumulative dia 06 (2026-04-27 → 2026-05-03) 49627 bytes
2026-04-27 09:34:01,304 [INFO] [OK] Brazil/ECM_ENSEMBLE_Corn_Winter/cumulative dia 07 (2026-04-27 → 2026-05-04) 50358 bytes
2026-04-27 09:34:01,496 [INFO] [OK] Brazil/ECM_ENSEMBLE_Corn_Winter/cumulative dia 08 (2026-04-27 → 2026-05-05) 50594 bytes
2026-04-27 09:34:02,235 [INFO] [OK] Brazil/ECM_ENSEMBLE_Corn_Winter/cumulative dia 09 (2026-04-27 → 2026-05-06) 50812 bytes
2026-04-27 09:34:02,596 [INFO] [OK] Brazil/ECM_ENSEMBLE_Corn_Winter/cumulative dia 10 (2026-04-27 → 2026-05-07) 50748 bytes
2026-04-27 09:34:03,068 [INFO] [OK] Brazil/ECM_ENSEMBLE_Corn_Winter/cumulative dia 11 (2026-04-27 → 2026-05-08) 50911 bytes
2026-04-27 09:34:03,274 [INFO] [OK] Argentina/GFS_ENSEMBLE_Soy/daily dia 00 (2026-04-27 → 2026-04-27) 35723 bytes
2026-04-27 09:34:03,594 [INFO] [OK] Argentina/GFS_ENSEMBLE_Soy/daily dia 01 (2026-04-28 → 2026-04-28) 35689 bytes
2026-04-27 09:34:04,046 [INFO] [OK] Argentina/GFS_ENSEMBLE_Soy/daily dia 02 (2026-04-29 → 2026-04-29) 34689 bytes
2026-04-27 09:34:04,493 [INFO] [OK] Brazil/ECM_ENSEMBLE_Corn_Winter/cumulative dia 13 (2026-04-27 → 2026-05-10) 51485 bytes
2026-04-27 09:34:04,556 [INFO] [OK] Brazil/ECM_ENSEMBLE_Corn_Winter/cumulative dia 12 (2026-04-27 → 2026-05-09) 51144 bytes
2026-04-27 09:34:04,576 [INFO] [OK] Brazil/ECM_ENSEMBLE_Corn_Winter/cumulative dia 14 (2026-04-27 → 2026-05-11) 51681 bytes
2026-04-27 09:34:04,772 [INFO] [OK] Argentina/GFS_ENSEMBLE_Soy/daily dia 03 (2026-04-30 → 2026-04-30) 33840 bytes
2026-04-27 09:34:04,890 [INFO] [OK] Argentina/GFS_ENSEMBLE_Soy/daily dia 04 (2026-05-01 → 2026-05-01) 35211 bytes
2026-04-27 09:34:05,005 [INFO] [OK] Argentina/GFS_ENSEMBLE_Soy/daily dia 05 (2026-05-02 → 2026-05-02) 37333 bytes
2026-04-27 09:34:05,504 [INFO] [OK] Argentina/GFS_ENSEMBLE_Soy/daily dia 06 (2026-05-03 → 2026-05-03) 36302 bytes
2026-04-27 09:34:05,789 [INFO] [OK] Argentina/GFS_ENSEMBLE_Soy/daily dia 08 (2026-05-05 → 2026-05-05) 40443 bytes
2026-04-27 09:34:05,822 [INFO] [OK] Argentina/GFS_ENSEMBLE_Soy/daily dia 07 (2026-05-04 → 2026-05-04) 37366 bytes
2026-04-27 09:34:05,928 [INFO] [OK] Argentina/GFS_ENSEMBLE_Soy/daily dia 09 (2026-05-06 → 2026-05-06) 42509 bytes
2026-04-27 09:34:06,027 [INFO] [OK] Argentina/GFS_ENSEMBLE_Soy/daily dia 10 (2026-05-07 → 2026-05-07) 45634 bytes
2026-04-27 09:34:06,209 [INFO] [OK] Argentina/GFS_ENSEMBLE_Soy/daily dia 11 (2026-05-08 → 2026-05-08) 45398 bytes
2026-04-27 09:34:06,849 [INFO] [OK] Argentina/GFS_ENSEMBLE_Soy/daily dia 12 (2026-05-09 → 2026-05-09) 44983 bytes
2026-04-27 09:34:07,042 [INFO] [OK] Argentina/GFS_ENSEMBLE_Soy/daily dia 14 (2026-05-11 → 2026-05-11) 40691 bytes
2026-04-27 09:34:07,049 [INFO] [OK] Argentina/GFS_ENSEMBLE_Soy/daily dia 13 (2026-05-10 → 2026-05-10) 44114 bytes
2026-04-27 09:34:07,298 [INFO] [OK] Argentina/GFS_ENSEMBLE_Soy/cumulative dia 01 (2026-04-27 → 2026-04-28) 36948 bytes
2026-04-27 09:34:07,319 [INFO] [OK] Argentina/GFS_ENSEMBLE_Soy/cumulative dia 00 (2026-04-27 → 2026-04-27) 35723 bytes
2026-04-27 09:34:07,523 [INFO] [OK] Argentina/GFS_ENSEMBLE_Soy/cumulative dia 02 (2026-04-27 → 2026-04-29) 37141 bytes
2026-04-27 09:34:08,093 [INFO] [OK] Argentina/GFS_ENSEMBLE_Soy/cumulative dia 03 (2026-04-27 → 2026-04-30) 37174 bytes
2026-04-27 09:34:08,287 [INFO] [OK] Argentina/GFS_ENSEMBLE_Soy/cumulative dia 05 (2026-04-27 → 2026-05-02) 38997 bytes
2026-04-27 09:34:08,295 [INFO] [OK] Argentina/GFS_ENSEMBLE_Soy/cumulative dia 04 (2026-04-27 → 2026-05-01) 39015 bytes
2026-04-27 09:34:08,956 [INFO] [OK] Argentina/GFS_ENSEMBLE_Soy/cumulative dia 06 (2026-04-27 → 2026-05-03) 38898 bytes
2026-04-27 09:34:09,066 [INFO] [OK] Argentina/GFS_ENSEMBLE_Soy/cumulative dia 07 (2026-04-27 → 2026-05-04) 39344 bytes
2026-04-27 09:34:09,195 [INFO] [OK] Argentina/GFS_ENSEMBLE_Soy/cumulative dia 08 (2026-04-27 → 2026-05-05) 39918 bytes
2026-04-27 09:34:09,712 [INFO] [OK] Argentina/GFS_ENSEMBLE_Soy/cumulative dia 09 (2026-04-27 → 2026-05-06) 40626 bytes
2026-04-27 09:34:10,237 [INFO] [OK] Argentina/GFS_ENSEMBLE_Soy/cumulative dia 10 (2026-04-27 → 2026-05-07) 40994 bytes
2026-04-27 09:34:10,247 [INFO] [OK] Argentina/GFS_ENSEMBLE_Soy/cumulative dia 11 (2026-04-27 → 2026-05-08) 42099 bytes
2026-04-27 09:34:10,517 [INFO] [OK] Argentina/GFS_ENSEMBLE_Soy/cumulative dia 12 (2026-04-27 → 2026-05-09) 42636 bytes
2026-04-27 09:34:10,834 [INFO] [OK] Argentina/GFS_ENSEMBLE_Soy/cumulative dia 14 (2026-04-27 → 2026-05-11) 43020 bytes
2026-04-27 09:34:10,869 [INFO] [OK] Argentina/GFS_ENSEMBLE_Corn_Winter/daily dia 00 (2026-04-27 → 2026-04-27) 34377 bytes
2026-04-27 09:34:10,896 [INFO] [OK] Argentina/GFS_ENSEMBLE_Soy/cumulative dia 13 (2026-04-27 → 2026-05-10) 43209 bytes
2026-04-27 09:34:11,248 [INFO] [OK] Argentina/GFS_ENSEMBLE_Corn_Winter/daily dia 01 (2026-04-28 → 2026-04-28) 34044 bytes
2026-04-27 09:34:11,281 [INFO] [OK] Argentina/GFS_ENSEMBLE_Corn_Winter/daily dia 02 (2026-04-29 → 2026-04-29) 32906 bytes
2026-04-27 09:34:11,555 [INFO] [OK] Argentina/GFS_ENSEMBLE_Corn_Winter/daily dia 03 (2026-04-30 → 2026-04-30) 32049 bytes
2026-04-27 09:34:12,080 [INFO] [OK] Argentina/GFS_ENSEMBLE_Corn_Winter/daily dia 04 (2026-05-01 → 2026-05-01) 33595 bytes
2026-04-27 09:34:12,290 [INFO] [OK] Argentina/GFS_ENSEMBLE_Corn_Winter/daily dia 07 (2026-05-04 → 2026-05-04) 35395 bytes
2026-04-27 09:34:12,305 [INFO] [OK] Argentina/GFS_ENSEMBLE_Corn_Winter/daily dia 05 (2026-05-02 → 2026-05-02) 35718 bytes
2026-04-27 09:34:12,472 [INFO] [OK] Argentina/GFS_ENSEMBLE_Corn_Winter/daily dia 06 (2026-05-03 → 2026-05-03) 34607 bytes
2026-04-27 09:34:12,723 [INFO] [OK] Argentina/GFS_ENSEMBLE_Corn_Winter/daily dia 08 (2026-05-05 → 2026-05-05) 38547 bytes
2026-04-27 09:34:13,035 [INFO] [OK] Argentina/GFS_ENSEMBLE_Corn_Winter/daily dia 09 (2026-05-06 → 2026-05-06) 40917 bytes
2026-04-27 09:34:13,551 [INFO] [OK] Argentina/GFS_ENSEMBLE_Corn_Winter/daily dia 10 (2026-05-07 → 2026-05-07) 44194 bytes
2026-04-27 09:34:13,915 [INFO] [OK] Argentina/GFS_ENSEMBLE_Corn_Winter/daily dia 12 (2026-05-09 → 2026-05-09) 43490 bytes
2026-04-27 09:34:14,185 [INFO] [OK] Argentina/GFS_ENSEMBLE_Corn_Winter/daily dia 11 (2026-05-08 → 2026-05-08) 43833 bytes
2026-04-27 09:34:14,192 [INFO] [OK] Argentina/GFS_ENSEMBLE_Corn_Winter/daily dia 14 (2026-05-11 → 2026-05-11) 38954 bytes
2026-04-27 09:34:14,194 [INFO] [OK] Argentina/GFS_ENSEMBLE_Corn_Winter/daily dia 13 (2026-05-10 → 2026-05-10) 42359 bytes
2026-04-27 09:34:14,293 [INFO] [OK] Argentina/GFS_ENSEMBLE_Corn_Winter/cumulative dia 00 (2026-04-27 → 2026-04-27) 34377 bytes
2026-04-27 09:34:14,674 [INFO] [OK] Argentina/GFS_ENSEMBLE_Corn_Winter/cumulative dia 01 (2026-04-27 → 2026-04-28) 35455 bytes
2026-04-27 09:34:15,004 [INFO] [OK] Argentina/GFS_ENSEMBLE_Corn_Winter/cumulative dia 02 (2026-04-27 → 2026-04-29) 35488 bytes
2026-04-27 09:34:15,560 [INFO] [OK] Argentina/GFS_ENSEMBLE_Corn_Winter/cumulative dia 06 (2026-04-27 → 2026-05-03) 37259 bytes
2026-04-27 09:34:15,673 [INFO] [OK] Argentina/GFS_ENSEMBLE_Corn_Winter/cumulative dia 04 (2026-04-27 → 2026-05-01) 37434 bytes
2026-04-27 09:34:15,704 [INFO] [OK] Argentina/GFS_ENSEMBLE_Corn_Winter/cumulative dia 03 (2026-04-27 → 2026-04-30) 35435 bytes
2026-04-27 09:34:15,826 [INFO] [OK] Argentina/GFS_ENSEMBLE_Corn_Winter/cumulative dia 05 (2026-04-27 → 2026-05-02) 37289 bytes
2026-04-27 09:34:15,899 [INFO] [OK] Argentina/GFS_ENSEMBLE_Corn_Winter/cumulative dia 07 (2026-04-27 → 2026-05-04) 37563 bytes
2026-04-27 09:34:16,387 [INFO] [OK] Argentina/GFS_ENSEMBLE_Corn_Winter/cumulative dia 08 (2026-04-27 → 2026-05-05) 38282 bytes
2026-04-27 09:34:17,253 [INFO] [OK] Argentina/GFS_ENSEMBLE_Corn_Winter/cumulative dia 11 (2026-04-27 → 2026-05-08) 40608 bytes
2026-04-27 09:34:17,503 [INFO] [OK] Argentina/GFS_ENSEMBLE_Corn_Winter/cumulative dia 09 (2026-04-27 → 2026-05-06) 38782 bytes
2026-04-27 09:34:17,515 [INFO] [OK] Argentina/GFS_ENSEMBLE_Corn_Winter/cumulative dia 10 (2026-04-27 → 2026-05-07) 39278 bytes
2026-04-27 09:34:17,850 [INFO] [OK] Argentina/GFS_ENSEMBLE_Corn_Winter/cumulative dia 12 (2026-04-27 → 2026-05-09) 41052 bytes
2026-04-27 09:34:17,946 [INFO] [OK] Argentina/GFS_ENSEMBLE_Corn_Winter/cumulative dia 13 (2026-04-27 → 2026-05-10) 41456 bytes
2026-04-27 09:34:17,998 [INFO] [OK] Argentina/GFS_ENSEMBLE_Corn_Winter/cumulative dia 14 (2026-04-27 → 2026-05-11) 41340 bytes
2026-04-27 09:34:18,294 [INFO] [OK] Argentina/ECM_ENSEMBLE_Soy/daily dia 00 (2026-04-27 → 2026-04-27) 38428 bytes
2026-04-27 09:34:18,540 [INFO] [OK] Argentina/ECM_ENSEMBLE_Soy/daily dia 02 (2026-04-29 → 2026-04-29) 37417 bytes
2026-04-27 09:34:18,691 [INFO] [OK] Argentina/ECM_ENSEMBLE_Soy/daily dia 01 (2026-04-28 → 2026-04-28) 38180 bytes
2026-04-27 09:34:18,871 [INFO] [OK] Argentina/ECM_ENSEMBLE_Soy/daily dia 03 (2026-04-30 → 2026-04-30) 35985 bytes
2026-04-27 09:34:19,560 [INFO] [OK] Argentina/ECM_ENSEMBLE_Soy/daily dia 07 (2026-05-04 → 2026-05-04) 40349 bytes
2026-04-27 09:34:19,821 [INFO] [OK] Argentina/ECM_ENSEMBLE_Soy/daily dia 06 (2026-05-03 → 2026-05-03) 38131 bytes
2026-04-27 09:34:19,823 [INFO] [OK] Argentina/ECM_ENSEMBLE_Soy/daily dia 04 (2026-05-01 → 2026-05-01) 37658 bytes
2026-04-27 09:34:20,043 [INFO] [OK] Argentina/ECM_ENSEMBLE_Soy/daily dia 09 (2026-05-06 → 2026-05-06) 42632 bytes
2026-04-27 09:34:20,067 [INFO] [OK] Argentina/ECM_ENSEMBLE_Soy/daily dia 05 (2026-05-02 → 2026-05-02) 38503 bytes
2026-04-27 09:34:20,144 [INFO] [OK] Argentina/ECM_ENSEMBLE_Soy/daily dia 08 (2026-05-05 → 2026-05-05) 40661 bytes
2026-04-27 09:34:20,549 [INFO] [OK] Argentina/ECM_ENSEMBLE_Soy/daily dia 10 (2026-05-07 → 2026-05-07) 41119 bytes
2026-04-27 09:34:20,890 [INFO] [OK] Argentina/ECM_ENSEMBLE_Soy/daily dia 12 (2026-05-09 → 2026-05-09) 42922 bytes
2026-04-27 09:34:20,968 [INFO] [OK] Argentina/ECM_ENSEMBLE_Soy/daily dia 11 (2026-05-08 → 2026-05-08) 41615 bytes
2026-04-27 09:34:21,173 [INFO] [OK] Argentina/ECM_ENSEMBLE_Soy/daily dia 14 (2026-05-11 → 2026-05-11) 43804 bytes
2026-04-27 09:34:21,332 [INFO] [OK] Argentina/ECM_ENSEMBLE_Soy/daily dia 13 (2026-05-10 → 2026-05-10) 45913 bytes
2026-04-27 09:34:21,405 [INFO] [OK] Argentina/ECM_ENSEMBLE_Soy/cumulative dia 00 (2026-04-27 → 2026-04-27) 38428 bytes
2026-04-27 09:34:21,872 [INFO] [OK] Argentina/ECM_ENSEMBLE_Soy/cumulative dia 01 (2026-04-27 → 2026-04-28) 39189 bytes
2026-04-27 09:34:21,935 [INFO] [OK] Argentina/ECM_ENSEMBLE_Soy/cumulative dia 02 (2026-04-27 → 2026-04-29) 39452 bytes
2026-04-27 09:34:22,105 [INFO] [OK] Argentina/ECM_ENSEMBLE_Soy/cumulative dia 03 (2026-04-27 → 2026-04-30) 39219 bytes
2026-04-27 09:34:22,939 [INFO] [OK] Argentina/ECM_ENSEMBLE_Soy/cumulative dia 04 (2026-04-27 → 2026-05-01) 42308 bytes
2026-04-27 09:34:23,163 [INFO] [OK] Argentina/ECM_ENSEMBLE_Soy/cumulative dia 06 (2026-04-27 → 2026-05-03) 41741 bytes
2026-04-27 09:34:23,182 [INFO] [OK] Argentina/ECM_ENSEMBLE_Soy/cumulative dia 05 (2026-04-27 → 2026-05-02) 41522 bytes
2026-04-27 09:34:23,444 [INFO] [OK] Argentina/ECM_ENSEMBLE_Soy/cumulative dia 07 (2026-04-27 → 2026-05-04) 42860 bytes
2026-04-27 09:34:23,740 [INFO] [OK] Argentina/ECM_ENSEMBLE_Soy/cumulative dia 08 (2026-04-27 → 2026-05-05) 42668 bytes
2026-04-27 09:34:24,223 [INFO] [OK] Argentina/ECM_ENSEMBLE_Soy/cumulative dia 09 (2026-04-27 → 2026-05-06) 43162 bytes
2026-04-27 09:34:24,853 [INFO] [OK] Argentina/ECM_ENSEMBLE_Soy/cumulative dia 10 (2026-04-27 → 2026-05-07) 43420 bytes
2026-04-27 09:34:25,000 [INFO] [OK] Argentina/ECM_ENSEMBLE_Soy/cumulative dia 11 (2026-04-27 → 2026-05-08) 43644 bytes
2026-04-27 09:34:25,307 [INFO] [OK] Argentina/ECM_ENSEMBLE_Corn_Winter/daily dia 00 (2026-04-27 → 2026-04-27) 36707 bytes
2026-04-27 09:34:25,525 [INFO] [OK] Argentina/ECM_ENSEMBLE_Soy/cumulative dia 12 (2026-04-27 → 2026-05-09) 43886 bytes
2026-04-27 09:34:25,725 [INFO] [OK] Argentina/ECM_ENSEMBLE_Soy/cumulative dia 13 (2026-04-27 → 2026-05-10) 44016 bytes
2026-04-27 09:34:25,911 [INFO] [OK] Argentina/ECM_ENSEMBLE_Soy/cumulative dia 14 (2026-04-27 → 2026-05-11) 44324 bytes
2026-04-27 09:34:26,163 [INFO] [OK] Argentina/ECM_ENSEMBLE_Corn_Winter/daily dia 02 (2026-04-29 → 2026-04-29) 35595 bytes
2026-04-27 09:34:26,176 [INFO] [OK] Argentina/ECM_ENSEMBLE_Corn_Winter/daily dia 01 (2026-04-28 → 2026-04-28) 36741 bytes
2026-04-27 09:34:26,310 [INFO] [OK] Argentina/ECM_ENSEMBLE_Corn_Winter/daily dia 03 (2026-04-30 → 2026-04-30) 34404 bytes
2026-04-27 09:34:26,675 [INFO] [OK] Argentina/ECM_ENSEMBLE_Corn_Winter/daily dia 04 (2026-05-01 → 2026-05-01) 35698 bytes
2026-04-27 09:34:26,839 [INFO] [OK] Argentina/ECM_ENSEMBLE_Corn_Winter/daily dia 05 (2026-05-02 → 2026-05-02) 36921 bytes
2026-04-27 09:34:26,868 [INFO] [OK] Argentina/ECM_ENSEMBLE_Corn_Winter/daily dia 06 (2026-05-03 → 2026-05-03) 36464 bytes
2026-04-27 09:34:27,477 [INFO] [OK] Argentina/ECM_ENSEMBLE_Corn_Winter/daily dia 07 (2026-05-04 → 2026-05-04) 38570 bytes
2026-04-27 09:34:27,668 [INFO] [OK] Argentina/ECM_ENSEMBLE_Corn_Winter/daily dia 09 (2026-05-06 → 2026-05-06) 40876 bytes
2026-04-27 09:34:27,689 [INFO] [OK] Argentina/ECM_ENSEMBLE_Corn_Winter/daily dia 08 (2026-05-05 → 2026-05-05) 38951 bytes
2026-04-27 09:34:27,811 [INFO] [OK] Argentina/ECM_ENSEMBLE_Corn_Winter/daily dia 10 (2026-05-07 → 2026-05-07) 39424 bytes
2026-04-27 09:34:28,054 [INFO] [OK] Argentina/ECM_ENSEMBLE_Corn_Winter/daily dia 12 (2026-05-09 → 2026-05-09) 41511 bytes
2026-04-27 09:34:28,129 [INFO] [OK] Argentina/ECM_ENSEMBLE_Corn_Winter/daily dia 11 (2026-05-08 → 2026-05-08) 40107 bytes
2026-04-27 09:34:29,040 [INFO] [OK] Argentina/ECM_ENSEMBLE_Corn_Winter/daily dia 13 (2026-05-10 → 2026-05-10) 44391 bytes
2026-04-27 09:34:29,153 [INFO] [OK] Argentina/ECM_ENSEMBLE_Corn_Winter/cumulative dia 01 (2026-04-27 → 2026-04-28) 37603 bytes
2026-04-27 09:34:29,316 [INFO] [OK] Argentina/ECM_ENSEMBLE_Corn_Winter/cumulative dia 00 (2026-04-27 → 2026-04-27) 36707 bytes
2026-04-27 09:34:29,352 [INFO] [OK] Argentina/ECM_ENSEMBLE_Corn_Winter/daily dia 14 (2026-05-11 → 2026-05-11) 42010 bytes
2026-04-27 09:34:29,456 [INFO] [OK] Argentina/ECM_ENSEMBLE_Corn_Winter/cumulative dia 02 (2026-04-27 → 2026-04-29) 37916 bytes
2026-04-27 09:34:29,528 [INFO] [OK] Argentina/ECM_ENSEMBLE_Corn_Winter/cumulative dia 03 (2026-04-27 → 2026-04-30) 37788 bytes
2026-04-27 09:34:30,195 [INFO] [OK] Argentina/ECM_ENSEMBLE_Corn_Winter/cumulative dia 04 (2026-04-27 → 2026-05-01) 40484 bytes
2026-04-27 09:34:30,547 [INFO] [OK] Argentina/ECM_ENSEMBLE_Corn_Winter/cumulative dia 05 (2026-04-27 → 2026-05-02) 39984 bytes
2026-04-27 09:34:31,335 [INFO] [OK] Argentina/ECM_ENSEMBLE_Corn_Winter/cumulative dia 07 (2026-04-27 → 2026-05-04) 41375 bytes
2026-04-27 09:34:31,465 [INFO] [OK] Argentina/ECM_ENSEMBLE_Corn_Winter/cumulative dia 08 (2026-04-27 → 2026-05-05) 41118 bytes
2026-04-27 09:34:31,617 [INFO] [OK] Argentina/ECM_ENSEMBLE_Corn_Winter/cumulative dia 06 (2026-04-27 → 2026-05-03) 40135 bytes
2026-04-27 09:34:31,691 [INFO] [OK] Argentina/ECM_ENSEMBLE_Corn_Winter/cumulative dia 10 (2026-04-27 → 2026-05-07) 41746 bytes
2026-04-27 09:34:31,760 [INFO] [OK] Argentina/ECM_ENSEMBLE_Corn_Winter/cumulative dia 09 (2026-04-27 → 2026-05-06) 41568 bytes
