2026-06-02 09:33:19,062 [INFO] === Execução 2026-06-02 | modo=both | dias=15 | parâmetro=PRCP_DEP ===
2026-06-02 09:33:19,270 [INFO] Baixando 240 mapas com 6 threads...
2026-06-02 09:33:22,205 [INFO] [OK] Brazil/GFS_ENSEMBLE_Soy/daily dia 02 (2026-06-04 → 2026-06-04) 42541 bytes
2026-06-02 09:33:22,229 [INFO] [OK] Brazil/GFS_ENSEMBLE_Soy/daily dia 03 (2026-06-05 → 2026-06-05) 42063 bytes
2026-06-02 09:33:22,250 [INFO] [OK] Brazil/GFS_ENSEMBLE_Soy/daily dia 04 (2026-06-06 → 2026-06-06) 43035 bytes
2026-06-02 09:33:22,273 [INFO] [OK] Brazil/GFS_ENSEMBLE_Soy/daily dia 00 (2026-06-02 → 2026-06-02) 42638 bytes
2026-06-02 09:33:22,277 [INFO] [OK] Brazil/GFS_ENSEMBLE_Soy/daily dia 01 (2026-06-03 → 2026-06-03) 43481 bytes
2026-06-02 09:33:22,322 [INFO] [OK] Brazil/GFS_ENSEMBLE_Soy/daily dia 05 (2026-06-07 → 2026-06-07) 45044 bytes
2026-06-02 09:33:24,087 [INFO] [OK] Brazil/GFS_ENSEMBLE_Soy/daily dia 07 (2026-06-09 → 2026-06-09) 49804 bytes
2026-06-02 09:33:24,091 [INFO] [OK] Brazil/GFS_ENSEMBLE_Soy/daily dia 06 (2026-06-08 → 2026-06-08) 46988 bytes
2026-06-02 09:33:24,439 [INFO] [OK] Brazil/GFS_ENSEMBLE_Soy/daily dia 08 (2026-06-10 → 2026-06-10) 49620 bytes
2026-06-02 09:33:24,476 [INFO] [OK] Brazil/GFS_ENSEMBLE_Soy/daily dia 09 (2026-06-11 → 2026-06-11) 51720 bytes
2026-06-02 09:33:24,509 [INFO] [OK] Brazil/GFS_ENSEMBLE_Soy/daily dia 10 (2026-06-12 → 2026-06-12) 53174 bytes
2026-06-02 09:33:24,537 [INFO] [OK] Brazil/GFS_ENSEMBLE_Soy/daily dia 11 (2026-06-13 → 2026-06-13) 51974 bytes
2026-06-02 09:33:25,587 [INFO] [OK] Brazil/GFS_ENSEMBLE_Soy/daily dia 12 (2026-06-14 → 2026-06-14) 51549 bytes
2026-06-02 09:33:25,718 [INFO] [OK] Brazil/GFS_ENSEMBLE_Soy/daily dia 13 (2026-06-15 → 2026-06-15) 49933 bytes
2026-06-02 09:33:26,096 [INFO] [OK] Brazil/GFS_ENSEMBLE_Soy/cumulative dia 00 (2026-06-02 → 2026-06-02) 42638 bytes
2026-06-02 09:33:26,191 [INFO] [OK] Brazil/GFS_ENSEMBLE_Soy/daily dia 14 (2026-06-16 → 2026-06-16) 49288 bytes
2026-06-02 09:33:26,290 [INFO] [OK] Brazil/GFS_ENSEMBLE_Soy/cumulative dia 02 (2026-06-02 → 2026-06-04) 44502 bytes
2026-06-02 09:33:26,716 [INFO] [OK] Brazil/GFS_ENSEMBLE_Soy/cumulative dia 01 (2026-06-02 → 2026-06-03) 43686 bytes
2026-06-02 09:33:27,455 [INFO] [OK] Brazil/GFS_ENSEMBLE_Soy/cumulative dia 03 (2026-06-02 → 2026-06-05) 44473 bytes
2026-06-02 09:33:27,710 [INFO] [OK] Brazil/GFS_ENSEMBLE_Soy/cumulative dia 04 (2026-06-02 → 2026-06-06) 45316 bytes
2026-06-02 09:33:28,257 [INFO] [OK] Brazil/GFS_ENSEMBLE_Soy/cumulative dia 05 (2026-06-02 → 2026-06-07) 45912 bytes
2026-06-02 09:33:28,510 [INFO] [OK] Brazil/GFS_ENSEMBLE_Soy/cumulative dia 06 (2026-06-02 → 2026-06-08) 48253 bytes
2026-06-02 09:33:28,623 [INFO] [OK] Brazil/GFS_ENSEMBLE_Soy/cumulative dia 07 (2026-06-02 → 2026-06-09) 49655 bytes
2026-06-02 09:33:29,450 [INFO] [OK] Brazil/GFS_ENSEMBLE_Soy/cumulative dia 08 (2026-06-02 → 2026-06-10) 51123 bytes
2026-06-02 09:33:30,499 [INFO] [OK] Brazil/GFS_ENSEMBLE_Soy/cumulative dia 09 (2026-06-02 → 2026-06-11) 51968 bytes
2026-06-02 09:33:31,048 [INFO] [OK] Brazil/GFS_ENSEMBLE_Soy/cumulative dia 10 (2026-06-02 → 2026-06-12) 51661 bytes
2026-06-02 09:33:31,976 [INFO] [OK] Brazil/GFS_ENSEMBLE_Soy/cumulative dia 11 (2026-06-02 → 2026-06-13) 52400 bytes
2026-06-02 09:33:32,453 [INFO] [OK] Brazil/GFS_ENSEMBLE_Soy/cumulative dia 12 (2026-06-02 → 2026-06-14) 52227 bytes
2026-06-02 09:33:32,483 [INFO] [OK] Brazil/GFS_ENSEMBLE_Soy/cumulative dia 13 (2026-06-02 → 2026-06-15) 52073 bytes
2026-06-02 09:33:32,765 [INFO] [OK] Brazil/GFS_ENSEMBLE_Corn_Winter/daily dia 00 (2026-06-02 → 2026-06-02) 40929 bytes
2026-06-02 09:33:32,812 [INFO] [OK] Brazil/GFS_ENSEMBLE_Corn_Winter/daily dia 01 (2026-06-03 → 2026-06-03) 41801 bytes
2026-06-02 09:33:33,108 [INFO] [OK] Brazil/GFS_ENSEMBLE_Soy/cumulative dia 14 (2026-06-02 → 2026-06-16) 52124 bytes
2026-06-02 09:33:33,487 [INFO] [OK] Brazil/GFS_ENSEMBLE_Corn_Winter/daily dia 02 (2026-06-04 → 2026-06-04) 41080 bytes
2026-06-02 09:33:34,009 [INFO] [OK] Brazil/GFS_ENSEMBLE_Corn_Winter/daily dia 03 (2026-06-05 → 2026-06-05) 40480 bytes
2026-06-02 09:33:34,177 [INFO] [OK] Brazil/GFS_ENSEMBLE_Corn_Winter/daily dia 04 (2026-06-06 → 2026-06-06) 41389 bytes
2026-06-02 09:33:34,339 [INFO] [OK] Brazil/GFS_ENSEMBLE_Corn_Winter/daily dia 05 (2026-06-07 → 2026-06-07) 43269 bytes
2026-06-02 09:33:34,402 [INFO] [OK] Brazil/GFS_ENSEMBLE_Corn_Winter/daily dia 06 (2026-06-08 → 2026-06-08) 45756 bytes
2026-06-02 09:33:34,558 [INFO] [OK] Brazil/GFS_ENSEMBLE_Corn_Winter/daily dia 07 (2026-06-09 → 2026-06-09) 48234 bytes
2026-06-02 09:33:34,922 [INFO] [OK] Brazil/GFS_ENSEMBLE_Corn_Winter/daily dia 08 (2026-06-10 → 2026-06-10) 48120 bytes
2026-06-02 09:33:35,451 [INFO] [OK] Brazil/GFS_ENSEMBLE_Corn_Winter/daily dia 09 (2026-06-11 → 2026-06-11) 50421 bytes
2026-06-02 09:33:35,730 [INFO] [OK] Brazil/GFS_ENSEMBLE_Corn_Winter/daily dia 10 (2026-06-12 → 2026-06-12) 51681 bytes
2026-06-02 09:33:35,934 [INFO] [OK] Brazil/GFS_ENSEMBLE_Corn_Winter/daily dia 11 (2026-06-13 → 2026-06-13) 50291 bytes
2026-06-02 09:33:35,993 [INFO] [OK] Brazil/GFS_ENSEMBLE_Corn_Winter/daily dia 12 (2026-06-14 → 2026-06-14) 50109 bytes
2026-06-02 09:33:36,052 [INFO] [OK] Brazil/GFS_ENSEMBLE_Corn_Winter/daily dia 13 (2026-06-15 → 2026-06-15) 48280 bytes
2026-06-02 09:33:36,307 [INFO] [OK] Brazil/GFS_ENSEMBLE_Corn_Winter/daily dia 14 (2026-06-16 → 2026-06-16) 47585 bytes
2026-06-02 09:33:36,868 [INFO] [OK] Brazil/GFS_ENSEMBLE_Corn_Winter/cumulative dia 00 (2026-06-02 → 2026-06-02) 40929 bytes
2026-06-02 09:33:37,192 [INFO] [OK] Brazil/GFS_ENSEMBLE_Corn_Winter/cumulative dia 01 (2026-06-02 → 2026-06-03) 42070 bytes
2026-06-02 09:33:37,663 [INFO] [OK] Brazil/GFS_ENSEMBLE_Corn_Winter/cumulative dia 02 (2026-06-02 → 2026-06-04) 43049 bytes
2026-06-02 09:33:37,937 [INFO] [OK] Brazil/GFS_ENSEMBLE_Corn_Winter/cumulative dia 03 (2026-06-02 → 2026-06-05) 42992 bytes
2026-06-02 09:33:37,999 [INFO] [OK] Brazil/GFS_ENSEMBLE_Corn_Winter/cumulative dia 04 (2026-06-02 → 2026-06-06) 43976 bytes
2026-06-02 09:33:38,316 [INFO] [OK] Brazil/GFS_ENSEMBLE_Corn_Winter/cumulative dia 05 (2026-06-02 → 2026-06-07) 44572 bytes
2026-06-02 09:33:38,996 [INFO] [OK] Brazil/GFS_ENSEMBLE_Corn_Winter/cumulative dia 06 (2026-06-02 → 2026-06-08) 46912 bytes
2026-06-02 09:33:39,352 [INFO] [OK] Brazil/GFS_ENSEMBLE_Corn_Winter/cumulative dia 07 (2026-06-02 → 2026-06-09) 48477 bytes
2026-06-02 09:33:40,084 [INFO] [OK] Brazil/GFS_ENSEMBLE_Corn_Winter/cumulative dia 08 (2026-06-02 → 2026-06-10) 49875 bytes
2026-06-02 09:33:40,280 [INFO] [OK] Brazil/GFS_ENSEMBLE_Corn_Winter/cumulative dia 09 (2026-06-02 → 2026-06-11) 50625 bytes
2026-06-02 09:33:40,599 [INFO] [OK] Brazil/GFS_ENSEMBLE_Corn_Winter/cumulative dia 10 (2026-06-02 → 2026-06-12) 50402 bytes
2026-06-02 09:33:41,403 [INFO] [OK] Brazil/GFS_ENSEMBLE_Corn_Winter/cumulative dia 11 (2026-06-02 → 2026-06-13) 50841 bytes
2026-06-02 09:33:41,833 [INFO] [OK] Brazil/ECM_ENSEMBLE_Soy/daily dia 00 (2026-06-02 → 2026-06-02) 47604 bytes
2026-06-02 09:33:41,944 [INFO] [OK] Brazil/GFS_ENSEMBLE_Corn_Winter/cumulative dia 12 (2026-06-02 → 2026-06-14) 50883 bytes
2026-06-02 09:33:42,170 [INFO] [OK] Brazil/ECM_ENSEMBLE_Soy/daily dia 01 (2026-06-03 → 2026-06-03) 48193 bytes
2026-06-02 09:33:42,706 [INFO] [OK] Brazil/GFS_ENSEMBLE_Corn_Winter/cumulative dia 13 (2026-06-02 → 2026-06-15) 50607 bytes
2026-06-02 09:33:42,820 [INFO] [OK] Brazil/ECM_ENSEMBLE_Soy/daily dia 02 (2026-06-04 → 2026-06-04) 46806 bytes
2026-06-02 09:33:43,439 [INFO] [OK] Brazil/ECM_ENSEMBLE_Soy/daily dia 03 (2026-06-05 → 2026-06-05) 44737 bytes
2026-06-02 09:33:43,450 [INFO] [OK] Brazil/ECM_ENSEMBLE_Soy/daily dia 04 (2026-06-06 → 2026-06-06) 44572 bytes
2026-06-02 09:33:43,476 [INFO] [OK] Brazil/GFS_ENSEMBLE_Corn_Winter/cumulative dia 14 (2026-06-02 → 2026-06-16) 50757 bytes
2026-06-02 09:33:43,585 [INFO] [OK] Brazil/ECM_ENSEMBLE_Soy/daily dia 05 (2026-06-07 → 2026-06-07) 47148 bytes
2026-06-02 09:33:44,220 [INFO] [OK] Brazil/ECM_ENSEMBLE_Soy/daily dia 06 (2026-06-08 → 2026-06-08) 47403 bytes
2026-06-02 09:33:44,267 [INFO] [OK] Brazil/ECM_ENSEMBLE_Soy/daily dia 07 (2026-06-09 → 2026-06-09) 49352 bytes
2026-06-02 09:33:44,998 [INFO] [OK] Brazil/ECM_ENSEMBLE_Soy/daily dia 10 (2026-06-12 → 2026-06-12) 50455 bytes
2026-06-02 09:33:45,087 [INFO] [OK] Brazil/ECM_ENSEMBLE_Soy/daily dia 11 (2026-06-13 → 2026-06-13) 49825 bytes
2026-06-02 09:33:45,116 [INFO] [OK] Brazil/ECM_ENSEMBLE_Soy/daily dia 08 (2026-06-10 → 2026-06-10) 50421 bytes
2026-06-02 09:33:45,190 [INFO] [OK] Brazil/ECM_ENSEMBLE_Soy/daily dia 09 (2026-06-11 → 2026-06-11) 52056 bytes
2026-06-02 09:33:45,739 [INFO] [OK] Brazil/ECM_ENSEMBLE_Soy/daily dia 12 (2026-06-14 → 2026-06-14) 49901 bytes
2026-06-02 09:33:45,854 [INFO] [OK] Brazil/ECM_ENSEMBLE_Soy/daily dia 13 (2026-06-15 → 2026-06-15) 50328 bytes
2026-06-02 09:33:46,514 [INFO] [OK] Brazil/ECM_ENSEMBLE_Soy/cumulative dia 00 (2026-06-02 → 2026-06-02) 47604 bytes
2026-06-02 09:33:46,538 [INFO] [OK] Brazil/ECM_ENSEMBLE_Soy/daily dia 14 (2026-06-16 → 2026-06-16) 50356 bytes
2026-06-02 09:33:46,751 [INFO] [OK] Brazil/ECM_ENSEMBLE_Soy/cumulative dia 01 (2026-06-02 → 2026-06-03) 48810 bytes
2026-06-02 09:33:46,885 [INFO] [OK] Brazil/ECM_ENSEMBLE_Soy/cumulative dia 02 (2026-06-02 → 2026-06-04) 48189 bytes
2026-06-02 09:33:47,652 [INFO] [OK] Brazil/ECM_ENSEMBLE_Soy/cumulative dia 03 (2026-06-02 → 2026-06-05) 47911 bytes
2026-06-02 09:33:47,712 [INFO] [OK] Brazil/ECM_ENSEMBLE_Soy/cumulative dia 04 (2026-06-02 → 2026-06-06) 48446 bytes
2026-06-02 09:33:48,701 [INFO] [OK] Brazil/ECM_ENSEMBLE_Soy/cumulative dia 05 (2026-06-02 → 2026-06-07) 49965 bytes
2026-06-02 09:33:49,033 [INFO] [OK] Brazil/ECM_ENSEMBLE_Soy/cumulative dia 06 (2026-06-02 → 2026-06-08) 51361 bytes
2026-06-02 09:33:49,274 [INFO] [OK] Brazil/ECM_ENSEMBLE_Soy/cumulative dia 07 (2026-06-02 → 2026-06-09) 51417 bytes
2026-06-02 09:33:49,774 [INFO] [OK] Brazil/ECM_ENSEMBLE_Soy/cumulative dia 08 (2026-06-02 → 2026-06-10) 52038 bytes
2026-06-02 09:33:50,938 [INFO] [OK] Brazil/ECM_ENSEMBLE_Soy/cumulative dia 09 (2026-06-02 → 2026-06-11) 52662 bytes
2026-06-02 09:33:51,178 [INFO] [OK] Brazil/ECM_ENSEMBLE_Soy/cumulative dia 10 (2026-06-02 → 2026-06-12) 52869 bytes
2026-06-02 09:33:52,350 [INFO] [OK] Brazil/ECM_ENSEMBLE_Soy/cumulative dia 11 (2026-06-02 → 2026-06-13) 52627 bytes
2026-06-02 09:33:52,596 [INFO] [OK] Brazil/ECM_ENSEMBLE_Corn_Winter/daily dia 00 (2026-06-02 → 2026-06-02) 45834 bytes
2026-06-02 09:33:52,728 [INFO] [OK] Brazil/ECM_ENSEMBLE_Corn_Winter/daily dia 01 (2026-06-03 → 2026-06-03) 46535 bytes
2026-06-02 09:33:52,954 [INFO] [OK] Brazil/ECM_ENSEMBLE_Soy/cumulative dia 12 (2026-06-02 → 2026-06-14) 51885 bytes
2026-06-02 09:33:53,583 [INFO] [OK] Brazil/ECM_ENSEMBLE_Soy/cumulative dia 14 (2026-06-02 → 2026-06-16) 50893 bytes
2026-06-02 09:33:53,700 [INFO] [OK] Brazil/ECM_ENSEMBLE_Soy/cumulative dia 13 (2026-06-02 → 2026-06-15) 50991 bytes
2026-06-02 09:33:53,810 [INFO] [OK] Brazil/ECM_ENSEMBLE_Corn_Winter/daily dia 02 (2026-06-04 → 2026-06-04) 45239 bytes
2026-06-02 09:33:54,274 [INFO] [OK] Brazil/ECM_ENSEMBLE_Corn_Winter/daily dia 04 (2026-06-06 → 2026-06-06) 43325 bytes
2026-06-02 09:33:54,376 [INFO] [OK] Brazil/ECM_ENSEMBLE_Corn_Winter/daily dia 05 (2026-06-07 → 2026-06-07) 45741 bytes
2026-06-02 09:33:54,425 [INFO] [OK] Brazil/ECM_ENSEMBLE_Corn_Winter/daily dia 03 (2026-06-05 → 2026-06-05) 43315 bytes
2026-06-02 09:33:55,074 [INFO] [OK] Brazil/ECM_ENSEMBLE_Corn_Winter/daily dia 06 (2026-06-08 → 2026-06-08) 46097 bytes
2026-06-02 09:33:55,135 [INFO] [OK] Brazil/ECM_ENSEMBLE_Corn_Winter/daily dia 07 (2026-06-09 → 2026-06-09) 47957 bytes
2026-06-02 09:33:55,195 [INFO] [OK] Brazil/ECM_ENSEMBLE_Corn_Winter/daily dia 08 (2026-06-10 → 2026-06-10) 49195 bytes
2026-06-02 09:33:55,701 [INFO] [OK] Brazil/ECM_ENSEMBLE_Corn_Winter/daily dia 09 (2026-06-11 → 2026-06-11) 50628 bytes
2026-06-02 09:33:55,759 [INFO] [OK] Brazil/ECM_ENSEMBLE_Corn_Winter/daily dia 10 (2026-06-12 → 2026-06-12) 49128 bytes
2026-06-02 09:33:55,828 [INFO] [OK] Brazil/ECM_ENSEMBLE_Corn_Winter/daily dia 11 (2026-06-13 → 2026-06-13) 48378 bytes
2026-06-02 09:33:56,612 [INFO] [OK] Brazil/ECM_ENSEMBLE_Corn_Winter/daily dia 12 (2026-06-14 → 2026-06-14) 48538 bytes
2026-06-02 09:33:56,655 [INFO] [OK] Brazil/ECM_ENSEMBLE_Corn_Winter/daily dia 14 (2026-06-16 → 2026-06-16) 48621 bytes
2026-06-02 09:33:56,672 [INFO] [OK] Brazil/ECM_ENSEMBLE_Corn_Winter/daily dia 13 (2026-06-15 → 2026-06-15) 48792 bytes
2026-06-02 09:33:57,095 [INFO] [OK] Brazil/ECM_ENSEMBLE_Corn_Winter/cumulative dia 00 (2026-06-02 → 2026-06-02) 45834 bytes
2026-06-02 09:33:57,209 [INFO] [OK] Brazil/ECM_ENSEMBLE_Corn_Winter/cumulative dia 01 (2026-06-02 → 2026-06-03) 47154 bytes
2026-06-02 09:33:57,366 [INFO] [OK] Brazil/ECM_ENSEMBLE_Corn_Winter/cumulative dia 02 (2026-06-02 → 2026-06-04) 46794 bytes
2026-06-02 09:33:58,854 [INFO] [OK] Brazil/ECM_ENSEMBLE_Corn_Winter/cumulative dia 04 (2026-06-02 → 2026-06-06) 47011 bytes
2026-06-02 09:33:58,855 [INFO] [OK] Brazil/ECM_ENSEMBLE_Corn_Winter/cumulative dia 05 (2026-06-02 → 2026-06-07) 48640 bytes
2026-06-02 09:33:58,865 [INFO] [OK] Brazil/ECM_ENSEMBLE_Corn_Winter/cumulative dia 03 (2026-06-02 → 2026-06-05) 46380 bytes
2026-06-02 09:33:59,473 [INFO] [OK] Brazil/ECM_ENSEMBLE_Corn_Winter/cumulative dia 06 (2026-06-02 → 2026-06-08) 50091 bytes
2026-06-02 09:33:59,502 [INFO] [OK] Brazil/ECM_ENSEMBLE_Corn_Winter/cumulative dia 07 (2026-06-02 → 2026-06-09) 50248 bytes
2026-06-02 09:33:59,504 [INFO] [OK] Brazil/ECM_ENSEMBLE_Corn_Winter/cumulative dia 08 (2026-06-02 → 2026-06-10) 51148 bytes
2026-06-02 09:34:01,313 [INFO] [OK] Brazil/ECM_ENSEMBLE_Corn_Winter/cumulative dia 10 (2026-06-02 → 2026-06-12) 51466 bytes
2026-06-02 09:34:01,457 [INFO] [OK] Brazil/ECM_ENSEMBLE_Corn_Winter/cumulative dia 09 (2026-06-02 → 2026-06-11) 51433 bytes
2026-06-02 09:34:01,661 [INFO] [OK] Brazil/ECM_ENSEMBLE_Corn_Winter/cumulative dia 11 (2026-06-02 → 2026-06-13) 51307 bytes
2026-06-02 09:34:02,355 [INFO] [OK] Brazil/ECM_ENSEMBLE_Corn_Winter/cumulative dia 13 (2026-06-02 → 2026-06-15) 49772 bytes
2026-06-02 09:34:02,375 [INFO] [OK] Brazil/ECM_ENSEMBLE_Corn_Winter/cumulative dia 12 (2026-06-02 → 2026-06-14) 50430 bytes
2026-06-02 09:34:02,390 [INFO] [OK] Argentina/GFS_ENSEMBLE_Soy/daily dia 00 (2026-06-02 → 2026-06-02) 34588 bytes
2026-06-02 09:34:02,489 [INFO] [OK] Argentina/GFS_ENSEMBLE_Soy/daily dia 01 (2026-06-03 → 2026-06-03) 34694 bytes
2026-06-02 09:34:02,496 [INFO] [OK] Brazil/ECM_ENSEMBLE_Corn_Winter/cumulative dia 14 (2026-06-02 → 2026-06-16) 49570 bytes
2026-06-02 09:34:02,674 [INFO] [OK] Argentina/GFS_ENSEMBLE_Soy/daily dia 02 (2026-06-04 → 2026-06-04) 33329 bytes
2026-06-02 09:34:03,344 [INFO] [OK] Argentina/GFS_ENSEMBLE_Soy/daily dia 04 (2026-06-06 → 2026-06-06) 33952 bytes
2026-06-02 09:34:03,414 [INFO] [OK] Argentina/GFS_ENSEMBLE_Soy/daily dia 05 (2026-06-07 → 2026-06-07) 35120 bytes
2026-06-02 09:34:03,448 [INFO] [OK] Argentina/GFS_ENSEMBLE_Soy/daily dia 03 (2026-06-05 → 2026-06-05) 33217 bytes
2026-06-02 09:34:03,499 [INFO] [OK] Argentina/GFS_ENSEMBLE_Soy/daily dia 07 (2026-06-09 → 2026-06-09) 42502 bytes
2026-06-02 09:34:03,542 [INFO] [OK] Argentina/GFS_ENSEMBLE_Soy/daily dia 06 (2026-06-08 → 2026-06-08) 37900 bytes
2026-06-02 09:34:03,874 [INFO] [OK] Argentina/GFS_ENSEMBLE_Soy/daily dia 08 (2026-06-10 → 2026-06-10) 41077 bytes
2026-06-02 09:34:04,428 [INFO] [OK] Argentina/GFS_ENSEMBLE_Soy/daily dia 09 (2026-06-11 → 2026-06-11) 42065 bytes
2026-06-02 09:34:04,498 [INFO] [OK] Argentina/GFS_ENSEMBLE_Soy/daily dia 11 (2026-06-13 → 2026-06-13) 43270 bytes
2026-06-02 09:34:04,619 [INFO] [OK] Argentina/GFS_ENSEMBLE_Soy/daily dia 13 (2026-06-15 → 2026-06-15) 41277 bytes
2026-06-02 09:34:04,626 [INFO] [OK] Argentina/GFS_ENSEMBLE_Soy/daily dia 10 (2026-06-12 → 2026-06-12) 43114 bytes
2026-06-02 09:34:04,750 [INFO] [OK] Argentina/GFS_ENSEMBLE_Soy/daily dia 12 (2026-06-14 → 2026-06-14) 42194 bytes
2026-06-02 09:34:04,918 [INFO] [OK] Argentina/GFS_ENSEMBLE_Soy/daily dia 14 (2026-06-16 → 2026-06-16) 40094 bytes
2026-06-02 09:34:05,401 [INFO] [OK] Argentina/GFS_ENSEMBLE_Soy/cumulative dia 00 (2026-06-02 → 2026-06-02) 34588 bytes
2026-06-02 09:34:05,568 [INFO] [OK] Argentina/GFS_ENSEMBLE_Soy/cumulative dia 01 (2026-06-02 → 2026-06-03) 35041 bytes
2026-06-02 09:34:06,077 [INFO] [OK] Argentina/GFS_ENSEMBLE_Soy/cumulative dia 02 (2026-06-02 → 2026-06-04) 36008 bytes
2026-06-02 09:34:06,214 [INFO] [OK] Argentina/GFS_ENSEMBLE_Soy/cumulative dia 03 (2026-06-02 → 2026-06-05) 35927 bytes
2026-06-02 09:34:06,274 [INFO] [OK] Argentina/GFS_ENSEMBLE_Soy/cumulative dia 05 (2026-06-02 → 2026-06-07) 37089 bytes
2026-06-02 09:34:06,346 [INFO] [OK] Argentina/GFS_ENSEMBLE_Soy/cumulative dia 04 (2026-06-02 → 2026-06-06) 36861 bytes
2026-06-02 09:34:06,713 [INFO] [OK] Argentina/GFS_ENSEMBLE_Soy/cumulative dia 06 (2026-06-02 → 2026-06-08) 38290 bytes
2026-06-02 09:34:06,806 [INFO] [OK] Argentina/GFS_ENSEMBLE_Soy/cumulative dia 07 (2026-06-02 → 2026-06-09) 40074 bytes
2026-06-02 09:34:07,579 [INFO] [OK] Argentina/GFS_ENSEMBLE_Soy/cumulative dia 08 (2026-06-02 → 2026-06-10) 42313 bytes
2026-06-02 09:34:07,705 [INFO] [OK] Argentina/GFS_ENSEMBLE_Soy/cumulative dia 09 (2026-06-02 → 2026-06-11) 43100 bytes
2026-06-02 09:34:07,871 [INFO] [OK] Argentina/GFS_ENSEMBLE_Soy/cumulative dia 10 (2026-06-02 → 2026-06-12) 42798 bytes
2026-06-02 09:34:07,979 [INFO] [OK] Argentina/GFS_ENSEMBLE_Soy/cumulative dia 11 (2026-06-02 → 2026-06-13) 43370 bytes
2026-06-02 09:34:08,315 [INFO] [OK] Argentina/GFS_ENSEMBLE_Soy/cumulative dia 12 (2026-06-02 → 2026-06-14) 43379 bytes
2026-06-02 09:34:08,498 [INFO] [OK] Argentina/GFS_ENSEMBLE_Soy/cumulative dia 13 (2026-06-02 → 2026-06-15) 43069 bytes
2026-06-02 09:34:08,835 [INFO] [OK] Argentina/GFS_ENSEMBLE_Corn_Winter/daily dia 00 (2026-06-02 → 2026-06-02) 32520 bytes
2026-06-02 09:34:08,857 [INFO] [OK] Argentina/GFS_ENSEMBLE_Corn_Winter/daily dia 01 (2026-06-03 → 2026-06-03) 32594 bytes
2026-06-02 09:34:08,947 [INFO] [OK] Argentina/GFS_ENSEMBLE_Corn_Winter/daily dia 02 (2026-06-04 → 2026-06-04) 31593 bytes
2026-06-02 09:34:09,252 [INFO] [OK] Argentina/GFS_ENSEMBLE_Soy/cumulative dia 14 (2026-06-02 → 2026-06-16) 43190 bytes
2026-06-02 09:34:09,294 [INFO] [OK] Argentina/GFS_ENSEMBLE_Corn_Winter/daily dia 03 (2026-06-05 → 2026-06-05) 31384 bytes
2026-06-02 09:34:09,439 [INFO] [OK] Argentina/GFS_ENSEMBLE_Corn_Winter/daily dia 04 (2026-06-06 → 2026-06-06) 32093 bytes
2026-06-02 09:34:09,826 [INFO] [OK] Argentina/GFS_ENSEMBLE_Corn_Winter/daily dia 06 (2026-06-08 → 2026-06-08) 36467 bytes
2026-06-02 09:34:09,872 [INFO] [OK] Argentina/GFS_ENSEMBLE_Corn_Winter/daily dia 05 (2026-06-07 → 2026-06-07) 33218 bytes
2026-06-02 09:34:09,930 [INFO] [OK] Argentina/GFS_ENSEMBLE_Corn_Winter/daily dia 07 (2026-06-09 → 2026-06-09) 40882 bytes
2026-06-02 09:34:10,228 [INFO] [OK] Argentina/GFS_ENSEMBLE_Corn_Winter/daily dia 08 (2026-06-10 → 2026-06-10) 39145 bytes
2026-06-02 09:34:10,280 [INFO] [OK] Argentina/GFS_ENSEMBLE_Corn_Winter/daily dia 09 (2026-06-11 → 2026-06-11) 40556 bytes
2026-06-02 09:34:10,422 [INFO] [OK] Argentina/GFS_ENSEMBLE_Corn_Winter/daily dia 10 (2026-06-12 → 2026-06-12) 41598 bytes
2026-06-02 09:34:10,964 [INFO] [OK] Argentina/GFS_ENSEMBLE_Corn_Winter/daily dia 11 (2026-06-13 → 2026-06-13) 41309 bytes
2026-06-02 09:34:10,987 [INFO] [OK] Argentina/GFS_ENSEMBLE_Corn_Winter/daily dia 12 (2026-06-14 → 2026-06-14) 40765 bytes
2026-06-02 09:34:11,073 [INFO] [OK] Argentina/GFS_ENSEMBLE_Corn_Winter/daily dia 13 (2026-06-15 → 2026-06-15) 39302 bytes
2026-06-02 09:34:11,418 [INFO] [OK] Argentina/GFS_ENSEMBLE_Corn_Winter/cumulative dia 00 (2026-06-02 → 2026-06-02) 32520 bytes
2026-06-02 09:34:11,547 [INFO] [OK] Argentina/GFS_ENSEMBLE_Corn_Winter/daily dia 14 (2026-06-16 → 2026-06-16) 38154 bytes
2026-06-02 09:34:11,622 [INFO] [OK] Argentina/GFS_ENSEMBLE_Corn_Winter/cumulative dia 01 (2026-06-02 → 2026-06-03) 33014 bytes
2026-06-02 09:34:12,231 [INFO] [OK] Argentina/GFS_ENSEMBLE_Corn_Winter/cumulative dia 02 (2026-06-02 → 2026-06-04) 34218 bytes
2026-06-02 09:34:12,431 [INFO] [OK] Argentina/GFS_ENSEMBLE_Corn_Winter/cumulative dia 04 (2026-06-02 → 2026-06-06) 35102 bytes
2026-06-02 09:34:12,437 [INFO] [OK] Argentina/GFS_ENSEMBLE_Corn_Winter/cumulative dia 03 (2026-06-02 → 2026-06-05) 34070 bytes
2026-06-02 09:34:12,796 [INFO] [OK] Argentina/GFS_ENSEMBLE_Corn_Winter/cumulative dia 05 (2026-06-02 → 2026-06-07) 35599 bytes
2026-06-02 09:34:13,198 [INFO] [OK] Argentina/GFS_ENSEMBLE_Corn_Winter/cumulative dia 06 (2026-06-02 → 2026-06-08) 36847 bytes
2026-06-02 09:34:13,457 [INFO] [OK] Argentina/GFS_ENSEMBLE_Corn_Winter/cumulative dia 07 (2026-06-02 → 2026-06-09) 38789 bytes
2026-06-02 09:34:13,695 [INFO] [OK] Argentina/GFS_ENSEMBLE_Corn_Winter/cumulative dia 08 (2026-06-02 → 2026-06-10) 41125 bytes
2026-06-02 09:34:13,886 [INFO] [OK] Argentina/GFS_ENSEMBLE_Corn_Winter/cumulative dia 09 (2026-06-02 → 2026-06-11) 41960 bytes
2026-06-02 09:34:13,936 [INFO] [OK] Argentina/GFS_ENSEMBLE_Corn_Winter/cumulative dia 10 (2026-06-02 → 2026-06-12) 41551 bytes
2026-06-02 09:34:14,348 [INFO] [OK] Argentina/GFS_ENSEMBLE_Corn_Winter/cumulative dia 11 (2026-06-02 → 2026-06-13) 41946 bytes
2026-06-02 09:34:15,002 [INFO] [OK] Argentina/ECM_ENSEMBLE_Soy/daily dia 00 (2026-06-02 → 2026-06-02) 36648 bytes
2026-06-02 09:34:15,161 [INFO] [OK] Argentina/GFS_ENSEMBLE_Corn_Winter/cumulative dia 12 (2026-06-02 → 2026-06-14) 42042 bytes
2026-06-02 09:34:15,227 [INFO] [OK] Argentina/GFS_ENSEMBLE_Corn_Winter/cumulative dia 13 (2026-06-02 → 2026-06-15) 41479 bytes
2026-06-02 09:34:15,235 [INFO] [OK] Argentina/ECM_ENSEMBLE_Soy/daily dia 01 (2026-06-03 → 2026-06-03) 36936 bytes
2026-06-02 09:34:15,409 [INFO] [OK] Argentina/GFS_ENSEMBLE_Corn_Winter/cumulative dia 14 (2026-06-02 → 2026-06-16) 41623 bytes
2026-06-02 09:34:15,488 [INFO] [OK] Argentina/ECM_ENSEMBLE_Soy/daily dia 02 (2026-06-04 → 2026-06-04) 35548 bytes
2026-06-02 09:34:15,962 [INFO] [OK] Argentina/ECM_ENSEMBLE_Soy/daily dia 03 (2026-06-05 → 2026-06-05) 34394 bytes
2026-06-02 09:34:16,221 [INFO] [OK] Argentina/ECM_ENSEMBLE_Soy/daily dia 04 (2026-06-06 → 2026-06-06) 34658 bytes
2026-06-02 09:34:16,240 [INFO] [OK] Argentina/ECM_ENSEMBLE_Soy/daily dia 05 (2026-06-07 → 2026-06-07) 36544 bytes
2026-06-02 09:34:16,340 [INFO] [OK] Argentina/ECM_ENSEMBLE_Soy/daily dia 06 (2026-06-08 → 2026-06-08) 38779 bytes
2026-06-02 09:34:16,610 [INFO] [OK] Argentina/ECM_ENSEMBLE_Soy/daily dia 07 (2026-06-09 → 2026-06-09) 42259 bytes
2026-06-02 09:34:16,736 [INFO] [OK] Argentina/ECM_ENSEMBLE_Soy/daily dia 08 (2026-06-10 → 2026-06-10) 41975 bytes
2026-06-02 09:34:17,262 [INFO] [OK] Argentina/ECM_ENSEMBLE_Soy/daily dia 09 (2026-06-11 → 2026-06-11) 42220 bytes
2026-06-02 09:34:17,428 [INFO] [OK] Argentina/ECM_ENSEMBLE_Soy/daily dia 10 (2026-06-12 → 2026-06-12) 41076 bytes
2026-06-02 09:34:17,474 [INFO] [OK] Argentina/ECM_ENSEMBLE_Soy/daily dia 12 (2026-06-14 → 2026-06-14) 40018 bytes
2026-06-02 09:34:17,497 [INFO] [OK] Argentina/ECM_ENSEMBLE_Soy/daily dia 11 (2026-06-13 → 2026-06-13) 40075 bytes
2026-06-02 09:34:17,605 [INFO] [OK] Argentina/ECM_ENSEMBLE_Soy/daily dia 13 (2026-06-15 → 2026-06-15) 41209 bytes
2026-06-02 09:34:17,731 [INFO] [OK] Argentina/ECM_ENSEMBLE_Soy/daily dia 14 (2026-06-16 → 2026-06-16) 41501 bytes
2026-06-02 09:34:18,321 [INFO] [OK] Argentina/ECM_ENSEMBLE_Soy/cumulative dia 00 (2026-06-02 → 2026-06-02) 36648 bytes
2026-06-02 09:34:18,553 [INFO] [OK] Argentina/ECM_ENSEMBLE_Soy/cumulative dia 01 (2026-06-02 → 2026-06-03) 37562 bytes
2026-06-02 09:34:18,571 [INFO] [OK] Argentina/ECM_ENSEMBLE_Soy/cumulative dia 02 (2026-06-02 → 2026-06-04) 36505 bytes
2026-06-02 09:34:18,608 [INFO] [OK] Argentina/ECM_ENSEMBLE_Soy/cumulative dia 03 (2026-06-02 → 2026-06-05) 36253 bytes
2026-06-02 09:34:18,841 [INFO] [OK] Argentina/ECM_ENSEMBLE_Soy/cumulative dia 04 (2026-06-02 → 2026-06-06) 36516 bytes
2026-06-02 09:34:18,906 [INFO] [OK] Argentina/ECM_ENSEMBLE_Soy/cumulative dia 05 (2026-06-02 → 2026-06-07) 38420 bytes
2026-06-02 09:34:20,121 [INFO] [OK] Argentina/ECM_ENSEMBLE_Soy/cumulative dia 06 (2026-06-02 → 2026-06-08) 40049 bytes
2026-06-02 09:34:20,163 [INFO] [OK] Argentina/ECM_ENSEMBLE_Soy/cumulative dia 07 (2026-06-02 → 2026-06-09) 40861 bytes
2026-06-02 09:34:20,337 [INFO] [OK] Argentina/ECM_ENSEMBLE_Soy/cumulative dia 09 (2026-06-02 → 2026-06-11) 42358 bytes
2026-06-02 09:34:20,341 [INFO] [OK] Argentina/ECM_ENSEMBLE_Soy/cumulative dia 08 (2026-06-02 → 2026-06-10) 42022 bytes
2026-06-02 09:34:20,604 [INFO] [OK] Argentina/ECM_ENSEMBLE_Soy/cumulative dia 10 (2026-06-02 → 2026-06-12) 42719 bytes
2026-06-02 09:34:20,608 [INFO] [OK] Argentina/ECM_ENSEMBLE_Soy/cumulative dia 11 (2026-06-02 → 2026-06-13) 42872 bytes
2026-06-02 09:34:21,329 [INFO] [OK] Argentina/ECM_ENSEMBLE_Corn_Winter/daily dia 00 (2026-06-02 → 2026-06-02) 34849 bytes
2026-06-02 09:34:21,794 [INFO] [OK] Argentina/ECM_ENSEMBLE_Corn_Winter/daily dia 02 (2026-06-04 → 2026-06-04) 33949 bytes
2026-06-02 09:34:21,845 [INFO] [OK] Argentina/ECM_ENSEMBLE_Corn_Winter/daily dia 01 (2026-06-03 → 2026-06-03) 35291 bytes
2026-06-02 09:34:21,889 [INFO] [OK] Argentina/ECM_ENSEMBLE_Soy/cumulative dia 12 (2026-06-02 → 2026-06-14) 42558 bytes
2026-06-02 09:34:21,948 [INFO] [OK] Argentina/ECM_ENSEMBLE_Soy/cumulative dia 14 (2026-06-02 → 2026-06-16) 41577 bytes
2026-06-02 09:34:21,951 [INFO] [OK] Argentina/ECM_ENSEMBLE_Soy/cumulative dia 13 (2026-06-02 → 2026-06-15) 41711 bytes
2026-06-02 09:34:22,359 [INFO] [OK] Argentina/ECM_ENSEMBLE_Corn_Winter/daily dia 03 (2026-06-05 → 2026-06-05) 32712 bytes
2026-06-02 09:34:22,724 [INFO] [OK] Argentina/ECM_ENSEMBLE_Corn_Winter/daily dia 04 (2026-06-06 → 2026-06-06) 32952 bytes
2026-06-02 09:34:22,817 [INFO] [OK] Argentina/ECM_ENSEMBLE_Corn_Winter/daily dia 05 (2026-06-07 → 2026-06-07) 34719 bytes
2026-06-02 09:34:22,918 [INFO] [OK] Argentina/ECM_ENSEMBLE_Corn_Winter/daily dia 06 (2026-06-08 → 2026-06-08) 37273 bytes
2026-06-02 09:34:22,980 [INFO] [OK] Argentina/ECM_ENSEMBLE_Corn_Winter/daily dia 08 (2026-06-10 → 2026-06-10) 40677 bytes
2026-06-02 09:34:23,034 [INFO] [OK] Argentina/ECM_ENSEMBLE_Corn_Winter/daily dia 07 (2026-06-09 → 2026-06-09) 40627 bytes
2026-06-02 09:34:23,411 [INFO] [OK] Argentina/ECM_ENSEMBLE_Corn_Winter/daily dia 09 (2026-06-11 → 2026-06-11) 40646 bytes
2026-06-02 09:34:23,743 [INFO] [OK] Argentina/ECM_ENSEMBLE_Corn_Winter/daily dia 10 (2026-06-12 → 2026-06-12) 39471 bytes
2026-06-02 09:34:23,912 [INFO] [OK] Argentina/ECM_ENSEMBLE_Corn_Winter/daily dia 11 (2026-06-13 → 2026-06-13) 38383 bytes
2026-06-02 09:34:23,951 [INFO] [OK] Argentina/ECM_ENSEMBLE_Corn_Winter/daily dia 12 (2026-06-14 → 2026-06-14) 38415 bytes
2026-06-02 09:34:23,993 [INFO] [OK] Argentina/ECM_ENSEMBLE_Corn_Winter/daily dia 13 (2026-06-15 → 2026-06-15) 39648 bytes
2026-06-02 09:34:24,093 [INFO] [OK] Argentina/ECM_ENSEMBLE_Corn_Winter/daily dia 14 (2026-06-16 → 2026-06-16) 39647 bytes
2026-06-02 09:34:24,435 [INFO] [OK] Argentina/ECM_ENSEMBLE_Corn_Winter/cumulative dia 00 (2026-06-02 → 2026-06-02) 34849 bytes
2026-06-02 09:34:24,853 [INFO] [OK] Argentina/ECM_ENSEMBLE_Corn_Winter/cumulative dia 01 (2026-06-02 → 2026-06-03) 36056 bytes
2026-06-02 09:34:24,964 [INFO] [OK] Argentina/ECM_ENSEMBLE_Corn_Winter/cumulative dia 02 (2026-06-02 → 2026-06-04) 35244 bytes
2026-06-02 09:34:25,123 [INFO] [OK] Argentina/ECM_ENSEMBLE_Corn_Winter/cumulative dia 03 (2026-06-02 → 2026-06-05) 34790 bytes
2026-06-02 09:34:25,209 [INFO] [OK] Argentina/ECM_ENSEMBLE_Corn_Winter/cumulative dia 04 (2026-06-02 → 2026-06-06) 35256 bytes
2026-06-02 09:34:25,265 [INFO] [OK] Argentina/ECM_ENSEMBLE_Corn_Winter/cumulative dia 05 (2026-06-02 → 2026-06-07) 37203 bytes
2026-06-02 09:34:25,709 [INFO] [OK] Argentina/ECM_ENSEMBLE_Corn_Winter/cumulative dia 06 (2026-06-02 → 2026-06-08) 38706 bytes
2026-06-02 09:34:26,106 [INFO] [OK] Argentina/ECM_ENSEMBLE_Corn_Winter/cumulative dia 07 (2026-06-02 → 2026-06-09) 39522 bytes
2026-06-02 09:34:26,363 [INFO] [OK] Argentina/ECM_ENSEMBLE_Corn_Winter/cumulative dia 08 (2026-06-02 → 2026-06-10) 40989 bytes
2026-06-02 09:34:26,578 [INFO] [OK] Argentina/ECM_ENSEMBLE_Corn_Winter/cumulative dia 09 (2026-06-02 → 2026-06-11) 41126 bytes
2026-06-02 09:34:26,647 [INFO] [OK] Argentina/ECM_ENSEMBLE_Corn_Winter/cumulative dia 10 (2026-06-02 → 2026-06-12) 41274 bytes
2026-06-02 09:34:26,715 [INFO] [OK] Argentina/ECM_ENSEMBLE_Corn_Winter/cumulative dia 11 (2026-06-02 → 2026-06-13) 41517 bytes
2026-06-02 09:34:27,173 [INFO] [OK] Argentina/ECM_ENSEMBLE_Corn_Winter/cumulative dia 12 (2026-06-02 → 2026-06-14) 40969 bytes
2026-06-02 09:34:27,653 [INFO] [OK] Argentina/ECM_ENSEMBLE_Corn_Winter/cumulative dia 13 (2026-06-02 → 2026-06-15) 40184 bytes
2026-06-02 09:34:27,929 [INFO] [OK] Argentina/ECM_ENSEMBLE_Corn_Winter/cumulative dia 14 (2026-06-02 → 2026-06-16) 39978 bytes
2026-06-02 09:34:27,932 [INFO] Resumo: 240/240 sucessos, 0 erros
2026-06-02 09:34:30,586 [INFO] [CLEANUP] Removidas 80 pastas de histórico anteriores a 2026-05-03
2026-06-02 09:34:30,596 [INFO] Manifest: C:\Users\server\OneDrive - CGB Enterprises, Inc\ZGC-PBI Research - Documents\Dataset Data Files\Weather_maps\manifest.json
2026-06-02 09:34:30,597 [INFO] [GIT] Iniciando sincronização com GitHub...
