2026-04-25 09:33:19,258 [INFO] === Execução 2026-04-25 | modo=both | dias=15 | parâmetro=PRCP_DEP ===
2026-04-25 09:33:19,420 [INFO] Baixando 240 mapas com 6 threads...
2026-04-25 09:33:21,821 [INFO] [OK] Brazil/GFS_ENSEMBLE_Soy/daily dia 05 (2026-04-30 → 2026-04-30) 46906 bytes
2026-04-25 09:33:21,869 [INFO] [OK] Brazil/GFS_ENSEMBLE_Soy/daily dia 03 (2026-04-28 → 2026-04-28) 47539 bytes
2026-04-25 09:33:22,290 [INFO] [OK] Brazil/GFS_ENSEMBLE_Soy/daily dia 04 (2026-04-29 → 2026-04-29) 47686 bytes
2026-04-25 09:33:22,291 [INFO] [OK] Brazil/GFS_ENSEMBLE_Soy/daily dia 02 (2026-04-27 → 2026-04-27) 46451 bytes
2026-04-25 09:33:22,945 [INFO] [OK] Brazil/GFS_ENSEMBLE_Soy/daily dia 01 (2026-04-26 → 2026-04-26) 48685 bytes
2026-04-25 09:33:22,951 [INFO] [OK] Brazil/GFS_ENSEMBLE_Soy/daily dia 00 (2026-04-25 → 2026-04-25) 50676 bytes
2026-04-25 09:33:23,224 [INFO] [OK] Brazil/GFS_ENSEMBLE_Soy/daily dia 07 (2026-05-02 → 2026-05-02) 49867 bytes
2026-04-25 09:33:23,769 [INFO] [OK] Brazil/GFS_ENSEMBLE_Soy/daily dia 06 (2026-05-01 → 2026-05-01) 48152 bytes
2026-04-25 09:33:24,290 [INFO] [OK] Brazil/GFS_ENSEMBLE_Soy/daily dia 10 (2026-05-05 → 2026-05-05) 49682 bytes
2026-04-25 09:33:24,291 [INFO] [OK] Brazil/GFS_ENSEMBLE_Soy/daily dia 08 (2026-05-03 → 2026-05-03) 50388 bytes
2026-04-25 09:33:24,293 [INFO] [OK] Brazil/GFS_ENSEMBLE_Soy/daily dia 09 (2026-05-04 → 2026-05-04) 49695 bytes
2026-04-25 09:33:24,824 [INFO] [OK] Brazil/GFS_ENSEMBLE_Soy/daily dia 11 (2026-05-06 → 2026-05-06) 51448 bytes
2026-04-25 09:33:24,853 [INFO] [OK] Brazil/GFS_ENSEMBLE_Soy/daily dia 12 (2026-05-07 → 2026-05-07) 52501 bytes
2026-04-25 09:33:25,077 [INFO] [OK] Brazil/GFS_ENSEMBLE_Soy/daily dia 13 (2026-05-08 → 2026-05-08) 54437 bytes
2026-04-25 09:33:26,132 [INFO] [OK] Brazil/GFS_ENSEMBLE_Soy/cumulative dia 00 (2026-04-25 → 2026-04-25) 50676 bytes
2026-04-25 09:33:26,158 [INFO] [OK] Brazil/GFS_ENSEMBLE_Soy/daily dia 14 (2026-05-09 → 2026-05-09) 54366 bytes
2026-04-25 09:33:26,283 [INFO] [OK] Brazil/GFS_ENSEMBLE_Soy/cumulative dia 01 (2026-04-25 → 2026-04-26) 50643 bytes
2026-04-25 09:33:26,373 [INFO] [OK] Brazil/GFS_ENSEMBLE_Soy/cumulative dia 03 (2026-04-25 → 2026-04-28) 51170 bytes
2026-04-25 09:33:26,738 [INFO] [OK] Brazil/GFS_ENSEMBLE_Soy/cumulative dia 02 (2026-04-25 → 2026-04-27) 50449 bytes
2026-04-25 09:33:26,867 [INFO] [OK] Brazil/GFS_ENSEMBLE_Soy/cumulative dia 04 (2026-04-25 → 2026-04-29) 50575 bytes
2026-04-25 09:33:28,222 [INFO] [OK] Brazil/GFS_ENSEMBLE_Soy/cumulative dia 05 (2026-04-25 → 2026-04-30) 50206 bytes
2026-04-25 09:33:28,310 [INFO] [OK] Brazil/GFS_ENSEMBLE_Soy/cumulative dia 06 (2026-04-25 → 2026-05-01) 50577 bytes
2026-04-25 09:33:28,401 [INFO] [OK] Brazil/GFS_ENSEMBLE_Soy/cumulative dia 08 (2026-04-25 → 2026-05-03) 50354 bytes
2026-04-25 09:33:28,478 [INFO] [OK] Brazil/GFS_ENSEMBLE_Soy/cumulative dia 07 (2026-04-25 → 2026-05-02) 50480 bytes
2026-04-25 09:33:28,929 [INFO] [OK] Brazil/GFS_ENSEMBLE_Soy/cumulative dia 09 (2026-04-25 → 2026-05-04) 50630 bytes
2026-04-25 09:33:29,051 [INFO] [OK] Brazil/GFS_ENSEMBLE_Soy/cumulative dia 10 (2026-04-25 → 2026-05-05) 50498 bytes
2026-04-25 09:33:30,664 [INFO] [OK] Brazil/GFS_ENSEMBLE_Corn_Winter/daily dia 01 (2026-04-26 → 2026-04-26) 47228 bytes
2026-04-25 09:33:30,790 [INFO] [OK] Brazil/GFS_ENSEMBLE_Corn_Winter/daily dia 00 (2026-04-25 → 2026-04-25) 49076 bytes
2026-04-25 09:33:30,802 [INFO] [OK] Brazil/GFS_ENSEMBLE_Soy/cumulative dia 12 (2026-04-25 → 2026-05-07) 50568 bytes
2026-04-25 09:33:30,834 [INFO] [OK] Brazil/GFS_ENSEMBLE_Soy/cumulative dia 11 (2026-04-25 → 2026-05-06) 50557 bytes
2026-04-25 09:33:31,317 [INFO] [OK] Brazil/GFS_ENSEMBLE_Soy/cumulative dia 13 (2026-04-25 → 2026-05-08) 50869 bytes
2026-04-25 09:33:31,342 [INFO] [OK] Brazil/GFS_ENSEMBLE_Soy/cumulative dia 14 (2026-04-25 → 2026-05-09) 51025 bytes
2026-04-25 09:33:32,128 [INFO] [OK] Brazil/GFS_ENSEMBLE_Corn_Winter/daily dia 02 (2026-04-27 → 2026-04-27) 44972 bytes
2026-04-25 09:33:32,339 [INFO] [OK] Brazil/GFS_ENSEMBLE_Corn_Winter/daily dia 04 (2026-04-29 → 2026-04-29) 46251 bytes
2026-04-25 09:33:32,381 [INFO] [OK] Brazil/GFS_ENSEMBLE_Corn_Winter/daily dia 03 (2026-04-28 → 2026-04-28) 46212 bytes
2026-04-25 09:33:32,490 [INFO] [OK] Brazil/GFS_ENSEMBLE_Corn_Winter/daily dia 05 (2026-04-30 → 2026-04-30) 45474 bytes
2026-04-25 09:33:32,915 [INFO] [OK] Brazil/GFS_ENSEMBLE_Corn_Winter/daily dia 06 (2026-05-01 → 2026-05-01) 46950 bytes
2026-04-25 09:33:32,959 [INFO] [OK] Brazil/GFS_ENSEMBLE_Corn_Winter/daily dia 07 (2026-05-02 → 2026-05-02) 48492 bytes
2026-04-25 09:33:33,642 [INFO] [OK] Brazil/GFS_ENSEMBLE_Corn_Winter/daily dia 10 (2026-05-05 → 2026-05-05) 47980 bytes
2026-04-25 09:33:33,729 [INFO] [OK] Brazil/GFS_ENSEMBLE_Corn_Winter/daily dia 08 (2026-05-03 → 2026-05-03) 48768 bytes
2026-04-25 09:33:33,740 [INFO] [OK] Brazil/GFS_ENSEMBLE_Corn_Winter/daily dia 09 (2026-05-04 → 2026-05-04) 47827 bytes
2026-04-25 09:33:33,963 [INFO] [OK] Brazil/GFS_ENSEMBLE_Corn_Winter/daily dia 11 (2026-05-06 → 2026-05-06) 50270 bytes
2026-04-25 09:33:34,467 [INFO] [OK] Brazil/GFS_ENSEMBLE_Corn_Winter/daily dia 13 (2026-05-08 → 2026-05-08) 52905 bytes
2026-04-25 09:33:34,493 [INFO] [OK] Brazil/GFS_ENSEMBLE_Corn_Winter/daily dia 12 (2026-05-07 → 2026-05-07) 50962 bytes
2026-04-25 09:33:35,368 [INFO] [OK] Brazil/GFS_ENSEMBLE_Corn_Winter/daily dia 14 (2026-05-09 → 2026-05-09) 52878 bytes
2026-04-25 09:33:35,443 [INFO] [OK] Brazil/GFS_ENSEMBLE_Corn_Winter/cumulative dia 01 (2026-04-25 → 2026-04-26) 48978 bytes
2026-04-25 09:33:35,550 [INFO] [OK] Brazil/GFS_ENSEMBLE_Corn_Winter/cumulative dia 00 (2026-04-25 → 2026-04-25) 49076 bytes
2026-04-25 09:33:35,552 [INFO] [OK] Brazil/GFS_ENSEMBLE_Corn_Winter/cumulative dia 02 (2026-04-25 → 2026-04-27) 48702 bytes
2026-04-25 09:33:36,208 [INFO] [OK] Brazil/GFS_ENSEMBLE_Corn_Winter/cumulative dia 03 (2026-04-25 → 2026-04-28) 49619 bytes
2026-04-25 09:33:36,321 [INFO] [OK] Brazil/GFS_ENSEMBLE_Corn_Winter/cumulative dia 04 (2026-04-25 → 2026-04-29) 49184 bytes
2026-04-25 09:33:37,273 [INFO] [OK] Brazil/GFS_ENSEMBLE_Corn_Winter/cumulative dia 06 (2026-04-25 → 2026-05-01) 49201 bytes
2026-04-25 09:33:37,303 [INFO] [OK] Brazil/GFS_ENSEMBLE_Corn_Winter/cumulative dia 05 (2026-04-25 → 2026-04-30) 48631 bytes
2026-04-25 09:33:37,446 [INFO] [OK] Brazil/GFS_ENSEMBLE_Corn_Winter/cumulative dia 07 (2026-04-25 → 2026-05-02) 49027 bytes
2026-04-25 09:33:37,585 [INFO] [OK] Brazil/GFS_ENSEMBLE_Corn_Winter/cumulative dia 08 (2026-04-25 → 2026-05-03) 48986 bytes
2026-04-25 09:33:38,453 [INFO] [OK] Brazil/GFS_ENSEMBLE_Corn_Winter/cumulative dia 09 (2026-04-25 → 2026-05-04) 49117 bytes
2026-04-25 09:33:38,595 [INFO] [OK] Brazil/GFS_ENSEMBLE_Corn_Winter/cumulative dia 10 (2026-04-25 → 2026-05-05) 49165 bytes
2026-04-25 09:33:39,420 [INFO] [OK] Brazil/GFS_ENSEMBLE_Corn_Winter/cumulative dia 11 (2026-04-25 → 2026-05-06) 49119 bytes
2026-04-25 09:33:39,765 [INFO] [OK] Brazil/GFS_ENSEMBLE_Corn_Winter/cumulative dia 12 (2026-04-25 → 2026-05-07) 49204 bytes
2026-04-25 09:33:39,868 [INFO] [OK] Brazil/GFS_ENSEMBLE_Corn_Winter/cumulative dia 13 (2026-04-25 → 2026-05-08) 49389 bytes
2026-04-25 09:33:40,001 [INFO] [OK] Brazil/GFS_ENSEMBLE_Corn_Winter/cumulative dia 14 (2026-04-25 → 2026-05-09) 49379 bytes
2026-04-25 09:33:40,123 [INFO] [OK] Brazil/ECM_ENSEMBLE_Soy/daily dia 00 (2026-04-25 → 2026-04-25) 52722 bytes
2026-04-25 09:33:40,176 [INFO] [OK] Brazil/ECM_ENSEMBLE_Soy/daily dia 01 (2026-04-26 → 2026-04-26) 49509 bytes
2026-04-25 09:33:41,165 [INFO] [OK] Brazil/ECM_ENSEMBLE_Soy/daily dia 04 (2026-04-29 → 2026-04-29) 48339 bytes
2026-04-25 09:33:41,193 [INFO] [OK] Brazil/ECM_ENSEMBLE_Soy/daily dia 02 (2026-04-27 → 2026-04-27) 47204 bytes
2026-04-25 09:33:41,671 [INFO] [OK] Brazil/ECM_ENSEMBLE_Soy/daily dia 03 (2026-04-28 → 2026-04-28) 48093 bytes
2026-04-25 09:33:41,671 [INFO] [OK] Brazil/ECM_ENSEMBLE_Soy/daily dia 07 (2026-05-02 → 2026-05-02) 48671 bytes
2026-04-25 09:33:41,673 [INFO] [OK] Brazil/ECM_ENSEMBLE_Soy/daily dia 05 (2026-04-30 → 2026-04-30) 47654 bytes
2026-04-25 09:33:41,924 [INFO] [OK] Brazil/ECM_ENSEMBLE_Soy/daily dia 06 (2026-05-01 → 2026-05-01) 47726 bytes
2026-04-25 09:33:42,565 [INFO] [OK] Brazil/ECM_ENSEMBLE_Soy/daily dia 08 (2026-05-03 → 2026-05-03) 49294 bytes
2026-04-25 09:33:43,007 [INFO] [OK] Brazil/ECM_ENSEMBLE_Soy/daily dia 11 (2026-05-06 → 2026-05-06) 50751 bytes
2026-04-25 09:33:43,183 [INFO] [OK] Brazil/ECM_ENSEMBLE_Soy/daily dia 09 (2026-05-04 → 2026-05-04) 50607 bytes
2026-04-25 09:33:43,753 [INFO] [OK] Brazil/ECM_ENSEMBLE_Soy/daily dia 12 (2026-05-07 → 2026-05-07) 51131 bytes
2026-04-25 09:33:44,193 [INFO] [OK] Brazil/ECM_ENSEMBLE_Soy/daily dia 10 (2026-05-05 → 2026-05-05) 51213 bytes
2026-04-25 09:33:44,374 [INFO] [OK] Brazil/ECM_ENSEMBLE_Soy/daily dia 13 (2026-05-08 → 2026-05-08) 53100 bytes
2026-04-25 09:33:44,460 [INFO] [OK] Brazil/ECM_ENSEMBLE_Soy/cumulative dia 00 (2026-04-25 → 2026-04-25) 52722 bytes
2026-04-25 09:33:45,150 [INFO] [OK] Brazil/ECM_ENSEMBLE_Soy/cumulative dia 01 (2026-04-25 → 2026-04-26) 52274 bytes
2026-04-25 09:33:45,157 [INFO] [OK] Brazil/ECM_ENSEMBLE_Soy/daily dia 14 (2026-05-09 → 2026-05-09) 51087 bytes
2026-04-25 09:33:45,443 [INFO] [OK] Brazil/ECM_ENSEMBLE_Soy/cumulative dia 02 (2026-04-25 → 2026-04-27) 51825 bytes
2026-04-25 09:33:45,832 [INFO] [OK] Brazil/ECM_ENSEMBLE_Soy/cumulative dia 03 (2026-04-25 → 2026-04-28) 51886 bytes
2026-04-25 09:33:46,197 [INFO] [OK] Brazil/ECM_ENSEMBLE_Soy/cumulative dia 04 (2026-04-25 → 2026-04-29) 51653 bytes
2026-04-25 09:33:46,336 [INFO] [OK] Brazil/ECM_ENSEMBLE_Soy/cumulative dia 05 (2026-04-25 → 2026-04-30) 51219 bytes
2026-04-25 09:33:46,920 [INFO] [OK] Brazil/ECM_ENSEMBLE_Soy/cumulative dia 06 (2026-04-25 → 2026-05-01) 51776 bytes
2026-04-25 09:33:47,011 [INFO] [OK] Brazil/ECM_ENSEMBLE_Soy/cumulative dia 07 (2026-04-25 → 2026-05-02) 51812 bytes
2026-04-25 09:33:47,846 [INFO] [OK] Brazil/ECM_ENSEMBLE_Soy/cumulative dia 08 (2026-04-25 → 2026-05-03) 51466 bytes
2026-04-25 09:33:48,102 [INFO] [OK] Brazil/ECM_ENSEMBLE_Soy/cumulative dia 09 (2026-04-25 → 2026-05-04) 51899 bytes
2026-04-25 09:33:48,514 [INFO] [OK] Brazil/ECM_ENSEMBLE_Soy/cumulative dia 10 (2026-04-25 → 2026-05-05) 52136 bytes
2026-04-25 09:33:48,648 [INFO] [OK] Brazil/ECM_ENSEMBLE_Soy/cumulative dia 11 (2026-04-25 → 2026-05-06) 52215 bytes
2026-04-25 09:33:49,116 [INFO] [OK] Brazil/ECM_ENSEMBLE_Soy/cumulative dia 12 (2026-04-25 → 2026-05-07) 52109 bytes
2026-04-25 09:33:49,814 [INFO] [OK] Brazil/ECM_ENSEMBLE_Corn_Winter/daily dia 00 (2026-04-25 → 2026-04-25) 51069 bytes
2026-04-25 09:33:49,925 [INFO] [OK] Brazil/ECM_ENSEMBLE_Soy/cumulative dia 13 (2026-04-25 → 2026-05-08) 52037 bytes
2026-04-25 09:33:49,950 [INFO] [OK] Brazil/ECM_ENSEMBLE_Corn_Winter/daily dia 02 (2026-04-27 → 2026-04-27) 45801 bytes
2026-04-25 09:33:50,239 [INFO] [OK] Brazil/ECM_ENSEMBLE_Corn_Winter/daily dia 01 (2026-04-26 → 2026-04-26) 47881 bytes
2026-04-25 09:33:50,375 [INFO] [OK] Brazil/ECM_ENSEMBLE_Corn_Winter/daily dia 03 (2026-04-28 → 2026-04-28) 46522 bytes
2026-04-25 09:33:50,384 [INFO] [OK] Brazil/ECM_ENSEMBLE_Soy/cumulative dia 14 (2026-04-25 → 2026-05-09) 52454 bytes
2026-04-25 09:33:51,122 [INFO] [OK] Brazil/ECM_ENSEMBLE_Corn_Winter/daily dia 04 (2026-04-29 → 2026-04-29) 46765 bytes
2026-04-25 09:33:51,580 [INFO] [OK] Brazil/ECM_ENSEMBLE_Corn_Winter/daily dia 05 (2026-04-30 → 2026-04-30) 46364 bytes
2026-04-25 09:33:51,618 [INFO] [OK] Brazil/ECM_ENSEMBLE_Corn_Winter/daily dia 06 (2026-05-01 → 2026-05-01) 46641 bytes
2026-04-25 09:33:51,755 [INFO] [OK] Brazil/ECM_ENSEMBLE_Corn_Winter/daily dia 07 (2026-05-02 → 2026-05-02) 47273 bytes
2026-04-25 09:33:51,920 [INFO] [OK] Brazil/ECM_ENSEMBLE_Corn_Winter/daily dia 09 (2026-05-04 → 2026-05-04) 49212 bytes
2026-04-25 09:33:52,112 [INFO] [OK] Brazil/ECM_ENSEMBLE_Corn_Winter/daily dia 08 (2026-05-03 → 2026-05-03) 47702 bytes
2026-04-25 09:33:52,720 [INFO] [OK] Brazil/ECM_ENSEMBLE_Corn_Winter/daily dia 10 (2026-05-05 → 2026-05-05) 49747 bytes
2026-04-25 09:33:53,407 [INFO] [OK] Brazil/ECM_ENSEMBLE_Corn_Winter/cumulative dia 00 (2026-04-25 → 2026-04-25) 51069 bytes
2026-04-25 09:33:53,414 [INFO] [OK] Brazil/ECM_ENSEMBLE_Corn_Winter/daily dia 12 (2026-05-07 → 2026-05-07) 49707 bytes
2026-04-25 09:33:53,535 [INFO] [OK] Brazil/ECM_ENSEMBLE_Corn_Winter/daily dia 11 (2026-05-06 → 2026-05-06) 49378 bytes
2026-04-25 09:33:53,802 [INFO] [OK] Brazil/ECM_ENSEMBLE_Corn_Winter/daily dia 13 (2026-05-08 → 2026-05-08) 51655 bytes
2026-04-25 09:33:54,003 [INFO] [OK] Brazil/ECM_ENSEMBLE_Corn_Winter/daily dia 14 (2026-05-09 → 2026-05-09) 49492 bytes
2026-04-25 09:33:54,264 [INFO] [OK] Brazil/ECM_ENSEMBLE_Corn_Winter/cumulative dia 01 (2026-04-25 → 2026-04-26) 50620 bytes
2026-04-25 09:33:55,103 [INFO] [OK] Brazil/ECM_ENSEMBLE_Corn_Winter/cumulative dia 02 (2026-04-25 → 2026-04-27) 50101 bytes
2026-04-25 09:33:55,121 [INFO] [OK] Brazil/ECM_ENSEMBLE_Corn_Winter/cumulative dia 04 (2026-04-25 → 2026-04-29) 50244 bytes
2026-04-25 09:33:55,222 [INFO] [OK] Brazil/ECM_ENSEMBLE_Corn_Winter/cumulative dia 03 (2026-04-25 → 2026-04-28) 50104 bytes
2026-04-25 09:33:56,275 [INFO] [OK] Brazil/ECM_ENSEMBLE_Corn_Winter/cumulative dia 06 (2026-04-25 → 2026-05-01) 50183 bytes
2026-04-25 09:33:56,288 [INFO] [OK] Brazil/ECM_ENSEMBLE_Corn_Winter/cumulative dia 05 (2026-04-25 → 2026-04-30) 49703 bytes
2026-04-25 09:33:56,350 [INFO] [OK] Brazil/ECM_ENSEMBLE_Corn_Winter/cumulative dia 07 (2026-04-25 → 2026-05-02) 50388 bytes
2026-04-25 09:33:57,026 [INFO] [OK] Brazil/ECM_ENSEMBLE_Corn_Winter/cumulative dia 08 (2026-04-25 → 2026-05-03) 50102 bytes
2026-04-25 09:33:57,261 [INFO] [OK] Brazil/ECM_ENSEMBLE_Corn_Winter/cumulative dia 10 (2026-04-25 → 2026-05-05) 50712 bytes
2026-04-25 09:33:57,310 [INFO] [OK] Brazil/ECM_ENSEMBLE_Corn_Winter/cumulative dia 09 (2026-04-25 → 2026-05-04) 50644 bytes
2026-04-25 09:33:58,727 [INFO] [OK] Argentina/GFS_ENSEMBLE_Soy/daily dia 00 (2026-04-25 → 2026-04-25) 39953 bytes
2026-04-25 09:33:58,782 [INFO] [OK] Argentina/GFS_ENSEMBLE_Soy/daily dia 01 (2026-04-26 → 2026-04-26) 37241 bytes
2026-04-25 09:33:58,793 [INFO] [OK] Brazil/ECM_ENSEMBLE_Corn_Winter/cumulative dia 11 (2026-04-25 → 2026-05-06) 50689 bytes
2026-04-25 09:33:58,738 [INFO] [OK] Brazil/ECM_ENSEMBLE_Corn_Winter/cumulative dia 12 (2026-04-25 → 2026-05-07) 50682 bytes
2026-04-25 09:33:59,018 [INFO] [OK] Brazil/ECM_ENSEMBLE_Corn_Winter/cumulative dia 13 (2026-04-25 → 2026-05-08) 50572 bytes
2026-04-25 09:33:59,385 [INFO] [OK] Brazil/ECM_ENSEMBLE_Corn_Winter/cumulative dia 14 (2026-04-25 → 2026-05-09) 50941 bytes
2026-04-25 09:33:59,889 [INFO] [OK] Argentina/GFS_ENSEMBLE_Soy/daily dia 03 (2026-04-28 → 2026-04-28) 36636 bytes
2026-04-25 09:34:00,573 [INFO] [OK] Argentina/GFS_ENSEMBLE_Soy/daily dia 05 (2026-04-30 → 2026-04-30) 36603 bytes
2026-04-25 09:34:00,617 [INFO] [OK] Argentina/GFS_ENSEMBLE_Soy/daily dia 04 (2026-04-29 → 2026-04-29) 37148 bytes
2026-04-25 09:34:00,619 [INFO] [OK] Argentina/GFS_ENSEMBLE_Soy/daily dia 02 (2026-04-27 → 2026-04-27) 35710 bytes
2026-04-25 09:34:00,729 [INFO] [OK] Argentina/GFS_ENSEMBLE_Soy/daily dia 06 (2026-05-01 → 2026-05-01) 37936 bytes
2026-04-25 09:34:00,869 [INFO] [OK] Argentina/GFS_ENSEMBLE_Soy/daily dia 07 (2026-05-02 → 2026-05-02) 40548 bytes
2026-04-25 09:34:01,044 [INFO] [OK] Argentina/GFS_ENSEMBLE_Soy/daily dia 08 (2026-05-03 → 2026-05-03) 41953 bytes
2026-04-25 09:34:01,859 [INFO] [OK] Argentina/GFS_ENSEMBLE_Soy/daily dia 11 (2026-05-06 → 2026-05-06) 42241 bytes
2026-04-25 09:34:01,890 [INFO] [OK] Argentina/GFS_ENSEMBLE_Soy/daily dia 10 (2026-05-05 → 2026-05-05) 40123 bytes
2026-04-25 09:34:01,892 [INFO] [OK] Argentina/GFS_ENSEMBLE_Soy/daily dia 09 (2026-05-04 → 2026-05-04) 41272 bytes
2026-04-25 09:34:01,893 [INFO] [OK] Argentina/GFS_ENSEMBLE_Soy/daily dia 13 (2026-05-08 → 2026-05-08) 45364 bytes
2026-04-25 09:34:02,031 [INFO] [OK] Argentina/GFS_ENSEMBLE_Soy/daily dia 12 (2026-05-07 → 2026-05-07) 43012 bytes
2026-04-25 09:34:02,147 [INFO] [OK] Argentina/GFS_ENSEMBLE_Soy/daily dia 14 (2026-05-09 → 2026-05-09) 45555 bytes
2026-04-25 09:34:03,006 [INFO] [OK] Argentina/GFS_ENSEMBLE_Soy/cumulative dia 02 (2026-04-25 → 2026-04-27) 39898 bytes
2026-04-25 09:34:03,316 [INFO] [OK] Argentina/GFS_ENSEMBLE_Soy/cumulative dia 05 (2026-04-25 → 2026-04-30) 40499 bytes
2026-04-25 09:34:03,334 [INFO] [OK] Argentina/GFS_ENSEMBLE_Soy/cumulative dia 04 (2026-04-25 → 2026-04-29) 40784 bytes
2026-04-25 09:34:03,696 [INFO] [OK] Argentina/GFS_ENSEMBLE_Soy/cumulative dia 01 (2026-04-25 → 2026-04-26) 40232 bytes
2026-04-25 09:34:03,769 [INFO] [OK] Argentina/GFS_ENSEMBLE_Soy/cumulative dia 00 (2026-04-25 → 2026-04-25) 39953 bytes
2026-04-25 09:34:03,849 [INFO] [OK] Argentina/GFS_ENSEMBLE_Soy/cumulative dia 03 (2026-04-25 → 2026-04-28) 40724 bytes
2026-04-25 09:34:04,210 [INFO] [OK] Argentina/GFS_ENSEMBLE_Soy/cumulative dia 06 (2026-04-25 → 2026-05-01) 40685 bytes
2026-04-25 09:34:04,635 [INFO] [OK] Argentina/GFS_ENSEMBLE_Soy/cumulative dia 07 (2026-04-25 → 2026-05-02) 40752 bytes
2026-04-25 09:34:04,705 [INFO] [OK] Argentina/GFS_ENSEMBLE_Soy/cumulative dia 08 (2026-04-25 → 2026-05-03) 40801 bytes
2026-04-25 09:34:05,151 [INFO] [OK] Argentina/GFS_ENSEMBLE_Soy/cumulative dia 09 (2026-04-25 → 2026-05-04) 41044 bytes
2026-04-25 09:34:05,238 [INFO] [OK] Argentina/GFS_ENSEMBLE_Soy/cumulative dia 10 (2026-04-25 → 2026-05-05) 41141 bytes
2026-04-25 09:34:05,321 [INFO] [OK] Argentina/GFS_ENSEMBLE_Soy/cumulative dia 11 (2026-04-25 → 2026-05-06) 41194 bytes
2026-04-25 09:34:05,735 [INFO] [OK] Argentina/GFS_ENSEMBLE_Soy/cumulative dia 12 (2026-04-25 → 2026-05-07) 41288 bytes
2026-04-25 09:34:06,165 [INFO] [OK] Argentina/GFS_ENSEMBLE_Corn_Winter/daily dia 01 (2026-04-26 → 2026-04-26) 35580 bytes
2026-04-25 09:34:06,195 [INFO] [OK] Argentina/GFS_ENSEMBLE_Soy/cumulative dia 13 (2026-04-25 → 2026-05-08) 41494 bytes
2026-04-25 09:34:06,601 [INFO] [OK] Argentina/GFS_ENSEMBLE_Corn_Winter/daily dia 00 (2026-04-25 → 2026-04-25) 37999 bytes
2026-04-25 09:34:06,651 [INFO] [OK] Argentina/GFS_ENSEMBLE_Corn_Winter/daily dia 02 (2026-04-27 → 2026-04-27) 34094 bytes
2026-04-25 09:34:06,659 [INFO] [OK] Argentina/GFS_ENSEMBLE_Soy/cumulative dia 14 (2026-04-25 → 2026-05-09) 41750 bytes
2026-04-25 09:34:06,677 [INFO] [OK] Argentina/GFS_ENSEMBLE_Corn_Winter/daily dia 03 (2026-04-28 → 2026-04-28) 35108 bytes
2026-04-25 09:34:07,195 [INFO] [OK] Argentina/GFS_ENSEMBLE_Corn_Winter/daily dia 05 (2026-04-30 → 2026-04-30) 35006 bytes
2026-04-25 09:34:07,230 [INFO] [OK] Argentina/GFS_ENSEMBLE_Corn_Winter/daily dia 04 (2026-04-29 → 2026-04-29) 35564 bytes
2026-04-25 09:34:07,589 [INFO] [OK] Argentina/GFS_ENSEMBLE_Corn_Winter/daily dia 06 (2026-05-01 → 2026-05-01) 36343 bytes
2026-04-25 09:34:07,873 [INFO] [OK] Argentina/GFS_ENSEMBLE_Corn_Winter/daily dia 09 (2026-05-04 → 2026-05-04) 39321 bytes
2026-04-25 09:34:07,917 [INFO] [OK] Argentina/GFS_ENSEMBLE_Corn_Winter/daily dia 08 (2026-05-03 → 2026-05-03) 40100 bytes
2026-04-25 09:34:07,920 [INFO] [OK] Argentina/GFS_ENSEMBLE_Corn_Winter/daily dia 07 (2026-05-02 → 2026-05-02) 39006 bytes
2026-04-25 09:34:08,474 [INFO] [OK] Argentina/GFS_ENSEMBLE_Corn_Winter/daily dia 10 (2026-05-05 → 2026-05-05) 38357 bytes
2026-04-25 09:34:08,564 [INFO] [OK] Argentina/GFS_ENSEMBLE_Corn_Winter/daily dia 11 (2026-05-06 → 2026-05-06) 40742 bytes
2026-04-25 09:34:08,644 [INFO] [OK] Argentina/GFS_ENSEMBLE_Corn_Winter/daily dia 12 (2026-05-07 → 2026-05-07) 41451 bytes
2026-04-25 09:34:09,353 [INFO] [OK] Argentina/GFS_ENSEMBLE_Corn_Winter/cumulative dia 00 (2026-04-25 → 2026-04-25) 37999 bytes
2026-04-25 09:34:09,499 [INFO] [OK] Argentina/GFS_ENSEMBLE_Corn_Winter/daily dia 14 (2026-05-09 → 2026-05-09) 43795 bytes
2026-04-25 09:34:09,570 [INFO] [OK] Argentina/GFS_ENSEMBLE_Corn_Winter/cumulative dia 01 (2026-04-25 → 2026-04-26) 38545 bytes
2026-04-25 09:34:09,600 [INFO] [OK] Argentina/GFS_ENSEMBLE_Corn_Winter/daily dia 13 (2026-05-08 → 2026-05-08) 43795 bytes
2026-04-25 09:34:09,771 [INFO] [OK] Argentina/GFS_ENSEMBLE_Corn_Winter/cumulative dia 02 (2026-04-25 → 2026-04-27) 37995 bytes
2026-04-25 09:34:09,918 [INFO] [OK] Argentina/GFS_ENSEMBLE_Corn_Winter/cumulative dia 03 (2026-04-25 → 2026-04-28) 39180 bytes
2026-04-25 09:34:10,677 [INFO] [OK] Argentina/GFS_ENSEMBLE_Corn_Winter/cumulative dia 05 (2026-04-25 → 2026-04-30) 38840 bytes
2026-04-25 09:34:11,104 [INFO] [OK] Argentina/GFS_ENSEMBLE_Corn_Winter/cumulative dia 08 (2026-04-25 → 2026-05-03) 39196 bytes
2026-04-25 09:34:11,272 [INFO] [OK] Argentina/GFS_ENSEMBLE_Corn_Winter/cumulative dia 06 (2026-04-25 → 2026-05-01) 39238 bytes
2026-04-25 09:34:11,384 [INFO] [OK] Argentina/GFS_ENSEMBLE_Corn_Winter/cumulative dia 04 (2026-04-25 → 2026-04-29) 39309 bytes
2026-04-25 09:34:11,469 [INFO] [OK] Argentina/GFS_ENSEMBLE_Corn_Winter/cumulative dia 07 (2026-04-25 → 2026-05-02) 39198 bytes
2026-04-25 09:34:11,585 [INFO] [OK] Argentina/GFS_ENSEMBLE_Corn_Winter/cumulative dia 09 (2026-04-25 → 2026-05-04) 39346 bytes
2026-04-25 09:34:12,194 [INFO] [OK] Argentina/GFS_ENSEMBLE_Corn_Winter/cumulative dia 10 (2026-04-25 → 2026-05-05) 39264 bytes
2026-04-25 09:34:12,860 [INFO] [OK] Argentina/ECM_ENSEMBLE_Soy/daily dia 00 (2026-04-25 → 2026-04-25) 41560 bytes
2026-04-25 09:34:12,947 [INFO] [OK] Argentina/GFS_ENSEMBLE_Corn_Winter/cumulative dia 12 (2026-04-25 → 2026-05-07) 39693 bytes
2026-04-25 09:34:12,957 [INFO] [OK] Argentina/GFS_ENSEMBLE_Corn_Winter/cumulative dia 11 (2026-04-25 → 2026-05-06) 39533 bytes
2026-04-25 09:34:13,153 [INFO] [OK] Argentina/GFS_ENSEMBLE_Corn_Winter/cumulative dia 14 (2026-04-25 → 2026-05-09) 40001 bytes
2026-04-25 09:34:13,292 [INFO] [OK] Argentina/GFS_ENSEMBLE_Corn_Winter/cumulative dia 13 (2026-04-25 → 2026-05-08) 39899 bytes
2026-04-25 09:34:13,323 [INFO] [OK] Argentina/ECM_ENSEMBLE_Soy/daily dia 01 (2026-04-26 → 2026-04-26) 39355 bytes
2026-04-25 09:34:13,843 [INFO] [OK] Argentina/ECM_ENSEMBLE_Soy/daily dia 02 (2026-04-27 → 2026-04-27) 36712 bytes
2026-04-25 09:34:14,025 [INFO] [OK] Argentina/ECM_ENSEMBLE_Soy/daily dia 03 (2026-04-28 → 2026-04-28) 37778 bytes
2026-04-25 09:34:14,029 [INFO] [OK] Argentina/ECM_ENSEMBLE_Soy/daily dia 04 (2026-04-29 → 2026-04-29) 37964 bytes
2026-04-25 09:34:14,325 [INFO] [OK] Argentina/ECM_ENSEMBLE_Soy/daily dia 05 (2026-04-30 → 2026-04-30) 37558 bytes
2026-04-25 09:34:14,386 [INFO] [OK] Argentina/ECM_ENSEMBLE_Soy/daily dia 06 (2026-05-01 → 2026-05-01) 37314 bytes
2026-04-25 09:34:14,389 [INFO] [OK] Argentina/ECM_ENSEMBLE_Soy/daily dia 07 (2026-05-02 → 2026-05-02) 39179 bytes
2026-04-25 09:34:14,798 [INFO] [OK] Argentina/ECM_ENSEMBLE_Soy/daily dia 08 (2026-05-03 → 2026-05-03) 41670 bytes
2026-04-25 09:34:15,381 [INFO] [OK] Argentina/ECM_ENSEMBLE_Soy/daily dia 10 (2026-05-05 → 2026-05-05) 43395 bytes
2026-04-25 09:34:15,402 [INFO] [OK] Argentina/ECM_ENSEMBLE_Soy/daily dia 12 (2026-05-07 → 2026-05-07) 42167 bytes
2026-04-25 09:34:15,495 [INFO] [OK] Argentina/ECM_ENSEMBLE_Soy/daily dia 09 (2026-05-04 → 2026-05-04) 42578 bytes
2026-04-25 09:34:15,683 [INFO] [OK] Argentina/ECM_ENSEMBLE_Soy/daily dia 11 (2026-05-06 → 2026-05-06) 41861 bytes
2026-04-25 09:34:15,742 [INFO] [OK] Argentina/ECM_ENSEMBLE_Soy/daily dia 13 (2026-05-08 → 2026-05-08) 44302 bytes
2026-04-25 09:34:15,998 [INFO] [OK] Argentina/ECM_ENSEMBLE_Soy/daily dia 14 (2026-05-09 → 2026-05-09) 42834 bytes
2026-04-25 09:34:16,892 [INFO] [OK] Argentina/ECM_ENSEMBLE_Soy/cumulative dia 03 (2026-04-25 → 2026-04-28) 41539 bytes
2026-04-25 09:34:16,895 [INFO] [OK] Argentina/ECM_ENSEMBLE_Soy/cumulative dia 00 (2026-04-25 → 2026-04-25) 41560 bytes
2026-04-25 09:34:16,955 [INFO] [OK] Argentina/ECM_ENSEMBLE_Soy/cumulative dia 04 (2026-04-25 → 2026-04-29) 41411 bytes
2026-04-25 09:34:16,957 [INFO] [OK] Argentina/ECM_ENSEMBLE_Soy/cumulative dia 02 (2026-04-25 → 2026-04-27) 41336 bytes
2026-04-25 09:34:16,958 [INFO] [OK] Argentina/ECM_ENSEMBLE_Soy/cumulative dia 01 (2026-04-25 → 2026-04-26) 41904 bytes
2026-04-25 09:34:17,189 [INFO] [OK] Argentina/ECM_ENSEMBLE_Soy/cumulative dia 05 (2026-04-25 → 2026-04-30) 41191 bytes
2026-04-25 09:34:18,613 [INFO] [OK] Argentina/ECM_ENSEMBLE_Soy/cumulative dia 06 (2026-04-25 → 2026-05-01) 42159 bytes
2026-04-25 09:34:18,735 [INFO] [OK] Argentina/ECM_ENSEMBLE_Soy/cumulative dia 08 (2026-04-25 → 2026-05-03) 42261 bytes
2026-04-25 09:34:18,868 [INFO] [OK] Argentina/ECM_ENSEMBLE_Soy/cumulative dia 07 (2026-04-25 → 2026-05-02) 41999 bytes
2026-04-25 09:34:18,969 [INFO] [OK] Argentina/ECM_ENSEMBLE_Soy/cumulative dia 09 (2026-04-25 → 2026-05-04) 42784 bytes
2026-04-25 09:34:19,033 [INFO] [OK] Argentina/ECM_ENSEMBLE_Soy/cumulative dia 10 (2026-04-25 → 2026-05-05) 42877 bytes
2026-04-25 09:34:19,075 [INFO] [OK] Argentina/ECM_ENSEMBLE_Soy/cumulative dia 11 (2026-04-25 → 2026-05-06) 43126 bytes
2026-04-25 09:34:20,258 [INFO] [OK] Argentina/ECM_ENSEMBLE_Corn_Winter/daily dia 02 (2026-04-27 → 2026-04-27) 35231 bytes
2026-04-25 09:34:20,294 [INFO] [OK] Argentina/ECM_ENSEMBLE_Corn_Winter/daily dia 01 (2026-04-26 → 2026-04-26) 37600 bytes
2026-04-25 09:34:20,323 [INFO] [OK] Argentina/ECM_ENSEMBLE_Corn_Winter/daily dia 00 (2026-04-25 → 2026-04-25) 39764 bytes
2026-04-25 09:34:20,454 [INFO] [OK] Argentina/ECM_ENSEMBLE_Soy/cumulative dia 13 (2026-04-25 → 2026-05-08) 42863 bytes
2026-04-25 09:34:20,500 [INFO] [OK] Argentina/ECM_ENSEMBLE_Soy/cumulative dia 12 (2026-04-25 → 2026-05-07) 42880 bytes
2026-04-25 09:34:20,588 [INFO] [OK] Argentina/ECM_ENSEMBLE_Soy/cumulative dia 14 (2026-04-25 → 2026-05-09) 43074 bytes
2026-04-25 09:34:21,306 [INFO] [OK] Argentina/ECM_ENSEMBLE_Corn_Winter/daily dia 04 (2026-04-29 → 2026-04-29) 36317 bytes
2026-04-25 09:34:21,489 [INFO] [OK] Argentina/ECM_ENSEMBLE_Corn_Winter/daily dia 07 (2026-05-02 → 2026-05-02) 37498 bytes
2026-04-25 09:34:21,571 [INFO] [OK] Argentina/ECM_ENSEMBLE_Corn_Winter/daily dia 03 (2026-04-28 → 2026-04-28) 36046 bytes
2026-04-25 09:34:21,711 [INFO] [OK] Argentina/ECM_ENSEMBLE_Corn_Winter/daily dia 05 (2026-04-30 → 2026-04-30) 35884 bytes
2026-04-25 09:34:21,982 [INFO] [OK] Argentina/ECM_ENSEMBLE_Corn_Winter/daily dia 06 (2026-05-01 → 2026-05-01) 35976 bytes
2026-04-25 09:34:22,012 [INFO] [OK] Argentina/ECM_ENSEMBLE_Corn_Winter/daily dia 08 (2026-05-03 → 2026-05-03) 39870 bytes
2026-04-25 09:34:22,408 [INFO] [OK] Argentina/ECM_ENSEMBLE_Corn_Winter/daily dia 09 (2026-05-04 → 2026-05-04) 41050 bytes
2026-04-25 09:34:22,870 [INFO] [OK] Argentina/ECM_ENSEMBLE_Corn_Winter/daily dia 10 (2026-05-05 → 2026-05-05) 41529 bytes
2026-04-25 09:34:22,934 [INFO] [OK] Argentina/ECM_ENSEMBLE_Corn_Winter/daily dia 11 (2026-05-06 → 2026-05-06) 40256 bytes
2026-04-25 09:34:23,287 [INFO] [OK] Argentina/ECM_ENSEMBLE_Corn_Winter/daily dia 12 (2026-05-07 → 2026-05-07) 40718 bytes
2026-04-25 09:34:23,431 [INFO] [OK] Argentina/ECM_ENSEMBLE_Corn_Winter/cumulative dia 00 (2026-04-25 → 2026-04-25) 39764 bytes
2026-04-25 09:34:23,545 [INFO] [OK] Argentina/ECM_ENSEMBLE_Corn_Winter/daily dia 13 (2026-05-08 → 2026-05-08) 42607 bytes
2026-04-25 09:34:23,548 [INFO] [OK] Argentina/ECM_ENSEMBLE_Corn_Winter/daily dia 14 (2026-05-09 → 2026-05-09) 41237 bytes
2026-04-25 09:34:24,204 [INFO] [OK] Argentina/ECM_ENSEMBLE_Corn_Winter/cumulative dia 01 (2026-04-25 → 2026-04-26) 40015 bytes
2026-04-25 09:34:24,211 [INFO] [OK] Argentina/ECM_ENSEMBLE_Corn_Winter/cumulative dia 02 (2026-04-25 → 2026-04-27) 39714 bytes
2026-04-25 09:34:24,433 [INFO] [OK] Argentina/ECM_ENSEMBLE_Corn_Winter/cumulative dia 03 (2026-04-25 → 2026-04-28) 39691 bytes
2026-04-25 09:34:24,845 [INFO] [OK] Argentina/ECM_ENSEMBLE_Corn_Winter/cumulative dia 05 (2026-04-25 → 2026-04-30) 39552 bytes
2026-04-25 09:34:24,955 [INFO] [OK] Argentina/ECM_ENSEMBLE_Corn_Winter/cumulative dia 04 (2026-04-25 → 2026-04-29) 39900 bytes
2026-04-25 09:34:25,083 [INFO] [OK] Argentina/ECM_ENSEMBLE_Corn_Winter/cumulative dia 06 (2026-04-25 → 2026-05-01) 40498 bytes
2026-04-25 09:34:25,537 [INFO] [OK] Argentina/ECM_ENSEMBLE_Corn_Winter/cumulative dia 08 (2026-04-25 → 2026-05-03) 40775 bytes
2026-04-25 09:34:25,614 [INFO] [OK] Argentina/ECM_ENSEMBLE_Corn_Winter/cumulative dia 07 (2026-04-25 → 2026-05-02) 40375 bytes
2026-04-25 09:34:25,884 [INFO] [OK] Argentina/ECM_ENSEMBLE_Corn_Winter/cumulative dia 09 (2026-04-25 → 2026-05-04) 41323 bytes
2026-04-25 09:34:26,327 [INFO] [OK] Argentina/ECM_ENSEMBLE_Corn_Winter/cumulative dia 10 (2026-04-25 → 2026-05-05) 41160 bytes
2026-04-25 09:34:26,592 [INFO] [OK] Argentina/ECM_ENSEMBLE_Corn_Winter/cumulative dia 11 (2026-04-25 → 2026-05-06) 41481 bytes
2026-04-25 09:34:26,700 [INFO] [OK] Argentina/ECM_ENSEMBLE_Corn_Winter/cumulative dia 12 (2026-04-25 → 2026-05-07) 41331 bytes
2026-04-25 09:34:27,841 [INFO] [OK] Argentina/ECM_ENSEMBLE_Corn_Winter/cumulative dia 13 (2026-04-25 → 2026-05-08) 41330 bytes
2026-04-25 09:34:27,842 [INFO] [OK] Argentina/ECM_ENSEMBLE_Corn_Winter/cumulative dia 14 (2026-04-25 → 2026-05-09) 41307 bytes
2026-04-25 09:34:27,846 [INFO] Resumo: 240/240 sucessos, 0 erros
2026-04-25 09:34:27,864 [INFO] Manifest: C:\Users\server\OneDrive - CGB Enterprises, Inc\ZGC-PBI Research - Documents\Dataset Data Files\Weather_maps\manifest.json
2026-04-25 09:34:27,865 [INFO] [GIT] Iniciando sincronização com GitHub...
2026-04-25 09:34:57,586 [INFO] [GIT] Sucesso ✓
2026-04-25 09:34:57,587 [INFO] ✓ Sincronizado com GitHub — Power BI atualiza no próximo refresh
