2026-05-20 09:33:18,631 [INFO] === Execução 2026-05-20 | modo=both | dias=15 | parâmetro=PRCP_DEP ===
2026-05-20 09:33:18,637 [INFO] Baixando 240 mapas com 6 threads...
2026-05-20 09:33:21,127 [INFO] [OK] Brazil/GFS_ENSEMBLE_Soy/daily dia 01 (2026-05-21 → 2026-05-21) 37980 bytes
2026-05-20 09:33:21,133 [INFO] [OK] Brazil/GFS_ENSEMBLE_Soy/daily dia 00 (2026-05-20 → 2026-05-20) 38890 bytes
2026-05-20 09:33:21,162 [INFO] [OK] Brazil/GFS_ENSEMBLE_Soy/daily dia 04 (2026-05-24 → 2026-05-24) 43314 bytes
2026-05-20 09:33:21,198 [INFO] [OK] Brazil/GFS_ENSEMBLE_Soy/daily dia 05 (2026-05-25 → 2026-05-25) 46298 bytes
2026-05-20 09:33:21,223 [INFO] [OK] Brazil/GFS_ENSEMBLE_Soy/daily dia 02 (2026-05-22 → 2026-05-22) 41299 bytes
2026-05-20 09:33:21,262 [INFO] [OK] Brazil/GFS_ENSEMBLE_Soy/daily dia 03 (2026-05-23 → 2026-05-23) 41238 bytes
2026-05-20 09:33:22,559 [INFO] [OK] Brazil/GFS_ENSEMBLE_Soy/daily dia 07 (2026-05-27 → 2026-05-27) 47567 bytes
2026-05-20 09:33:22,577 [INFO] [OK] Brazil/GFS_ENSEMBLE_Soy/daily dia 10 (2026-05-30 → 2026-05-30) 52908 bytes
2026-05-20 09:33:22,663 [INFO] [OK] Brazil/GFS_ENSEMBLE_Soy/daily dia 11 (2026-05-31 → 2026-05-31) 52370 bytes
2026-05-20 09:33:22,687 [INFO] [OK] Brazil/GFS_ENSEMBLE_Soy/daily dia 09 (2026-05-29 → 2026-05-29) 48661 bytes
2026-05-20 09:33:22,756 [INFO] [OK] Brazil/GFS_ENSEMBLE_Soy/daily dia 06 (2026-05-26 → 2026-05-26) 46814 bytes
2026-05-20 09:33:22,769 [INFO] [OK] Brazil/GFS_ENSEMBLE_Soy/daily dia 08 (2026-05-28 → 2026-05-28) 47666 bytes
2026-05-20 09:33:24,011 [INFO] [OK] Brazil/GFS_ENSEMBLE_Soy/daily dia 12 (2026-06-01 → 2026-06-01) 51659 bytes
2026-05-20 09:33:24,056 [INFO] [OK] Brazil/GFS_ENSEMBLE_Soy/daily dia 14 (2026-06-03 → 2026-06-03) 54330 bytes
2026-05-20 09:33:24,081 [INFO] [OK] Brazil/GFS_ENSEMBLE_Soy/daily dia 13 (2026-06-02 → 2026-06-02) 53980 bytes
2026-05-20 09:33:24,373 [INFO] [OK] Brazil/GFS_ENSEMBLE_Soy/cumulative dia 01 (2026-05-20 → 2026-05-21) 39029 bytes
2026-05-20 09:33:24,376 [INFO] [OK] Brazil/GFS_ENSEMBLE_Soy/cumulative dia 00 (2026-05-20 → 2026-05-20) 38890 bytes
2026-05-20 09:33:24,394 [INFO] [OK] Brazil/GFS_ENSEMBLE_Soy/cumulative dia 02 (2026-05-20 → 2026-05-22) 41429 bytes
2026-05-20 09:33:26,304 [INFO] [OK] Brazil/GFS_ENSEMBLE_Soy/cumulative dia 03 (2026-05-20 → 2026-05-23) 41262 bytes
2026-05-20 09:33:26,323 [INFO] [OK] Brazil/GFS_ENSEMBLE_Soy/cumulative dia 05 (2026-05-20 → 2026-05-25) 43356 bytes
2026-05-20 09:33:26,328 [INFO] [OK] Brazil/GFS_ENSEMBLE_Soy/cumulative dia 04 (2026-05-20 → 2026-05-24) 42112 bytes
2026-05-20 09:33:26,838 [INFO] [OK] Brazil/GFS_ENSEMBLE_Soy/cumulative dia 08 (2026-05-20 → 2026-05-28) 48497 bytes
2026-05-20 09:33:26,862 [INFO] [OK] Brazil/GFS_ENSEMBLE_Soy/cumulative dia 06 (2026-05-20 → 2026-05-26) 44117 bytes
2026-05-20 09:33:27,352 [INFO] [OK] Brazil/GFS_ENSEMBLE_Soy/cumulative dia 07 (2026-05-20 → 2026-05-27) 46856 bytes
2026-05-20 09:33:28,466 [INFO] [OK] Brazil/GFS_ENSEMBLE_Soy/cumulative dia 09 (2026-05-20 → 2026-05-29) 48951 bytes
2026-05-20 09:33:28,691 [INFO] [OK] Brazil/GFS_ENSEMBLE_Soy/cumulative dia 10 (2026-05-20 → 2026-05-30) 50039 bytes
2026-05-20 09:33:28,702 [INFO] [OK] Brazil/GFS_ENSEMBLE_Soy/cumulative dia 11 (2026-05-20 → 2026-05-31) 50680 bytes
2026-05-20 09:33:29,331 [INFO] [OK] Brazil/GFS_ENSEMBLE_Soy/cumulative dia 12 (2026-05-20 → 2026-06-01) 51081 bytes
2026-05-20 09:33:29,507 [INFO] [OK] Brazil/GFS_ENSEMBLE_Soy/cumulative dia 13 (2026-05-20 → 2026-06-02) 51362 bytes
2026-05-20 09:33:29,806 [INFO] [OK] Brazil/GFS_ENSEMBLE_Corn_Winter/daily dia 00 (2026-05-20 → 2026-05-20) 37395 bytes
2026-05-20 09:33:29,968 [INFO] [OK] Brazil/GFS_ENSEMBLE_Soy/cumulative dia 14 (2026-05-20 → 2026-06-03) 52267 bytes
2026-05-20 09:33:30,122 [INFO] [OK] Brazil/GFS_ENSEMBLE_Corn_Winter/daily dia 01 (2026-05-21 → 2026-05-21) 36238 bytes
2026-05-20 09:33:30,196 [INFO] [OK] Brazil/GFS_ENSEMBLE_Corn_Winter/daily dia 02 (2026-05-22 → 2026-05-22) 39892 bytes
2026-05-20 09:33:30,772 [INFO] [OK] Brazil/GFS_ENSEMBLE_Corn_Winter/daily dia 03 (2026-05-23 → 2026-05-23) 39910 bytes
2026-05-20 09:33:30,846 [INFO] [OK] Brazil/GFS_ENSEMBLE_Corn_Winter/daily dia 04 (2026-05-24 → 2026-05-24) 41739 bytes
2026-05-20 09:33:31,376 [INFO] [OK] Brazil/GFS_ENSEMBLE_Corn_Winter/daily dia 06 (2026-05-26 → 2026-05-26) 45250 bytes
2026-05-20 09:33:31,421 [INFO] [OK] Brazil/GFS_ENSEMBLE_Corn_Winter/daily dia 05 (2026-05-25 → 2026-05-25) 44681 bytes
2026-05-20 09:33:31,711 [INFO] [OK] Brazil/GFS_ENSEMBLE_Corn_Winter/daily dia 07 (2026-05-27 → 2026-05-27) 46152 bytes
2026-05-20 09:33:31,802 [INFO] [OK] Brazil/GFS_ENSEMBLE_Corn_Winter/daily dia 08 (2026-05-28 → 2026-05-28) 46366 bytes
2026-05-20 09:33:32,096 [INFO] [OK] Brazil/GFS_ENSEMBLE_Corn_Winter/daily dia 09 (2026-05-29 → 2026-05-29) 47364 bytes
2026-05-20 09:33:32,109 [INFO] [OK] Brazil/GFS_ENSEMBLE_Corn_Winter/daily dia 10 (2026-05-30 → 2026-05-30) 51332 bytes
2026-05-20 09:33:32,709 [INFO] [OK] Brazil/GFS_ENSEMBLE_Corn_Winter/daily dia 12 (2026-06-01 → 2026-06-01) 49992 bytes
2026-05-20 09:33:32,748 [INFO] [OK] Brazil/GFS_ENSEMBLE_Corn_Winter/daily dia 11 (2026-05-31 → 2026-05-31) 50688 bytes
2026-05-20 09:33:33,106 [INFO] [OK] Brazil/GFS_ENSEMBLE_Corn_Winter/daily dia 13 (2026-06-02 → 2026-06-02) 52357 bytes
2026-05-20 09:33:33,126 [INFO] [OK] Brazil/GFS_ENSEMBLE_Corn_Winter/daily dia 14 (2026-06-03 → 2026-06-03) 52902 bytes
2026-05-20 09:33:33,363 [INFO] [OK] Brazil/GFS_ENSEMBLE_Corn_Winter/cumulative dia 00 (2026-05-20 → 2026-05-20) 37395 bytes
2026-05-20 09:33:33,477 [INFO] [OK] Brazil/GFS_ENSEMBLE_Corn_Winter/cumulative dia 01 (2026-05-20 → 2026-05-21) 37589 bytes
2026-05-20 09:33:34,254 [INFO] [OK] Brazil/GFS_ENSEMBLE_Corn_Winter/cumulative dia 02 (2026-05-20 → 2026-05-22) 39911 bytes
2026-05-20 09:33:34,294 [INFO] [OK] Brazil/GFS_ENSEMBLE_Corn_Winter/cumulative dia 03 (2026-05-20 → 2026-05-23) 39899 bytes
2026-05-20 09:33:34,697 [INFO] [OK] Brazil/GFS_ENSEMBLE_Corn_Winter/cumulative dia 04 (2026-05-20 → 2026-05-24) 40649 bytes
2026-05-20 09:33:34,937 [INFO] [OK] Brazil/GFS_ENSEMBLE_Corn_Winter/cumulative dia 05 (2026-05-20 → 2026-05-25) 41946 bytes
2026-05-20 09:33:35,117 [INFO] [OK] Brazil/GFS_ENSEMBLE_Corn_Winter/cumulative dia 06 (2026-05-20 → 2026-05-26) 42724 bytes
2026-05-20 09:33:35,325 [INFO] [OK] Brazil/GFS_ENSEMBLE_Corn_Winter/cumulative dia 07 (2026-05-20 → 2026-05-27) 45406 bytes
2026-05-20 09:33:36,115 [INFO] [OK] Brazil/GFS_ENSEMBLE_Corn_Winter/cumulative dia 08 (2026-05-20 → 2026-05-28) 47154 bytes
2026-05-20 09:33:36,252 [INFO] [OK] Brazil/GFS_ENSEMBLE_Corn_Winter/cumulative dia 09 (2026-05-20 → 2026-05-29) 47485 bytes
2026-05-20 09:33:36,784 [INFO] [OK] Brazil/GFS_ENSEMBLE_Corn_Winter/cumulative dia 10 (2026-05-20 → 2026-05-30) 48454 bytes
2026-05-20 09:33:37,089 [INFO] [OK] Brazil/GFS_ENSEMBLE_Corn_Winter/cumulative dia 11 (2026-05-20 → 2026-05-31) 49210 bytes
2026-05-20 09:33:37,284 [INFO] [OK] Brazil/GFS_ENSEMBLE_Corn_Winter/cumulative dia 12 (2026-05-20 → 2026-06-01) 49573 bytes
2026-05-20 09:33:37,560 [INFO] [OK] Brazil/ECM_ENSEMBLE_Soy/daily dia 00 (2026-05-20 → 2026-05-20) 41446 bytes
2026-05-20 09:33:37,640 [INFO] [OK] Brazil/GFS_ENSEMBLE_Corn_Winter/cumulative dia 13 (2026-05-20 → 2026-06-02) 49860 bytes
2026-05-20 09:33:38,118 [INFO] [OK] Brazil/ECM_ENSEMBLE_Soy/daily dia 01 (2026-05-21 → 2026-05-21) 43204 bytes
2026-05-20 09:33:38,373 [INFO] [OK] Brazil/GFS_ENSEMBLE_Corn_Winter/cumulative dia 14 (2026-05-20 → 2026-06-03) 50859 bytes
2026-05-20 09:33:38,472 [INFO] [OK] Brazil/ECM_ENSEMBLE_Soy/daily dia 02 (2026-05-22 → 2026-05-22) 44083 bytes
2026-05-20 09:33:38,621 [INFO] [OK] Brazil/ECM_ENSEMBLE_Soy/daily dia 03 (2026-05-23 → 2026-05-23) 42729 bytes
2026-05-20 09:33:38,888 [INFO] [OK] Brazil/ECM_ENSEMBLE_Soy/daily dia 04 (2026-05-24 → 2026-05-24) 45088 bytes
2026-05-20 09:33:39,006 [INFO] [OK] Brazil/ECM_ENSEMBLE_Soy/daily dia 05 (2026-05-25 → 2026-05-25) 48422 bytes
2026-05-20 09:33:39,485 [INFO] [OK] Brazil/ECM_ENSEMBLE_Soy/daily dia 06 (2026-05-26 → 2026-05-26) 49874 bytes
2026-05-20 09:33:39,703 [INFO] [OK] Brazil/ECM_ENSEMBLE_Soy/daily dia 07 (2026-05-27 → 2026-05-27) 47968 bytes
2026-05-20 09:33:39,839 [INFO] [OK] Brazil/ECM_ENSEMBLE_Soy/daily dia 08 (2026-05-28 → 2026-05-28) 49150 bytes
2026-05-20 09:33:40,027 [INFO] [OK] Brazil/ECM_ENSEMBLE_Soy/daily dia 09 (2026-05-29 → 2026-05-29) 51137 bytes
2026-05-20 09:33:40,321 [INFO] [OK] Brazil/ECM_ENSEMBLE_Soy/daily dia 10 (2026-05-30 → 2026-05-30) 51446 bytes
2026-05-20 09:33:40,351 [INFO] [OK] Brazil/ECM_ENSEMBLE_Soy/daily dia 11 (2026-05-31 → 2026-05-31) 50509 bytes
2026-05-20 09:33:40,811 [INFO] [OK] Brazil/ECM_ENSEMBLE_Soy/daily dia 12 (2026-06-01 → 2026-06-01) 53204 bytes
2026-05-20 09:33:41,047 [INFO] [OK] Brazil/ECM_ENSEMBLE_Soy/daily dia 13 (2026-06-02 → 2026-06-02) 52867 bytes
2026-05-20 09:33:41,173 [INFO] [OK] Brazil/ECM_ENSEMBLE_Soy/daily dia 14 (2026-06-03 → 2026-06-03) 54089 bytes
2026-05-20 09:33:41,383 [INFO] [OK] Brazil/ECM_ENSEMBLE_Soy/cumulative dia 00 (2026-05-20 → 2026-05-20) 41446 bytes
2026-05-20 09:33:41,708 [INFO] [OK] Brazil/ECM_ENSEMBLE_Soy/cumulative dia 01 (2026-05-20 → 2026-05-21) 43834 bytes
2026-05-20 09:33:41,776 [INFO] [OK] Brazil/ECM_ENSEMBLE_Soy/cumulative dia 02 (2026-05-20 → 2026-05-22) 45073 bytes
2026-05-20 09:33:42,425 [INFO] [OK] Brazil/ECM_ENSEMBLE_Soy/cumulative dia 03 (2026-05-20 → 2026-05-23) 44623 bytes
2026-05-20 09:33:42,642 [INFO] [OK] Brazil/ECM_ENSEMBLE_Soy/cumulative dia 04 (2026-05-20 → 2026-05-24) 45136 bytes
2026-05-20 09:33:42,959 [INFO] [OK] Brazil/ECM_ENSEMBLE_Soy/cumulative dia 05 (2026-05-20 → 2026-05-25) 45849 bytes
2026-05-20 09:33:43,287 [INFO] [OK] Brazil/ECM_ENSEMBLE_Soy/cumulative dia 06 (2026-05-20 → 2026-05-26) 47362 bytes
2026-05-20 09:33:43,829 [INFO] [OK] Brazil/ECM_ENSEMBLE_Soy/cumulative dia 07 (2026-05-20 → 2026-05-27) 49966 bytes
2026-05-20 09:33:43,906 [INFO] [OK] Brazil/ECM_ENSEMBLE_Soy/cumulative dia 08 (2026-05-20 → 2026-05-28) 50851 bytes
2026-05-20 09:33:44,797 [INFO] [OK] Brazil/ECM_ENSEMBLE_Soy/cumulative dia 09 (2026-05-20 → 2026-05-29) 51384 bytes
2026-05-20 09:33:44,973 [INFO] [OK] Brazil/ECM_ENSEMBLE_Soy/cumulative dia 10 (2026-05-20 → 2026-05-30) 51351 bytes
2026-05-20 09:33:45,504 [INFO] [OK] Brazil/ECM_ENSEMBLE_Soy/cumulative dia 11 (2026-05-20 → 2026-05-31) 51484 bytes
2026-05-20 09:33:45,741 [INFO] [OK] Brazil/ECM_ENSEMBLE_Soy/cumulative dia 12 (2026-05-20 → 2026-06-01) 52077 bytes
2026-05-20 09:33:46,166 [INFO] [OK] Brazil/ECM_ENSEMBLE_Corn_Winter/daily dia 00 (2026-05-20 → 2026-05-20) 39962 bytes
2026-05-20 09:33:46,397 [INFO] [OK] Brazil/ECM_ENSEMBLE_Soy/cumulative dia 14 (2026-05-20 → 2026-06-03) 52665 bytes
2026-05-20 09:33:46,405 [INFO] [OK] Brazil/ECM_ENSEMBLE_Corn_Winter/daily dia 01 (2026-05-21 → 2026-05-21) 41648 bytes
2026-05-20 09:33:46,440 [INFO] [OK] Brazil/ECM_ENSEMBLE_Soy/cumulative dia 13 (2026-05-20 → 2026-06-02) 52307 bytes
2026-05-20 09:33:46,779 [INFO] [OK] Brazil/ECM_ENSEMBLE_Corn_Winter/daily dia 02 (2026-05-22 → 2026-05-22) 42652 bytes
2026-05-20 09:33:47,068 [INFO] [OK] Brazil/ECM_ENSEMBLE_Corn_Winter/daily dia 03 (2026-05-23 → 2026-05-23) 41245 bytes
2026-05-20 09:33:47,617 [INFO] [OK] Brazil/ECM_ENSEMBLE_Corn_Winter/daily dia 04 (2026-05-24 → 2026-05-24) 43437 bytes
2026-05-20 09:33:47,784 [INFO] [OK] Brazil/ECM_ENSEMBLE_Corn_Winter/daily dia 06 (2026-05-26 → 2026-05-26) 48350 bytes
2026-05-20 09:33:47,889 [INFO] [OK] Brazil/ECM_ENSEMBLE_Corn_Winter/daily dia 07 (2026-05-27 → 2026-05-27) 46731 bytes
2026-05-20 09:33:47,893 [INFO] [OK] Brazil/ECM_ENSEMBLE_Corn_Winter/daily dia 05 (2026-05-25 → 2026-05-25) 46728 bytes
2026-05-20 09:33:48,110 [INFO] [OK] Brazil/ECM_ENSEMBLE_Corn_Winter/daily dia 08 (2026-05-28 → 2026-05-28) 47901 bytes
2026-05-20 09:33:48,435 [INFO] [OK] Brazil/ECM_ENSEMBLE_Corn_Winter/daily dia 09 (2026-05-29 → 2026-05-29) 49643 bytes
2026-05-20 09:33:49,174 [INFO] [OK] Brazil/ECM_ENSEMBLE_Corn_Winter/daily dia 10 (2026-05-30 → 2026-05-30) 49813 bytes
2026-05-20 09:33:49,342 [INFO] [OK] Brazil/ECM_ENSEMBLE_Corn_Winter/daily dia 12 (2026-06-01 → 2026-06-01) 51797 bytes
2026-05-20 09:33:49,650 [INFO] [OK] Brazil/ECM_ENSEMBLE_Corn_Winter/daily dia 11 (2026-05-31 → 2026-05-31) 48709 bytes
2026-05-20 09:33:49,675 [INFO] [OK] Brazil/ECM_ENSEMBLE_Corn_Winter/daily dia 13 (2026-06-02 → 2026-06-02) 51579 bytes
2026-05-20 09:33:49,706 [INFO] [OK] Brazil/ECM_ENSEMBLE_Corn_Winter/daily dia 14 (2026-06-03 → 2026-06-03) 52484 bytes
2026-05-20 09:33:49,836 [INFO] [OK] Brazil/ECM_ENSEMBLE_Corn_Winter/cumulative dia 00 (2026-05-20 → 2026-05-20) 39962 bytes
2026-05-20 09:33:50,785 [INFO] [OK] Brazil/ECM_ENSEMBLE_Corn_Winter/cumulative dia 01 (2026-05-20 → 2026-05-21) 42474 bytes
2026-05-20 09:33:50,878 [INFO] [OK] Brazil/ECM_ENSEMBLE_Corn_Winter/cumulative dia 02 (2026-05-20 → 2026-05-22) 43730 bytes
2026-05-20 09:33:51,316 [INFO] [OK] Brazil/ECM_ENSEMBLE_Corn_Winter/cumulative dia 03 (2026-05-20 → 2026-05-23) 43276 bytes
2026-05-20 09:33:51,418 [INFO] [OK] Brazil/ECM_ENSEMBLE_Corn_Winter/cumulative dia 04 (2026-05-20 → 2026-05-24) 43709 bytes
2026-05-20 09:33:51,455 [INFO] [OK] Brazil/ECM_ENSEMBLE_Corn_Winter/cumulative dia 05 (2026-05-20 → 2026-05-25) 44379 bytes
2026-05-20 09:33:51,714 [INFO] [OK] Brazil/ECM_ENSEMBLE_Corn_Winter/cumulative dia 06 (2026-05-20 → 2026-05-26) 45837 bytes
2026-05-20 09:33:52,994 [INFO] [OK] Brazil/ECM_ENSEMBLE_Corn_Winter/cumulative dia 08 (2026-05-20 → 2026-05-28) 49443 bytes
2026-05-20 09:33:53,148 [INFO] [OK] Brazil/ECM_ENSEMBLE_Corn_Winter/cumulative dia 07 (2026-05-20 → 2026-05-27) 48369 bytes
2026-05-20 09:33:53,849 [INFO] [OK] Brazil/ECM_ENSEMBLE_Corn_Winter/cumulative dia 09 (2026-05-20 → 2026-05-29) 50072 bytes
2026-05-20 09:33:53,851 [INFO] [OK] Brazil/ECM_ENSEMBLE_Corn_Winter/cumulative dia 10 (2026-05-20 → 2026-05-30) 49978 bytes
2026-05-20 09:33:53,852 [INFO] [OK] Brazil/ECM_ENSEMBLE_Corn_Winter/cumulative dia 11 (2026-05-20 → 2026-05-31) 50212 bytes
2026-05-20 09:33:54,111 [INFO] [OK] Brazil/ECM_ENSEMBLE_Corn_Winter/cumulative dia 12 (2026-05-20 → 2026-06-01) 50554 bytes
2026-05-20 09:33:54,833 [INFO] [OK] Argentina/GFS_ENSEMBLE_Soy/daily dia 00 (2026-05-20 → 2026-05-20) 29758 bytes
2026-05-20 09:33:54,887 [INFO] [OK] Argentina/GFS_ENSEMBLE_Soy/daily dia 01 (2026-05-21 → 2026-05-21) 27868 bytes
2026-05-20 09:33:54,921 [INFO] [OK] Argentina/GFS_ENSEMBLE_Soy/daily dia 02 (2026-05-22 → 2026-05-22) 32201 bytes
2026-05-20 09:33:55,090 [INFO] [OK] Argentina/GFS_ENSEMBLE_Soy/daily dia 03 (2026-05-23 → 2026-05-23) 31423 bytes
2026-05-20 09:33:55,401 [INFO] [OK] Brazil/ECM_ENSEMBLE_Corn_Winter/cumulative dia 13 (2026-05-20 → 2026-06-02) 50908 bytes
2026-05-20 09:33:55,543 [INFO] [OK] Brazil/ECM_ENSEMBLE_Corn_Winter/cumulative dia 14 (2026-05-20 → 2026-06-03) 51166 bytes
2026-05-20 09:33:55,809 [INFO] [OK] Argentina/GFS_ENSEMBLE_Soy/daily dia 04 (2026-05-24 → 2026-05-24) 33080 bytes
2026-05-20 09:33:55,891 [INFO] [OK] Argentina/GFS_ENSEMBLE_Soy/daily dia 06 (2026-05-26 → 2026-05-26) 37049 bytes
2026-05-20 09:33:55,917 [INFO] [OK] Argentina/GFS_ENSEMBLE_Soy/daily dia 05 (2026-05-25 → 2026-05-25) 37455 bytes
2026-05-20 09:33:56,055 [INFO] [OK] Argentina/GFS_ENSEMBLE_Soy/daily dia 07 (2026-05-27 → 2026-05-27) 39532 bytes
2026-05-20 09:33:56,382 [INFO] [OK] Argentina/GFS_ENSEMBLE_Soy/daily dia 08 (2026-05-28 → 2026-05-28) 39033 bytes
2026-05-20 09:33:56,538 [INFO] [OK] Argentina/GFS_ENSEMBLE_Soy/daily dia 09 (2026-05-29 → 2026-05-29) 40684 bytes
2026-05-20 09:33:56,816 [INFO] [OK] Argentina/GFS_ENSEMBLE_Soy/daily dia 10 (2026-05-30 → 2026-05-30) 43817 bytes
2026-05-20 09:33:56,962 [INFO] [OK] Argentina/GFS_ENSEMBLE_Soy/daily dia 12 (2026-06-01 → 2026-06-01) 41332 bytes
2026-05-20 09:33:56,991 [INFO] [OK] Argentina/GFS_ENSEMBLE_Soy/daily dia 11 (2026-05-31 → 2026-05-31) 42080 bytes
2026-05-20 09:33:57,176 [INFO] [OK] Argentina/GFS_ENSEMBLE_Soy/daily dia 13 (2026-06-02 → 2026-06-02) 43646 bytes
2026-05-20 09:33:57,448 [INFO] [OK] Argentina/GFS_ENSEMBLE_Soy/daily dia 14 (2026-06-03 → 2026-06-03) 45871 bytes
2026-05-20 09:33:57,458 [INFO] [OK] Argentina/GFS_ENSEMBLE_Soy/cumulative dia 00 (2026-05-20 → 2026-05-20) 29758 bytes
2026-05-20 09:33:57,814 [INFO] [OK] Argentina/GFS_ENSEMBLE_Soy/cumulative dia 01 (2026-05-20 → 2026-05-21) 28969 bytes
2026-05-20 09:33:58,051 [INFO] [OK] Argentina/GFS_ENSEMBLE_Soy/cumulative dia 02 (2026-05-20 → 2026-05-22) 32261 bytes
2026-05-20 09:33:58,131 [INFO] [OK] Argentina/GFS_ENSEMBLE_Soy/cumulative dia 03 (2026-05-20 → 2026-05-23) 32261 bytes
2026-05-20 09:33:58,334 [INFO] [OK] Argentina/GFS_ENSEMBLE_Soy/cumulative dia 04 (2026-05-20 → 2026-05-24) 32735 bytes
2026-05-20 09:33:58,917 [INFO] [OK] Argentina/GFS_ENSEMBLE_Soy/cumulative dia 06 (2026-05-20 → 2026-05-26) 34998 bytes
2026-05-20 09:33:58,918 [INFO] [OK] Argentina/GFS_ENSEMBLE_Soy/cumulative dia 05 (2026-05-20 → 2026-05-25) 34041 bytes
2026-05-20 09:33:59,167 [INFO] [OK] Argentina/GFS_ENSEMBLE_Soy/cumulative dia 07 (2026-05-20 → 2026-05-27) 38601 bytes
2026-05-20 09:33:59,605 [INFO] [OK] Argentina/GFS_ENSEMBLE_Soy/cumulative dia 08 (2026-05-20 → 2026-05-28) 40185 bytes
2026-05-20 09:33:59,813 [INFO] [OK] Argentina/GFS_ENSEMBLE_Soy/cumulative dia 09 (2026-05-20 → 2026-05-29) 40851 bytes
2026-05-20 09:33:59,865 [INFO] [OK] Argentina/GFS_ENSEMBLE_Soy/cumulative dia 10 (2026-05-20 → 2026-05-30) 41316 bytes
2026-05-20 09:34:00,450 [INFO] [OK] Argentina/GFS_ENSEMBLE_Soy/cumulative dia 12 (2026-05-20 → 2026-06-01) 41841 bytes
2026-05-20 09:34:00,473 [INFO] [OK] Argentina/GFS_ENSEMBLE_Soy/cumulative dia 11 (2026-05-20 → 2026-05-31) 41775 bytes
2026-05-20 09:34:00,729 [INFO] [OK] Argentina/GFS_ENSEMBLE_Soy/cumulative dia 13 (2026-05-20 → 2026-06-02) 41380 bytes
2026-05-20 09:34:00,754 [INFO] [OK] Argentina/GFS_ENSEMBLE_Corn_Winter/daily dia 00 (2026-05-20 → 2026-05-20) 28253 bytes
2026-05-20 09:34:00,833 [INFO] [OK] Argentina/GFS_ENSEMBLE_Corn_Winter/daily dia 01 (2026-05-21 → 2026-05-21) 26087 bytes
2026-05-20 09:34:01,203 [INFO] [OK] Argentina/GFS_ENSEMBLE_Soy/cumulative dia 14 (2026-05-20 → 2026-06-03) 42119 bytes
2026-05-20 09:34:01,384 [INFO] [OK] Argentina/GFS_ENSEMBLE_Corn_Winter/daily dia 02 (2026-05-22 → 2026-05-22) 30596 bytes
2026-05-20 09:34:01,465 [INFO] [OK] Argentina/GFS_ENSEMBLE_Corn_Winter/daily dia 03 (2026-05-23 → 2026-05-23) 29818 bytes
2026-05-20 09:34:01,674 [INFO] [OK] Argentina/GFS_ENSEMBLE_Corn_Winter/daily dia 04 (2026-05-24 → 2026-05-24) 31418 bytes
2026-05-20 09:34:01,749 [INFO] [OK] Argentina/GFS_ENSEMBLE_Corn_Winter/daily dia 05 (2026-05-25 → 2026-05-25) 35373 bytes
2026-05-20 09:34:01,936 [INFO] [OK] Argentina/GFS_ENSEMBLE_Corn_Winter/daily dia 06 (2026-05-26 → 2026-05-26) 35195 bytes
2026-05-20 09:34:02,152 [INFO] [OK] Argentina/GFS_ENSEMBLE_Corn_Winter/daily dia 07 (2026-05-27 → 2026-05-27) 37876 bytes
2026-05-20 09:34:02,326 [INFO] [OK] Argentina/GFS_ENSEMBLE_Corn_Winter/daily dia 08 (2026-05-28 → 2026-05-28) 37482 bytes
2026-05-20 09:34:02,478 [INFO] [OK] Argentina/GFS_ENSEMBLE_Corn_Winter/daily dia 09 (2026-05-29 → 2026-05-29) 39333 bytes
2026-05-20 09:34:02,621 [INFO] [OK] Argentina/GFS_ENSEMBLE_Corn_Winter/daily dia 10 (2026-05-30 → 2026-05-30) 42312 bytes
2026-05-20 09:34:02,782 [INFO] [OK] Argentina/GFS_ENSEMBLE_Corn_Winter/daily dia 11 (2026-05-31 → 2026-05-31) 40191 bytes
2026-05-20 09:34:02,911 [INFO] [OK] Argentina/GFS_ENSEMBLE_Corn_Winter/daily dia 12 (2026-06-01 → 2026-06-01) 39595 bytes
2026-05-20 09:34:03,130 [INFO] [OK] Argentina/GFS_ENSEMBLE_Corn_Winter/daily dia 13 (2026-06-02 → 2026-06-02) 41976 bytes
2026-05-20 09:34:03,302 [INFO] [OK] Argentina/GFS_ENSEMBLE_Corn_Winter/daily dia 14 (2026-06-03 → 2026-06-03) 44227 bytes
2026-05-20 09:34:03,491 [INFO] [OK] Argentina/GFS_ENSEMBLE_Corn_Winter/cumulative dia 00 (2026-05-20 → 2026-05-20) 28253 bytes
2026-05-20 09:34:03,592 [INFO] [OK] Argentina/GFS_ENSEMBLE_Corn_Winter/cumulative dia 01 (2026-05-20 → 2026-05-21) 27717 bytes
2026-05-20 09:34:03,878 [INFO] [OK] Argentina/GFS_ENSEMBLE_Corn_Winter/cumulative dia 02 (2026-05-20 → 2026-05-22) 30746 bytes
2026-05-20 09:34:04,016 [INFO] [OK] Argentina/GFS_ENSEMBLE_Corn_Winter/cumulative dia 03 (2026-05-20 → 2026-05-23) 30674 bytes
2026-05-20 09:34:04,402 [INFO] [OK] Argentina/GFS_ENSEMBLE_Corn_Winter/cumulative dia 04 (2026-05-20 → 2026-05-24) 30994 bytes
2026-05-20 09:34:04,522 [INFO] [OK] Argentina/GFS_ENSEMBLE_Corn_Winter/cumulative dia 05 (2026-05-20 → 2026-05-25) 32495 bytes
2026-05-20 09:34:04,753 [INFO] [OK] Argentina/GFS_ENSEMBLE_Corn_Winter/cumulative dia 06 (2026-05-20 → 2026-05-26) 33336 bytes
2026-05-20 09:34:04,904 [INFO] [OK] Argentina/GFS_ENSEMBLE_Corn_Winter/cumulative dia 07 (2026-05-20 → 2026-05-27) 36804 bytes
2026-05-20 09:34:05,194 [INFO] [OK] Argentina/GFS_ENSEMBLE_Corn_Winter/cumulative dia 08 (2026-05-20 → 2026-05-28) 38710 bytes
2026-05-20 09:34:05,404 [INFO] [OK] Argentina/GFS_ENSEMBLE_Corn_Winter/cumulative dia 09 (2026-05-20 → 2026-05-29) 39209 bytes
2026-05-20 09:34:05,981 [INFO] [OK] Argentina/GFS_ENSEMBLE_Corn_Winter/cumulative dia 10 (2026-05-20 → 2026-05-30) 39604 bytes
2026-05-20 09:34:06,086 [INFO] [OK] Argentina/GFS_ENSEMBLE_Corn_Winter/cumulative dia 11 (2026-05-20 → 2026-05-31) 40130 bytes
2026-05-20 09:34:06,371 [INFO] [OK] Argentina/ECM_ENSEMBLE_Soy/daily dia 00 (2026-05-20 → 2026-05-20) 32644 bytes
2026-05-20 09:34:06,373 [INFO] [OK] Argentina/GFS_ENSEMBLE_Corn_Winter/cumulative dia 12 (2026-05-20 → 2026-06-01) 40230 bytes
2026-05-20 09:34:06,508 [INFO] [OK] Argentina/GFS_ENSEMBLE_Corn_Winter/cumulative dia 13 (2026-05-20 → 2026-06-02) 39834 bytes
2026-05-20 09:34:06,810 [INFO] [OK] Argentina/GFS_ENSEMBLE_Corn_Winter/cumulative dia 14 (2026-05-20 → 2026-06-03) 40764 bytes
2026-05-20 09:34:06,989 [INFO] [OK] Argentina/ECM_ENSEMBLE_Soy/daily dia 01 (2026-05-21 → 2026-05-21) 34475 bytes
2026-05-20 09:34:07,158 [INFO] [OK] Argentina/ECM_ENSEMBLE_Soy/daily dia 02 (2026-05-22 → 2026-05-22) 34594 bytes
2026-05-20 09:34:07,339 [INFO] [OK] Argentina/ECM_ENSEMBLE_Soy/daily dia 03 (2026-05-23 → 2026-05-23) 32463 bytes
2026-05-20 09:34:07,456 [INFO] [OK] Argentina/ECM_ENSEMBLE_Soy/daily dia 05 (2026-05-25 → 2026-05-25) 38612 bytes
2026-05-20 09:34:07,581 [INFO] [OK] Argentina/ECM_ENSEMBLE_Soy/daily dia 04 (2026-05-24 → 2026-05-24) 35300 bytes
2026-05-20 09:34:07,805 [INFO] [OK] Argentina/ECM_ENSEMBLE_Soy/daily dia 06 (2026-05-26 → 2026-05-26) 41967 bytes
2026-05-20 09:34:08,008 [INFO] [OK] Argentina/ECM_ENSEMBLE_Soy/daily dia 07 (2026-05-27 → 2026-05-27) 39198 bytes
2026-05-20 09:34:08,190 [INFO] [OK] Argentina/ECM_ENSEMBLE_Soy/daily dia 08 (2026-05-28 → 2026-05-28) 40290 bytes
2026-05-20 09:34:08,388 [INFO] [OK] Argentina/ECM_ENSEMBLE_Soy/daily dia 09 (2026-05-29 → 2026-05-29) 42801 bytes
2026-05-20 09:34:08,473 [INFO] [OK] Argentina/ECM_ENSEMBLE_Soy/daily dia 10 (2026-05-30 → 2026-05-30) 43903 bytes
2026-05-20 09:34:08,588 [INFO] [OK] Argentina/ECM_ENSEMBLE_Soy/daily dia 11 (2026-05-31 → 2026-05-31) 41991 bytes
2026-05-20 09:34:08,881 [INFO] [OK] Argentina/ECM_ENSEMBLE_Soy/daily dia 12 (2026-06-01 → 2026-06-01) 44238 bytes
2026-05-20 09:34:09,035 [INFO] [OK] Argentina/ECM_ENSEMBLE_Soy/daily dia 13 (2026-06-02 → 2026-06-02) 43398 bytes
2026-05-20 09:34:09,217 [INFO] [OK] Argentina/ECM_ENSEMBLE_Soy/daily dia 14 (2026-06-03 → 2026-06-03) 45376 bytes
2026-05-20 09:34:09,376 [INFO] [OK] Argentina/ECM_ENSEMBLE_Soy/cumulative dia 00 (2026-05-20 → 2026-05-20) 32644 bytes
2026-05-20 09:34:09,619 [INFO] [OK] Argentina/ECM_ENSEMBLE_Soy/cumulative dia 01 (2026-05-20 → 2026-05-21) 35158 bytes
2026-05-20 09:34:09,686 [INFO] [OK] Argentina/ECM_ENSEMBLE_Soy/cumulative dia 02 (2026-05-20 → 2026-05-22) 36262 bytes
2026-05-20 09:34:09,952 [INFO] [OK] Argentina/ECM_ENSEMBLE_Soy/cumulative dia 03 (2026-05-20 → 2026-05-23) 35199 bytes
2026-05-20 09:34:10,246 [INFO] [OK] Argentina/ECM_ENSEMBLE_Soy/cumulative dia 04 (2026-05-20 → 2026-05-24) 35408 bytes
2026-05-20 09:34:10,462 [INFO] [OK] Argentina/ECM_ENSEMBLE_Soy/cumulative dia 05 (2026-05-20 → 2026-05-25) 36404 bytes
2026-05-20 09:34:10,655 [INFO] [OK] Argentina/ECM_ENSEMBLE_Soy/cumulative dia 06 (2026-05-20 → 2026-05-26) 37741 bytes
2026-05-20 09:34:10,964 [INFO] [OK] Argentina/ECM_ENSEMBLE_Soy/cumulative dia 07 (2026-05-20 → 2026-05-27) 41439 bytes
2026-05-20 09:34:11,064 [INFO] [OK] Argentina/ECM_ENSEMBLE_Soy/cumulative dia 08 (2026-05-20 → 2026-05-28) 42545 bytes
2026-05-20 09:34:11,646 [INFO] [OK] Argentina/ECM_ENSEMBLE_Soy/cumulative dia 09 (2026-05-20 → 2026-05-29) 43486 bytes
2026-05-20 09:34:11,756 [INFO] [OK] Argentina/ECM_ENSEMBLE_Soy/cumulative dia 10 (2026-05-20 → 2026-05-30) 43314 bytes
2026-05-20 09:34:11,994 [INFO] [OK] Argentina/ECM_ENSEMBLE_Soy/cumulative dia 11 (2026-05-20 → 2026-05-31) 43272 bytes
2026-05-20 09:34:12,225 [INFO] [OK] Argentina/ECM_ENSEMBLE_Soy/cumulative dia 12 (2026-05-20 → 2026-06-01) 43403 bytes
2026-05-20 09:34:12,532 [INFO] [OK] Argentina/ECM_ENSEMBLE_Soy/cumulative dia 13 (2026-05-20 → 2026-06-02) 43592 bytes
2026-05-20 09:34:12,600 [INFO] [OK] Argentina/ECM_ENSEMBLE_Corn_Winter/daily dia 00 (2026-05-20 → 2026-05-20) 30990 bytes
2026-05-20 09:34:12,723 [INFO] [OK] Argentina/ECM_ENSEMBLE_Corn_Winter/daily dia 01 (2026-05-21 → 2026-05-21) 32879 bytes
2026-05-20 09:34:12,725 [INFO] [OK] Argentina/ECM_ENSEMBLE_Soy/cumulative dia 14 (2026-05-20 → 2026-06-03) 43629 bytes
2026-05-20 09:34:13,060 [INFO] [OK] Argentina/ECM_ENSEMBLE_Corn_Winter/daily dia 02 (2026-05-22 → 2026-05-22) 32957 bytes
2026-05-20 09:34:13,166 [INFO] [OK] Argentina/ECM_ENSEMBLE_Corn_Winter/daily dia 03 (2026-05-23 → 2026-05-23) 31097 bytes
2026-05-20 09:34:13,711 [INFO] [OK] Argentina/ECM_ENSEMBLE_Corn_Winter/daily dia 04 (2026-05-24 → 2026-05-24) 33666 bytes
2026-05-20 09:34:13,733 [INFO] [OK] Argentina/ECM_ENSEMBLE_Corn_Winter/daily dia 07 (2026-05-27 → 2026-05-27) 37804 bytes
2026-05-20 09:34:13,899 [INFO] [OK] Argentina/ECM_ENSEMBLE_Corn_Winter/daily dia 06 (2026-05-26 → 2026-05-26) 40367 bytes
2026-05-20 09:34:13,899 [INFO] [OK] Argentina/ECM_ENSEMBLE_Corn_Winter/daily dia 05 (2026-05-25 → 2026-05-25) 37125 bytes
2026-05-20 09:34:14,030 [INFO] [OK] Argentina/ECM_ENSEMBLE_Corn_Winter/daily dia 08 (2026-05-28 → 2026-05-28) 39084 bytes
2026-05-20 09:34:14,264 [INFO] [OK] Argentina/ECM_ENSEMBLE_Corn_Winter/daily dia 09 (2026-05-29 → 2026-05-29) 41344 bytes
2026-05-20 09:34:14,722 [INFO] [OK] Argentina/ECM_ENSEMBLE_Corn_Winter/daily dia 10 (2026-05-30 → 2026-05-30) 42214 bytes
2026-05-20 09:34:14,998 [INFO] [OK] Argentina/ECM_ENSEMBLE_Corn_Winter/daily dia 11 (2026-05-31 → 2026-05-31) 40246 bytes
2026-05-20 09:34:15,032 [INFO] [OK] Argentina/ECM_ENSEMBLE_Corn_Winter/daily dia 12 (2026-06-01 → 2026-06-01) 42913 bytes
2026-05-20 09:34:15,085 [INFO] [OK] Argentina/ECM_ENSEMBLE_Corn_Winter/daily dia 13 (2026-06-02 → 2026-06-02) 42073 bytes
2026-05-20 09:34:15,099 [INFO] [OK] Argentina/ECM_ENSEMBLE_Corn_Winter/daily dia 14 (2026-06-03 → 2026-06-03) 43846 bytes
2026-05-20 09:34:15,217 [INFO] [OK] Argentina/ECM_ENSEMBLE_Corn_Winter/cumulative dia 00 (2026-05-20 → 2026-05-20) 30990 bytes
2026-05-20 09:34:15,983 [INFO] [OK] Argentina/ECM_ENSEMBLE_Corn_Winter/cumulative dia 01 (2026-05-20 → 2026-05-21) 33557 bytes
2026-05-20 09:34:16,136 [INFO] [OK] Argentina/ECM_ENSEMBLE_Corn_Winter/cumulative dia 03 (2026-05-20 → 2026-05-23) 33828 bytes
2026-05-20 09:34:16,184 [INFO] [OK] Argentina/ECM_ENSEMBLE_Corn_Winter/cumulative dia 02 (2026-05-20 → 2026-05-22) 34897 bytes
2026-05-20 09:34:16,284 [INFO] [OK] Argentina/ECM_ENSEMBLE_Corn_Winter/cumulative dia 04 (2026-05-20 → 2026-05-24) 34063 bytes
2026-05-20 09:34:16,310 [INFO] [OK] Argentina/ECM_ENSEMBLE_Corn_Winter/cumulative dia 05 (2026-05-20 → 2026-05-25) 34818 bytes
2026-05-20 09:34:16,870 [INFO] [OK] Argentina/ECM_ENSEMBLE_Corn_Winter/cumulative dia 06 (2026-05-20 → 2026-05-26) 36294 bytes
2026-05-20 09:34:17,386 [INFO] [OK] Argentina/ECM_ENSEMBLE_Corn_Winter/cumulative dia 07 (2026-05-20 → 2026-05-27) 39775 bytes
2026-05-20 09:34:17,568 [INFO] [OK] Argentina/ECM_ENSEMBLE_Corn_Winter/cumulative dia 08 (2026-05-20 → 2026-05-28) 41145 bytes
2026-05-20 09:34:17,744 [INFO] [OK] Argentina/ECM_ENSEMBLE_Corn_Winter/cumulative dia 09 (2026-05-20 → 2026-05-29) 42052 bytes
2026-05-20 09:34:17,839 [INFO] [OK] Argentina/ECM_ENSEMBLE_Corn_Winter/cumulative dia 10 (2026-05-20 → 2026-05-30) 41660 bytes
2026-05-20 09:34:18,007 [INFO] [OK] Argentina/ECM_ENSEMBLE_Corn_Winter/cumulative dia 11 (2026-05-20 → 2026-05-31) 41754 bytes
2026-05-20 09:34:18,363 [INFO] [OK] Argentina/ECM_ENSEMBLE_Corn_Winter/cumulative dia 12 (2026-05-20 → 2026-06-01) 41913 bytes
