2026-05-03 09:33:18,437 [INFO] === Execução 2026-05-03 | modo=both | dias=15 | parâmetro=PRCP_DEP ===
2026-05-03 09:33:18,439 [INFO] Baixando 240 mapas com 6 threads...
2026-05-03 09:33:20,954 [INFO] [OK] Brazil/GFS_ENSEMBLE_Soy/daily dia 02 (2026-05-05 → 2026-05-05) 43440 bytes
2026-05-03 09:33:21,003 [INFO] [OK] Brazil/GFS_ENSEMBLE_Soy/daily dia 01 (2026-05-04 → 2026-05-04) 42635 bytes
2026-05-03 09:33:21,081 [INFO] [OK] Brazil/GFS_ENSEMBLE_Soy/daily dia 00 (2026-05-03 → 2026-05-03) 42702 bytes
2026-05-03 09:33:21,134 [INFO] [OK] Brazil/GFS_ENSEMBLE_Soy/daily dia 03 (2026-05-06 → 2026-05-06) 46099 bytes
2026-05-03 09:33:21,156 [INFO] [OK] Brazil/GFS_ENSEMBLE_Soy/daily dia 05 (2026-05-08 → 2026-05-08) 49898 bytes
2026-05-03 09:33:21,158 [INFO] [OK] Brazil/GFS_ENSEMBLE_Soy/daily dia 04 (2026-05-07 → 2026-05-07) 48722 bytes
2026-05-03 09:33:22,400 [INFO] [OK] Brazil/GFS_ENSEMBLE_Soy/daily dia 07 (2026-05-10 → 2026-05-10) 49626 bytes
2026-05-03 09:33:22,577 [INFO] [OK] Brazil/GFS_ENSEMBLE_Soy/daily dia 08 (2026-05-11 → 2026-05-11) 44821 bytes
2026-05-03 09:33:22,578 [INFO] [OK] Brazil/GFS_ENSEMBLE_Soy/daily dia 11 (2026-05-14 → 2026-05-14) 52500 bytes
2026-05-03 09:33:22,589 [INFO] [OK] Brazil/GFS_ENSEMBLE_Soy/daily dia 09 (2026-05-12 → 2026-05-12) 45243 bytes
2026-05-03 09:33:22,625 [INFO] [OK] Brazil/GFS_ENSEMBLE_Soy/daily dia 06 (2026-05-09 → 2026-05-09) 51776 bytes
2026-05-03 09:33:22,691 [INFO] [OK] Brazil/GFS_ENSEMBLE_Soy/daily dia 10 (2026-05-13 → 2026-05-13) 47911 bytes
2026-05-03 09:33:23,810 [INFO] [OK] Brazil/GFS_ENSEMBLE_Soy/daily dia 12 (2026-05-15 → 2026-05-15) 54936 bytes
2026-05-03 09:33:24,060 [INFO] [OK] Brazil/GFS_ENSEMBLE_Soy/daily dia 13 (2026-05-16 → 2026-05-16) 54589 bytes
2026-05-03 09:33:24,064 [INFO] [OK] Brazil/GFS_ENSEMBLE_Soy/cumulative dia 00 (2026-05-03 → 2026-05-03) 42702 bytes
2026-05-03 09:33:24,064 [INFO] [OK] Brazil/GFS_ENSEMBLE_Soy/daily dia 14 (2026-05-17 → 2026-05-17) 54773 bytes
2026-05-03 09:33:24,094 [INFO] [OK] Brazil/GFS_ENSEMBLE_Soy/cumulative dia 01 (2026-05-03 → 2026-05-04) 43100 bytes
2026-05-03 09:33:24,166 [INFO] [OK] Brazil/GFS_ENSEMBLE_Soy/cumulative dia 02 (2026-05-03 → 2026-05-05) 44258 bytes
2026-05-03 09:33:25,335 [INFO] [OK] Brazil/GFS_ENSEMBLE_Soy/cumulative dia 03 (2026-05-03 → 2026-05-06) 46017 bytes
2026-05-03 09:33:25,976 [INFO] [OK] Brazil/GFS_ENSEMBLE_Soy/cumulative dia 06 (2026-05-03 → 2026-05-09) 51732 bytes
2026-05-03 09:33:26,124 [INFO] [OK] Brazil/GFS_ENSEMBLE_Soy/cumulative dia 04 (2026-05-03 → 2026-05-07) 48801 bytes
2026-05-03 09:33:26,240 [INFO] [OK] Brazil/GFS_ENSEMBLE_Soy/cumulative dia 05 (2026-05-03 → 2026-05-08) 50895 bytes
2026-05-03 09:33:26,252 [INFO] [OK] Brazil/GFS_ENSEMBLE_Soy/cumulative dia 07 (2026-05-03 → 2026-05-10) 52366 bytes
2026-05-03 09:33:26,254 [INFO] [OK] Brazil/GFS_ENSEMBLE_Soy/cumulative dia 08 (2026-05-03 → 2026-05-11) 52424 bytes
2026-05-03 09:33:27,251 [INFO] [OK] Brazil/GFS_ENSEMBLE_Soy/cumulative dia 09 (2026-05-03 → 2026-05-12) 52682 bytes
2026-05-03 09:33:28,119 [INFO] [OK] Brazil/GFS_ENSEMBLE_Soy/cumulative dia 10 (2026-05-03 → 2026-05-13) 52599 bytes
2026-05-03 09:33:28,570 [INFO] [OK] Brazil/GFS_ENSEMBLE_Soy/cumulative dia 11 (2026-05-03 → 2026-05-14) 52712 bytes
2026-05-03 09:33:28,799 [INFO] [OK] Brazil/GFS_ENSEMBLE_Soy/cumulative dia 14 (2026-05-03 → 2026-05-17) 53262 bytes
2026-05-03 09:33:28,933 [INFO] [OK] Brazil/GFS_ENSEMBLE_Corn_Winter/daily dia 00 (2026-05-03 → 2026-05-03) 41173 bytes
2026-05-03 09:33:29,120 [INFO] [OK] Brazil/GFS_ENSEMBLE_Soy/cumulative dia 13 (2026-05-03 → 2026-05-16) 52894 bytes
2026-05-03 09:33:29,133 [INFO] [OK] Brazil/GFS_ENSEMBLE_Soy/cumulative dia 12 (2026-05-03 → 2026-05-15) 52782 bytes
2026-05-03 09:33:29,413 [INFO] [OK] Brazil/GFS_ENSEMBLE_Corn_Winter/daily dia 01 (2026-05-04 → 2026-05-04) 41100 bytes
2026-05-03 09:33:29,828 [INFO] [OK] Brazil/GFS_ENSEMBLE_Corn_Winter/daily dia 02 (2026-05-05 → 2026-05-05) 41997 bytes
2026-05-03 09:33:30,069 [INFO] [OK] Brazil/GFS_ENSEMBLE_Corn_Winter/daily dia 03 (2026-05-06 → 2026-05-06) 44424 bytes
2026-05-03 09:33:30,341 [INFO] [OK] Brazil/GFS_ENSEMBLE_Corn_Winter/daily dia 04 (2026-05-07 → 2026-05-07) 47182 bytes
2026-05-03 09:33:30,516 [INFO] [OK] Brazil/GFS_ENSEMBLE_Corn_Winter/daily dia 05 (2026-05-08 → 2026-05-08) 48844 bytes
2026-05-03 09:33:30,539 [INFO] [OK] Brazil/GFS_ENSEMBLE_Corn_Winter/daily dia 06 (2026-05-09 → 2026-05-09) 50467 bytes
2026-05-03 09:33:30,688 [INFO] [OK] Brazil/GFS_ENSEMBLE_Corn_Winter/daily dia 07 (2026-05-10 → 2026-05-10) 47930 bytes
2026-05-03 09:33:31,209 [INFO] [OK] Brazil/GFS_ENSEMBLE_Corn_Winter/daily dia 08 (2026-05-11 → 2026-05-11) 43020 bytes
2026-05-03 09:33:31,424 [INFO] [OK] Brazil/GFS_ENSEMBLE_Corn_Winter/daily dia 09 (2026-05-12 → 2026-05-12) 43693 bytes
2026-05-03 09:33:31,674 [INFO] [OK] Brazil/GFS_ENSEMBLE_Corn_Winter/daily dia 10 (2026-05-13 → 2026-05-13) 46385 bytes
2026-05-03 09:33:31,826 [INFO] [OK] Brazil/GFS_ENSEMBLE_Corn_Winter/daily dia 11 (2026-05-14 → 2026-05-14) 50917 bytes
2026-05-03 09:33:31,874 [INFO] [OK] Brazil/GFS_ENSEMBLE_Corn_Winter/daily dia 12 (2026-05-15 → 2026-05-15) 53283 bytes
2026-05-03 09:33:32,008 [INFO] [OK] Brazil/GFS_ENSEMBLE_Corn_Winter/daily dia 13 (2026-05-16 → 2026-05-16) 53173 bytes
2026-05-03 09:33:32,506 [INFO] [OK] Brazil/GFS_ENSEMBLE_Corn_Winter/daily dia 14 (2026-05-17 → 2026-05-17) 53168 bytes
2026-05-03 09:33:32,683 [INFO] [OK] Brazil/GFS_ENSEMBLE_Corn_Winter/cumulative dia 00 (2026-05-03 → 2026-05-03) 41173 bytes
2026-05-03 09:33:32,996 [INFO] [OK] Brazil/GFS_ENSEMBLE_Corn_Winter/cumulative dia 01 (2026-05-03 → 2026-05-04) 41676 bytes
2026-05-03 09:33:33,300 [INFO] [OK] Brazil/GFS_ENSEMBLE_Corn_Winter/cumulative dia 02 (2026-05-03 → 2026-05-05) 42798 bytes
2026-05-03 09:33:33,469 [INFO] [OK] Brazil/GFS_ENSEMBLE_Corn_Winter/cumulative dia 03 (2026-05-03 → 2026-05-06) 44518 bytes
2026-05-03 09:33:33,581 [INFO] [OK] Brazil/GFS_ENSEMBLE_Corn_Winter/cumulative dia 04 (2026-05-03 → 2026-05-07) 47394 bytes
2026-05-03 09:33:34,163 [INFO] [OK] Brazil/GFS_ENSEMBLE_Corn_Winter/cumulative dia 05 (2026-05-03 → 2026-05-08) 49380 bytes
2026-05-03 09:33:34,486 [INFO] [OK] Brazil/GFS_ENSEMBLE_Corn_Winter/cumulative dia 06 (2026-05-03 → 2026-05-09) 50234 bytes
2026-05-03 09:33:34,856 [INFO] [OK] Brazil/GFS_ENSEMBLE_Corn_Winter/cumulative dia 07 (2026-05-03 → 2026-05-10) 51001 bytes
2026-05-03 09:33:35,310 [INFO] [OK] Brazil/GFS_ENSEMBLE_Corn_Winter/cumulative dia 08 (2026-05-03 → 2026-05-11) 51075 bytes
2026-05-03 09:33:35,457 [INFO] [OK] Brazil/GFS_ENSEMBLE_Corn_Winter/cumulative dia 09 (2026-05-03 → 2026-05-12) 51163 bytes
2026-05-03 09:33:35,716 [INFO] [OK] Brazil/GFS_ENSEMBLE_Corn_Winter/cumulative dia 10 (2026-05-03 → 2026-05-13) 50847 bytes
2026-05-03 09:33:36,281 [INFO] [OK] Brazil/GFS_ENSEMBLE_Corn_Winter/cumulative dia 11 (2026-05-03 → 2026-05-14) 51046 bytes
2026-05-03 09:33:36,681 [INFO] [OK] Brazil/GFS_ENSEMBLE_Corn_Winter/cumulative dia 12 (2026-05-03 → 2026-05-15) 51261 bytes
2026-05-03 09:33:36,856 [INFO] [OK] Brazil/ECM_ENSEMBLE_Soy/daily dia 00 (2026-05-03 → 2026-05-03) 43786 bytes
2026-05-03 09:33:37,069 [INFO] [OK] Brazil/ECM_ENSEMBLE_Soy/daily dia 01 (2026-05-04 → 2026-05-04) 44719 bytes
2026-05-03 09:33:37,248 [INFO] [OK] Brazil/GFS_ENSEMBLE_Corn_Winter/cumulative dia 13 (2026-05-03 → 2026-05-16) 51494 bytes
2026-05-03 09:33:37,577 [INFO] [OK] Brazil/ECM_ENSEMBLE_Soy/daily dia 02 (2026-05-05 → 2026-05-05) 44820 bytes
2026-05-03 09:33:37,622 [INFO] [OK] Brazil/GFS_ENSEMBLE_Corn_Winter/cumulative dia 14 (2026-05-03 → 2026-05-17) 51982 bytes
2026-05-03 09:33:37,980 [INFO] [OK] Brazil/ECM_ENSEMBLE_Soy/daily dia 03 (2026-05-06 → 2026-05-06) 47217 bytes
2026-05-03 09:33:38,259 [INFO] [OK] Brazil/ECM_ENSEMBLE_Soy/daily dia 04 (2026-05-07 → 2026-05-07) 49130 bytes
2026-05-03 09:33:38,380 [INFO] [OK] Brazil/ECM_ENSEMBLE_Soy/daily dia 05 (2026-05-08 → 2026-05-08) 50915 bytes
2026-05-03 09:33:38,725 [INFO] [OK] Brazil/ECM_ENSEMBLE_Soy/daily dia 06 (2026-05-09 → 2026-05-09) 50332 bytes
2026-05-03 09:33:38,911 [INFO] [OK] Brazil/ECM_ENSEMBLE_Soy/daily dia 08 (2026-05-11 → 2026-05-11) 43047 bytes
2026-05-03 09:33:38,954 [INFO] [OK] Brazil/ECM_ENSEMBLE_Soy/daily dia 07 (2026-05-10 → 2026-05-10) 46663 bytes
2026-05-03 09:33:39,249 [INFO] [OK] Brazil/ECM_ENSEMBLE_Soy/daily dia 09 (2026-05-12 → 2026-05-12) 43925 bytes
2026-05-03 09:33:39,602 [INFO] [OK] Brazil/ECM_ENSEMBLE_Soy/daily dia 10 (2026-05-13 → 2026-05-13) 45830 bytes
2026-05-03 09:33:39,679 [INFO] [OK] Brazil/ECM_ENSEMBLE_Soy/daily dia 11 (2026-05-14 → 2026-05-14) 49881 bytes
2026-05-03 09:33:40,066 [INFO] [OK] Brazil/ECM_ENSEMBLE_Soy/daily dia 12 (2026-05-15 → 2026-05-15) 54718 bytes
2026-05-03 09:33:40,251 [INFO] [OK] Brazil/ECM_ENSEMBLE_Soy/daily dia 13 (2026-05-16 → 2026-05-16) 55644 bytes
2026-05-03 09:33:40,384 [INFO] [OK] Brazil/ECM_ENSEMBLE_Soy/daily dia 14 (2026-05-17 → 2026-05-17) 54297 bytes
2026-05-03 09:33:40,542 [INFO] [OK] Brazil/ECM_ENSEMBLE_Soy/cumulative dia 00 (2026-05-03 → 2026-05-03) 43786 bytes
2026-05-03 09:33:40,961 [INFO] [OK] Brazil/ECM_ENSEMBLE_Soy/cumulative dia 01 (2026-05-03 → 2026-05-04) 44873 bytes
2026-05-03 09:33:41,162 [INFO] [OK] Brazil/ECM_ENSEMBLE_Soy/cumulative dia 02 (2026-05-03 → 2026-05-05) 45808 bytes
2026-05-03 09:33:41,568 [INFO] [OK] Brazil/ECM_ENSEMBLE_Soy/cumulative dia 03 (2026-05-03 → 2026-05-06) 47195 bytes
2026-05-03 09:33:42,171 [INFO] [OK] Brazil/ECM_ENSEMBLE_Soy/cumulative dia 04 (2026-05-03 → 2026-05-07) 49718 bytes
2026-05-03 09:33:42,180 [INFO] [OK] Brazil/ECM_ENSEMBLE_Soy/cumulative dia 05 (2026-05-03 → 2026-05-08) 51057 bytes
2026-05-03 09:33:42,324 [INFO] [OK] Brazil/ECM_ENSEMBLE_Soy/cumulative dia 06 (2026-05-03 → 2026-05-09) 51661 bytes
2026-05-03 09:33:42,957 [INFO] [OK] Brazil/ECM_ENSEMBLE_Soy/cumulative dia 07 (2026-05-03 → 2026-05-10) 52206 bytes
2026-05-03 09:33:43,316 [INFO] [OK] Brazil/ECM_ENSEMBLE_Soy/cumulative dia 08 (2026-05-03 → 2026-05-11) 51920 bytes
2026-05-03 09:33:43,857 [INFO] [OK] Brazil/ECM_ENSEMBLE_Soy/cumulative dia 09 (2026-05-03 → 2026-05-12) 51495 bytes
2026-05-03 09:33:44,357 [INFO] [OK] Brazil/ECM_ENSEMBLE_Soy/cumulative dia 10 (2026-05-03 → 2026-05-13) 51878 bytes
2026-05-03 09:33:44,459 [INFO] [OK] Brazil/ECM_ENSEMBLE_Soy/cumulative dia 11 (2026-05-03 → 2026-05-14) 52029 bytes
2026-05-03 09:33:44,617 [INFO] [OK] Brazil/ECM_ENSEMBLE_Soy/cumulative dia 12 (2026-05-03 → 2026-05-15) 52057 bytes
2026-05-03 09:33:45,190 [INFO] [OK] Brazil/ECM_ENSEMBLE_Corn_Winter/daily dia 00 (2026-05-03 → 2026-05-03) 42157 bytes
2026-05-03 09:33:45,747 [INFO] [OK] Brazil/ECM_ENSEMBLE_Soy/cumulative dia 13 (2026-05-03 → 2026-05-16) 52265 bytes
2026-05-03 09:33:45,812 [INFO] [OK] Brazil/ECM_ENSEMBLE_Corn_Winter/daily dia 02 (2026-05-05 → 2026-05-05) 43473 bytes
2026-05-03 09:33:45,876 [INFO] [OK] Brazil/ECM_ENSEMBLE_Soy/cumulative dia 14 (2026-05-03 → 2026-05-17) 52822 bytes
2026-05-03 09:33:45,970 [INFO] [OK] Brazil/ECM_ENSEMBLE_Corn_Winter/daily dia 01 (2026-05-04 → 2026-05-04) 43132 bytes
2026-05-03 09:33:46,074 [INFO] [OK] Brazil/ECM_ENSEMBLE_Corn_Winter/daily dia 03 (2026-05-06 → 2026-05-06) 45479 bytes
2026-05-03 09:33:46,540 [INFO] [OK] Brazil/ECM_ENSEMBLE_Corn_Winter/daily dia 04 (2026-05-07 → 2026-05-07) 47783 bytes
2026-05-03 09:33:47,113 [INFO] [OK] Brazil/ECM_ENSEMBLE_Corn_Winter/daily dia 05 (2026-05-08 → 2026-05-08) 49779 bytes
2026-05-03 09:33:47,133 [INFO] [OK] Brazil/ECM_ENSEMBLE_Corn_Winter/daily dia 06 (2026-05-09 → 2026-05-09) 49133 bytes
2026-05-03 09:33:47,272 [INFO] [OK] Brazil/ECM_ENSEMBLE_Corn_Winter/daily dia 07 (2026-05-10 → 2026-05-10) 45354 bytes
2026-05-03 09:33:47,416 [INFO] [OK] Brazil/ECM_ENSEMBLE_Corn_Winter/daily dia 08 (2026-05-11 → 2026-05-11) 41506 bytes
2026-05-03 09:33:47,527 [INFO] [OK] Brazil/ECM_ENSEMBLE_Corn_Winter/daily dia 09 (2026-05-12 → 2026-05-12) 42275 bytes
2026-05-03 09:33:47,906 [INFO] [OK] Brazil/ECM_ENSEMBLE_Corn_Winter/daily dia 10 (2026-05-13 → 2026-05-13) 44308 bytes
2026-05-03 09:33:48,537 [INFO] [OK] Brazil/ECM_ENSEMBLE_Corn_Winter/daily dia 12 (2026-05-15 → 2026-05-15) 53391 bytes
2026-05-03 09:33:48,538 [INFO] [OK] Brazil/ECM_ENSEMBLE_Corn_Winter/daily dia 11 (2026-05-14 → 2026-05-14) 48330 bytes
2026-05-03 09:33:48,628 [INFO] [OK] Brazil/ECM_ENSEMBLE_Corn_Winter/daily dia 13 (2026-05-16 → 2026-05-16) 54250 bytes
2026-05-03 09:33:48,766 [INFO] [OK] Brazil/ECM_ENSEMBLE_Corn_Winter/daily dia 14 (2026-05-17 → 2026-05-17) 53065 bytes
2026-05-03 09:33:48,796 [INFO] [OK] Brazil/ECM_ENSEMBLE_Corn_Winter/cumulative dia 00 (2026-05-03 → 2026-05-03) 42157 bytes
2026-05-03 09:33:49,243 [INFO] [OK] Brazil/ECM_ENSEMBLE_Corn_Winter/cumulative dia 01 (2026-05-03 → 2026-05-04) 43539 bytes
2026-05-03 09:33:49,972 [INFO] [OK] Brazil/ECM_ENSEMBLE_Corn_Winter/cumulative dia 02 (2026-05-03 → 2026-05-05) 44507 bytes
2026-05-03 09:33:50,139 [INFO] [OK] Brazil/ECM_ENSEMBLE_Corn_Winter/cumulative dia 03 (2026-05-03 → 2026-05-06) 45733 bytes
2026-05-03 09:33:50,392 [INFO] [OK] Brazil/ECM_ENSEMBLE_Corn_Winter/cumulative dia 04 (2026-05-03 → 2026-05-07) 48418 bytes
2026-05-03 09:33:50,724 [INFO] [OK] Brazil/ECM_ENSEMBLE_Corn_Winter/cumulative dia 05 (2026-05-03 → 2026-05-08) 49845 bytes
2026-05-03 09:33:50,771 [INFO] [OK] Brazil/ECM_ENSEMBLE_Corn_Winter/cumulative dia 06 (2026-05-03 → 2026-05-09) 50418 bytes
2026-05-03 09:33:51,062 [INFO] [OK] Brazil/ECM_ENSEMBLE_Corn_Winter/cumulative dia 07 (2026-05-03 → 2026-05-10) 51145 bytes
2026-05-03 09:33:52,086 [INFO] [OK] Brazil/ECM_ENSEMBLE_Corn_Winter/cumulative dia 08 (2026-05-03 → 2026-05-11) 50915 bytes
2026-05-03 09:33:52,235 [INFO] [OK] Brazil/ECM_ENSEMBLE_Corn_Winter/cumulative dia 09 (2026-05-03 → 2026-05-12) 50356 bytes
2026-05-03 09:33:52,538 [INFO] [OK] Brazil/ECM_ENSEMBLE_Corn_Winter/cumulative dia 10 (2026-05-03 → 2026-05-13) 50574 bytes
2026-05-03 09:33:52,938 [INFO] [OK] Brazil/ECM_ENSEMBLE_Corn_Winter/cumulative dia 11 (2026-05-03 → 2026-05-14) 50748 bytes
2026-05-03 09:33:53,223 [INFO] [OK] Brazil/ECM_ENSEMBLE_Corn_Winter/cumulative dia 12 (2026-05-03 → 2026-05-15) 50871 bytes
2026-05-03 09:33:53,340 [INFO] [OK] Argentina/GFS_ENSEMBLE_Soy/daily dia 00 (2026-05-03 → 2026-05-03) 33243 bytes
2026-05-03 09:33:53,392 [INFO] [OK] Brazil/ECM_ENSEMBLE_Corn_Winter/cumulative dia 13 (2026-05-03 → 2026-05-16) 51107 bytes
2026-05-03 09:33:53,530 [INFO] [OK] Argentina/GFS_ENSEMBLE_Soy/daily dia 01 (2026-05-04 → 2026-05-04) 32142 bytes
2026-05-03 09:33:53,898 [INFO] [OK] Argentina/GFS_ENSEMBLE_Soy/daily dia 02 (2026-05-05 → 2026-05-05) 32960 bytes
2026-05-03 09:33:54,174 [INFO] [OK] Argentina/GFS_ENSEMBLE_Soy/daily dia 03 (2026-05-06 → 2026-05-06) 35672 bytes
2026-05-03 09:33:54,453 [INFO] [OK] Brazil/ECM_ENSEMBLE_Corn_Winter/cumulative dia 14 (2026-05-03 → 2026-05-17) 51746 bytes
2026-05-03 09:33:54,525 [INFO] [OK] Argentina/GFS_ENSEMBLE_Soy/daily dia 05 (2026-05-08 → 2026-05-08) 38605 bytes
2026-05-03 09:33:54,630 [INFO] [OK] Argentina/GFS_ENSEMBLE_Soy/daily dia 04 (2026-05-07 → 2026-05-07) 37758 bytes
2026-05-03 09:33:54,697 [INFO] [OK] Argentina/GFS_ENSEMBLE_Soy/daily dia 06 (2026-05-09 → 2026-05-09) 41954 bytes
2026-05-03 09:33:54,987 [INFO] [OK] Argentina/GFS_ENSEMBLE_Soy/daily dia 07 (2026-05-10 → 2026-05-10) 37984 bytes
2026-05-03 09:33:55,173 [INFO] [OK] Argentina/GFS_ENSEMBLE_Soy/daily dia 08 (2026-05-11 → 2026-05-11) 32907 bytes
2026-05-03 09:33:55,973 [INFO] [OK] Argentina/GFS_ENSEMBLE_Soy/daily dia 10 (2026-05-13 → 2026-05-13) 36585 bytes
2026-05-03 09:33:55,981 [INFO] [OK] Argentina/GFS_ENSEMBLE_Soy/daily dia 11 (2026-05-14 → 2026-05-14) 42037 bytes
2026-05-03 09:33:55,984 [INFO] [OK] Argentina/GFS_ENSEMBLE_Soy/daily dia 09 (2026-05-12 → 2026-05-12) 33935 bytes
2026-05-03 09:33:55,989 [INFO] [OK] Argentina/GFS_ENSEMBLE_Soy/daily dia 12 (2026-05-15 → 2026-05-15) 45138 bytes
2026-05-03 09:33:56,032 [INFO] [OK] Argentina/GFS_ENSEMBLE_Soy/daily dia 13 (2026-05-16 → 2026-05-16) 44942 bytes
2026-05-03 09:33:56,174 [INFO] [OK] Argentina/GFS_ENSEMBLE_Soy/daily dia 14 (2026-05-17 → 2026-05-17) 45739 bytes
2026-05-03 09:33:57,026 [INFO] [OK] Argentina/GFS_ENSEMBLE_Soy/cumulative dia 00 (2026-05-03 → 2026-05-03) 33243 bytes
2026-05-03 09:33:57,142 [INFO] [OK] Argentina/GFS_ENSEMBLE_Soy/cumulative dia 02 (2026-05-03 → 2026-05-05) 34607 bytes
2026-05-03 09:33:57,187 [INFO] [OK] Argentina/GFS_ENSEMBLE_Soy/cumulative dia 01 (2026-05-03 → 2026-05-04) 33251 bytes
2026-05-03 09:33:57,228 [INFO] [OK] Argentina/GFS_ENSEMBLE_Soy/cumulative dia 04 (2026-05-03 → 2026-05-07) 40068 bytes
2026-05-03 09:33:57,234 [INFO] [OK] Argentina/GFS_ENSEMBLE_Soy/cumulative dia 03 (2026-05-03 → 2026-05-06) 36385 bytes
2026-05-03 09:33:57,428 [INFO] [OK] Argentina/GFS_ENSEMBLE_Soy/cumulative dia 05 (2026-05-03 → 2026-05-08) 41916 bytes
2026-05-03 09:33:58,343 [INFO] [OK] Argentina/GFS_ENSEMBLE_Soy/cumulative dia 06 (2026-05-03 → 2026-05-09) 43144 bytes
2026-05-03 09:33:58,579 [INFO] [OK] Argentina/GFS_ENSEMBLE_Soy/cumulative dia 07 (2026-05-03 → 2026-05-10) 44008 bytes
2026-05-03 09:33:58,617 [INFO] [OK] Argentina/GFS_ENSEMBLE_Soy/cumulative dia 08 (2026-05-03 → 2026-05-11) 43950 bytes
2026-05-03 09:33:58,747 [INFO] [OK] Argentina/GFS_ENSEMBLE_Soy/cumulative dia 09 (2026-05-03 → 2026-05-12) 43927 bytes
2026-05-03 09:33:58,814 [INFO] [OK] Argentina/GFS_ENSEMBLE_Soy/cumulative dia 10 (2026-05-03 → 2026-05-13) 43779 bytes
2026-05-03 09:33:58,937 [INFO] [OK] Argentina/GFS_ENSEMBLE_Soy/cumulative dia 11 (2026-05-03 → 2026-05-14) 43643 bytes
2026-05-03 09:33:59,966 [INFO] [OK] Argentina/GFS_ENSEMBLE_Corn_Winter/daily dia 00 (2026-05-03 → 2026-05-03) 31496 bytes
2026-05-03 09:34:00,041 [INFO] [OK] Argentina/GFS_ENSEMBLE_Corn_Winter/daily dia 01 (2026-05-04 → 2026-05-04) 30365 bytes
2026-05-03 09:34:00,144 [INFO] [OK] Argentina/GFS_ENSEMBLE_Corn_Winter/daily dia 02 (2026-05-05 → 2026-05-05) 31284 bytes
2026-05-03 09:34:00,153 [INFO] [OK] Argentina/GFS_ENSEMBLE_Soy/cumulative dia 13 (2026-05-03 → 2026-05-16) 43903 bytes
2026-05-03 09:34:00,177 [INFO] [OK] Argentina/GFS_ENSEMBLE_Soy/cumulative dia 12 (2026-05-03 → 2026-05-15) 43900 bytes
2026-05-03 09:34:00,246 [INFO] [OK] Argentina/GFS_ENSEMBLE_Soy/cumulative dia 14 (2026-05-03 → 2026-05-17) 44388 bytes
2026-05-03 09:34:00,950 [INFO] [OK] Argentina/GFS_ENSEMBLE_Corn_Winter/daily dia 03 (2026-05-06 → 2026-05-06) 33768 bytes
2026-05-03 09:34:01,103 [INFO] [OK] Argentina/GFS_ENSEMBLE_Corn_Winter/daily dia 04 (2026-05-07 → 2026-05-07) 36002 bytes
2026-05-03 09:34:01,213 [INFO] [OK] Argentina/GFS_ENSEMBLE_Corn_Winter/daily dia 07 (2026-05-10 → 2026-05-10) 36375 bytes
2026-05-03 09:34:01,262 [INFO] [OK] Argentina/GFS_ENSEMBLE_Corn_Winter/daily dia 08 (2026-05-11 → 2026-05-11) 31362 bytes
2026-05-03 09:34:01,312 [INFO] [OK] Argentina/GFS_ENSEMBLE_Corn_Winter/daily dia 05 (2026-05-08 → 2026-05-08) 37264 bytes
2026-05-03 09:34:01,376 [INFO] [OK] Argentina/GFS_ENSEMBLE_Corn_Winter/daily dia 06 (2026-05-09 → 2026-05-09) 40540 bytes
2026-05-03 09:34:01,862 [INFO] [OK] Argentina/GFS_ENSEMBLE_Corn_Winter/daily dia 09 (2026-05-12 → 2026-05-12) 32577 bytes
2026-05-03 09:34:02,088 [INFO] [OK] Argentina/GFS_ENSEMBLE_Corn_Winter/daily dia 10 (2026-05-13 → 2026-05-13) 35087 bytes
2026-05-03 09:34:02,185 [INFO] [OK] Argentina/GFS_ENSEMBLE_Corn_Winter/daily dia 11 (2026-05-14 → 2026-05-14) 40685 bytes
2026-05-03 09:34:02,236 [INFO] [OK] Argentina/GFS_ENSEMBLE_Corn_Winter/daily dia 12 (2026-05-15 → 2026-05-15) 43520 bytes
2026-05-03 09:34:02,302 [INFO] [OK] Argentina/GFS_ENSEMBLE_Corn_Winter/daily dia 13 (2026-05-16 → 2026-05-16) 43565 bytes
2026-05-03 09:34:02,364 [INFO] [OK] Argentina/GFS_ENSEMBLE_Corn_Winter/daily dia 14 (2026-05-17 → 2026-05-17) 44185 bytes
2026-05-03 09:34:02,903 [INFO] [OK] Argentina/GFS_ENSEMBLE_Corn_Winter/cumulative dia 00 (2026-05-03 → 2026-05-03) 31496 bytes
2026-05-03 09:34:03,075 [INFO] [OK] Argentina/GFS_ENSEMBLE_Corn_Winter/cumulative dia 01 (2026-05-03 → 2026-05-04) 31609 bytes
2026-05-03 09:34:03,269 [INFO] [OK] Argentina/GFS_ENSEMBLE_Corn_Winter/cumulative dia 02 (2026-05-03 → 2026-05-05) 32935 bytes
2026-05-03 09:34:03,407 [INFO] [OK] Argentina/GFS_ENSEMBLE_Corn_Winter/cumulative dia 03 (2026-05-03 → 2026-05-06) 34757 bytes
2026-05-03 09:34:03,459 [INFO] [OK] Argentina/GFS_ENSEMBLE_Corn_Winter/cumulative dia 04 (2026-05-03 → 2026-05-07) 38212 bytes
2026-05-03 09:34:03,617 [INFO] [OK] Argentina/GFS_ENSEMBLE_Corn_Winter/cumulative dia 05 (2026-05-03 → 2026-05-08) 40236 bytes
2026-05-03 09:34:04,135 [INFO] [OK] Argentina/GFS_ENSEMBLE_Corn_Winter/cumulative dia 06 (2026-05-03 → 2026-05-09) 41571 bytes
2026-05-03 09:34:04,392 [INFO] [OK] Argentina/GFS_ENSEMBLE_Corn_Winter/cumulative dia 07 (2026-05-03 → 2026-05-10) 42497 bytes
2026-05-03 09:34:04,663 [INFO] [OK] Argentina/GFS_ENSEMBLE_Corn_Winter/cumulative dia 08 (2026-05-03 → 2026-05-11) 42412 bytes
2026-05-03 09:34:04,986 [INFO] [OK] Argentina/GFS_ENSEMBLE_Corn_Winter/cumulative dia 10 (2026-05-03 → 2026-05-13) 41946 bytes
2026-05-03 09:34:04,989 [INFO] [OK] Argentina/GFS_ENSEMBLE_Corn_Winter/cumulative dia 09 (2026-05-03 → 2026-05-12) 42180 bytes
2026-05-03 09:34:05,127 [INFO] [OK] Argentina/GFS_ENSEMBLE_Corn_Winter/cumulative dia 11 (2026-05-03 → 2026-05-14) 41925 bytes
2026-05-03 09:34:05,672 [INFO] [OK] Argentina/GFS_ENSEMBLE_Corn_Winter/cumulative dia 12 (2026-05-03 → 2026-05-15) 42200 bytes
2026-05-03 09:34:05,947 [INFO] [OK] Argentina/GFS_ENSEMBLE_Corn_Winter/cumulative dia 13 (2026-05-03 → 2026-05-16) 42472 bytes
2026-05-03 09:34:05,999 [INFO] [OK] Argentina/ECM_ENSEMBLE_Soy/daily dia 00 (2026-05-03 → 2026-05-03) 34629 bytes
2026-05-03 09:34:06,072 [INFO] [OK] Argentina/ECM_ENSEMBLE_Soy/daily dia 01 (2026-05-04 → 2026-05-04) 34284 bytes
2026-05-03 09:34:06,110 [INFO] [OK] Argentina/ECM_ENSEMBLE_Soy/daily dia 02 (2026-05-05 → 2026-05-05) 34535 bytes
2026-05-03 09:34:06,401 [INFO] [OK] Argentina/GFS_ENSEMBLE_Corn_Winter/cumulative dia 14 (2026-05-03 → 2026-05-17) 42808 bytes
2026-05-03 09:34:06,704 [INFO] [OK] Argentina/ECM_ENSEMBLE_Soy/daily dia 03 (2026-05-06 → 2026-05-06) 37812 bytes
2026-05-03 09:34:06,926 [INFO] [OK] Argentina/ECM_ENSEMBLE_Soy/daily dia 04 (2026-05-07 → 2026-05-07) 40633 bytes
2026-05-03 09:34:07,031 [INFO] [OK] Argentina/ECM_ENSEMBLE_Soy/daily dia 05 (2026-05-08 → 2026-05-08) 41949 bytes
2026-05-03 09:34:07,113 [INFO] [OK] Argentina/ECM_ENSEMBLE_Soy/daily dia 06 (2026-05-09 → 2026-05-09) 41218 bytes
2026-05-03 09:34:07,115 [INFO] [OK] Argentina/ECM_ENSEMBLE_Soy/daily dia 07 (2026-05-10 → 2026-05-10) 35708 bytes
2026-05-03 09:34:07,358 [INFO] [OK] Argentina/ECM_ENSEMBLE_Soy/daily dia 08 (2026-05-11 → 2026-05-11) 32368 bytes
2026-05-03 09:34:07,633 [INFO] [OK] Argentina/ECM_ENSEMBLE_Soy/daily dia 09 (2026-05-12 → 2026-05-12) 32845 bytes
2026-05-03 09:34:07,953 [INFO] [OK] Argentina/ECM_ENSEMBLE_Soy/daily dia 10 (2026-05-13 → 2026-05-13) 34006 bytes
2026-05-03 09:34:08,035 [INFO] [OK] Argentina/ECM_ENSEMBLE_Soy/daily dia 11 (2026-05-14 → 2026-05-14) 38143 bytes
2026-05-03 09:34:08,121 [INFO] [OK] Argentina/ECM_ENSEMBLE_Soy/daily dia 13 (2026-05-16 → 2026-05-16) 47143 bytes
2026-05-03 09:34:08,176 [INFO] [OK] Argentina/ECM_ENSEMBLE_Soy/daily dia 12 (2026-05-15 → 2026-05-15) 45414 bytes
2026-05-03 09:34:08,408 [INFO] [OK] Argentina/ECM_ENSEMBLE_Soy/daily dia 14 (2026-05-17 → 2026-05-17) 45731 bytes
2026-05-03 09:34:08,629 [INFO] [OK] Argentina/ECM_ENSEMBLE_Soy/cumulative dia 00 (2026-05-03 → 2026-05-03) 34629 bytes
2026-05-03 09:34:08,921 [INFO] [OK] Argentina/ECM_ENSEMBLE_Soy/cumulative dia 01 (2026-05-03 → 2026-05-04) 34940 bytes
2026-05-03 09:34:09,055 [INFO] [OK] Argentina/ECM_ENSEMBLE_Soy/cumulative dia 02 (2026-05-03 → 2026-05-05) 36729 bytes
2026-05-03 09:34:09,236 [INFO] [OK] Argentina/ECM_ENSEMBLE_Soy/cumulative dia 03 (2026-05-03 → 2026-05-06) 38254 bytes
2026-05-03 09:34:09,412 [INFO] [OK] Argentina/ECM_ENSEMBLE_Soy/cumulative dia 04 (2026-05-03 → 2026-05-07) 41546 bytes
2026-05-03 09:34:09,623 [INFO] [OK] Argentina/ECM_ENSEMBLE_Soy/cumulative dia 05 (2026-05-03 → 2026-05-08) 42437 bytes
2026-05-03 09:34:09,919 [INFO] [OK] Argentina/ECM_ENSEMBLE_Soy/cumulative dia 06 (2026-05-03 → 2026-05-09) 43368 bytes
2026-05-03 09:34:10,281 [INFO] [OK] Argentina/ECM_ENSEMBLE_Soy/cumulative dia 07 (2026-05-03 → 2026-05-10) 43969 bytes
2026-05-03 09:34:10,460 [INFO] [OK] Argentina/ECM_ENSEMBLE_Soy/cumulative dia 08 (2026-05-03 → 2026-05-11) 43728 bytes
2026-05-03 09:34:10,682 [INFO] [OK] Argentina/ECM_ENSEMBLE_Soy/cumulative dia 09 (2026-05-03 → 2026-05-12) 43703 bytes
2026-05-03 09:34:10,864 [INFO] [OK] Argentina/ECM_ENSEMBLE_Soy/cumulative dia 10 (2026-05-03 → 2026-05-13) 43536 bytes
2026-05-03 09:34:11,094 [INFO] [OK] Argentina/ECM_ENSEMBLE_Soy/cumulative dia 11 (2026-05-03 → 2026-05-14) 43436 bytes
2026-05-03 09:34:11,464 [INFO] [OK] Argentina/ECM_ENSEMBLE_Soy/cumulative dia 12 (2026-05-03 → 2026-05-15) 43255 bytes
2026-05-03 09:34:11,659 [INFO] [OK] Argentina/ECM_ENSEMBLE_Corn_Winter/daily dia 00 (2026-05-03 → 2026-05-03) 32898 bytes
2026-05-03 09:34:11,841 [INFO] [OK] Argentina/ECM_ENSEMBLE_Corn_Winter/daily dia 01 (2026-05-04 → 2026-05-04) 32649 bytes
2026-05-03 09:34:11,913 [INFO] [OK] Argentina/ECM_ENSEMBLE_Soy/cumulative dia 13 (2026-05-03 → 2026-05-16) 43681 bytes
2026-05-03 09:34:12,129 [INFO] [OK] Argentina/ECM_ENSEMBLE_Soy/cumulative dia 14 (2026-05-03 → 2026-05-17) 44176 bytes
2026-05-03 09:34:12,189 [INFO] [OK] Argentina/ECM_ENSEMBLE_Corn_Winter/daily dia 02 (2026-05-05 → 2026-05-05) 32844 bytes
2026-05-03 09:34:12,398 [INFO] [OK] Argentina/ECM_ENSEMBLE_Corn_Winter/daily dia 03 (2026-05-06 → 2026-05-06) 35784 bytes
2026-05-03 09:34:12,646 [INFO] [OK] Argentina/ECM_ENSEMBLE_Corn_Winter/daily dia 04 (2026-05-07 → 2026-05-07) 39155 bytes
2026-05-03 09:34:12,846 [INFO] [OK] Argentina/ECM_ENSEMBLE_Corn_Winter/daily dia 05 (2026-05-08 → 2026-05-08) 40467 bytes
2026-05-03 09:34:12,975 [INFO] [OK] Argentina/ECM_ENSEMBLE_Corn_Winter/daily dia 06 (2026-05-09 → 2026-05-09) 39532 bytes
2026-05-03 09:34:13,077 [INFO] [OK] Argentina/ECM_ENSEMBLE_Corn_Winter/daily dia 07 (2026-05-10 → 2026-05-10) 34233 bytes
2026-05-03 09:34:13,204 [INFO] [OK] Argentina/ECM_ENSEMBLE_Corn_Winter/daily dia 08 (2026-05-11 → 2026-05-11) 30770 bytes
2026-05-03 09:34:13,420 [INFO] [OK] Argentina/ECM_ENSEMBLE_Corn_Winter/daily dia 09 (2026-05-12 → 2026-05-12) 31513 bytes
2026-05-03 09:34:13,601 [INFO] [OK] Argentina/ECM_ENSEMBLE_Corn_Winter/daily dia 10 (2026-05-13 → 2026-05-13) 32608 bytes
2026-05-03 09:34:14,078 [INFO] [OK] Argentina/ECM_ENSEMBLE_Corn_Winter/daily dia 11 (2026-05-14 → 2026-05-14) 36444 bytes
2026-05-03 09:34:14,131 [INFO] [OK] Argentina/ECM_ENSEMBLE_Corn_Winter/daily dia 12 (2026-05-15 → 2026-05-15) 43858 bytes
2026-05-03 09:34:14,256 [INFO] [OK] Argentina/ECM_ENSEMBLE_Corn_Winter/daily dia 14 (2026-05-17 → 2026-05-17) 44143 bytes
2026-05-03 09:34:14,304 [INFO] [OK] Argentina/ECM_ENSEMBLE_Corn_Winter/daily dia 13 (2026-05-16 → 2026-05-16) 45570 bytes
2026-05-03 09:34:14,358 [INFO] [OK] Argentina/ECM_ENSEMBLE_Corn_Winter/cumulative dia 00 (2026-05-03 → 2026-05-03) 32898 bytes
2026-05-03 09:34:14,634 [INFO] [OK] Argentina/ECM_ENSEMBLE_Corn_Winter/cumulative dia 01 (2026-05-03 → 2026-05-04) 33458 bytes
2026-05-03 09:34:15,164 [INFO] [OK] Argentina/ECM_ENSEMBLE_Corn_Winter/cumulative dia 02 (2026-05-03 → 2026-05-05) 35185 bytes
2026-05-03 09:34:15,303 [INFO] [OK] Argentina/ECM_ENSEMBLE_Corn_Winter/cumulative dia 03 (2026-05-03 → 2026-05-06) 36460 bytes
2026-05-03 09:34:15,568 [INFO] [OK] Argentina/ECM_ENSEMBLE_Corn_Winter/cumulative dia 04 (2026-05-03 → 2026-05-07) 39934 bytes
2026-05-03 09:34:15,646 [INFO] [OK] Argentina/ECM_ENSEMBLE_Corn_Winter/cumulative dia 05 (2026-05-03 → 2026-05-08) 41065 bytes
2026-05-03 09:34:15,732 [INFO] [OK] Argentina/ECM_ENSEMBLE_Corn_Winter/cumulative dia 06 (2026-05-03 → 2026-05-09) 41960 bytes
2026-05-03 09:34:15,948 [INFO] [OK] Argentina/ECM_ENSEMBLE_Corn_Winter/cumulative dia 07 (2026-05-03 → 2026-05-10) 42629 bytes
2026-05-03 09:34:16,557 [INFO] [OK] Argentina/ECM_ENSEMBLE_Corn_Winter/cumulative dia 08 (2026-05-03 → 2026-05-11) 42425 bytes
2026-05-03 09:34:16,762 [INFO] [OK] Argentina/ECM_ENSEMBLE_Corn_Winter/cumulative dia 09 (2026-05-03 → 2026-05-12) 42386 bytes
2026-05-03 09:34:17,102 [INFO] [OK] Argentina/ECM_ENSEMBLE_Corn_Winter/cumulative dia 10 (2026-05-03 → 2026-05-13) 42010 bytes
2026-05-03 09:34:17,239 [INFO] [OK] Argentina/ECM_ENSEMBLE_Corn_Winter/cumulative dia 11 (2026-05-03 → 2026-05-14) 41853 bytes
2026-05-03 09:34:17,265 [INFO] [OK] Argentina/ECM_ENSEMBLE_Corn_Winter/cumulative dia 12 (2026-05-03 → 2026-05-15) 41831 bytes
2026-05-03 09:34:17,601 [INFO] [OK] Argentina/ECM_ENSEMBLE_Corn_Winter/cumulative dia 13 (2026-05-03 → 2026-05-16) 42376 bytes
2026-05-03 09:34:18,179 [INFO] [OK] Argentina/ECM_ENSEMBLE_Corn_Winter/cumulative dia 14 (2026-05-03 → 2026-05-17) 42920 bytes
2026-05-03 09:34:18,182 [INFO] Resumo: 240/240 sucessos, 0 erros
