2026-05-28 09:33:17,842 [INFO] === Execução 2026-05-28 | modo=both | dias=15 | parâmetro=PRCP_DEP ===
2026-05-28 09:33:18,269 [INFO] Baixando 240 mapas com 6 threads...
2026-05-28 09:33:20,727 [INFO] [OK] Brazil/GFS_ENSEMBLE_Soy/daily dia 05 (2026-06-02 → 2026-06-02) 49761 bytes
2026-05-28 09:33:20,732 [INFO] [OK] Brazil/GFS_ENSEMBLE_Soy/daily dia 03 (2026-05-31 → 2026-05-31) 46479 bytes
2026-05-28 09:33:20,806 [INFO] [OK] Brazil/GFS_ENSEMBLE_Soy/daily dia 00 (2026-05-28 → 2026-05-28) 36809 bytes
2026-05-28 09:33:20,820 [INFO] [OK] Brazil/GFS_ENSEMBLE_Soy/daily dia 01 (2026-05-29 → 2026-05-29) 42115 bytes
2026-05-28 09:33:20,950 [INFO] [OK] Brazil/GFS_ENSEMBLE_Soy/daily dia 04 (2026-06-01 → 2026-06-01) 49358 bytes
2026-05-28 09:33:21,013 [INFO] [OK] Brazil/GFS_ENSEMBLE_Soy/daily dia 02 (2026-05-30 → 2026-05-30) 43876 bytes
2026-05-28 09:33:22,376 [INFO] [OK] Brazil/GFS_ENSEMBLE_Soy/daily dia 06 (2026-06-03 → 2026-06-03) 48421 bytes
2026-05-28 09:33:22,379 [INFO] [OK] Brazil/GFS_ENSEMBLE_Soy/daily dia 07 (2026-06-04 → 2026-06-04) 49616 bytes
2026-05-28 09:33:22,380 [INFO] [OK] Brazil/GFS_ENSEMBLE_Soy/daily dia 09 (2026-06-06 → 2026-06-06) 50300 bytes
2026-05-28 09:33:22,384 [INFO] [OK] Brazil/GFS_ENSEMBLE_Soy/daily dia 10 (2026-06-07 → 2026-06-07) 52045 bytes
2026-05-28 09:33:22,406 [INFO] [OK] Brazil/GFS_ENSEMBLE_Soy/daily dia 08 (2026-06-05 → 2026-06-05) 49443 bytes
2026-05-28 09:33:22,408 [INFO] [OK] Brazil/GFS_ENSEMBLE_Soy/daily dia 11 (2026-06-08 → 2026-06-08) 49445 bytes
2026-05-28 09:33:23,815 [INFO] [OK] Brazil/GFS_ENSEMBLE_Soy/daily dia 14 (2026-06-11 → 2026-06-11) 50556 bytes
2026-05-28 09:33:23,818 [INFO] [OK] Brazil/GFS_ENSEMBLE_Soy/daily dia 12 (2026-06-09 → 2026-06-09) 49159 bytes
2026-05-28 09:33:23,885 [INFO] [OK] Brazil/GFS_ENSEMBLE_Soy/daily dia 13 (2026-06-10 → 2026-06-10) 50285 bytes
2026-05-28 09:33:23,910 [INFO] [OK] Brazil/GFS_ENSEMBLE_Soy/cumulative dia 00 (2026-05-28 → 2026-05-28) 36809 bytes
2026-05-28 09:33:24,004 [INFO] [OK] Brazil/GFS_ENSEMBLE_Soy/cumulative dia 01 (2026-05-28 → 2026-05-29) 41061 bytes
2026-05-28 09:33:24,040 [INFO] [OK] Brazil/GFS_ENSEMBLE_Soy/cumulative dia 02 (2026-05-28 → 2026-05-30) 42856 bytes
2026-05-28 09:33:25,623 [INFO] [OK] Brazil/GFS_ENSEMBLE_Soy/cumulative dia 03 (2026-05-28 → 2026-05-31) 44973 bytes
2026-05-28 09:33:25,771 [INFO] [OK] Brazil/GFS_ENSEMBLE_Soy/cumulative dia 04 (2026-05-28 → 2026-06-01) 48119 bytes
2026-05-28 09:33:25,942 [INFO] [OK] Brazil/GFS_ENSEMBLE_Soy/cumulative dia 05 (2026-05-28 → 2026-06-02) 49555 bytes
2026-05-28 09:33:26,102 [INFO] [OK] Brazil/GFS_ENSEMBLE_Soy/cumulative dia 06 (2026-05-28 → 2026-06-03) 50394 bytes
2026-05-28 09:33:26,272 [INFO] [OK] Brazil/GFS_ENSEMBLE_Soy/cumulative dia 07 (2026-05-28 → 2026-06-04) 50427 bytes
2026-05-28 09:33:26,386 [INFO] [OK] Brazil/GFS_ENSEMBLE_Soy/cumulative dia 08 (2026-05-28 → 2026-06-05) 50901 bytes
2026-05-28 09:33:27,835 [INFO] [OK] Brazil/GFS_ENSEMBLE_Soy/cumulative dia 09 (2026-05-28 → 2026-06-06) 52245 bytes
2026-05-28 09:33:28,088 [INFO] [OK] Brazil/GFS_ENSEMBLE_Soy/cumulative dia 10 (2026-05-28 → 2026-06-07) 52751 bytes
2026-05-28 09:33:28,361 [INFO] [OK] Brazil/GFS_ENSEMBLE_Soy/cumulative dia 11 (2026-05-28 → 2026-06-08) 53347 bytes
2026-05-28 09:33:28,855 [INFO] [OK] Brazil/GFS_ENSEMBLE_Soy/cumulative dia 12 (2026-05-28 → 2026-06-09) 53026 bytes
2026-05-28 09:33:28,928 [INFO] [OK] Brazil/GFS_ENSEMBLE_Soy/cumulative dia 13 (2026-05-28 → 2026-06-10) 52472 bytes
2026-05-28 09:33:29,057 [INFO] [OK] Brazil/GFS_ENSEMBLE_Soy/cumulative dia 14 (2026-05-28 → 2026-06-11) 51587 bytes
2026-05-28 09:33:29,190 [INFO] [OK] Brazil/GFS_ENSEMBLE_Corn_Winter/daily dia 00 (2026-05-28 → 2026-05-28) 35225 bytes
2026-05-28 09:33:29,405 [INFO] [OK] Brazil/GFS_ENSEMBLE_Corn_Winter/daily dia 01 (2026-05-29 → 2026-05-29) 40725 bytes
2026-05-28 09:33:29,677 [INFO] [OK] Brazil/GFS_ENSEMBLE_Corn_Winter/daily dia 02 (2026-05-30 → 2026-05-30) 42356 bytes
2026-05-28 09:33:30,241 [INFO] [OK] Brazil/GFS_ENSEMBLE_Corn_Winter/daily dia 03 (2026-05-31 → 2026-05-31) 44939 bytes
2026-05-28 09:33:30,478 [INFO] [OK] Brazil/GFS_ENSEMBLE_Corn_Winter/daily dia 04 (2026-06-01 → 2026-06-01) 48089 bytes
2026-05-28 09:33:30,525 [INFO] [OK] Brazil/GFS_ENSEMBLE_Corn_Winter/daily dia 05 (2026-06-02 → 2026-06-02) 48191 bytes
2026-05-28 09:33:30,598 [INFO] [OK] Brazil/GFS_ENSEMBLE_Corn_Winter/daily dia 06 (2026-06-03 → 2026-06-03) 46570 bytes
2026-05-28 09:33:30,895 [INFO] [OK] Brazil/GFS_ENSEMBLE_Corn_Winter/daily dia 07 (2026-06-04 → 2026-06-04) 48352 bytes
2026-05-28 09:33:31,060 [INFO] [OK] Brazil/GFS_ENSEMBLE_Corn_Winter/daily dia 08 (2026-06-05 → 2026-06-05) 48311 bytes
2026-05-28 09:33:31,721 [INFO] [OK] Brazil/GFS_ENSEMBLE_Corn_Winter/daily dia 09 (2026-06-06 → 2026-06-06) 48931 bytes
2026-05-28 09:33:31,838 [INFO] [OK] Brazil/GFS_ENSEMBLE_Corn_Winter/daily dia 10 (2026-06-07 → 2026-06-07) 50853 bytes
2026-05-28 09:33:31,934 [INFO] [OK] Brazil/GFS_ENSEMBLE_Corn_Winter/daily dia 11 (2026-06-08 → 2026-06-08) 47961 bytes
2026-05-28 09:33:32,028 [INFO] [OK] Brazil/GFS_ENSEMBLE_Corn_Winter/daily dia 12 (2026-06-09 → 2026-06-09) 47907 bytes
2026-05-28 09:33:32,213 [INFO] [OK] Brazil/GFS_ENSEMBLE_Corn_Winter/daily dia 13 (2026-06-10 → 2026-06-10) 48791 bytes
2026-05-28 09:33:32,525 [INFO] [OK] Brazil/GFS_ENSEMBLE_Corn_Winter/daily dia 14 (2026-06-11 → 2026-06-11) 49116 bytes
2026-05-28 09:33:33,091 [INFO] [OK] Brazil/GFS_ENSEMBLE_Corn_Winter/cumulative dia 00 (2026-05-28 → 2026-05-28) 35225 bytes
2026-05-28 09:33:33,191 [INFO] [OK] Brazil/GFS_ENSEMBLE_Corn_Winter/cumulative dia 01 (2026-05-28 → 2026-05-29) 39452 bytes
2026-05-28 09:33:33,469 [INFO] [OK] Brazil/GFS_ENSEMBLE_Corn_Winter/cumulative dia 02 (2026-05-28 → 2026-05-30) 41370 bytes
2026-05-28 09:33:33,731 [INFO] [OK] Brazil/GFS_ENSEMBLE_Corn_Winter/cumulative dia 03 (2026-05-28 → 2026-05-31) 43353 bytes
2026-05-28 09:33:33,814 [INFO] [OK] Brazil/GFS_ENSEMBLE_Corn_Winter/cumulative dia 04 (2026-05-28 → 2026-06-01) 46609 bytes
2026-05-28 09:33:34,182 [INFO] [OK] Brazil/GFS_ENSEMBLE_Corn_Winter/cumulative dia 05 (2026-05-28 → 2026-06-02) 47928 bytes
2026-05-28 09:33:34,925 [INFO] [OK] Brazil/GFS_ENSEMBLE_Corn_Winter/cumulative dia 06 (2026-05-28 → 2026-06-03) 48828 bytes
2026-05-28 09:33:35,228 [INFO] [OK] Brazil/GFS_ENSEMBLE_Corn_Winter/cumulative dia 07 (2026-05-28 → 2026-06-04) 49144 bytes
2026-05-28 09:33:35,427 [INFO] [OK] Brazil/GFS_ENSEMBLE_Corn_Winter/cumulative dia 08 (2026-05-28 → 2026-06-05) 49472 bytes
2026-05-28 09:33:35,790 [INFO] [OK] Brazil/GFS_ENSEMBLE_Corn_Winter/cumulative dia 09 (2026-05-28 → 2026-06-06) 50769 bytes
2026-05-28 09:33:35,952 [INFO] [OK] Brazil/GFS_ENSEMBLE_Corn_Winter/cumulative dia 10 (2026-05-28 → 2026-06-07) 51306 bytes
2026-05-28 09:33:36,375 [INFO] [OK] Brazil/GFS_ENSEMBLE_Corn_Winter/cumulative dia 11 (2026-05-28 → 2026-06-08) 51980 bytes
2026-05-28 09:33:37,173 [INFO] [OK] Brazil/ECM_ENSEMBLE_Soy/daily dia 00 (2026-05-28 → 2026-05-28) 42124 bytes
2026-05-28 09:33:37,188 [INFO] [OK] Brazil/GFS_ENSEMBLE_Corn_Winter/cumulative dia 12 (2026-05-28 → 2026-06-09) 51818 bytes
2026-05-28 09:33:37,316 [INFO] [OK] Brazil/ECM_ENSEMBLE_Soy/daily dia 01 (2026-05-29 → 2026-05-29) 45109 bytes
2026-05-28 09:33:37,488 [INFO] [OK] Brazil/GFS_ENSEMBLE_Corn_Winter/cumulative dia 13 (2026-05-28 → 2026-06-10) 51061 bytes
2026-05-28 09:33:37,800 [INFO] [OK] Brazil/GFS_ENSEMBLE_Corn_Winter/cumulative dia 14 (2026-05-28 → 2026-06-11) 50512 bytes
2026-05-28 09:33:37,808 [INFO] [OK] Brazil/ECM_ENSEMBLE_Soy/daily dia 02 (2026-05-30 → 2026-05-30) 47323 bytes
2026-05-28 09:33:38,438 [INFO] [OK] Brazil/ECM_ENSEMBLE_Soy/daily dia 03 (2026-05-31 → 2026-05-31) 47884 bytes
2026-05-28 09:33:38,541 [INFO] [OK] Brazil/ECM_ENSEMBLE_Soy/daily dia 04 (2026-06-01 → 2026-06-01) 50211 bytes
2026-05-28 09:33:38,684 [INFO] [OK] Brazil/ECM_ENSEMBLE_Soy/daily dia 05 (2026-06-02 → 2026-06-02) 50992 bytes
2026-05-28 09:33:38,939 [INFO] [OK] Brazil/ECM_ENSEMBLE_Soy/daily dia 06 (2026-06-03 → 2026-06-03) 50158 bytes
2026-05-28 09:33:39,265 [INFO] [OK] Brazil/ECM_ENSEMBLE_Soy/daily dia 08 (2026-06-05 → 2026-06-05) 49422 bytes
2026-05-28 09:33:39,273 [INFO] [OK] Brazil/ECM_ENSEMBLE_Soy/daily dia 07 (2026-06-04 → 2026-06-04) 49512 bytes
2026-05-28 09:33:39,809 [INFO] [OK] Brazil/ECM_ENSEMBLE_Soy/daily dia 09 (2026-06-06 → 2026-06-06) 48763 bytes
2026-05-28 09:33:39,945 [INFO] [OK] Brazil/ECM_ENSEMBLE_Soy/daily dia 10 (2026-06-07 → 2026-06-07) 50749 bytes
2026-05-28 09:33:40,075 [INFO] [OK] Brazil/ECM_ENSEMBLE_Soy/daily dia 11 (2026-06-08 → 2026-06-08) 50514 bytes
2026-05-28 09:33:40,346 [INFO] [OK] Brazil/ECM_ENSEMBLE_Soy/daily dia 12 (2026-06-09 → 2026-06-09) 51211 bytes
2026-05-28 09:33:40,619 [INFO] [OK] Brazil/ECM_ENSEMBLE_Soy/daily dia 13 (2026-06-10 → 2026-06-10) 51593 bytes
2026-05-28 09:33:40,775 [INFO] [OK] Brazil/ECM_ENSEMBLE_Soy/daily dia 14 (2026-06-11 → 2026-06-11) 52046 bytes
2026-05-28 09:33:41,146 [INFO] [OK] Brazil/ECM_ENSEMBLE_Soy/cumulative dia 00 (2026-05-28 → 2026-05-28) 42124 bytes
2026-05-28 09:33:41,328 [INFO] [OK] Brazil/ECM_ENSEMBLE_Soy/cumulative dia 01 (2026-05-28 → 2026-05-29) 45778 bytes
2026-05-28 09:33:41,675 [INFO] [OK] Brazil/ECM_ENSEMBLE_Soy/cumulative dia 02 (2026-05-28 → 2026-05-30) 47846 bytes
2026-05-28 09:33:41,879 [INFO] [OK] Brazil/ECM_ENSEMBLE_Soy/cumulative dia 03 (2026-05-28 → 2026-05-31) 48823 bytes
2026-05-28 09:33:42,230 [INFO] [OK] Brazil/ECM_ENSEMBLE_Soy/cumulative dia 04 (2026-05-28 → 2026-06-01) 50589 bytes
2026-05-28 09:33:42,513 [INFO] [OK] Brazil/ECM_ENSEMBLE_Soy/cumulative dia 05 (2026-05-28 → 2026-06-02) 50999 bytes
2026-05-28 09:33:42,972 [INFO] [OK] Brazil/ECM_ENSEMBLE_Soy/cumulative dia 06 (2026-05-28 → 2026-06-03) 52011 bytes
2026-05-28 09:33:43,224 [INFO] [OK] Brazil/ECM_ENSEMBLE_Soy/cumulative dia 07 (2026-05-28 → 2026-06-04) 52395 bytes
2026-05-28 09:33:43,666 [INFO] [OK] Brazil/ECM_ENSEMBLE_Soy/cumulative dia 08 (2026-05-28 → 2026-06-05) 52194 bytes
2026-05-28 09:33:44,002 [INFO] [OK] Brazil/ECM_ENSEMBLE_Soy/cumulative dia 09 (2026-05-28 → 2026-06-06) 51824 bytes
2026-05-28 09:33:44,307 [INFO] [OK] Brazil/ECM_ENSEMBLE_Soy/cumulative dia 10 (2026-05-28 → 2026-06-07) 51708 bytes
2026-05-28 09:33:44,737 [INFO] [OK] Brazil/ECM_ENSEMBLE_Soy/cumulative dia 11 (2026-05-28 → 2026-06-08) 52754 bytes
2026-05-28 09:33:45,286 [INFO] [OK] Brazil/ECM_ENSEMBLE_Soy/cumulative dia 12 (2026-05-28 → 2026-06-09) 53042 bytes
2026-05-28 09:33:45,379 [INFO] [OK] Brazil/ECM_ENSEMBLE_Corn_Winter/daily dia 00 (2026-05-28 → 2026-05-28) 40676 bytes
2026-05-28 09:33:45,677 [INFO] [OK] Brazil/ECM_ENSEMBLE_Corn_Winter/daily dia 01 (2026-05-29 → 2026-05-29) 43805 bytes
2026-05-28 09:33:45,726 [INFO] [OK] Brazil/ECM_ENSEMBLE_Soy/cumulative dia 13 (2026-05-28 → 2026-06-10) 53349 bytes
2026-05-28 09:33:46,076 [INFO] [OK] Brazil/ECM_ENSEMBLE_Soy/cumulative dia 14 (2026-05-28 → 2026-06-11) 53535 bytes
2026-05-28 09:33:46,134 [INFO] [OK] Brazil/ECM_ENSEMBLE_Corn_Winter/daily dia 02 (2026-05-30 → 2026-05-30) 45606 bytes
2026-05-28 09:33:46,579 [INFO] [OK] Brazil/ECM_ENSEMBLE_Corn_Winter/daily dia 03 (2026-05-31 → 2026-05-31) 46303 bytes
2026-05-28 09:33:46,734 [INFO] [OK] Brazil/ECM_ENSEMBLE_Corn_Winter/daily dia 04 (2026-06-01 → 2026-06-01) 48391 bytes
2026-05-28 09:33:47,386 [INFO] [OK] Brazil/ECM_ENSEMBLE_Corn_Winter/daily dia 05 (2026-06-02 → 2026-06-02) 49492 bytes
2026-05-28 09:33:47,387 [INFO] [OK] Brazil/ECM_ENSEMBLE_Corn_Winter/daily dia 07 (2026-06-04 → 2026-06-04) 48248 bytes
2026-05-28 09:33:47,389 [INFO] [OK] Brazil/ECM_ENSEMBLE_Corn_Winter/daily dia 06 (2026-06-03 → 2026-06-03) 48721 bytes
2026-05-28 09:33:47,636 [INFO] [OK] Brazil/ECM_ENSEMBLE_Corn_Winter/daily dia 08 (2026-06-05 → 2026-06-05) 47984 bytes
2026-05-28 09:33:47,865 [INFO] [OK] Brazil/ECM_ENSEMBLE_Corn_Winter/daily dia 09 (2026-06-06 → 2026-06-06) 47275 bytes
2026-05-28 09:33:48,013 [INFO] [OK] Brazil/ECM_ENSEMBLE_Corn_Winter/daily dia 10 (2026-06-07 → 2026-06-07) 49143 bytes
2026-05-28 09:33:48,774 [INFO] [OK] Brazil/ECM_ENSEMBLE_Corn_Winter/daily dia 12 (2026-06-09 → 2026-06-09) 49856 bytes
2026-05-28 09:33:48,864 [INFO] [OK] Brazil/ECM_ENSEMBLE_Corn_Winter/daily dia 13 (2026-06-10 → 2026-06-10) 50155 bytes
2026-05-28 09:33:48,869 [INFO] [OK] Brazil/ECM_ENSEMBLE_Corn_Winter/daily dia 11 (2026-06-08 → 2026-06-08) 48904 bytes
2026-05-28 09:33:49,164 [INFO] [OK] Brazil/ECM_ENSEMBLE_Corn_Winter/daily dia 14 (2026-06-11 → 2026-06-11) 50483 bytes
2026-05-28 09:33:49,257 [INFO] [OK] Brazil/ECM_ENSEMBLE_Corn_Winter/cumulative dia 00 (2026-05-28 → 2026-05-28) 40676 bytes
2026-05-28 09:33:49,402 [INFO] [OK] Brazil/ECM_ENSEMBLE_Corn_Winter/cumulative dia 01 (2026-05-28 → 2026-05-29) 44181 bytes
2026-05-28 09:33:50,373 [INFO] [OK] Brazil/ECM_ENSEMBLE_Corn_Winter/cumulative dia 02 (2026-05-28 → 2026-05-30) 46296 bytes
2026-05-28 09:33:50,424 [INFO] [OK] Brazil/ECM_ENSEMBLE_Corn_Winter/cumulative dia 03 (2026-05-28 → 2026-05-31) 47335 bytes
2026-05-28 09:33:50,492 [INFO] [OK] Brazil/ECM_ENSEMBLE_Corn_Winter/cumulative dia 04 (2026-05-28 → 2026-06-01) 48968 bytes
2026-05-28 09:33:50,933 [INFO] [OK] Brazil/ECM_ENSEMBLE_Corn_Winter/cumulative dia 05 (2026-05-28 → 2026-06-02) 49242 bytes
2026-05-28 09:33:51,166 [INFO] [OK] Brazil/ECM_ENSEMBLE_Corn_Winter/cumulative dia 06 (2026-05-28 → 2026-06-03) 50408 bytes
2026-05-28 09:33:51,418 [INFO] [OK] Brazil/ECM_ENSEMBLE_Corn_Winter/cumulative dia 07 (2026-05-28 → 2026-06-04) 50588 bytes
2026-05-28 09:33:52,554 [INFO] [OK] Brazil/ECM_ENSEMBLE_Corn_Winter/cumulative dia 08 (2026-05-28 → 2026-06-05) 50793 bytes
2026-05-28 09:33:52,675 [INFO] [OK] Brazil/ECM_ENSEMBLE_Corn_Winter/cumulative dia 10 (2026-05-28 → 2026-06-07) 50187 bytes
2026-05-28 09:33:52,703 [INFO] [OK] Brazil/ECM_ENSEMBLE_Corn_Winter/cumulative dia 09 (2026-05-28 → 2026-06-06) 50338 bytes
2026-05-28 09:33:53,183 [INFO] [OK] Brazil/ECM_ENSEMBLE_Corn_Winter/cumulative dia 11 (2026-05-28 → 2026-06-08) 51164 bytes
2026-05-28 09:33:53,459 [INFO] [OK] Brazil/ECM_ENSEMBLE_Corn_Winter/cumulative dia 12 (2026-05-28 → 2026-06-09) 51441 bytes
2026-05-28 09:33:53,677 [INFO] [OK] Argentina/GFS_ENSEMBLE_Soy/daily dia 00 (2026-05-28 → 2026-05-28) 30293 bytes
2026-05-28 09:33:53,743 [INFO] [OK] Argentina/GFS_ENSEMBLE_Soy/daily dia 01 (2026-05-29 → 2026-05-29) 35087 bytes
2026-05-28 09:33:53,878 [INFO] [OK] Brazil/ECM_ENSEMBLE_Corn_Winter/cumulative dia 13 (2026-05-28 → 2026-06-10) 51866 bytes
2026-05-28 09:33:54,115 [INFO] [OK] Argentina/GFS_ENSEMBLE_Soy/daily dia 02 (2026-05-30 → 2026-05-30) 34827 bytes
2026-05-28 09:33:54,480 [INFO] [OK] Argentina/GFS_ENSEMBLE_Soy/daily dia 03 (2026-05-31 → 2026-05-31) 36368 bytes
2026-05-28 09:33:54,645 [INFO] [OK] Argentina/GFS_ENSEMBLE_Soy/daily dia 04 (2026-06-01 → 2026-06-01) 38586 bytes
2026-05-28 09:33:54,759 [INFO] [OK] Argentina/GFS_ENSEMBLE_Soy/daily dia 05 (2026-06-02 → 2026-06-02) 38911 bytes
2026-05-28 09:33:54,824 [INFO] [OK] Brazil/ECM_ENSEMBLE_Corn_Winter/cumulative dia 14 (2026-05-28 → 2026-06-11) 52024 bytes
2026-05-28 09:33:54,947 [INFO] [OK] Argentina/GFS_ENSEMBLE_Soy/daily dia 06 (2026-06-03 → 2026-06-03) 39223 bytes
2026-05-28 09:33:55,162 [INFO] [OK] Argentina/GFS_ENSEMBLE_Soy/daily dia 07 (2026-06-04 → 2026-06-04) 38539 bytes
2026-05-28 09:33:55,481 [INFO] [OK] Argentina/GFS_ENSEMBLE_Soy/daily dia 08 (2026-06-05 → 2026-06-05) 39496 bytes
2026-05-28 09:33:55,620 [INFO] [OK] Argentina/GFS_ENSEMBLE_Soy/daily dia 09 (2026-06-06 → 2026-06-06) 42018 bytes
2026-05-28 09:33:55,709 [INFO] [OK] Argentina/GFS_ENSEMBLE_Soy/daily dia 10 (2026-06-07 → 2026-06-07) 43501 bytes
2026-05-28 09:33:55,925 [INFO] [OK] Argentina/GFS_ENSEMBLE_Soy/daily dia 11 (2026-06-08 → 2026-06-08) 40716 bytes
2026-05-28 09:33:55,957 [INFO] [OK] Argentina/GFS_ENSEMBLE_Soy/daily dia 12 (2026-06-09 → 2026-06-09) 40612 bytes
2026-05-28 09:33:56,236 [INFO] [OK] Argentina/GFS_ENSEMBLE_Soy/daily dia 13 (2026-06-10 → 2026-06-10) 41404 bytes
2026-05-28 09:33:56,505 [INFO] [OK] Argentina/GFS_ENSEMBLE_Soy/daily dia 14 (2026-06-11 → 2026-06-11) 41443 bytes
2026-05-28 09:33:56,624 [INFO] [OK] Argentina/GFS_ENSEMBLE_Soy/cumulative dia 00 (2026-05-28 → 2026-05-28) 30293 bytes
2026-05-28 09:33:56,728 [INFO] [OK] Argentina/GFS_ENSEMBLE_Soy/cumulative dia 01 (2026-05-28 → 2026-05-29) 34949 bytes
2026-05-28 09:33:56,969 [INFO] [OK] Argentina/GFS_ENSEMBLE_Soy/cumulative dia 02 (2026-05-28 → 2026-05-30) 35357 bytes
2026-05-28 09:33:57,059 [INFO] [OK] Argentina/GFS_ENSEMBLE_Soy/cumulative dia 03 (2026-05-28 → 2026-05-31) 36209 bytes
2026-05-28 09:33:57,346 [INFO] [OK] Argentina/GFS_ENSEMBLE_Soy/cumulative dia 04 (2026-05-28 → 2026-06-01) 38500 bytes
2026-05-28 09:33:57,680 [INFO] [OK] Argentina/GFS_ENSEMBLE_Soy/cumulative dia 05 (2026-05-28 → 2026-06-02) 39419 bytes
2026-05-28 09:33:57,876 [INFO] [OK] Argentina/GFS_ENSEMBLE_Soy/cumulative dia 06 (2026-05-28 → 2026-06-03) 40061 bytes
2026-05-28 09:33:58,007 [INFO] [OK] Argentina/GFS_ENSEMBLE_Soy/cumulative dia 07 (2026-05-28 → 2026-06-04) 39791 bytes
2026-05-28 09:33:58,525 [INFO] [OK] Argentina/GFS_ENSEMBLE_Soy/cumulative dia 09 (2026-05-28 → 2026-06-06) 41917 bytes
2026-05-28 09:33:58,585 [INFO] [OK] Argentina/GFS_ENSEMBLE_Soy/cumulative dia 08 (2026-05-28 → 2026-06-05) 41128 bytes
2026-05-28 09:33:58,929 [INFO] [OK] Argentina/GFS_ENSEMBLE_Soy/cumulative dia 10 (2026-05-28 → 2026-06-07) 42421 bytes
2026-05-28 09:33:59,111 [INFO] [OK] Argentina/GFS_ENSEMBLE_Soy/cumulative dia 11 (2026-05-28 → 2026-06-08) 43027 bytes
2026-05-28 09:33:59,398 [INFO] [OK] Argentina/GFS_ENSEMBLE_Soy/cumulative dia 12 (2026-05-28 → 2026-06-09) 42742 bytes
2026-05-28 09:33:59,519 [INFO] [OK] Argentina/GFS_ENSEMBLE_Corn_Winter/daily dia 00 (2026-05-28 → 2026-05-28) 28323 bytes
2026-05-28 09:33:59,646 [INFO] [OK] Argentina/GFS_ENSEMBLE_Soy/cumulative dia 13 (2026-05-28 → 2026-06-10) 42680 bytes
2026-05-28 09:33:59,917 [INFO] [OK] Argentina/GFS_ENSEMBLE_Corn_Winter/daily dia 01 (2026-05-29 → 2026-05-29) 33077 bytes
2026-05-28 09:34:00,069 [INFO] [OK] Argentina/GFS_ENSEMBLE_Corn_Winter/daily dia 02 (2026-05-30 → 2026-05-30) 33129 bytes
2026-05-28 09:34:00,114 [INFO] [OK] Argentina/GFS_ENSEMBLE_Soy/cumulative dia 14 (2026-05-28 → 2026-06-11) 41954 bytes
2026-05-28 09:34:00,384 [INFO] [OK] Argentina/GFS_ENSEMBLE_Corn_Winter/daily dia 03 (2026-05-31 → 2026-05-31) 34664 bytes
2026-05-28 09:34:00,488 [INFO] [OK] Argentina/GFS_ENSEMBLE_Corn_Winter/daily dia 04 (2026-06-01 → 2026-06-01) 36973 bytes
2026-05-28 09:34:00,630 [INFO] [OK] Argentina/GFS_ENSEMBLE_Corn_Winter/daily dia 05 (2026-06-02 → 2026-06-02) 37523 bytes
2026-05-28 09:34:00,871 [INFO] [OK] Argentina/GFS_ENSEMBLE_Corn_Winter/daily dia 06 (2026-06-03 → 2026-06-03) 37504 bytes
2026-05-28 09:34:01,102 [INFO] [OK] Argentina/GFS_ENSEMBLE_Corn_Winter/daily dia 07 (2026-06-04 → 2026-06-04) 37154 bytes
2026-05-28 09:34:01,134 [INFO] [OK] Argentina/GFS_ENSEMBLE_Corn_Winter/daily dia 08 (2026-06-05 → 2026-06-05) 38104 bytes
2026-05-28 09:34:01,348 [INFO] [OK] Argentina/GFS_ENSEMBLE_Corn_Winter/daily dia 09 (2026-06-06 → 2026-06-06) 40556 bytes
2026-05-28 09:34:01,484 [INFO] [OK] Argentina/GFS_ENSEMBLE_Corn_Winter/daily dia 10 (2026-06-07 → 2026-06-07) 42394 bytes
2026-05-28 09:34:01,591 [INFO] [OK] Argentina/GFS_ENSEMBLE_Corn_Winter/daily dia 11 (2026-06-08 → 2026-06-08) 39097 bytes
2026-05-28 09:34:01,857 [INFO] [OK] Argentina/GFS_ENSEMBLE_Corn_Winter/daily dia 12 (2026-06-09 → 2026-06-09) 39223 bytes
2026-05-28 09:34:02,101 [INFO] [OK] Argentina/GFS_ENSEMBLE_Corn_Winter/daily dia 13 (2026-06-10 → 2026-06-10) 39889 bytes
2026-05-28 09:34:02,165 [INFO] [OK] Argentina/GFS_ENSEMBLE_Corn_Winter/daily dia 14 (2026-06-11 → 2026-06-11) 39894 bytes
2026-05-28 09:34:02,316 [INFO] [OK] Argentina/GFS_ENSEMBLE_Corn_Winter/cumulative dia 00 (2026-05-28 → 2026-05-28) 28323 bytes
2026-05-28 09:34:02,510 [INFO] [OK] Argentina/GFS_ENSEMBLE_Corn_Winter/cumulative dia 01 (2026-05-28 → 2026-05-29) 32788 bytes
2026-05-28 09:34:02,624 [INFO] [OK] Argentina/GFS_ENSEMBLE_Corn_Winter/cumulative dia 02 (2026-05-28 → 2026-05-30) 33566 bytes
2026-05-28 09:34:02,993 [INFO] [OK] Argentina/GFS_ENSEMBLE_Corn_Winter/cumulative dia 03 (2026-05-28 → 2026-05-31) 34455 bytes
2026-05-28 09:34:03,265 [INFO] [OK] Argentina/GFS_ENSEMBLE_Corn_Winter/cumulative dia 04 (2026-05-28 → 2026-06-01) 37047 bytes
2026-05-28 09:34:03,359 [INFO] [OK] Argentina/GFS_ENSEMBLE_Corn_Winter/cumulative dia 05 (2026-05-28 → 2026-06-02) 37957 bytes
2026-05-28 09:34:03,599 [INFO] [OK] Argentina/GFS_ENSEMBLE_Corn_Winter/cumulative dia 06 (2026-05-28 → 2026-06-03) 38608 bytes
2026-05-28 09:34:03,924 [INFO] [OK] Argentina/GFS_ENSEMBLE_Corn_Winter/cumulative dia 07 (2026-05-28 → 2026-06-04) 38666 bytes
2026-05-28 09:34:04,126 [INFO] [OK] Argentina/GFS_ENSEMBLE_Corn_Winter/cumulative dia 08 (2026-05-28 → 2026-06-05) 39742 bytes
2026-05-28 09:34:04,454 [INFO] [OK] Argentina/GFS_ENSEMBLE_Corn_Winter/cumulative dia 09 (2026-05-28 → 2026-06-06) 40610 bytes
2026-05-28 09:34:04,763 [INFO] [OK] Argentina/GFS_ENSEMBLE_Corn_Winter/cumulative dia 10 (2026-05-28 → 2026-06-07) 41018 bytes
2026-05-28 09:34:05,035 [INFO] [OK] Argentina/GFS_ENSEMBLE_Corn_Winter/cumulative dia 11 (2026-05-28 → 2026-06-08) 41822 bytes
2026-05-28 09:34:05,167 [INFO] [OK] Argentina/GFS_ENSEMBLE_Corn_Winter/cumulative dia 12 (2026-05-28 → 2026-06-09) 41617 bytes
2026-05-28 09:34:05,508 [INFO] [OK] Argentina/GFS_ENSEMBLE_Corn_Winter/cumulative dia 13 (2026-05-28 → 2026-06-10) 41111 bytes
2026-05-28 09:34:05,642 [INFO] [OK] Argentina/ECM_ENSEMBLE_Soy/daily dia 00 (2026-05-28 → 2026-05-28) 35397 bytes
2026-05-28 09:34:05,710 [INFO] [OK] Argentina/GFS_ENSEMBLE_Corn_Winter/cumulative dia 14 (2026-05-28 → 2026-06-11) 40783 bytes
2026-05-28 09:34:05,729 [INFO] [OK] Argentina/ECM_ENSEMBLE_Soy/daily dia 01 (2026-05-29 → 2026-05-29) 36729 bytes
2026-05-28 09:34:05,989 [INFO] [OK] Argentina/ECM_ENSEMBLE_Soy/daily dia 02 (2026-05-30 → 2026-05-30) 38229 bytes
2026-05-28 09:34:06,173 [INFO] [OK] Argentina/ECM_ENSEMBLE_Soy/daily dia 03 (2026-05-31 → 2026-05-31) 37642 bytes
2026-05-28 09:34:06,483 [INFO] [OK] Argentina/ECM_ENSEMBLE_Soy/daily dia 04 (2026-06-01 → 2026-06-01) 39869 bytes
2026-05-28 09:34:06,660 [INFO] [OK] Argentina/ECM_ENSEMBLE_Soy/daily dia 05 (2026-06-02 → 2026-06-02) 40164 bytes
2026-05-28 09:34:06,697 [INFO] [OK] Argentina/ECM_ENSEMBLE_Soy/daily dia 06 (2026-06-03 → 2026-06-03) 39478 bytes
2026-05-28 09:34:06,780 [INFO] [OK] Argentina/ECM_ENSEMBLE_Soy/daily dia 07 (2026-06-04 → 2026-06-04) 38222 bytes
2026-05-28 09:34:06,951 [INFO] [OK] Argentina/ECM_ENSEMBLE_Soy/daily dia 08 (2026-06-05 → 2026-06-05) 37984 bytes
2026-05-28 09:34:07,145 [INFO] [OK] Argentina/ECM_ENSEMBLE_Soy/daily dia 09 (2026-06-06 → 2026-06-06) 37880 bytes
2026-05-28 09:34:07,539 [INFO] [OK] Argentina/ECM_ENSEMBLE_Soy/daily dia 10 (2026-06-07 → 2026-06-07) 40665 bytes
2026-05-28 09:34:07,687 [INFO] [OK] Argentina/ECM_ENSEMBLE_Soy/daily dia 11 (2026-06-08 → 2026-06-08) 41349 bytes
2026-05-28 09:34:07,760 [INFO] [OK] Argentina/ECM_ENSEMBLE_Soy/daily dia 12 (2026-06-09 → 2026-06-09) 42470 bytes
2026-05-28 09:34:07,812 [INFO] [OK] Argentina/ECM_ENSEMBLE_Soy/daily dia 13 (2026-06-10 → 2026-06-10) 42621 bytes
2026-05-28 09:34:07,982 [INFO] [OK] Argentina/ECM_ENSEMBLE_Soy/daily dia 14 (2026-06-11 → 2026-06-11) 43709 bytes
2026-05-28 09:34:08,151 [INFO] [OK] Argentina/ECM_ENSEMBLE_Soy/cumulative dia 00 (2026-05-28 → 2026-05-28) 35397 bytes
2026-05-28 09:34:08,560 [INFO] [OK] Argentina/ECM_ENSEMBLE_Soy/cumulative dia 01 (2026-05-28 → 2026-05-29) 38338 bytes
2026-05-28 09:34:08,799 [INFO] [OK] Argentina/ECM_ENSEMBLE_Soy/cumulative dia 02 (2026-05-28 → 2026-05-30) 40024 bytes
2026-05-28 09:34:08,826 [INFO] [OK] Argentina/ECM_ENSEMBLE_Soy/cumulative dia 03 (2026-05-28 → 2026-05-31) 40002 bytes
2026-05-28 09:34:09,016 [INFO] [OK] Argentina/ECM_ENSEMBLE_Soy/cumulative dia 04 (2026-05-28 → 2026-06-01) 41722 bytes
2026-05-28 09:34:09,221 [INFO] [OK] Argentina/ECM_ENSEMBLE_Soy/cumulative dia 05 (2026-05-28 → 2026-06-02) 41834 bytes
2026-05-28 09:34:09,416 [INFO] [OK] Argentina/ECM_ENSEMBLE_Soy/cumulative dia 06 (2026-05-28 → 2026-06-03) 42168 bytes
2026-05-28 09:34:09,827 [INFO] [OK] Argentina/ECM_ENSEMBLE_Soy/cumulative dia 07 (2026-05-28 → 2026-06-04) 42661 bytes
2026-05-28 09:34:10,325 [INFO] [OK] Argentina/ECM_ENSEMBLE_Soy/cumulative dia 08 (2026-05-28 → 2026-06-05) 42098 bytes
2026-05-28 09:34:10,329 [INFO] [OK] Argentina/ECM_ENSEMBLE_Soy/cumulative dia 09 (2026-05-28 → 2026-06-06) 41785 bytes
2026-05-28 09:34:10,732 [INFO] [OK] Argentina/ECM_ENSEMBLE_Soy/cumulative dia 10 (2026-05-28 → 2026-06-07) 41333 bytes
2026-05-28 09:34:10,897 [INFO] [OK] Argentina/ECM_ENSEMBLE_Soy/cumulative dia 11 (2026-05-28 → 2026-06-08) 42249 bytes
2026-05-28 09:34:10,980 [INFO] [OK] Argentina/ECM_ENSEMBLE_Soy/cumulative dia 12 (2026-05-28 → 2026-06-09) 42557 bytes
2026-05-28 09:34:11,324 [INFO] [OK] Argentina/ECM_ENSEMBLE_Corn_Winter/daily dia 00 (2026-05-28 → 2026-05-28) 33581 bytes
2026-05-28 09:34:11,428 [INFO] [OK] Argentina/ECM_ENSEMBLE_Soy/cumulative dia 13 (2026-05-28 → 2026-06-10) 42841 bytes
2026-05-28 09:34:11,772 [INFO] [OK] Argentina/ECM_ENSEMBLE_Corn_Winter/daily dia 01 (2026-05-29 → 2026-05-29) 35039 bytes
2026-05-28 09:34:11,877 [INFO] [OK] Argentina/ECM_ENSEMBLE_Corn_Winter/daily dia 02 (2026-05-30 → 2026-05-30) 36532 bytes
2026-05-28 09:34:11,945 [INFO] [OK] Argentina/ECM_ENSEMBLE_Corn_Winter/daily dia 03 (2026-05-31 → 2026-05-31) 36167 bytes
2026-05-28 09:34:11,984 [INFO] [OK] Argentina/ECM_ENSEMBLE_Soy/cumulative dia 14 (2026-05-28 → 2026-06-11) 42907 bytes
2026-05-28 09:34:12,293 [INFO] [OK] Argentina/ECM_ENSEMBLE_Corn_Winter/daily dia 04 (2026-06-01 → 2026-06-01) 38254 bytes
2026-05-28 09:34:12,428 [INFO] [OK] Argentina/ECM_ENSEMBLE_Corn_Winter/daily dia 05 (2026-06-02 → 2026-06-02) 38693 bytes
2026-05-28 09:34:12,923 [INFO] [OK] Argentina/ECM_ENSEMBLE_Corn_Winter/daily dia 06 (2026-06-03 → 2026-06-03) 38273 bytes
2026-05-28 09:34:12,943 [INFO] [OK] Argentina/ECM_ENSEMBLE_Corn_Winter/daily dia 07 (2026-06-04 → 2026-06-04) 37071 bytes
2026-05-28 09:34:13,030 [INFO] [OK] Argentina/ECM_ENSEMBLE_Corn_Winter/daily dia 08 (2026-06-05 → 2026-06-05) 36757 bytes
2026-05-28 09:34:13,057 [INFO] [OK] Argentina/ECM_ENSEMBLE_Corn_Winter/daily dia 09 (2026-06-06 → 2026-06-06) 36148 bytes
2026-05-28 09:34:13,224 [INFO] [OK] Argentina/ECM_ENSEMBLE_Corn_Winter/daily dia 10 (2026-06-07 → 2026-06-07) 38700 bytes
2026-05-28 09:34:13,411 [INFO] [OK] Argentina/ECM_ENSEMBLE_Corn_Winter/daily dia 11 (2026-06-08 → 2026-06-08) 39726 bytes
2026-05-28 09:34:13,997 [INFO] [OK] Argentina/ECM_ENSEMBLE_Corn_Winter/daily dia 13 (2026-06-10 → 2026-06-10) 41074 bytes
2026-05-28 09:34:14,009 [INFO] [OK] Argentina/ECM_ENSEMBLE_Corn_Winter/daily dia 12 (2026-06-09 → 2026-06-09) 40823 bytes
2026-05-28 09:34:14,043 [INFO] [OK] Argentina/ECM_ENSEMBLE_Corn_Winter/cumulative dia 00 (2026-05-28 → 2026-05-28) 33581 bytes
2026-05-28 09:34:14,183 [INFO] [OK] Argentina/ECM_ENSEMBLE_Corn_Winter/daily dia 14 (2026-06-11 → 2026-06-11) 42048 bytes
2026-05-28 09:34:14,201 [INFO] [OK] Argentina/ECM_ENSEMBLE_Corn_Winter/cumulative dia 01 (2026-05-28 → 2026-05-29) 36619 bytes
2026-05-28 09:34:14,501 [INFO] [OK] Argentina/ECM_ENSEMBLE_Corn_Winter/cumulative dia 02 (2026-05-28 → 2026-05-30) 38250 bytes
2026-05-28 09:34:15,185 [INFO] [OK] Argentina/ECM_ENSEMBLE_Corn_Winter/cumulative dia 03 (2026-05-28 → 2026-05-31) 38371 bytes
2026-05-28 09:34:15,296 [INFO] [OK] Argentina/ECM_ENSEMBLE_Corn_Winter/cumulative dia 04 (2026-05-28 → 2026-06-01) 39912 bytes
2026-05-28 09:34:15,357 [INFO] [OK] Argentina/ECM_ENSEMBLE_Corn_Winter/cumulative dia 05 (2026-05-28 → 2026-06-02) 40143 bytes
2026-05-28 09:34:15,529 [INFO] [OK] Argentina/ECM_ENSEMBLE_Corn_Winter/cumulative dia 06 (2026-05-28 → 2026-06-03) 40719 bytes
2026-05-28 09:34:15,534 [INFO] [OK] Argentina/ECM_ENSEMBLE_Corn_Winter/cumulative dia 07 (2026-05-28 → 2026-06-04) 41177 bytes
2026-05-28 09:34:15,791 [INFO] [OK] Argentina/ECM_ENSEMBLE_Corn_Winter/cumulative dia 08 (2026-05-28 → 2026-06-05) 40633 bytes
2026-05-28 09:34:16,598 [INFO] [OK] Argentina/ECM_ENSEMBLE_Corn_Winter/cumulative dia 09 (2026-05-28 → 2026-06-06) 40284 bytes
2026-05-28 09:34:17,280 [INFO] [OK] Argentina/ECM_ENSEMBLE_Corn_Winter/cumulative dia 10 (2026-05-28 → 2026-06-07) 40101 bytes
2026-05-28 09:34:17,283 [INFO] [OK] Argentina/ECM_ENSEMBLE_Corn_Winter/cumulative dia 12 (2026-05-28 → 2026-06-09) 41094 bytes
2026-05-28 09:34:17,288 [INFO] [OK] Argentina/ECM_ENSEMBLE_Corn_Winter/cumulative dia 13 (2026-05-28 → 2026-06-10) 41313 bytes
2026-05-28 09:34:17,289 [INFO] [OK] Argentina/ECM_ENSEMBLE_Corn_Winter/cumulative dia 11 (2026-05-28 → 2026-06-08) 40847 bytes
2026-05-28 09:34:17,618 [INFO] [OK] Argentina/ECM_ENSEMBLE_Corn_Winter/cumulative dia 14 (2026-05-28 → 2026-06-11) 41325 bytes
2026-05-28 09:34:17,622 [INFO] Resumo: 240/240 sucessos, 0 erros
2026-05-28 09:34:22,321 [INFO] [CLEANUP] Removidas 40 pastas de histórico anteriores a 2026-04-28
2026-05-28 09:34:22,368 [INFO] Manifest: C:\Users\server\OneDrive - CGB Enterprises, Inc\ZGC-PBI Research - Documents\Dataset Data Files\Weather_maps\manifest.json
2026-05-28 09:34:22,370 [INFO] [GIT] Iniciando sincronização com GitHub...
