2026-04-26 09:33:18,811 [INFO] === Execução 2026-04-26 | modo=both | dias=15 | parâmetro=PRCP_DEP ===
2026-04-26 09:33:19,072 [INFO] Baixando 240 mapas com 6 threads...
2026-04-26 09:33:22,080 [INFO] [OK] Brazil/GFS_ENSEMBLE_Soy/daily dia 02 (2026-04-28 → 2026-04-28) 46098 bytes
2026-04-26 09:33:22,154 [INFO] [OK] Brazil/GFS_ENSEMBLE_Soy/daily dia 05 (2026-05-01 → 2026-05-01) 45515 bytes
2026-04-26 09:33:22,161 [INFO] [OK] Brazil/GFS_ENSEMBLE_Soy/daily dia 01 (2026-04-27 → 2026-04-27) 46046 bytes
2026-04-26 09:33:22,287 [INFO] [OK] Brazil/GFS_ENSEMBLE_Soy/daily dia 00 (2026-04-26 → 2026-04-26) 47147 bytes
2026-04-26 09:33:22,444 [INFO] [OK] Brazil/GFS_ENSEMBLE_Soy/daily dia 03 (2026-04-29 → 2026-04-29) 45451 bytes
2026-04-26 09:33:22,480 [INFO] [OK] Brazil/GFS_ENSEMBLE_Soy/daily dia 04 (2026-04-30 → 2026-04-30) 45078 bytes
2026-04-26 09:33:23,787 [INFO] [OK] Brazil/GFS_ENSEMBLE_Soy/daily dia 06 (2026-05-02 → 2026-05-02) 47341 bytes
2026-04-26 09:33:23,856 [INFO] [OK] Brazil/GFS_ENSEMBLE_Soy/daily dia 07 (2026-05-03 → 2026-05-03) 48337 bytes
2026-04-26 09:33:24,025 [INFO] [OK] Brazil/GFS_ENSEMBLE_Soy/daily dia 09 (2026-05-05 → 2026-05-05) 50885 bytes
2026-04-26 09:33:24,039 [INFO] [OK] Brazil/GFS_ENSEMBLE_Soy/daily dia 08 (2026-05-04 → 2026-05-04) 49101 bytes
2026-04-26 09:33:24,181 [INFO] [OK] Brazil/GFS_ENSEMBLE_Soy/daily dia 11 (2026-05-07 → 2026-05-07) 52890 bytes
2026-04-26 09:33:24,193 [INFO] [OK] Brazil/GFS_ENSEMBLE_Soy/daily dia 10 (2026-05-06 → 2026-05-06) 51135 bytes
2026-04-26 09:33:25,375 [INFO] [OK] Brazil/GFS_ENSEMBLE_Soy/daily dia 12 (2026-05-08 → 2026-05-08) 52640 bytes
2026-04-26 09:33:25,995 [INFO] [OK] Brazil/GFS_ENSEMBLE_Soy/cumulative dia 02 (2026-04-26 → 2026-04-28) 48341 bytes
2026-04-26 09:33:26,190 [INFO] [OK] Brazil/GFS_ENSEMBLE_Soy/daily dia 14 (2026-05-10 → 2026-05-10) 52704 bytes
2026-04-26 09:33:26,514 [INFO] [OK] Brazil/GFS_ENSEMBLE_Soy/cumulative dia 01 (2026-04-26 → 2026-04-27) 47637 bytes
2026-04-26 09:33:26,514 [INFO] [OK] Brazil/GFS_ENSEMBLE_Soy/daily dia 13 (2026-05-09 → 2026-05-09) 52122 bytes
2026-04-26 09:33:26,530 [INFO] [OK] Brazil/GFS_ENSEMBLE_Soy/cumulative dia 00 (2026-04-26 → 2026-04-26) 47147 bytes
2026-04-26 09:33:27,256 [INFO] [OK] Brazil/GFS_ENSEMBLE_Soy/cumulative dia 03 (2026-04-26 → 2026-04-29) 48281 bytes
2026-04-26 09:33:28,081 [INFO] [OK] Brazil/GFS_ENSEMBLE_Soy/cumulative dia 04 (2026-04-26 → 2026-04-30) 47568 bytes
2026-04-26 09:33:28,147 [INFO] [OK] Brazil/GFS_ENSEMBLE_Soy/cumulative dia 05 (2026-04-26 → 2026-05-01) 48777 bytes
2026-04-26 09:33:28,490 [INFO] [OK] Brazil/GFS_ENSEMBLE_Soy/cumulative dia 06 (2026-04-26 → 2026-05-02) 49071 bytes
2026-04-26 09:33:28,686 [INFO] [OK] Brazil/GFS_ENSEMBLE_Soy/cumulative dia 08 (2026-04-26 → 2026-05-04) 49806 bytes
2026-04-26 09:33:28,964 [INFO] [OK] Brazil/GFS_ENSEMBLE_Soy/cumulative dia 07 (2026-04-26 → 2026-05-03) 49315 bytes
2026-04-26 09:33:29,434 [INFO] [OK] Brazil/GFS_ENSEMBLE_Soy/cumulative dia 09 (2026-04-26 → 2026-05-05) 50028 bytes
2026-04-26 09:33:30,834 [INFO] [OK] Brazil/GFS_ENSEMBLE_Soy/cumulative dia 11 (2026-04-26 → 2026-05-07) 50286 bytes
2026-04-26 09:33:30,925 [INFO] [OK] Brazil/GFS_ENSEMBLE_Soy/cumulative dia 10 (2026-04-26 → 2026-05-06) 50102 bytes
2026-04-26 09:33:31,350 [INFO] [OK] Brazil/GFS_ENSEMBLE_Corn_Winter/daily dia 00 (2026-04-26 → 2026-04-26) 45696 bytes
2026-04-26 09:33:31,618 [INFO] [OK] Brazil/GFS_ENSEMBLE_Soy/cumulative dia 12 (2026-04-26 → 2026-05-08) 51136 bytes
2026-04-26 09:33:32,073 [INFO] [OK] Brazil/GFS_ENSEMBLE_Soy/cumulative dia 13 (2026-04-26 → 2026-05-09) 51442 bytes
2026-04-26 09:33:32,075 [INFO] [OK] Brazil/GFS_ENSEMBLE_Soy/cumulative dia 14 (2026-04-26 → 2026-05-10) 51257 bytes
2026-04-26 09:33:32,397 [INFO] [OK] Brazil/GFS_ENSEMBLE_Corn_Winter/daily dia 01 (2026-04-27 → 2026-04-27) 44620 bytes
2026-04-26 09:33:32,421 [INFO] [OK] Brazil/GFS_ENSEMBLE_Corn_Winter/daily dia 02 (2026-04-28 → 2026-04-28) 44630 bytes
2026-04-26 09:33:32,709 [INFO] [OK] Brazil/GFS_ENSEMBLE_Corn_Winter/daily dia 03 (2026-04-29 → 2026-04-29) 44113 bytes
2026-04-26 09:33:33,003 [INFO] [OK] Brazil/GFS_ENSEMBLE_Corn_Winter/daily dia 04 (2026-04-30 → 2026-04-30) 43622 bytes
2026-04-26 09:33:33,822 [INFO] [OK] Brazil/GFS_ENSEMBLE_Corn_Winter/daily dia 06 (2026-05-02 → 2026-05-02) 45892 bytes
2026-04-26 09:33:33,972 [INFO] [OK] Brazil/GFS_ENSEMBLE_Corn_Winter/daily dia 05 (2026-05-01 → 2026-05-01) 44301 bytes
2026-04-26 09:33:33,990 [INFO] [OK] Brazil/GFS_ENSEMBLE_Corn_Winter/daily dia 07 (2026-05-03 → 2026-05-03) 46663 bytes
2026-04-26 09:33:34,078 [INFO] [OK] Brazil/GFS_ENSEMBLE_Corn_Winter/daily dia 08 (2026-05-04 → 2026-05-04) 47369 bytes
2026-04-26 09:33:34,205 [INFO] [OK] Brazil/GFS_ENSEMBLE_Corn_Winter/daily dia 09 (2026-05-05 → 2026-05-05) 49233 bytes
2026-04-26 09:33:34,299 [INFO] [OK] Brazil/GFS_ENSEMBLE_Corn_Winter/daily dia 10 (2026-05-06 → 2026-05-06) 49731 bytes
2026-04-26 09:33:35,195 [INFO] [OK] Brazil/GFS_ENSEMBLE_Corn_Winter/daily dia 11 (2026-05-07 → 2026-05-07) 51318 bytes
2026-04-26 09:33:35,681 [INFO] [OK] Brazil/GFS_ENSEMBLE_Corn_Winter/daily dia 13 (2026-05-09 → 2026-05-09) 50314 bytes
2026-04-26 09:33:35,713 [INFO] [OK] Brazil/GFS_ENSEMBLE_Corn_Winter/daily dia 14 (2026-05-10 → 2026-05-10) 51142 bytes
2026-04-26 09:33:36,038 [INFO] [OK] Brazil/GFS_ENSEMBLE_Corn_Winter/daily dia 12 (2026-05-08 → 2026-05-08) 51110 bytes
2026-04-26 09:33:36,086 [INFO] [OK] Brazil/GFS_ENSEMBLE_Corn_Winter/cumulative dia 00 (2026-04-26 → 2026-04-26) 45696 bytes
2026-04-26 09:33:36,215 [INFO] [OK] Brazil/GFS_ENSEMBLE_Corn_Winter/cumulative dia 01 (2026-04-26 → 2026-04-27) 46238 bytes
2026-04-26 09:33:36,642 [INFO] [OK] Brazil/GFS_ENSEMBLE_Corn_Winter/cumulative dia 02 (2026-04-26 → 2026-04-28) 46845 bytes
2026-04-26 09:33:37,675 [INFO] [OK] Brazil/GFS_ENSEMBLE_Corn_Winter/cumulative dia 04 (2026-04-26 → 2026-04-30) 46169 bytes
2026-04-26 09:33:37,689 [INFO] [OK] Brazil/GFS_ENSEMBLE_Corn_Winter/cumulative dia 03 (2026-04-26 → 2026-04-29) 46776 bytes
2026-04-26 09:33:38,060 [INFO] [OK] Brazil/GFS_ENSEMBLE_Corn_Winter/cumulative dia 06 (2026-04-26 → 2026-05-02) 47748 bytes
2026-04-26 09:33:38,145 [INFO] [OK] Brazil/GFS_ENSEMBLE_Corn_Winter/cumulative dia 05 (2026-04-26 → 2026-05-01) 47395 bytes
2026-04-26 09:33:38,581 [INFO] [OK] Brazil/GFS_ENSEMBLE_Corn_Winter/cumulative dia 07 (2026-04-26 → 2026-05-03) 47851 bytes
2026-04-26 09:33:38,841 [INFO] [OK] Brazil/GFS_ENSEMBLE_Corn_Winter/cumulative dia 08 (2026-04-26 → 2026-05-04) 48417 bytes
2026-04-26 09:33:40,803 [INFO] [OK] Brazil/GFS_ENSEMBLE_Corn_Winter/cumulative dia 09 (2026-04-26 → 2026-05-05) 48579 bytes
2026-04-26 09:33:40,810 [INFO] [OK] Brazil/GFS_ENSEMBLE_Corn_Winter/cumulative dia 10 (2026-04-26 → 2026-05-06) 48482 bytes
2026-04-26 09:33:41,112 [INFO] [OK] Brazil/GFS_ENSEMBLE_Corn_Winter/cumulative dia 11 (2026-04-26 → 2026-05-07) 48780 bytes
2026-04-26 09:33:41,445 [INFO] [OK] Brazil/GFS_ENSEMBLE_Corn_Winter/cumulative dia 12 (2026-04-26 → 2026-05-08) 49776 bytes
2026-04-26 09:33:41,685 [INFO] [OK] Brazil/GFS_ENSEMBLE_Corn_Winter/cumulative dia 13 (2026-04-26 → 2026-05-09) 49972 bytes
2026-04-26 09:33:41,904 [INFO] [OK] Brazil/GFS_ENSEMBLE_Corn_Winter/cumulative dia 14 (2026-04-26 → 2026-05-10) 49901 bytes
2026-04-26 09:33:42,428 [INFO] [OK] Brazil/ECM_ENSEMBLE_Soy/daily dia 02 (2026-04-28 → 2026-04-28) 48341 bytes
2026-04-26 09:33:42,482 [INFO] [OK] Brazil/ECM_ENSEMBLE_Soy/daily dia 01 (2026-04-27 → 2026-04-27) 47397 bytes
2026-04-26 09:33:42,484 [INFO] [OK] Brazil/ECM_ENSEMBLE_Soy/daily dia 00 (2026-04-26 → 2026-04-26) 47680 bytes
2026-04-26 09:33:42,959 [INFO] [OK] Brazil/ECM_ENSEMBLE_Soy/daily dia 03 (2026-04-29 → 2026-04-29) 47118 bytes
2026-04-26 09:33:44,762 [INFO] [OK] Brazil/ECM_ENSEMBLE_Soy/daily dia 04 (2026-04-30 → 2026-04-30) 45986 bytes
2026-04-26 09:33:44,797 [INFO] [OK] Brazil/ECM_ENSEMBLE_Soy/daily dia 05 (2026-05-01 → 2026-05-01) 46853 bytes
2026-04-26 09:33:44,797 [INFO] [OK] Brazil/ECM_ENSEMBLE_Soy/daily dia 09 (2026-05-05 → 2026-05-05) 49661 bytes
2026-04-26 09:33:44,811 [INFO] [OK] Brazil/ECM_ENSEMBLE_Soy/daily dia 08 (2026-05-04 → 2026-05-04) 48938 bytes
2026-04-26 09:33:44,915 [INFO] [OK] Brazil/ECM_ENSEMBLE_Soy/daily dia 06 (2026-05-02 → 2026-05-02) 48469 bytes
2026-04-26 09:33:44,983 [INFO] [OK] Brazil/ECM_ENSEMBLE_Soy/daily dia 07 (2026-05-03 → 2026-05-03) 48438 bytes
2026-04-26 09:33:46,796 [INFO] [OK] Brazil/ECM_ENSEMBLE_Soy/daily dia 11 (2026-05-07 → 2026-05-07) 52573 bytes
2026-04-26 09:33:46,808 [INFO] [OK] Brazil/ECM_ENSEMBLE_Soy/daily dia 12 (2026-05-08 → 2026-05-08) 53837 bytes
2026-04-26 09:33:46,810 [INFO] [OK] Brazil/ECM_ENSEMBLE_Soy/daily dia 10 (2026-05-06 → 2026-05-06) 51980 bytes
2026-04-26 09:33:47,460 [INFO] [OK] Brazil/ECM_ENSEMBLE_Soy/daily dia 13 (2026-05-09 → 2026-05-09) 54023 bytes
2026-04-26 09:33:47,515 [INFO] [OK] Brazil/ECM_ENSEMBLE_Soy/daily dia 14 (2026-05-10 → 2026-05-10) 52689 bytes
2026-04-26 09:33:47,540 [INFO] [OK] Brazil/ECM_ENSEMBLE_Soy/cumulative dia 00 (2026-04-26 → 2026-04-26) 47680 bytes
2026-04-26 09:33:48,463 [INFO] [OK] Brazil/ECM_ENSEMBLE_Soy/cumulative dia 01 (2026-04-26 → 2026-04-27) 48727 bytes
2026-04-26 09:33:48,610 [INFO] [OK] Brazil/ECM_ENSEMBLE_Soy/cumulative dia 02 (2026-04-26 → 2026-04-28) 48908 bytes
2026-04-26 09:33:48,610 [INFO] [OK] Brazil/ECM_ENSEMBLE_Soy/cumulative dia 03 (2026-04-26 → 2026-04-29) 49078 bytes
2026-04-26 09:33:49,504 [INFO] [OK] Brazil/ECM_ENSEMBLE_Soy/cumulative dia 04 (2026-04-26 → 2026-04-30) 49048 bytes
2026-04-26 09:33:49,669 [INFO] [OK] Brazil/ECM_ENSEMBLE_Soy/cumulative dia 06 (2026-04-26 → 2026-05-02) 50899 bytes
2026-04-26 09:33:49,686 [INFO] [OK] Brazil/ECM_ENSEMBLE_Soy/cumulative dia 05 (2026-04-26 → 2026-05-01) 50264 bytes
2026-04-26 09:33:50,594 [INFO] [OK] Brazil/ECM_ENSEMBLE_Soy/cumulative dia 07 (2026-04-26 → 2026-05-03) 50796 bytes
2026-04-26 09:33:51,504 [INFO] [OK] Brazil/ECM_ENSEMBLE_Soy/cumulative dia 09 (2026-04-26 → 2026-05-05) 51530 bytes
2026-04-26 09:33:51,594 [INFO] [OK] Brazil/ECM_ENSEMBLE_Soy/cumulative dia 08 (2026-04-26 → 2026-05-04) 51062 bytes
2026-04-26 09:33:52,183 [INFO] [OK] Brazil/ECM_ENSEMBLE_Soy/cumulative dia 10 (2026-04-26 → 2026-05-06) 52082 bytes
2026-04-26 09:33:52,668 [INFO] [OK] Brazil/ECM_ENSEMBLE_Soy/cumulative dia 11 (2026-04-26 → 2026-05-07) 51418 bytes
2026-04-26 09:33:52,792 [INFO] [OK] Brazil/ECM_ENSEMBLE_Soy/cumulative dia 12 (2026-04-26 → 2026-05-08) 51517 bytes
2026-04-26 09:33:53,070 [INFO] [OK] Brazil/ECM_ENSEMBLE_Corn_Winter/daily dia 00 (2026-04-26 → 2026-04-26) 46070 bytes
2026-04-26 09:33:53,614 [INFO] [OK] Brazil/ECM_ENSEMBLE_Corn_Winter/daily dia 01 (2026-04-27 → 2026-04-27) 46054 bytes
2026-04-26 09:33:53,959 [INFO] [OK] Brazil/ECM_ENSEMBLE_Soy/cumulative dia 13 (2026-04-26 → 2026-05-09) 51904 bytes
2026-04-26 09:33:54,273 [INFO] [OK] Brazil/ECM_ENSEMBLE_Corn_Winter/daily dia 02 (2026-04-28 → 2026-04-28) 46946 bytes
2026-04-26 09:33:54,484 [INFO] [OK] Brazil/ECM_ENSEMBLE_Soy/cumulative dia 14 (2026-04-26 → 2026-05-10) 51744 bytes
2026-04-26 09:33:54,859 [INFO] [OK] Brazil/ECM_ENSEMBLE_Corn_Winter/daily dia 03 (2026-04-29 → 2026-04-29) 45662 bytes
2026-04-26 09:33:54,981 [INFO] [OK] Brazil/ECM_ENSEMBLE_Corn_Winter/daily dia 04 (2026-04-30 → 2026-04-30) 44647 bytes
2026-04-26 09:33:55,183 [INFO] [OK] Brazil/ECM_ENSEMBLE_Corn_Winter/daily dia 05 (2026-05-01 → 2026-05-01) 45531 bytes
2026-04-26 09:33:55,544 [INFO] [OK] Brazil/ECM_ENSEMBLE_Corn_Winter/daily dia 06 (2026-05-02 → 2026-05-02) 47037 bytes
2026-04-26 09:33:55,711 [INFO] [OK] Brazil/ECM_ENSEMBLE_Corn_Winter/daily dia 07 (2026-05-03 → 2026-05-03) 46936 bytes
2026-04-26 09:33:55,811 [INFO] [OK] Brazil/ECM_ENSEMBLE_Corn_Winter/daily dia 08 (2026-05-04 → 2026-05-04) 47301 bytes
2026-04-26 09:33:56,538 [INFO] [OK] Brazil/ECM_ENSEMBLE_Corn_Winter/daily dia 09 (2026-05-05 → 2026-05-05) 48159 bytes
2026-04-26 09:33:56,657 [INFO] [OK] Brazil/ECM_ENSEMBLE_Corn_Winter/daily dia 11 (2026-05-07 → 2026-05-07) 51233 bytes
2026-04-26 09:33:56,708 [INFO] [OK] Brazil/ECM_ENSEMBLE_Corn_Winter/daily dia 10 (2026-05-06 → 2026-05-06) 50358 bytes
2026-04-26 09:33:57,221 [INFO] [OK] Brazil/ECM_ENSEMBLE_Corn_Winter/daily dia 13 (2026-05-09 → 2026-05-09) 52413 bytes
2026-04-26 09:33:57,236 [INFO] [OK] Brazil/ECM_ENSEMBLE_Corn_Winter/daily dia 12 (2026-05-08 → 2026-05-08) 52542 bytes
2026-04-26 09:33:57,361 [INFO] [OK] Brazil/ECM_ENSEMBLE_Corn_Winter/daily dia 14 (2026-05-10 → 2026-05-10) 50940 bytes
2026-04-26 09:33:58,365 [INFO] [OK] Brazil/ECM_ENSEMBLE_Corn_Winter/cumulative dia 00 (2026-04-26 → 2026-04-26) 46070 bytes
2026-04-26 09:33:58,387 [INFO] [OK] Brazil/ECM_ENSEMBLE_Corn_Winter/cumulative dia 02 (2026-04-26 → 2026-04-28) 47673 bytes
2026-04-26 09:33:58,391 [INFO] [OK] Brazil/ECM_ENSEMBLE_Corn_Winter/cumulative dia 01 (2026-04-26 → 2026-04-27) 47393 bytes
2026-04-26 09:33:58,808 [INFO] [OK] Brazil/ECM_ENSEMBLE_Corn_Winter/cumulative dia 03 (2026-04-26 → 2026-04-29) 47603 bytes
2026-04-26 09:33:59,217 [INFO] [OK] Brazil/ECM_ENSEMBLE_Corn_Winter/cumulative dia 04 (2026-04-26 → 2026-04-30) 47580 bytes
2026-04-26 09:33:59,374 [INFO] [OK] Brazil/ECM_ENSEMBLE_Corn_Winter/cumulative dia 05 (2026-04-26 → 2026-05-01) 48898 bytes
2026-04-26 09:34:00,385 [INFO] [OK] Brazil/ECM_ENSEMBLE_Corn_Winter/cumulative dia 06 (2026-04-26 → 2026-05-02) 49451 bytes
2026-04-26 09:34:00,553 [INFO] [OK] Brazil/ECM_ENSEMBLE_Corn_Winter/cumulative dia 07 (2026-04-26 → 2026-05-03) 49492 bytes
2026-04-26 09:34:00,586 [INFO] [OK] Brazil/ECM_ENSEMBLE_Corn_Winter/cumulative dia 08 (2026-04-26 → 2026-05-04) 49774 bytes
2026-04-26 09:34:00,922 [INFO] [OK] Brazil/ECM_ENSEMBLE_Corn_Winter/cumulative dia 09 (2026-04-26 → 2026-05-05) 50157 bytes
2026-04-26 09:34:01,507 [INFO] [OK] Brazil/ECM_ENSEMBLE_Corn_Winter/cumulative dia 10 (2026-04-26 → 2026-05-06) 50613 bytes
2026-04-26 09:34:01,674 [INFO] [OK] Brazil/ECM_ENSEMBLE_Corn_Winter/cumulative dia 11 (2026-04-26 → 2026-05-07) 50094 bytes
2026-04-26 09:34:02,048 [INFO] [OK] Argentina/GFS_ENSEMBLE_Soy/daily dia 00 (2026-04-26 → 2026-04-26) 36249 bytes
2026-04-26 09:34:02,753 [INFO] [OK] Argentina/GFS_ENSEMBLE_Soy/daily dia 01 (2026-04-27 → 2026-04-27) 34935 bytes
2026-04-26 09:34:03,276 [INFO] [OK] Brazil/ECM_ENSEMBLE_Corn_Winter/cumulative dia 12 (2026-04-26 → 2026-05-08) 50205 bytes
2026-04-26 09:34:03,326 [INFO] [OK] Argentina/GFS_ENSEMBLE_Soy/daily dia 02 (2026-04-28 → 2026-04-28) 36144 bytes
2026-04-26 09:34:03,793 [INFO] [OK] Argentina/GFS_ENSEMBLE_Soy/daily dia 03 (2026-04-29 → 2026-04-29) 34352 bytes
2026-04-26 09:34:03,984 [INFO] [OK] Brazil/ECM_ENSEMBLE_Corn_Winter/cumulative dia 13 (2026-04-26 → 2026-05-09) 50697 bytes
2026-04-26 09:34:04,116 [INFO] [OK] Brazil/ECM_ENSEMBLE_Corn_Winter/cumulative dia 14 (2026-04-26 → 2026-05-10) 50396 bytes
2026-04-26 09:34:04,174 [INFO] [OK] Argentina/GFS_ENSEMBLE_Soy/daily dia 04 (2026-04-30 → 2026-04-30) 34551 bytes
2026-04-26 09:34:04,553 [INFO] [OK] Argentina/GFS_ENSEMBLE_Soy/daily dia 06 (2026-05-02 → 2026-05-02) 38803 bytes
2026-04-26 09:34:04,698 [INFO] [OK] Argentina/GFS_ENSEMBLE_Soy/daily dia 05 (2026-05-01 → 2026-05-01) 35388 bytes
2026-04-26 09:34:04,734 [INFO] [OK] Argentina/GFS_ENSEMBLE_Soy/daily dia 07 (2026-05-03 → 2026-05-03) 38272 bytes
2026-04-26 09:34:05,297 [INFO] [OK] Argentina/GFS_ENSEMBLE_Soy/daily dia 08 (2026-05-04 → 2026-05-04) 39276 bytes
2026-04-26 09:34:05,392 [INFO] [OK] Argentina/GFS_ENSEMBLE_Soy/daily dia 10 (2026-05-06 → 2026-05-06) 41777 bytes
2026-04-26 09:34:05,518 [INFO] [OK] Argentina/GFS_ENSEMBLE_Soy/daily dia 09 (2026-05-05 → 2026-05-05) 41442 bytes
2026-04-26 09:34:05,629 [INFO] [OK] Argentina/GFS_ENSEMBLE_Soy/daily dia 11 (2026-05-07 → 2026-05-07) 43963 bytes
2026-04-26 09:34:05,716 [INFO] [OK] Argentina/GFS_ENSEMBLE_Soy/daily dia 12 (2026-05-08 → 2026-05-08) 44806 bytes
2026-04-26 09:34:05,785 [INFO] [OK] Argentina/GFS_ENSEMBLE_Soy/daily dia 13 (2026-05-09 → 2026-05-09) 43671 bytes
2026-04-26 09:34:06,575 [INFO] [OK] Argentina/GFS_ENSEMBLE_Soy/cumulative dia 00 (2026-04-26 → 2026-04-26) 36249 bytes
2026-04-26 09:34:06,683 [INFO] [OK] Argentina/GFS_ENSEMBLE_Soy/daily dia 14 (2026-05-10 → 2026-05-10) 44665 bytes
2026-04-26 09:34:06,743 [INFO] [OK] Argentina/GFS_ENSEMBLE_Soy/cumulative dia 01 (2026-04-26 → 2026-04-27) 37060 bytes
2026-04-26 09:34:07,206 [INFO] [OK] Argentina/GFS_ENSEMBLE_Soy/cumulative dia 02 (2026-04-26 → 2026-04-28) 38919 bytes
2026-04-26 09:34:07,235 [INFO] [OK] Argentina/GFS_ENSEMBLE_Soy/cumulative dia 04 (2026-04-26 → 2026-04-30) 38099 bytes
2026-04-26 09:34:07,273 [INFO] [OK] Argentina/GFS_ENSEMBLE_Soy/cumulative dia 03 (2026-04-26 → 2026-04-29) 38633 bytes
2026-04-26 09:34:08,037 [INFO] [OK] Argentina/GFS_ENSEMBLE_Soy/cumulative dia 06 (2026-04-26 → 2026-05-02) 39980 bytes
2026-04-26 09:34:08,053 [INFO] [OK] Argentina/GFS_ENSEMBLE_Soy/cumulative dia 05 (2026-04-26 → 2026-05-01) 39126 bytes
2026-04-26 09:34:08,055 [INFO] [OK] Argentina/GFS_ENSEMBLE_Soy/cumulative dia 07 (2026-04-26 → 2026-05-03) 40125 bytes
2026-04-26 09:34:08,538 [INFO] [OK] Argentina/GFS_ENSEMBLE_Soy/cumulative dia 08 (2026-04-26 → 2026-05-04) 40302 bytes
2026-04-26 09:34:08,608 [INFO] [OK] Argentina/GFS_ENSEMBLE_Soy/cumulative dia 09 (2026-04-26 → 2026-05-05) 40551 bytes
2026-04-26 09:34:08,730 [INFO] [OK] Argentina/GFS_ENSEMBLE_Soy/cumulative dia 10 (2026-04-26 → 2026-05-06) 40805 bytes
2026-04-26 09:34:09,567 [INFO] [OK] Argentina/GFS_ENSEMBLE_Corn_Winter/daily dia 00 (2026-04-26 → 2026-04-26) 34533 bytes
2026-04-26 09:34:10,132 [INFO] [OK] Argentina/GFS_ENSEMBLE_Corn_Winter/daily dia 01 (2026-04-27 → 2026-04-27) 33302 bytes
2026-04-26 09:34:10,145 [INFO] [OK] Argentina/GFS_ENSEMBLE_Soy/cumulative dia 11 (2026-04-26 → 2026-05-07) 40968 bytes
2026-04-26 09:34:10,463 [INFO] [OK] Argentina/GFS_ENSEMBLE_Soy/cumulative dia 12 (2026-04-26 → 2026-05-08) 42096 bytes
2026-04-26 09:34:10,467 [INFO] [OK] Argentina/GFS_ENSEMBLE_Soy/cumulative dia 14 (2026-04-26 → 2026-05-10) 42776 bytes
2026-04-26 09:34:10,524 [INFO] [OK] Argentina/GFS_ENSEMBLE_Corn_Winter/daily dia 02 (2026-04-28 → 2026-04-28) 34533 bytes
2026-04-26 09:34:10,564 [INFO] [OK] Argentina/GFS_ENSEMBLE_Soy/cumulative dia 13 (2026-04-26 → 2026-05-09) 42715 bytes
2026-04-26 09:34:11,083 [INFO] [OK] Argentina/GFS_ENSEMBLE_Corn_Winter/daily dia 03 (2026-04-29 → 2026-04-29) 32724 bytes
2026-04-26 09:34:11,166 [INFO] [OK] Argentina/GFS_ENSEMBLE_Corn_Winter/daily dia 04 (2026-04-30 → 2026-04-30) 32812 bytes
2026-04-26 09:34:11,431 [INFO] [OK] Argentina/GFS_ENSEMBLE_Corn_Winter/daily dia 05 (2026-05-01 → 2026-05-01) 33804 bytes
2026-04-26 09:34:11,628 [INFO] [OK] Argentina/GFS_ENSEMBLE_Corn_Winter/daily dia 06 (2026-05-02 → 2026-05-02) 37024 bytes
2026-04-26 09:34:12,006 [INFO] [OK] Argentina/GFS_ENSEMBLE_Corn_Winter/daily dia 07 (2026-05-03 → 2026-05-03) 36605 bytes
2026-04-26 09:34:12,063 [INFO] [OK] Argentina/GFS_ENSEMBLE_Corn_Winter/daily dia 08 (2026-05-04 → 2026-05-04) 37298 bytes
2026-04-26 09:34:12,146 [INFO] [OK] Argentina/GFS_ENSEMBLE_Corn_Winter/daily dia 09 (2026-05-05 → 2026-05-05) 39657 bytes
2026-04-26 09:34:12,479 [INFO] [OK] Argentina/GFS_ENSEMBLE_Corn_Winter/daily dia 10 (2026-05-06 → 2026-05-06) 40346 bytes
2026-04-26 09:34:12,557 [INFO] [OK] Argentina/GFS_ENSEMBLE_Corn_Winter/daily dia 11 (2026-05-07 → 2026-05-07) 42470 bytes
2026-04-26 09:34:12,677 [INFO] [OK] Argentina/GFS_ENSEMBLE_Corn_Winter/daily dia 12 (2026-05-08 → 2026-05-08) 43102 bytes
2026-04-26 09:34:12,970 [INFO] [OK] Argentina/GFS_ENSEMBLE_Corn_Winter/daily dia 13 (2026-05-09 → 2026-05-09) 41620 bytes
2026-04-26 09:34:13,058 [INFO] [OK] Argentina/GFS_ENSEMBLE_Corn_Winter/daily dia 14 (2026-05-10 → 2026-05-10) 43046 bytes
2026-04-26 09:34:13,150 [INFO] [OK] Argentina/GFS_ENSEMBLE_Corn_Winter/cumulative dia 00 (2026-04-26 → 2026-04-26) 34533 bytes
2026-04-26 09:34:13,527 [INFO] [OK] Argentina/GFS_ENSEMBLE_Corn_Winter/cumulative dia 01 (2026-04-26 → 2026-04-27) 35440 bytes
2026-04-26 09:34:13,581 [INFO] [OK] Argentina/GFS_ENSEMBLE_Corn_Winter/cumulative dia 02 (2026-04-26 → 2026-04-28) 37418 bytes
2026-04-26 09:34:13,753 [INFO] [OK] Argentina/GFS_ENSEMBLE_Corn_Winter/cumulative dia 03 (2026-04-26 → 2026-04-29) 37153 bytes
2026-04-26 09:34:14,129 [INFO] [OK] Argentina/GFS_ENSEMBLE_Corn_Winter/cumulative dia 04 (2026-04-26 → 2026-04-30) 36689 bytes
2026-04-26 09:34:14,241 [INFO] [OK] Argentina/GFS_ENSEMBLE_Corn_Winter/cumulative dia 05 (2026-04-26 → 2026-05-01) 37503 bytes
2026-04-26 09:34:14,432 [INFO] [OK] Argentina/GFS_ENSEMBLE_Corn_Winter/cumulative dia 06 (2026-04-26 → 2026-05-02) 38384 bytes
2026-04-26 09:34:15,191 [INFO] [OK] Argentina/GFS_ENSEMBLE_Corn_Winter/cumulative dia 08 (2026-04-26 → 2026-05-04) 38737 bytes
2026-04-26 09:34:15,240 [INFO] [OK] Argentina/GFS_ENSEMBLE_Corn_Winter/cumulative dia 07 (2026-04-26 → 2026-05-03) 38419 bytes
2026-04-26 09:34:15,358 [INFO] [OK] Argentina/GFS_ENSEMBLE_Corn_Winter/cumulative dia 09 (2026-04-26 → 2026-05-05) 38781 bytes
2026-04-26 09:34:15,602 [INFO] [OK] Argentina/GFS_ENSEMBLE_Corn_Winter/cumulative dia 10 (2026-04-26 → 2026-05-06) 39006 bytes
2026-04-26 09:34:15,787 [INFO] [OK] Argentina/GFS_ENSEMBLE_Corn_Winter/cumulative dia 11 (2026-04-26 → 2026-05-07) 39495 bytes
2026-04-26 09:34:15,968 [INFO] [OK] Argentina/GFS_ENSEMBLE_Corn_Winter/cumulative dia 12 (2026-04-26 → 2026-05-08) 40530 bytes
2026-04-26 09:34:16,357 [INFO] [OK] Argentina/ECM_ENSEMBLE_Soy/daily dia 00 (2026-04-26 → 2026-04-26) 37969 bytes
2026-04-26 09:34:16,840 [INFO] [OK] Argentina/ECM_ENSEMBLE_Soy/daily dia 01 (2026-04-27 → 2026-04-27) 37060 bytes
2026-04-26 09:34:16,848 [INFO] [OK] Argentina/GFS_ENSEMBLE_Corn_Winter/cumulative dia 13 (2026-04-26 → 2026-05-09) 41256 bytes
2026-04-26 09:34:17,029 [INFO] [OK] Argentina/ECM_ENSEMBLE_Soy/daily dia 02 (2026-04-28 → 2026-04-28) 38283 bytes
2026-04-26 09:34:17,040 [INFO] [OK] Argentina/GFS_ENSEMBLE_Corn_Winter/cumulative dia 14 (2026-04-26 → 2026-05-10) 41384 bytes
2026-04-26 09:34:17,089 [INFO] [OK] Argentina/ECM_ENSEMBLE_Soy/daily dia 03 (2026-04-29 → 2026-04-29) 37260 bytes
2026-04-26 09:34:17,305 [INFO] [OK] Argentina/ECM_ENSEMBLE_Soy/daily dia 04 (2026-04-30 → 2026-04-30) 35365 bytes
2026-04-26 09:34:18,403 [INFO] [OK] Argentina/ECM_ENSEMBLE_Soy/daily dia 08 (2026-05-04 → 2026-05-04) 41296 bytes
2026-04-26 09:34:18,413 [INFO] [OK] Argentina/ECM_ENSEMBLE_Soy/daily dia 06 (2026-05-02 → 2026-05-02) 39605 bytes
2026-04-26 09:34:18,421 [INFO] [OK] Argentina/ECM_ENSEMBLE_Soy/daily dia 05 (2026-05-01 → 2026-05-01) 36558 bytes
2026-04-26 09:34:18,422 [INFO] [OK] Argentina/ECM_ENSEMBLE_Soy/daily dia 09 (2026-05-05 → 2026-05-05) 41146 bytes
2026-04-26 09:34:18,629 [INFO] [OK] Argentina/ECM_ENSEMBLE_Soy/daily dia 07 (2026-05-03 → 2026-05-03) 40338 bytes
2026-04-26 09:34:18,915 [INFO] [OK] Argentina/ECM_ENSEMBLE_Soy/daily dia 10 (2026-05-06 → 2026-05-06) 43873 bytes
2026-04-26 09:34:19,476 [INFO] [OK] Argentina/ECM_ENSEMBLE_Soy/daily dia 14 (2026-05-10 → 2026-05-10) 43110 bytes
2026-04-26 09:34:19,760 [INFO] [OK] Argentina/ECM_ENSEMBLE_Soy/cumulative dia 00 (2026-04-26 → 2026-04-26) 37969 bytes
2026-04-26 09:34:19,821 [INFO] [OK] Argentina/ECM_ENSEMBLE_Soy/daily dia 12 (2026-05-08 → 2026-05-08) 45671 bytes
2026-04-26 09:34:19,844 [INFO] [OK] Argentina/ECM_ENSEMBLE_Soy/daily dia 11 (2026-05-07 → 2026-05-07) 43911 bytes
2026-04-26 09:34:19,845 [INFO] [OK] Argentina/ECM_ENSEMBLE_Soy/daily dia 13 (2026-05-09 → 2026-05-09) 44748 bytes
2026-04-26 09:34:20,499 [INFO] [OK] Argentina/ECM_ENSEMBLE_Soy/cumulative dia 01 (2026-04-26 → 2026-04-27) 39061 bytes
2026-04-26 09:34:20,743 [INFO] [OK] Argentina/ECM_ENSEMBLE_Soy/cumulative dia 02 (2026-04-26 → 2026-04-28) 39010 bytes
2026-04-26 09:34:21,434 [INFO] [OK] Argentina/ECM_ENSEMBLE_Soy/cumulative dia 03 (2026-04-26 → 2026-04-29) 39389 bytes
2026-04-26 09:34:21,700 [INFO] [OK] Argentina/ECM_ENSEMBLE_Soy/cumulative dia 06 (2026-04-26 → 2026-05-02) 41618 bytes
2026-04-26 09:34:21,832 [INFO] [OK] Argentina/ECM_ENSEMBLE_Soy/cumulative dia 05 (2026-04-26 → 2026-05-01) 40971 bytes
2026-04-26 09:34:21,836 [INFO] [OK] Argentina/ECM_ENSEMBLE_Soy/cumulative dia 04 (2026-04-26 → 2026-04-30) 39099 bytes
2026-04-26 09:34:22,057 [INFO] [OK] Argentina/ECM_ENSEMBLE_Soy/cumulative dia 07 (2026-04-26 → 2026-05-03) 41083 bytes
2026-04-26 09:34:22,069 [INFO] [OK] Argentina/ECM_ENSEMBLE_Soy/cumulative dia 08 (2026-04-26 → 2026-05-04) 41533 bytes
2026-04-26 09:34:22,939 [INFO] [OK] Argentina/ECM_ENSEMBLE_Soy/cumulative dia 09 (2026-04-26 → 2026-05-05) 42265 bytes
2026-04-26 09:34:23,390 [INFO] [OK] Argentina/ECM_ENSEMBLE_Soy/cumulative dia 10 (2026-04-26 → 2026-05-06) 42821 bytes
2026-04-26 09:34:23,408 [INFO] [OK] Argentina/ECM_ENSEMBLE_Soy/cumulative dia 11 (2026-04-26 → 2026-05-07) 42614 bytes
2026-04-26 09:34:23,675 [INFO] [OK] Argentina/ECM_ENSEMBLE_Soy/cumulative dia 12 (2026-04-26 → 2026-05-08) 42578 bytes
2026-04-26 09:34:23,943 [INFO] [OK] Argentina/ECM_ENSEMBLE_Soy/cumulative dia 13 (2026-04-26 → 2026-05-09) 42995 bytes
2026-04-26 09:34:23,965 [INFO] [OK] Argentina/ECM_ENSEMBLE_Soy/cumulative dia 14 (2026-04-26 → 2026-05-10) 43107 bytes
2026-04-26 09:34:24,129 [INFO] [OK] Argentina/ECM_ENSEMBLE_Corn_Winter/daily dia 00 (2026-04-26 → 2026-04-26) 36168 bytes
2026-04-26 09:34:24,530 [INFO] [OK] Argentina/ECM_ENSEMBLE_Corn_Winter/daily dia 02 (2026-04-28 → 2026-04-28) 36451 bytes
2026-04-26 09:34:24,615 [INFO] [OK] Argentina/ECM_ENSEMBLE_Corn_Winter/daily dia 01 (2026-04-27 → 2026-04-27) 35537 bytes
2026-04-26 09:34:24,690 [INFO] [OK] Argentina/ECM_ENSEMBLE_Corn_Winter/daily dia 03 (2026-04-29 → 2026-04-29) 35693 bytes
2026-04-26 09:34:25,094 [INFO] [OK] Argentina/ECM_ENSEMBLE_Corn_Winter/daily dia 05 (2026-05-01 → 2026-05-01) 34837 bytes
2026-04-26 09:34:25,095 [INFO] [OK] Argentina/ECM_ENSEMBLE_Corn_Winter/daily dia 04 (2026-04-30 → 2026-04-30) 33666 bytes
2026-04-26 09:34:25,214 [INFO] [OK] Argentina/ECM_ENSEMBLE_Corn_Winter/daily dia 06 (2026-05-02 → 2026-05-02) 37898 bytes
2026-04-26 09:34:25,753 [INFO] [OK] Argentina/ECM_ENSEMBLE_Corn_Winter/daily dia 09 (2026-05-05 → 2026-05-05) 39583 bytes
2026-04-26 09:34:25,889 [INFO] [OK] Argentina/ECM_ENSEMBLE_Corn_Winter/daily dia 07 (2026-05-03 → 2026-05-03) 38654 bytes
2026-04-26 09:34:26,122 [INFO] [OK] Argentina/ECM_ENSEMBLE_Corn_Winter/daily dia 08 (2026-05-04 → 2026-05-04) 39573 bytes
2026-04-26 09:34:26,232 [INFO] [OK] Argentina/ECM_ENSEMBLE_Corn_Winter/daily dia 11 (2026-05-07 → 2026-05-07) 42551 bytes
2026-04-26 09:34:26,401 [INFO] [OK] Argentina/ECM_ENSEMBLE_Corn_Winter/daily dia 10 (2026-05-06 → 2026-05-06) 42160 bytes
2026-04-26 09:34:26,478 [INFO] [OK] Argentina/ECM_ENSEMBLE_Corn_Winter/daily dia 12 (2026-05-08 → 2026-05-08) 44424 bytes
2026-04-26 09:34:26,792 [INFO] [OK] Argentina/ECM_ENSEMBLE_Corn_Winter/daily dia 13 (2026-05-09 → 2026-05-09) 43124 bytes
2026-04-26 09:34:26,896 [INFO] [OK] Argentina/ECM_ENSEMBLE_Corn_Winter/daily dia 14 (2026-05-10 → 2026-05-10) 41430 bytes
2026-04-26 09:34:27,124 [INFO] [OK] Argentina/ECM_ENSEMBLE_Corn_Winter/cumulative dia 00 (2026-04-26 → 2026-04-26) 36168 bytes
2026-04-26 09:34:27,733 [INFO] [OK] Argentina/ECM_ENSEMBLE_Corn_Winter/cumulative dia 01 (2026-04-26 → 2026-04-27) 37504 bytes
2026-04-26 09:34:27,735 [INFO] [OK] Argentina/ECM_ENSEMBLE_Corn_Winter/cumulative dia 02 (2026-04-26 → 2026-04-28) 37768 bytes
2026-04-26 09:34:27,860 [INFO] [OK] Argentina/ECM_ENSEMBLE_Corn_Winter/cumulative dia 03 (2026-04-26 → 2026-04-29) 37734 bytes
2026-04-26 09:34:28,157 [INFO] [OK] Argentina/ECM_ENSEMBLE_Corn_Winter/cumulative dia 04 (2026-04-26 → 2026-04-30) 37472 bytes
2026-04-26 09:34:28,238 [INFO] [OK] Argentina/ECM_ENSEMBLE_Corn_Winter/cumulative dia 05 (2026-04-26 → 2026-05-01) 39255 bytes
2026-04-26 09:34:28,469 [INFO] [OK] Argentina/ECM_ENSEMBLE_Corn_Winter/cumulative dia 06 (2026-04-26 → 2026-05-02) 39756 bytes
2026-04-26 09:34:29,258 [INFO] [OK] Argentina/ECM_ENSEMBLE_Corn_Winter/cumulative dia 07 (2026-04-26 → 2026-05-03) 39419 bytes
2026-04-26 09:34:29,524 [INFO] [OK] Argentina/ECM_ENSEMBLE_Corn_Winter/cumulative dia 08 (2026-04-26 → 2026-05-04) 39856 bytes
2026-04-26 09:34:29,773 [INFO] [OK] Argentina/ECM_ENSEMBLE_Corn_Winter/cumulative dia 09 (2026-04-26 → 2026-05-05) 40577 bytes
2026-04-26 09:34:30,587 [INFO] [OK] Argentina/ECM_ENSEMBLE_Corn_Winter/cumulative dia 10 (2026-04-26 → 2026-05-06) 41287 bytes
2026-04-26 09:34:30,599 [INFO] [OK] Argentina/ECM_ENSEMBLE_Corn_Winter/cumulative dia 12 (2026-04-26 → 2026-05-08) 40861 bytes
2026-04-26 09:34:30,682 [INFO] [OK] Argentina/ECM_ENSEMBLE_Corn_Winter/cumulative dia 11 (2026-04-26 → 2026-05-07) 41013 bytes
2026-04-26 09:34:30,847 [INFO] [OK] Argentina/ECM_ENSEMBLE_Corn_Winter/cumulative dia 13 (2026-04-26 → 2026-05-09) 41417 bytes
2026-04-26 09:34:31,220 [INFO] [OK] Argentina/ECM_ENSEMBLE_Corn_Winter/cumulative dia 14 (2026-04-26 → 2026-05-10) 41468 bytes
2026-04-26 09:34:31,231 [INFO] Resumo: 240/240 sucessos, 0 erros
2026-04-26 09:34:31,297 [INFO] Manifest: C:\Users\server\OneDrive - CGB Enterprises, Inc\ZGC-PBI Research - Documents\Dataset Data Files\Weather_maps\manifest.json
2026-04-26 09:34:31,298 [INFO] [GIT] Iniciando sincronização com GitHub...
2026-04-26 09:35:00,203 [INFO] [GIT] Sucesso ✓
2026-04-26 09:35:00,203 [INFO] ✓ Sincronizado com GitHub — Power BI atualiza no próximo refresh
