2026-05-01 09:33:18,695 [INFO] === Execução 2026-05-01 | modo=both | dias=15 | parâmetro=PRCP_DEP ===
2026-05-01 09:33:18,749 [INFO] Baixando 240 mapas com 6 threads...
2026-05-01 09:33:21,104 [INFO] [OK] Brazil/GFS_ENSEMBLE_Soy/daily dia 00 (2026-05-01 → 2026-05-01) 43019 bytes
2026-05-01 09:33:21,431 [INFO] [OK] Brazil/GFS_ENSEMBLE_Soy/daily dia 02 (2026-05-03 → 2026-05-03) 43185 bytes
2026-05-01 09:33:21,767 [INFO] [OK] Brazil/GFS_ENSEMBLE_Soy/daily dia 04 (2026-05-05 → 2026-05-05) 45622 bytes
2026-05-01 09:33:21,862 [INFO] [OK] Brazil/GFS_ENSEMBLE_Soy/daily dia 03 (2026-05-04 → 2026-05-04) 43976 bytes
2026-05-01 09:33:21,897 [INFO] [OK] Brazil/GFS_ENSEMBLE_Soy/daily dia 01 (2026-05-02 → 2026-05-02) 44557 bytes
2026-05-01 09:33:21,932 [INFO] [OK] Brazil/GFS_ENSEMBLE_Soy/daily dia 05 (2026-05-06 → 2026-05-06) 47188 bytes
2026-05-01 09:33:22,400 [INFO] [OK] Brazil/GFS_ENSEMBLE_Soy/daily dia 06 (2026-05-07 → 2026-05-07) 48452 bytes
2026-05-01 09:33:22,786 [INFO] [OK] Brazil/GFS_ENSEMBLE_Soy/daily dia 07 (2026-05-08 → 2026-05-08) 50960 bytes
2026-05-01 09:33:23,197 [INFO] [OK] Brazil/GFS_ENSEMBLE_Soy/daily dia 08 (2026-05-09 → 2026-05-09) 51005 bytes
2026-05-01 09:33:23,240 [INFO] [OK] Brazil/GFS_ENSEMBLE_Soy/daily dia 09 (2026-05-10 → 2026-05-10) 51728 bytes
2026-05-01 09:33:23,324 [INFO] [OK] Brazil/GFS_ENSEMBLE_Soy/daily dia 10 (2026-05-11 → 2026-05-11) 46863 bytes
2026-05-01 09:33:23,381 [INFO] [OK] Brazil/GFS_ENSEMBLE_Soy/daily dia 11 (2026-05-12 → 2026-05-12) 46847 bytes
2026-05-01 09:33:23,724 [INFO] [OK] Brazil/GFS_ENSEMBLE_Soy/daily dia 12 (2026-05-13 → 2026-05-13) 49118 bytes
2026-05-01 09:33:24,168 [INFO] [OK] Brazil/GFS_ENSEMBLE_Soy/daily dia 13 (2026-05-14 → 2026-05-14) 52088 bytes
2026-05-01 09:33:24,549 [INFO] [OK] Brazil/GFS_ENSEMBLE_Soy/daily dia 14 (2026-05-15 → 2026-05-15) 53319 bytes
2026-05-01 09:33:24,621 [INFO] [OK] Brazil/GFS_ENSEMBLE_Soy/cumulative dia 00 (2026-05-01 → 2026-05-01) 43019 bytes
2026-05-01 09:33:24,733 [INFO] [OK] Brazil/GFS_ENSEMBLE_Soy/cumulative dia 01 (2026-05-01 → 2026-05-02) 46152 bytes
2026-05-01 09:33:24,858 [INFO] [OK] Brazil/GFS_ENSEMBLE_Soy/cumulative dia 02 (2026-05-01 → 2026-05-03) 46384 bytes
2026-05-01 09:33:25,310 [INFO] [OK] Brazil/GFS_ENSEMBLE_Soy/cumulative dia 03 (2026-05-01 → 2026-05-04) 46548 bytes
2026-05-01 09:33:25,729 [INFO] [OK] Brazil/GFS_ENSEMBLE_Soy/cumulative dia 04 (2026-05-01 → 2026-05-05) 46371 bytes
2026-05-01 09:33:26,303 [INFO] [OK] Brazil/GFS_ENSEMBLE_Soy/cumulative dia 05 (2026-05-01 → 2026-05-06) 47730 bytes
2026-05-01 09:33:26,518 [INFO] [OK] Brazil/GFS_ENSEMBLE_Soy/cumulative dia 06 (2026-05-01 → 2026-05-07) 49021 bytes
2026-05-01 09:33:26,668 [INFO] [OK] Brazil/GFS_ENSEMBLE_Soy/cumulative dia 07 (2026-05-01 → 2026-05-08) 49844 bytes
2026-05-01 09:33:26,794 [INFO] [OK] Brazil/GFS_ENSEMBLE_Soy/cumulative dia 08 (2026-05-01 → 2026-05-09) 50433 bytes
2026-05-01 09:33:27,313 [INFO] [OK] Brazil/GFS_ENSEMBLE_Soy/cumulative dia 09 (2026-05-01 → 2026-05-10) 50816 bytes
2026-05-01 09:33:27,785 [INFO] [OK] Brazil/GFS_ENSEMBLE_Soy/cumulative dia 10 (2026-05-01 → 2026-05-11) 50738 bytes
2026-05-01 09:33:28,501 [INFO] [OK] Brazil/GFS_ENSEMBLE_Soy/cumulative dia 11 (2026-05-01 → 2026-05-12) 51098 bytes
2026-05-01 09:33:28,611 [INFO] [OK] Brazil/GFS_ENSEMBLE_Corn_Winter/daily dia 00 (2026-05-01 → 2026-05-01) 41451 bytes
2026-05-01 09:33:28,840 [INFO] [OK] Brazil/GFS_ENSEMBLE_Soy/cumulative dia 12 (2026-05-01 → 2026-05-13) 51284 bytes
2026-05-01 09:33:28,967 [INFO] [OK] Brazil/GFS_ENSEMBLE_Soy/cumulative dia 13 (2026-05-01 → 2026-05-14) 51276 bytes
2026-05-01 09:33:29,069 [INFO] [OK] Brazil/GFS_ENSEMBLE_Corn_Winter/daily dia 01 (2026-05-02 → 2026-05-02) 43010 bytes
2026-05-01 09:33:29,234 [INFO] [OK] Brazil/GFS_ENSEMBLE_Soy/cumulative dia 14 (2026-05-01 → 2026-05-15) 51174 bytes
2026-05-01 09:33:29,950 [INFO] [OK] Brazil/GFS_ENSEMBLE_Corn_Winter/daily dia 02 (2026-05-03 → 2026-05-03) 41526 bytes
2026-05-01 09:33:29,998 [INFO] [OK] Brazil/GFS_ENSEMBLE_Corn_Winter/daily dia 03 (2026-05-04 → 2026-05-04) 42593 bytes
2026-05-01 09:33:30,248 [INFO] [OK] Brazil/GFS_ENSEMBLE_Corn_Winter/daily dia 04 (2026-05-05 → 2026-05-05) 43985 bytes
2026-05-01 09:33:30,278 [INFO] [OK] Brazil/GFS_ENSEMBLE_Corn_Winter/daily dia 05 (2026-05-06 → 2026-05-06) 45461 bytes
2026-05-01 09:33:30,424 [INFO] [OK] Brazil/GFS_ENSEMBLE_Corn_Winter/daily dia 06 (2026-05-07 → 2026-05-07) 47137 bytes
2026-05-01 09:33:30,529 [INFO] [OK] Brazil/GFS_ENSEMBLE_Corn_Winter/daily dia 07 (2026-05-08 → 2026-05-08) 49713 bytes
2026-05-01 09:33:31,327 [INFO] [OK] Brazil/GFS_ENSEMBLE_Corn_Winter/daily dia 08 (2026-05-09 → 2026-05-09) 49818 bytes
2026-05-01 09:33:31,463 [INFO] [OK] Brazil/GFS_ENSEMBLE_Corn_Winter/daily dia 09 (2026-05-10 → 2026-05-10) 50355 bytes
2026-05-01 09:33:31,597 [INFO] [OK] Brazil/GFS_ENSEMBLE_Corn_Winter/daily dia 10 (2026-05-11 → 2026-05-11) 45345 bytes
2026-05-01 09:33:31,834 [INFO] [OK] Brazil/GFS_ENSEMBLE_Corn_Winter/daily dia 11 (2026-05-12 → 2026-05-12) 45113 bytes
2026-05-01 09:33:31,887 [INFO] [OK] Brazil/GFS_ENSEMBLE_Corn_Winter/daily dia 13 (2026-05-14 → 2026-05-14) 50515 bytes
2026-05-01 09:33:31,970 [INFO] [OK] Brazil/GFS_ENSEMBLE_Corn_Winter/daily dia 12 (2026-05-13 → 2026-05-13) 47421 bytes
2026-05-01 09:33:32,734 [INFO] [OK] Brazil/GFS_ENSEMBLE_Corn_Winter/daily dia 14 (2026-05-15 → 2026-05-15) 51670 bytes
2026-05-01 09:33:32,808 [INFO] [OK] Brazil/GFS_ENSEMBLE_Corn_Winter/cumulative dia 00 (2026-05-01 → 2026-05-01) 41451 bytes
2026-05-01 09:33:33,137 [INFO] [OK] Brazil/GFS_ENSEMBLE_Corn_Winter/cumulative dia 01 (2026-05-01 → 2026-05-02) 44796 bytes
2026-05-01 09:33:33,315 [INFO] [OK] Brazil/GFS_ENSEMBLE_Corn_Winter/cumulative dia 02 (2026-05-01 → 2026-05-03) 44972 bytes
2026-05-01 09:33:33,784 [INFO] [OK] Brazil/GFS_ENSEMBLE_Corn_Winter/cumulative dia 03 (2026-05-01 → 2026-05-04) 45207 bytes
2026-05-01 09:33:33,786 [INFO] [OK] Brazil/GFS_ENSEMBLE_Corn_Winter/cumulative dia 04 (2026-05-01 → 2026-05-05) 44996 bytes
2026-05-01 09:33:34,441 [INFO] [OK] Brazil/GFS_ENSEMBLE_Corn_Winter/cumulative dia 05 (2026-05-01 → 2026-05-06) 46351 bytes
2026-05-01 09:33:34,562 [INFO] [OK] Brazil/GFS_ENSEMBLE_Corn_Winter/cumulative dia 06 (2026-05-01 → 2026-05-07) 47421 bytes
2026-05-01 09:33:35,032 [INFO] [OK] Brazil/GFS_ENSEMBLE_Corn_Winter/cumulative dia 07 (2026-05-01 → 2026-05-08) 48407 bytes
2026-05-01 09:33:35,270 [INFO] [OK] Brazil/GFS_ENSEMBLE_Corn_Winter/cumulative dia 08 (2026-05-01 → 2026-05-09) 49093 bytes
2026-05-01 09:33:35,811 [INFO] [OK] Brazil/GFS_ENSEMBLE_Corn_Winter/cumulative dia 09 (2026-05-01 → 2026-05-10) 49455 bytes
2026-05-01 09:33:35,898 [INFO] [OK] Brazil/GFS_ENSEMBLE_Corn_Winter/cumulative dia 10 (2026-05-01 → 2026-05-11) 49532 bytes
2026-05-01 09:33:36,653 [INFO] [OK] Brazil/GFS_ENSEMBLE_Corn_Winter/cumulative dia 11 (2026-05-01 → 2026-05-12) 49622 bytes
2026-05-01 09:33:36,891 [INFO] [OK] Brazil/GFS_ENSEMBLE_Corn_Winter/cumulative dia 12 (2026-05-01 → 2026-05-13) 49988 bytes
2026-05-01 09:33:37,146 [INFO] [OK] Brazil/ECM_ENSEMBLE_Soy/daily dia 00 (2026-05-01 → 2026-05-01) 45149 bytes
2026-05-01 09:33:37,311 [INFO] [OK] Brazil/ECM_ENSEMBLE_Soy/daily dia 01 (2026-05-02 → 2026-05-02) 45704 bytes
2026-05-01 09:33:37,390 [INFO] [OK] Brazil/GFS_ENSEMBLE_Corn_Winter/cumulative dia 13 (2026-05-01 → 2026-05-14) 49832 bytes
2026-05-01 09:33:37,616 [INFO] [OK] Brazil/GFS_ENSEMBLE_Corn_Winter/cumulative dia 14 (2026-05-01 → 2026-05-15) 49926 bytes
2026-05-01 09:33:38,030 [INFO] [OK] Brazil/ECM_ENSEMBLE_Soy/daily dia 02 (2026-05-03 → 2026-05-03) 45046 bytes
2026-05-01 09:33:38,295 [INFO] [OK] Brazil/ECM_ENSEMBLE_Soy/daily dia 03 (2026-05-04 → 2026-05-04) 44839 bytes
2026-05-01 09:33:38,614 [INFO] [OK] Brazil/ECM_ENSEMBLE_Soy/daily dia 04 (2026-05-05 → 2026-05-05) 46531 bytes
2026-05-01 09:33:38,757 [INFO] [OK] Brazil/ECM_ENSEMBLE_Soy/daily dia 06 (2026-05-07 → 2026-05-07) 48899 bytes
2026-05-01 09:33:38,857 [INFO] [OK] Brazil/ECM_ENSEMBLE_Soy/daily dia 05 (2026-05-06 → 2026-05-06) 48078 bytes
2026-05-01 09:33:38,942 [INFO] [OK] Brazil/ECM_ENSEMBLE_Soy/daily dia 07 (2026-05-08 → 2026-05-08) 50316 bytes
2026-05-01 09:33:39,519 [INFO] [OK] Brazil/ECM_ENSEMBLE_Soy/daily dia 08 (2026-05-09 → 2026-05-09) 51910 bytes
2026-05-01 09:33:39,631 [INFO] [OK] Brazil/ECM_ENSEMBLE_Soy/daily dia 09 (2026-05-10 → 2026-05-10) 49875 bytes
2026-05-01 09:33:40,266 [INFO] [OK] Brazil/ECM_ENSEMBLE_Soy/daily dia 10 (2026-05-11 → 2026-05-11) 46644 bytes
2026-05-01 09:33:40,324 [INFO] [OK] Brazil/ECM_ENSEMBLE_Soy/daily dia 11 (2026-05-12 → 2026-05-12) 46371 bytes
2026-05-01 09:33:40,415 [INFO] [OK] Brazil/ECM_ENSEMBLE_Soy/daily dia 13 (2026-05-14 → 2026-05-14) 52048 bytes
2026-05-01 09:33:40,480 [INFO] [OK] Brazil/ECM_ENSEMBLE_Soy/daily dia 12 (2026-05-13 → 2026-05-13) 48809 bytes
2026-05-01 09:33:40,980 [INFO] [OK] Brazil/ECM_ENSEMBLE_Soy/cumulative dia 00 (2026-05-01 → 2026-05-01) 45149 bytes
2026-05-01 09:33:41,090 [INFO] [OK] Brazil/ECM_ENSEMBLE_Soy/daily dia 14 (2026-05-15 → 2026-05-15) 51810 bytes
2026-05-01 09:33:41,957 [INFO] [OK] Brazil/ECM_ENSEMBLE_Soy/cumulative dia 02 (2026-05-01 → 2026-05-03) 48640 bytes
2026-05-01 09:33:41,989 [INFO] [OK] Brazil/ECM_ENSEMBLE_Soy/cumulative dia 01 (2026-05-01 → 2026-05-02) 47783 bytes
2026-05-01 09:33:42,148 [INFO] [OK] Brazil/ECM_ENSEMBLE_Soy/cumulative dia 04 (2026-05-01 → 2026-05-05) 48887 bytes
2026-05-01 09:33:42,287 [INFO] [OK] Brazil/ECM_ENSEMBLE_Soy/cumulative dia 03 (2026-05-01 → 2026-05-04) 48758 bytes
2026-05-01 09:33:42,661 [INFO] [OK] Brazil/ECM_ENSEMBLE_Soy/cumulative dia 05 (2026-05-01 → 2026-05-06) 50070 bytes
2026-05-01 09:33:42,851 [INFO] [OK] Brazil/ECM_ENSEMBLE_Soy/cumulative dia 06 (2026-05-01 → 2026-05-07) 50202 bytes
2026-05-01 09:33:43,844 [INFO] [OK] Brazil/ECM_ENSEMBLE_Soy/cumulative dia 07 (2026-05-01 → 2026-05-08) 51306 bytes
2026-05-01 09:33:44,175 [INFO] [OK] Brazil/ECM_ENSEMBLE_Soy/cumulative dia 08 (2026-05-01 → 2026-05-09) 51463 bytes
2026-05-01 09:33:44,315 [INFO] [OK] Brazil/ECM_ENSEMBLE_Soy/cumulative dia 09 (2026-05-01 → 2026-05-10) 51901 bytes
2026-05-01 09:33:44,720 [INFO] [OK] Brazil/ECM_ENSEMBLE_Soy/cumulative dia 10 (2026-05-01 → 2026-05-11) 51581 bytes
2026-05-01 09:33:44,939 [INFO] [OK] Brazil/ECM_ENSEMBLE_Soy/cumulative dia 11 (2026-05-01 → 2026-05-12) 51871 bytes
2026-05-01 09:33:45,227 [INFO] [OK] Brazil/ECM_ENSEMBLE_Soy/cumulative dia 12 (2026-05-01 → 2026-05-13) 52141 bytes
2026-05-01 09:33:45,639 [INFO] [OK] Brazil/ECM_ENSEMBLE_Corn_Winter/daily dia 00 (2026-05-01 → 2026-05-01) 43675 bytes
2026-05-01 09:33:46,041 [INFO] [OK] Brazil/ECM_ENSEMBLE_Corn_Winter/daily dia 01 (2026-05-02 → 2026-05-02) 44252 bytes
2026-05-01 09:33:46,201 [INFO] [OK] Brazil/ECM_ENSEMBLE_Soy/cumulative dia 13 (2026-05-01 → 2026-05-14) 52109 bytes
2026-05-01 09:33:46,287 [INFO] [OK] Brazil/ECM_ENSEMBLE_Corn_Winter/daily dia 02 (2026-05-03 → 2026-05-03) 43330 bytes
2026-05-01 09:33:46,561 [INFO] [OK] Brazil/ECM_ENSEMBLE_Corn_Winter/daily dia 03 (2026-05-04 → 2026-05-04) 43334 bytes
2026-05-01 09:33:46,599 [INFO] [OK] Brazil/ECM_ENSEMBLE_Soy/cumulative dia 14 (2026-05-01 → 2026-05-15) 51940 bytes
2026-05-01 09:33:46,953 [INFO] [OK] Brazil/ECM_ENSEMBLE_Corn_Winter/daily dia 04 (2026-05-05 → 2026-05-05) 45045 bytes
2026-05-01 09:33:47,352 [INFO] [OK] Brazil/ECM_ENSEMBLE_Corn_Winter/daily dia 05 (2026-05-06 → 2026-05-06) 46531 bytes
2026-05-01 09:33:47,633 [INFO] [OK] Brazil/ECM_ENSEMBLE_Corn_Winter/daily dia 06 (2026-05-07 → 2026-05-07) 47345 bytes
2026-05-01 09:33:47,641 [INFO] [OK] Brazil/ECM_ENSEMBLE_Corn_Winter/daily dia 07 (2026-05-08 → 2026-05-08) 49306 bytes
2026-05-01 09:33:47,884 [INFO] [OK] Brazil/ECM_ENSEMBLE_Corn_Winter/daily dia 08 (2026-05-09 → 2026-05-09) 50577 bytes
2026-05-01 09:33:48,007 [INFO] [OK] Brazil/ECM_ENSEMBLE_Corn_Winter/daily dia 09 (2026-05-10 → 2026-05-10) 48510 bytes
2026-05-01 09:33:48,284 [INFO] [OK] Brazil/ECM_ENSEMBLE_Corn_Winter/daily dia 10 (2026-05-11 → 2026-05-11) 45278 bytes
2026-05-01 09:33:48,641 [INFO] [OK] Brazil/ECM_ENSEMBLE_Corn_Winter/daily dia 11 (2026-05-12 → 2026-05-12) 44838 bytes
2026-05-01 09:33:48,956 [INFO] [OK] Brazil/ECM_ENSEMBLE_Corn_Winter/daily dia 12 (2026-05-13 → 2026-05-13) 47098 bytes
2026-05-01 09:33:49,248 [INFO] [OK] Brazil/ECM_ENSEMBLE_Corn_Winter/daily dia 13 (2026-05-14 → 2026-05-14) 50382 bytes
2026-05-01 09:33:49,326 [INFO] [OK] Brazil/ECM_ENSEMBLE_Corn_Winter/cumulative dia 00 (2026-05-01 → 2026-05-01) 43675 bytes
2026-05-01 09:33:49,413 [INFO] [OK] Brazil/ECM_ENSEMBLE_Corn_Winter/daily dia 14 (2026-05-15 → 2026-05-15) 50164 bytes
2026-05-01 09:33:49,653 [INFO] [OK] Brazil/ECM_ENSEMBLE_Corn_Winter/cumulative dia 01 (2026-05-01 → 2026-05-02) 46543 bytes
2026-05-01 09:33:50,284 [INFO] [OK] Brazil/ECM_ENSEMBLE_Corn_Winter/cumulative dia 02 (2026-05-01 → 2026-05-03) 47656 bytes
2026-05-01 09:33:50,533 [INFO] [OK] Brazil/ECM_ENSEMBLE_Corn_Winter/cumulative dia 03 (2026-05-01 → 2026-05-04) 47670 bytes
2026-05-01 09:33:50,945 [INFO] [OK] Brazil/ECM_ENSEMBLE_Corn_Winter/cumulative dia 04 (2026-05-01 → 2026-05-05) 47868 bytes
2026-05-01 09:33:51,142 [INFO] [OK] Brazil/ECM_ENSEMBLE_Corn_Winter/cumulative dia 05 (2026-05-01 → 2026-05-06) 48899 bytes
2026-05-01 09:33:51,212 [INFO] [OK] Brazil/ECM_ENSEMBLE_Corn_Winter/cumulative dia 06 (2026-05-01 → 2026-05-07) 49101 bytes
2026-05-01 09:33:51,522 [INFO] [OK] Brazil/ECM_ENSEMBLE_Corn_Winter/cumulative dia 07 (2026-05-01 → 2026-05-08) 50120 bytes
2026-05-01 09:33:52,159 [INFO] [OK] Brazil/ECM_ENSEMBLE_Corn_Winter/cumulative dia 08 (2026-05-01 → 2026-05-09) 50380 bytes
2026-05-01 09:33:52,548 [INFO] [OK] Brazil/ECM_ENSEMBLE_Corn_Winter/cumulative dia 09 (2026-05-01 → 2026-05-10) 50716 bytes
2026-05-01 09:33:53,104 [INFO] [OK] Brazil/ECM_ENSEMBLE_Corn_Winter/cumulative dia 10 (2026-05-01 → 2026-05-11) 50418 bytes
2026-05-01 09:33:53,587 [INFO] [OK] Argentina/GFS_ENSEMBLE_Soy/daily dia 00 (2026-05-01 → 2026-05-01) 32544 bytes
2026-05-01 09:33:53,747 [INFO] [OK] Brazil/ECM_ENSEMBLE_Corn_Winter/cumulative dia 12 (2026-05-01 → 2026-05-13) 50780 bytes
2026-05-01 09:33:53,851 [INFO] [OK] Brazil/ECM_ENSEMBLE_Corn_Winter/cumulative dia 11 (2026-05-01 → 2026-05-12) 50683 bytes
2026-05-01 09:33:54,158 [INFO] [OK] Brazil/ECM_ENSEMBLE_Corn_Winter/cumulative dia 13 (2026-05-01 → 2026-05-14) 50807 bytes
2026-05-01 09:33:54,260 [INFO] [OK] Argentina/GFS_ENSEMBLE_Soy/daily dia 01 (2026-05-02 → 2026-05-02) 34365 bytes
2026-05-01 09:33:54,688 [INFO] [OK] Argentina/GFS_ENSEMBLE_Soy/daily dia 03 (2026-05-04 → 2026-05-04) 33304 bytes
2026-05-01 09:33:54,796 [INFO] [OK] Argentina/GFS_ENSEMBLE_Soy/daily dia 02 (2026-05-03 → 2026-05-03) 33818 bytes
2026-05-01 09:33:54,799 [INFO] [OK] Argentina/GFS_ENSEMBLE_Soy/daily dia 04 (2026-05-05 → 2026-05-05) 35013 bytes
2026-05-01 09:33:54,931 [INFO] [OK] Brazil/ECM_ENSEMBLE_Corn_Winter/cumulative dia 14 (2026-05-01 → 2026-05-15) 50627 bytes
2026-05-01 09:33:55,118 [INFO] [OK] Argentina/GFS_ENSEMBLE_Soy/daily dia 05 (2026-05-06 → 2026-05-06) 37286 bytes
2026-05-01 09:33:55,304 [INFO] [OK] Argentina/GFS_ENSEMBLE_Soy/daily dia 06 (2026-05-07 → 2026-05-07) 38209 bytes
2026-05-01 09:33:55,684 [INFO] [OK] Argentina/GFS_ENSEMBLE_Soy/daily dia 07 (2026-05-08 → 2026-05-08) 41283 bytes
2026-05-01 09:33:55,789 [INFO] [OK] Argentina/GFS_ENSEMBLE_Soy/daily dia 08 (2026-05-09 → 2026-05-09) 42696 bytes
2026-05-01 09:33:55,792 [INFO] [OK] Argentina/GFS_ENSEMBLE_Soy/daily dia 09 (2026-05-10 → 2026-05-10) 41681 bytes
2026-05-01 09:33:55,881 [INFO] [OK] Argentina/GFS_ENSEMBLE_Soy/daily dia 10 (2026-05-11 → 2026-05-11) 35779 bytes
2026-05-01 09:33:56,132 [INFO] [OK] Argentina/GFS_ENSEMBLE_Soy/daily dia 11 (2026-05-12 → 2026-05-12) 35004 bytes
2026-05-01 09:33:56,329 [INFO] [OK] Argentina/GFS_ENSEMBLE_Soy/daily dia 12 (2026-05-13 → 2026-05-13) 38012 bytes
2026-05-01 09:33:56,656 [INFO] [OK] Argentina/GFS_ENSEMBLE_Soy/daily dia 13 (2026-05-14 → 2026-05-14) 41480 bytes
2026-05-01 09:33:56,738 [INFO] [OK] Argentina/GFS_ENSEMBLE_Soy/cumulative dia 00 (2026-05-01 → 2026-05-01) 32544 bytes
2026-05-01 09:33:56,782 [INFO] [OK] Argentina/GFS_ENSEMBLE_Soy/daily dia 14 (2026-05-15 → 2026-05-15) 42803 bytes
2026-05-01 09:33:56,883 [INFO] [OK] Argentina/GFS_ENSEMBLE_Soy/cumulative dia 01 (2026-05-01 → 2026-05-02) 36685 bytes
2026-05-01 09:33:57,186 [INFO] [OK] Argentina/GFS_ENSEMBLE_Soy/cumulative dia 02 (2026-05-01 → 2026-05-03) 37973 bytes
2026-05-01 09:33:57,468 [INFO] [OK] Argentina/GFS_ENSEMBLE_Soy/cumulative dia 03 (2026-05-01 → 2026-05-04) 38172 bytes
2026-05-01 09:33:57,827 [INFO] [OK] Argentina/GFS_ENSEMBLE_Soy/cumulative dia 04 (2026-05-01 → 2026-05-05) 37756 bytes
2026-05-01 09:33:58,072 [INFO] [OK] Argentina/GFS_ENSEMBLE_Soy/cumulative dia 06 (2026-05-01 → 2026-05-07) 41022 bytes
2026-05-01 09:33:58,086 [INFO] [OK] Argentina/GFS_ENSEMBLE_Soy/cumulative dia 05 (2026-05-01 → 2026-05-06) 39514 bytes
2026-05-01 09:33:58,257 [INFO] [OK] Argentina/GFS_ENSEMBLE_Soy/cumulative dia 07 (2026-05-01 → 2026-05-08) 41614 bytes
2026-05-01 09:33:58,590 [INFO] [OK] Argentina/GFS_ENSEMBLE_Soy/cumulative dia 08 (2026-05-01 → 2026-05-09) 42327 bytes
2026-05-01 09:33:58,969 [INFO] [OK] Argentina/GFS_ENSEMBLE_Soy/cumulative dia 09 (2026-05-01 → 2026-05-10) 42568 bytes
2026-05-01 09:33:59,409 [INFO] [OK] Argentina/GFS_ENSEMBLE_Soy/cumulative dia 10 (2026-05-01 → 2026-05-11) 42404 bytes
2026-05-01 09:33:59,841 [INFO] [OK] Argentina/GFS_ENSEMBLE_Soy/cumulative dia 11 (2026-05-01 → 2026-05-12) 42166 bytes
2026-05-01 09:34:00,081 [INFO] [OK] Argentina/GFS_ENSEMBLE_Soy/cumulative dia 12 (2026-05-01 → 2026-05-13) 42418 bytes
2026-05-01 09:34:00,113 [INFO] [OK] Argentina/GFS_ENSEMBLE_Corn_Winter/daily dia 00 (2026-05-01 → 2026-05-01) 30856 bytes
2026-05-01 09:34:00,342 [INFO] [OK] Argentina/GFS_ENSEMBLE_Corn_Winter/daily dia 01 (2026-05-02 → 2026-05-02) 32644 bytes
2026-05-01 09:34:00,354 [INFO] [OK] Argentina/GFS_ENSEMBLE_Soy/cumulative dia 13 (2026-05-01 → 2026-05-14) 42331 bytes
2026-05-01 09:34:00,576 [INFO] [OK] Argentina/GFS_ENSEMBLE_Soy/cumulative dia 14 (2026-05-01 → 2026-05-15) 42077 bytes
2026-05-01 09:34:00,821 [INFO] [OK] Argentina/GFS_ENSEMBLE_Corn_Winter/daily dia 02 (2026-05-03 → 2026-05-03) 32009 bytes
2026-05-01 09:34:01,051 [INFO] [OK] Argentina/GFS_ENSEMBLE_Corn_Winter/daily dia 03 (2026-05-04 → 2026-05-04) 31693 bytes
2026-05-01 09:34:01,089 [INFO] [OK] Argentina/GFS_ENSEMBLE_Corn_Winter/daily dia 04 (2026-05-05 → 2026-05-05) 33071 bytes
2026-05-01 09:34:01,307 [INFO] [OK] Argentina/GFS_ENSEMBLE_Corn_Winter/daily dia 06 (2026-05-07 → 2026-05-07) 36566 bytes
2026-05-01 09:34:01,309 [INFO] [OK] Argentina/GFS_ENSEMBLE_Corn_Winter/daily dia 05 (2026-05-06 → 2026-05-06) 35327 bytes
2026-05-01 09:34:01,526 [INFO] [OK] Argentina/GFS_ENSEMBLE_Corn_Winter/daily dia 07 (2026-05-08 → 2026-05-08) 39728 bytes
2026-05-01 09:34:01,846 [INFO] [OK] Argentina/GFS_ENSEMBLE_Corn_Winter/daily dia 08 (2026-05-09 → 2026-05-09) 41403 bytes
2026-05-01 09:34:02,000 [INFO] [OK] Argentina/GFS_ENSEMBLE_Corn_Winter/daily dia 09 (2026-05-10 → 2026-05-10) 40116 bytes
2026-05-01 09:34:02,101 [INFO] [OK] Argentina/GFS_ENSEMBLE_Corn_Winter/daily dia 10 (2026-05-11 → 2026-05-11) 33953 bytes
2026-05-01 09:34:02,281 [INFO] [OK] Argentina/GFS_ENSEMBLE_Corn_Winter/daily dia 11 (2026-05-12 → 2026-05-12) 33424 bytes
2026-05-01 09:34:02,350 [INFO] [OK] Argentina/GFS_ENSEMBLE_Corn_Winter/daily dia 12 (2026-05-13 → 2026-05-13) 36213 bytes
2026-05-01 09:34:02,510 [INFO] [OK] Argentina/GFS_ENSEMBLE_Corn_Winter/daily dia 13 (2026-05-14 → 2026-05-14) 39703 bytes
2026-05-01 09:34:02,855 [INFO] [OK] Argentina/GFS_ENSEMBLE_Corn_Winter/daily dia 14 (2026-05-15 → 2026-05-15) 41045 bytes
2026-05-01 09:34:02,986 [INFO] [OK] Argentina/GFS_ENSEMBLE_Corn_Winter/cumulative dia 00 (2026-05-01 → 2026-05-01) 30856 bytes
2026-05-01 09:34:03,150 [INFO] [OK] Argentina/GFS_ENSEMBLE_Corn_Winter/cumulative dia 01 (2026-05-01 → 2026-05-02) 35205 bytes
2026-05-01 09:34:03,349 [INFO] [OK] Argentina/GFS_ENSEMBLE_Corn_Winter/cumulative dia 02 (2026-05-01 → 2026-05-03) 36350 bytes
2026-05-01 09:34:03,475 [INFO] [OK] Argentina/GFS_ENSEMBLE_Corn_Winter/cumulative dia 03 (2026-05-01 → 2026-05-04) 36686 bytes
2026-05-01 09:34:03,638 [INFO] [OK] Argentina/GFS_ENSEMBLE_Corn_Winter/cumulative dia 04 (2026-05-01 → 2026-05-05) 36287 bytes
2026-05-01 09:34:04,078 [INFO] [OK] Argentina/GFS_ENSEMBLE_Corn_Winter/cumulative dia 05 (2026-05-01 → 2026-05-06) 37884 bytes
2026-05-01 09:34:04,260 [INFO] [OK] Argentina/GFS_ENSEMBLE_Corn_Winter/cumulative dia 06 (2026-05-01 → 2026-05-07) 39307 bytes
2026-05-01 09:34:04,515 [INFO] [OK] Argentina/GFS_ENSEMBLE_Corn_Winter/cumulative dia 07 (2026-05-01 → 2026-05-08) 40015 bytes
2026-05-01 09:34:04,735 [INFO] [OK] Argentina/GFS_ENSEMBLE_Corn_Winter/cumulative dia 08 (2026-05-01 → 2026-05-09) 40867 bytes
2026-05-01 09:34:04,890 [INFO] [OK] Argentina/GFS_ENSEMBLE_Corn_Winter/cumulative dia 09 (2026-05-01 → 2026-05-10) 40905 bytes
2026-05-01 09:34:05,081 [INFO] [OK] Argentina/GFS_ENSEMBLE_Corn_Winter/cumulative dia 10 (2026-05-01 → 2026-05-11) 40969 bytes
2026-05-01 09:34:05,574 [INFO] [OK] Argentina/GFS_ENSEMBLE_Corn_Winter/cumulative dia 11 (2026-05-01 → 2026-05-12) 40675 bytes
2026-05-01 09:34:05,804 [INFO] [OK] Argentina/GFS_ENSEMBLE_Corn_Winter/cumulative dia 12 (2026-05-01 → 2026-05-13) 40883 bytes
2026-05-01 09:34:05,936 [INFO] [OK] Argentina/ECM_ENSEMBLE_Soy/daily dia 00 (2026-05-01 → 2026-05-01) 34956 bytes
2026-05-01 09:34:06,141 [INFO] [OK] Argentina/ECM_ENSEMBLE_Soy/daily dia 01 (2026-05-02 → 2026-05-02) 35167 bytes
2026-05-01 09:34:06,225 [INFO] [OK] Argentina/GFS_ENSEMBLE_Corn_Winter/cumulative dia 13 (2026-05-01 → 2026-05-14) 40839 bytes
2026-05-01 09:34:06,340 [INFO] [OK] Argentina/GFS_ENSEMBLE_Corn_Winter/cumulative dia 14 (2026-05-01 → 2026-05-15) 40685 bytes
2026-05-01 09:34:06,541 [INFO] [OK] Argentina/ECM_ENSEMBLE_Soy/daily dia 02 (2026-05-03 → 2026-05-03) 36034 bytes
2026-05-01 09:34:07,023 [INFO] [OK] Argentina/ECM_ENSEMBLE_Soy/daily dia 03 (2026-05-04 → 2026-05-04) 34353 bytes
2026-05-01 09:34:07,029 [INFO] [OK] Argentina/ECM_ENSEMBLE_Soy/daily dia 04 (2026-05-05 → 2026-05-05) 36390 bytes
2026-05-01 09:34:07,157 [INFO] [OK] Argentina/ECM_ENSEMBLE_Soy/daily dia 05 (2026-05-06 → 2026-05-06) 38243 bytes
2026-05-01 09:34:07,220 [INFO] [OK] Argentina/ECM_ENSEMBLE_Soy/daily dia 06 (2026-05-07 → 2026-05-07) 39180 bytes
2026-05-01 09:34:07,403 [INFO] [OK] Argentina/ECM_ENSEMBLE_Soy/daily dia 07 (2026-05-08 → 2026-05-08) 40532 bytes
2026-05-01 09:34:07,558 [INFO] [OK] Argentina/ECM_ENSEMBLE_Soy/daily dia 08 (2026-05-09 → 2026-05-09) 44192 bytes
2026-05-01 09:34:08,017 [INFO] [OK] Argentina/ECM_ENSEMBLE_Soy/daily dia 09 (2026-05-10 → 2026-05-10) 40967 bytes
2026-05-01 09:34:08,219 [INFO] [OK] Argentina/ECM_ENSEMBLE_Soy/daily dia 10 (2026-05-11 → 2026-05-11) 37077 bytes
2026-05-01 09:34:08,253 [INFO] [OK] Argentina/ECM_ENSEMBLE_Soy/daily dia 12 (2026-05-13 → 2026-05-13) 37035 bytes
2026-05-01 09:34:08,266 [INFO] [OK] Argentina/ECM_ENSEMBLE_Soy/daily dia 11 (2026-05-12 → 2026-05-12) 34882 bytes
2026-05-01 09:34:08,431 [INFO] [OK] Argentina/ECM_ENSEMBLE_Soy/daily dia 13 (2026-05-14 → 2026-05-14) 40811 bytes
2026-05-01 09:34:08,594 [INFO] [OK] Argentina/ECM_ENSEMBLE_Soy/daily dia 14 (2026-05-15 → 2026-05-15) 42524 bytes
2026-05-01 09:34:08,975 [INFO] [OK] Argentina/ECM_ENSEMBLE_Soy/cumulative dia 00 (2026-05-01 → 2026-05-01) 34956 bytes
2026-05-01 09:34:09,306 [INFO] [OK] Argentina/ECM_ENSEMBLE_Soy/cumulative dia 01 (2026-05-01 → 2026-05-02) 38206 bytes
2026-05-01 09:34:09,414 [INFO] [OK] Argentina/ECM_ENSEMBLE_Soy/cumulative dia 02 (2026-05-01 → 2026-05-03) 40185 bytes
2026-05-01 09:34:09,539 [INFO] [OK] Argentina/ECM_ENSEMBLE_Soy/cumulative dia 03 (2026-05-01 → 2026-05-04) 39947 bytes
2026-05-01 09:34:09,672 [INFO] [OK] Argentina/ECM_ENSEMBLE_Soy/cumulative dia 04 (2026-05-01 → 2026-05-05) 40377 bytes
2026-05-01 09:34:09,765 [INFO] [OK] Argentina/ECM_ENSEMBLE_Soy/cumulative dia 05 (2026-05-01 → 2026-05-06) 41367 bytes
2026-05-01 09:34:10,203 [INFO] [OK] Argentina/ECM_ENSEMBLE_Soy/cumulative dia 06 (2026-05-01 → 2026-05-07) 41956 bytes
2026-05-01 09:34:10,600 [INFO] [OK] Argentina/ECM_ENSEMBLE_Soy/cumulative dia 07 (2026-05-01 → 2026-05-08) 42580 bytes
2026-05-01 09:34:10,853 [INFO] [OK] Argentina/ECM_ENSEMBLE_Soy/cumulative dia 08 (2026-05-01 → 2026-05-09) 43120 bytes
2026-05-01 09:34:10,949 [INFO] [OK] Argentina/ECM_ENSEMBLE_Soy/cumulative dia 09 (2026-05-01 → 2026-05-10) 43548 bytes
2026-05-01 09:34:11,190 [INFO] [OK] Argentina/ECM_ENSEMBLE_Soy/cumulative dia 10 (2026-05-01 → 2026-05-11) 43916 bytes
2026-05-01 09:34:11,306 [INFO] [OK] Argentina/ECM_ENSEMBLE_Soy/cumulative dia 11 (2026-05-01 → 2026-05-12) 43571 bytes
2026-05-01 09:34:11,708 [INFO] [OK] Argentina/ECM_ENSEMBLE_Soy/cumulative dia 12 (2026-05-01 → 2026-05-13) 43395 bytes
2026-05-01 09:34:11,910 [INFO] [OK] Argentina/ECM_ENSEMBLE_Corn_Winter/daily dia 00 (2026-05-01 → 2026-05-01) 33079 bytes
2026-05-01 09:34:12,159 [INFO] [OK] Argentina/ECM_ENSEMBLE_Corn_Winter/daily dia 01 (2026-05-02 → 2026-05-02) 33429 bytes
2026-05-01 09:34:12,223 [INFO] [OK] Argentina/ECM_ENSEMBLE_Soy/cumulative dia 13 (2026-05-01 → 2026-05-14) 43372 bytes
2026-05-01 09:34:12,405 [INFO] [OK] Argentina/ECM_ENSEMBLE_Corn_Winter/daily dia 02 (2026-05-03 → 2026-05-03) 34397 bytes
2026-05-01 09:34:12,548 [INFO] [OK] Argentina/ECM_ENSEMBLE_Soy/cumulative dia 14 (2026-05-01 → 2026-05-15) 43104 bytes
2026-05-01 09:34:12,675 [INFO] [OK] Argentina/ECM_ENSEMBLE_Corn_Winter/daily dia 03 (2026-05-04 → 2026-05-04) 32821 bytes
2026-05-01 09:34:12,882 [INFO] [OK] Argentina/ECM_ENSEMBLE_Corn_Winter/daily dia 04 (2026-05-05 → 2026-05-05) 34703 bytes
2026-05-01 09:34:13,200 [INFO] [OK] Argentina/ECM_ENSEMBLE_Corn_Winter/daily dia 05 (2026-05-06 → 2026-05-06) 36550 bytes
2026-05-01 09:34:13,207 [INFO] [OK] Argentina/ECM_ENSEMBLE_Corn_Winter/daily dia 06 (2026-05-07 → 2026-05-07) 37463 bytes
2026-05-01 09:34:13,420 [INFO] [OK] Argentina/ECM_ENSEMBLE_Corn_Winter/daily dia 07 (2026-05-08 → 2026-05-08) 39170 bytes
2026-05-01 09:34:13,608 [INFO] [OK] Argentina/ECM_ENSEMBLE_Corn_Winter/daily dia 08 (2026-05-09 → 2026-05-09) 42318 bytes
2026-05-01 09:34:13,701 [INFO] [OK] Argentina/ECM_ENSEMBLE_Corn_Winter/daily dia 09 (2026-05-10 → 2026-05-10) 39435 bytes
2026-05-01 09:34:13,856 [INFO] [OK] Argentina/ECM_ENSEMBLE_Corn_Winter/daily dia 10 (2026-05-11 → 2026-05-11) 35598 bytes
2026-05-01 09:34:14,146 [INFO] [OK] Argentina/ECM_ENSEMBLE_Corn_Winter/daily dia 11 (2026-05-12 → 2026-05-12) 33521 bytes
2026-05-01 09:34:14,183 [INFO] [OK] Argentina/ECM_ENSEMBLE_Corn_Winter/daily dia 12 (2026-05-13 → 2026-05-13) 35542 bytes
2026-05-01 09:34:14,458 [INFO] [OK] Argentina/ECM_ENSEMBLE_Corn_Winter/daily dia 13 (2026-05-14 → 2026-05-14) 39251 bytes
2026-05-01 09:34:14,614 [INFO] [OK] Argentina/ECM_ENSEMBLE_Corn_Winter/daily dia 14 (2026-05-15 → 2026-05-15) 40849 bytes
2026-05-01 09:34:14,683 [INFO] [OK] Argentina/ECM_ENSEMBLE_Corn_Winter/cumulative dia 00 (2026-05-01 → 2026-05-01) 33079 bytes
2026-05-01 09:34:14,877 [INFO] [OK] Argentina/ECM_ENSEMBLE_Corn_Winter/cumulative dia 01 (2026-05-01 → 2026-05-02) 36681 bytes
2026-05-01 09:34:15,302 [INFO] [OK] Argentina/ECM_ENSEMBLE_Corn_Winter/cumulative dia 02 (2026-05-01 → 2026-05-03) 38658 bytes
2026-05-01 09:34:15,376 [INFO] [OK] Argentina/ECM_ENSEMBLE_Corn_Winter/cumulative dia 03 (2026-05-01 → 2026-05-04) 38516 bytes
2026-05-01 09:34:15,821 [INFO] [OK] Argentina/ECM_ENSEMBLE_Corn_Winter/cumulative dia 04 (2026-05-01 → 2026-05-05) 39109 bytes
2026-05-01 09:34:16,181 [INFO] [OK] Argentina/ECM_ENSEMBLE_Corn_Winter/cumulative dia 05 (2026-05-01 → 2026-05-06) 40055 bytes
2026-05-01 09:34:16,307 [INFO] [OK] Argentina/ECM_ENSEMBLE_Corn_Winter/cumulative dia 06 (2026-05-01 → 2026-05-07) 40654 bytes
2026-05-01 09:34:16,512 [INFO] [OK] Argentina/ECM_ENSEMBLE_Corn_Winter/cumulative dia 07 (2026-05-01 → 2026-05-08) 41181 bytes
2026-05-01 09:34:16,980 [INFO] [OK] Argentina/ECM_ENSEMBLE_Corn_Winter/cumulative dia 08 (2026-05-01 → 2026-05-09) 41845 bytes
2026-05-01 09:34:17,142 [INFO] [OK] Argentina/ECM_ENSEMBLE_Corn_Winter/cumulative dia 09 (2026-05-01 → 2026-05-10) 42203 bytes
2026-05-01 09:34:17,684 [INFO] [OK] Argentina/ECM_ENSEMBLE_Corn_Winter/cumulative dia 10 (2026-05-01 → 2026-05-11) 42558 bytes
2026-05-01 09:34:17,846 [INFO] [OK] Argentina/ECM_ENSEMBLE_Corn_Winter/cumulative dia 11 (2026-05-01 → 2026-05-12) 42125 bytes
2026-05-01 09:34:18,140 [INFO] [OK] Argentina/ECM_ENSEMBLE_Corn_Winter/cumulative dia 12 (2026-05-01 → 2026-05-13) 41903 bytes
2026-05-01 09:34:18,186 [INFO] [OK] Argentina/ECM_ENSEMBLE_Corn_Winter/cumulative dia 13 (2026-05-01 → 2026-05-14) 41878 bytes
2026-05-01 09:34:18,627 [INFO] [OK] Argentina/ECM_ENSEMBLE_Corn_Winter/cumulative dia 14 (2026-05-01 → 2026-05-15) 41504 bytes
2026-05-01 09:34:18,629 [INFO] Resumo: 240/240 sucessos, 0 erros
2026-05-01 09:34:18,721 [INFO] Manifest: C:\Users\server\OneDrive - CGB Enterprises, Inc\ZGC-PBI Research - Documents\Dataset Data Files\Weather_maps\manifest.json
2026-05-01 09:34:18,722 [INFO] [GIT] Iniciando sincronização com GitHub...
2026-05-01 09:34:34,503 [INFO] [GIT] Sucesso ✓
2026-05-01 09:34:34,503 [INFO] ✓ Sincronizado com GitHub — Power BI atualiza no próximo refresh
