2026-04-23 10:05:48,969 [INFO] === Execução 2026-04-23 | modo=both | dias=15 | parâmetro=PRCP_DEP ===
2026-04-23 10:05:48,970 [INFO] Baixando 240 mapas com 6 threads...
2026-04-23 10:05:51,717 [INFO] [OK] Brazil/GFS_ENSEMBLE_Soy/daily dia 00 (2026-04-23 → 2026-04-23) 46335 bytes
2026-04-23 10:05:51,736 [INFO] [OK] Brazil/GFS_ENSEMBLE_Soy/daily dia 05 (2026-04-28 → 2026-04-28) 50650 bytes
2026-04-23 10:05:52,178 [INFO] [OK] Brazil/GFS_ENSEMBLE_Soy/daily dia 02 (2026-04-25 → 2026-04-25) 50640 bytes
2026-04-23 10:05:52,241 [INFO] [OK] Brazil/GFS_ENSEMBLE_Soy/daily dia 04 (2026-04-27 → 2026-04-27) 48500 bytes
2026-04-23 10:05:52,296 [INFO] [OK] Brazil/GFS_ENSEMBLE_Soy/daily dia 01 (2026-04-24 → 2026-04-24) 47445 bytes
2026-04-23 10:05:52,340 [INFO] [OK] Brazil/GFS_ENSEMBLE_Soy/daily dia 03 (2026-04-26 → 2026-04-26) 49823 bytes
2026-04-23 10:05:53,187 [INFO] [OK] Brazil/GFS_ENSEMBLE_Soy/daily dia 06 (2026-04-29 → 2026-04-29) 49023 bytes
2026-04-23 10:05:53,348 [INFO] [OK] Brazil/GFS_ENSEMBLE_Soy/daily dia 07 (2026-04-30 → 2026-04-30) 50345 bytes
2026-04-23 10:05:53,678 [INFO] [OK] Brazil/GFS_ENSEMBLE_Soy/daily dia 08 (2026-05-01 → 2026-05-01) 51635 bytes
2026-04-23 10:05:53,679 [INFO] [OK] Brazil/GFS_ENSEMBLE_Soy/daily dia 09 (2026-05-02 → 2026-05-02) 53355 bytes
2026-04-23 10:05:53,812 [INFO] [OK] Brazil/GFS_ENSEMBLE_Soy/daily dia 10 (2026-05-03 → 2026-05-03) 52621 bytes
2026-04-23 10:05:54,055 [INFO] [OK] Brazil/GFS_ENSEMBLE_Soy/daily dia 11 (2026-05-04 → 2026-05-04) 51658 bytes
2026-04-23 10:05:54,561 [INFO] [OK] Brazil/GFS_ENSEMBLE_Soy/daily dia 12 (2026-05-05 → 2026-05-05) 53002 bytes
2026-04-23 10:05:54,635 [INFO] [OK] Brazil/GFS_ENSEMBLE_Soy/daily dia 13 (2026-05-06 → 2026-05-06) 52680 bytes
2026-04-23 10:05:54,955 [INFO] [OK] Brazil/GFS_ENSEMBLE_Soy/daily dia 14 (2026-05-07 → 2026-05-07) 52826 bytes
2026-04-23 10:05:55,250 [INFO] [OK] Brazil/GFS_ENSEMBLE_Soy/cumulative dia 00 (2026-04-23 → 2026-04-23) 46335 bytes
2026-04-23 10:05:55,354 [INFO] [OK] Brazil/GFS_ENSEMBLE_Soy/cumulative dia 01 (2026-04-23 → 2026-04-24) 47946 bytes
2026-04-23 10:05:55,527 [INFO] [OK] Brazil/GFS_ENSEMBLE_Soy/cumulative dia 02 (2026-04-23 → 2026-04-25) 49764 bytes
2026-04-23 10:05:56,066 [INFO] [OK] Brazil/GFS_ENSEMBLE_Soy/cumulative dia 03 (2026-04-23 → 2026-04-26) 50416 bytes
2026-04-23 10:05:56,265 [INFO] [OK] Brazil/GFS_ENSEMBLE_Soy/cumulative dia 04 (2026-04-23 → 2026-04-27) 50980 bytes
2026-04-23 10:05:56,595 [INFO] [OK] Brazil/GFS_ENSEMBLE_Soy/cumulative dia 05 (2026-04-23 → 2026-04-28) 51964 bytes
2026-04-23 10:05:57,391 [INFO] [OK] Brazil/GFS_ENSEMBLE_Soy/cumulative dia 06 (2026-04-23 → 2026-04-29) 51882 bytes
2026-04-23 10:05:57,625 [INFO] [OK] Brazil/GFS_ENSEMBLE_Soy/cumulative dia 08 (2026-04-23 → 2026-05-01) 51907 bytes
2026-04-23 10:05:57,719 [INFO] [OK] Brazil/GFS_ENSEMBLE_Soy/cumulative dia 07 (2026-04-23 → 2026-04-30) 51288 bytes
2026-04-23 10:05:58,485 [INFO] [OK] Brazil/GFS_ENSEMBLE_Soy/cumulative dia 09 (2026-04-23 → 2026-05-02) 52130 bytes
2026-04-23 10:05:58,679 [INFO] [OK] Brazil/GFS_ENSEMBLE_Soy/cumulative dia 10 (2026-04-23 → 2026-05-03) 52314 bytes
2026-04-23 10:05:58,981 [INFO] [OK] Brazil/GFS_ENSEMBLE_Soy/cumulative dia 11 (2026-04-23 → 2026-05-04) 52424 bytes
2026-04-23 10:05:59,937 [INFO] [OK] Brazil/GFS_ENSEMBLE_Soy/cumulative dia 12 (2026-04-23 → 2026-05-05) 52582 bytes
2026-04-23 10:05:59,990 [INFO] [OK] Brazil/GFS_ENSEMBLE_Corn_Winter/daily dia 00 (2026-04-23 → 2026-04-23) 44833 bytes
2026-04-23 10:06:00,117 [INFO] [OK] Brazil/GFS_ENSEMBLE_Soy/cumulative dia 14 (2026-04-23 → 2026-05-07) 52636 bytes
2026-04-23 10:06:00,278 [INFO] [OK] Brazil/GFS_ENSEMBLE_Corn_Winter/daily dia 01 (2026-04-24 → 2026-04-24) 45810 bytes
2026-04-23 10:06:00,290 [INFO] [OK] Brazil/GFS_ENSEMBLE_Soy/cumulative dia 13 (2026-04-23 → 2026-05-06) 52392 bytes
2026-04-23 10:06:00,429 [INFO] [OK] Brazil/GFS_ENSEMBLE_Corn_Winter/daily dia 02 (2026-04-25 → 2026-04-25) 48869 bytes
2026-04-23 10:06:01,341 [INFO] [OK] Brazil/GFS_ENSEMBLE_Corn_Winter/daily dia 03 (2026-04-26 → 2026-04-26) 48634 bytes
2026-04-23 10:06:01,397 [INFO] [OK] Brazil/GFS_ENSEMBLE_Corn_Winter/daily dia 05 (2026-04-28 → 2026-04-28) 49203 bytes
2026-04-23 10:06:01,490 [INFO] [OK] Brazil/GFS_ENSEMBLE_Corn_Winter/daily dia 04 (2026-04-27 → 2026-04-27) 47146 bytes
2026-04-23 10:06:02,068 [INFO] [OK] Brazil/GFS_ENSEMBLE_Corn_Winter/daily dia 08 (2026-05-01 → 2026-05-01) 50384 bytes
2026-04-23 10:06:02,216 [INFO] [OK] Brazil/GFS_ENSEMBLE_Corn_Winter/daily dia 06 (2026-04-29 → 2026-04-29) 47678 bytes
2026-04-23 10:06:02,330 [INFO] [OK] Brazil/GFS_ENSEMBLE_Corn_Winter/daily dia 07 (2026-04-30 → 2026-04-30) 48976 bytes
2026-04-23 10:06:02,697 [INFO] [OK] Brazil/GFS_ENSEMBLE_Corn_Winter/daily dia 09 (2026-05-02 → 2026-05-02) 51984 bytes
2026-04-23 10:06:02,780 [INFO] [OK] Brazil/GFS_ENSEMBLE_Corn_Winter/daily dia 10 (2026-05-03 → 2026-05-03) 51189 bytes
2026-04-23 10:06:02,890 [INFO] [OK] Brazil/GFS_ENSEMBLE_Corn_Winter/daily dia 11 (2026-05-04 → 2026-05-04) 50248 bytes
2026-04-23 10:06:03,834 [INFO] [OK] Brazil/GFS_ENSEMBLE_Corn_Winter/daily dia 13 (2026-05-06 → 2026-05-06) 51282 bytes
2026-04-23 10:06:03,893 [INFO] [OK] Brazil/GFS_ENSEMBLE_Corn_Winter/daily dia 12 (2026-05-05 → 2026-05-05) 51609 bytes
2026-04-23 10:06:03,996 [INFO] [OK] Brazil/GFS_ENSEMBLE_Corn_Winter/cumulative dia 00 (2026-04-23 → 2026-04-23) 44833 bytes
2026-04-23 10:06:04,437 [INFO] [OK] Brazil/GFS_ENSEMBLE_Corn_Winter/daily dia 14 (2026-05-07 → 2026-05-07) 51412 bytes
2026-04-23 10:06:04,711 [INFO] [OK] Brazil/GFS_ENSEMBLE_Corn_Winter/cumulative dia 02 (2026-04-23 → 2026-04-25) 48309 bytes
2026-04-23 10:06:04,747 [INFO] [OK] Brazil/GFS_ENSEMBLE_Corn_Winter/cumulative dia 01 (2026-04-23 → 2026-04-24) 46558 bytes
2026-04-23 10:06:05,322 [INFO] [OK] Brazil/GFS_ENSEMBLE_Corn_Winter/cumulative dia 03 (2026-04-23 → 2026-04-26) 48919 bytes
2026-04-23 10:06:05,659 [INFO] [OK] Brazil/GFS_ENSEMBLE_Corn_Winter/cumulative dia 04 (2026-04-23 → 2026-04-27) 49468 bytes
2026-04-23 10:06:05,827 [INFO] [OK] Brazil/GFS_ENSEMBLE_Corn_Winter/cumulative dia 05 (2026-04-23 → 2026-04-28) 50567 bytes
2026-04-23 10:06:06,182 [INFO] [OK] Brazil/GFS_ENSEMBLE_Corn_Winter/cumulative dia 06 (2026-04-23 → 2026-04-29) 50626 bytes
2026-04-23 10:06:06,783 [INFO] [OK] Brazil/GFS_ENSEMBLE_Corn_Winter/cumulative dia 07 (2026-04-23 → 2026-04-30) 50183 bytes
2026-04-23 10:06:07,034 [INFO] [OK] Brazil/GFS_ENSEMBLE_Corn_Winter/cumulative dia 08 (2026-04-23 → 2026-05-01) 50537 bytes
2026-04-23 10:06:07,459 [INFO] [OK] Brazil/GFS_ENSEMBLE_Corn_Winter/cumulative dia 09 (2026-04-23 → 2026-05-02) 50853 bytes
2026-04-23 10:06:08,049 [INFO] [OK] Brazil/GFS_ENSEMBLE_Corn_Winter/cumulative dia 10 (2026-04-23 → 2026-05-03) 51018 bytes
2026-04-23 10:06:08,243 [INFO] [OK] Brazil/GFS_ENSEMBLE_Corn_Winter/cumulative dia 11 (2026-04-23 → 2026-05-04) 50927 bytes
2026-04-23 10:06:08,873 [INFO] [OK] Brazil/GFS_ENSEMBLE_Corn_Winter/cumulative dia 12 (2026-04-23 → 2026-05-05) 51052 bytes
2026-04-23 10:06:09,362 [INFO] [OK] Brazil/ECM_ENSEMBLE_Soy/daily dia 00 (2026-04-23 → 2026-04-23) 47448 bytes
2026-04-23 10:06:09,562 [INFO] [OK] Brazil/ECM_ENSEMBLE_Soy/daily dia 01 (2026-04-24 → 2026-04-24) 48971 bytes
2026-04-23 10:06:09,658 [INFO] [OK] Brazil/GFS_ENSEMBLE_Corn_Winter/cumulative dia 13 (2026-04-23 → 2026-05-06) 50844 bytes
2026-04-23 10:06:09,682 [INFO] [OK] Brazil/GFS_ENSEMBLE_Corn_Winter/cumulative dia 14 (2026-04-23 → 2026-05-07) 51041 bytes
2026-04-23 10:06:09,691 [INFO] [OK] Brazil/ECM_ENSEMBLE_Soy/daily dia 02 (2026-04-25 → 2026-04-25) 51628 bytes
2026-04-23 10:06:10,183 [INFO] [OK] Brazil/ECM_ENSEMBLE_Soy/daily dia 03 (2026-04-26 → 2026-04-26) 50709 bytes
2026-04-23 10:06:10,908 [INFO] [OK] Brazil/ECM_ENSEMBLE_Soy/daily dia 05 (2026-04-28 → 2026-04-28) 50045 bytes
2026-04-23 10:06:10,915 [INFO] [OK] Brazil/ECM_ENSEMBLE_Soy/daily dia 04 (2026-04-27 → 2026-04-27) 49646 bytes
2026-04-23 10:06:10,971 [INFO] [OK] Brazil/ECM_ENSEMBLE_Soy/daily dia 06 (2026-04-29 → 2026-04-29) 51329 bytes
2026-04-23 10:06:11,302 [INFO] [OK] Brazil/ECM_ENSEMBLE_Soy/daily dia 07 (2026-04-30 → 2026-04-30) 50288 bytes
2026-04-23 10:06:11,410 [INFO] [OK] Brazil/ECM_ENSEMBLE_Soy/daily dia 08 (2026-05-01 → 2026-05-01) 49905 bytes
2026-04-23 10:06:11,441 [INFO] [OK] Brazil/ECM_ENSEMBLE_Soy/daily dia 09 (2026-05-02 → 2026-05-02) 49639 bytes
2026-04-23 10:06:12,285 [INFO] [OK] Brazil/ECM_ENSEMBLE_Soy/daily dia 11 (2026-05-04 → 2026-05-04) 51011 bytes
2026-04-23 10:06:12,304 [INFO] [OK] Brazil/ECM_ENSEMBLE_Soy/daily dia 12 (2026-05-05 → 2026-05-05) 51765 bytes
2026-04-23 10:06:12,442 [INFO] [OK] Brazil/ECM_ENSEMBLE_Soy/daily dia 10 (2026-05-03 → 2026-05-03) 50251 bytes
2026-04-23 10:06:12,732 [INFO] [OK] Brazil/ECM_ENSEMBLE_Soy/daily dia 14 (2026-05-07 → 2026-05-07) 50227 bytes
2026-04-23 10:06:12,863 [INFO] [OK] Brazil/ECM_ENSEMBLE_Soy/daily dia 13 (2026-05-06 → 2026-05-06) 51908 bytes
2026-04-23 10:06:12,930 [INFO] [OK] Brazil/ECM_ENSEMBLE_Soy/cumulative dia 00 (2026-04-23 → 2026-04-23) 47448 bytes
2026-04-23 10:06:13,984 [INFO] [OK] Brazil/ECM_ENSEMBLE_Soy/cumulative dia 01 (2026-04-23 → 2026-04-24) 47982 bytes
2026-04-23 10:06:14,060 [INFO] [OK] Brazil/ECM_ENSEMBLE_Soy/cumulative dia 02 (2026-04-23 → 2026-04-25) 50250 bytes
2026-04-23 10:06:14,188 [INFO] [OK] Brazil/ECM_ENSEMBLE_Soy/cumulative dia 03 (2026-04-23 → 2026-04-26) 51846 bytes
2026-04-23 10:06:14,335 [INFO] [OK] Brazil/ECM_ENSEMBLE_Soy/cumulative dia 04 (2026-04-23 → 2026-04-27) 52171 bytes
2026-04-23 10:06:14,793 [INFO] [OK] Brazil/ECM_ENSEMBLE_Soy/cumulative dia 05 (2026-04-23 → 2026-04-28) 53186 bytes
2026-04-23 10:06:14,869 [INFO] [OK] Brazil/ECM_ENSEMBLE_Soy/cumulative dia 06 (2026-04-23 → 2026-04-29) 52737 bytes
2026-04-23 10:06:15,852 [INFO] [OK] Brazil/ECM_ENSEMBLE_Soy/cumulative dia 07 (2026-04-23 → 2026-04-30) 52574 bytes
2026-04-23 10:06:16,597 [INFO] [OK] Brazil/ECM_ENSEMBLE_Soy/cumulative dia 08 (2026-04-23 → 2026-05-01) 52189 bytes
2026-04-23 10:06:16,786 [INFO] [OK] Brazil/ECM_ENSEMBLE_Soy/cumulative dia 09 (2026-04-23 → 2026-05-02) 51968 bytes
2026-04-23 10:06:16,921 [INFO] [OK] Brazil/ECM_ENSEMBLE_Soy/cumulative dia 10 (2026-04-23 → 2026-05-03) 52154 bytes
2026-04-23 10:06:17,145 [INFO] [OK] Brazil/ECM_ENSEMBLE_Soy/cumulative dia 12 (2026-04-23 → 2026-05-05) 52322 bytes
2026-04-23 10:06:17,202 [INFO] [OK] Brazil/ECM_ENSEMBLE_Soy/cumulative dia 11 (2026-04-23 → 2026-05-04) 52009 bytes
2026-04-23 10:06:18,246 [INFO] [OK] Brazil/ECM_ENSEMBLE_Corn_Winter/daily dia 00 (2026-04-23 → 2026-04-23) 45902 bytes
2026-04-23 10:06:18,269 [INFO] [OK] Brazil/ECM_ENSEMBLE_Soy/cumulative dia 13 (2026-04-23 → 2026-05-06) 52202 bytes
2026-04-23 10:06:18,460 [INFO] [OK] Brazil/ECM_ENSEMBLE_Corn_Winter/daily dia 02 (2026-04-25 → 2026-04-25) 49983 bytes
2026-04-23 10:06:18,480 [INFO] [OK] Brazil/ECM_ENSEMBLE_Corn_Winter/daily dia 01 (2026-04-24 → 2026-04-24) 47373 bytes
2026-04-23 10:06:18,809 [INFO] [OK] Brazil/ECM_ENSEMBLE_Corn_Winter/daily dia 03 (2026-04-26 → 2026-04-26) 49098 bytes
2026-04-23 10:06:19,034 [INFO] [OK] Brazil/ECM_ENSEMBLE_Soy/cumulative dia 14 (2026-04-23 → 2026-05-07) 52125 bytes
2026-04-23 10:06:19,779 [INFO] [OK] Brazil/ECM_ENSEMBLE_Corn_Winter/daily dia 05 (2026-04-28 → 2026-04-28) 48658 bytes
2026-04-23 10:06:20,001 [INFO] [OK] Brazil/ECM_ENSEMBLE_Corn_Winter/daily dia 04 (2026-04-27 → 2026-04-27) 48237 bytes
2026-04-23 10:06:20,042 [INFO] [OK] Brazil/ECM_ENSEMBLE_Corn_Winter/daily dia 07 (2026-04-30 → 2026-04-30) 49188 bytes
2026-04-23 10:06:20,185 [INFO] [OK] Brazil/ECM_ENSEMBLE_Corn_Winter/daily dia 08 (2026-05-01 → 2026-05-01) 48634 bytes
2026-04-23 10:06:20,206 [INFO] [OK] Brazil/ECM_ENSEMBLE_Corn_Winter/daily dia 06 (2026-04-29 → 2026-04-29) 50100 bytes
2026-04-23 10:06:20,459 [INFO] [OK] Brazil/ECM_ENSEMBLE_Corn_Winter/daily dia 09 (2026-05-02 → 2026-05-02) 48395 bytes
2026-04-23 10:06:21,030 [INFO] [OK] Brazil/ECM_ENSEMBLE_Corn_Winter/daily dia 10 (2026-05-03 → 2026-05-03) 48796 bytes
2026-04-23 10:06:22,220 [INFO] [OK] Brazil/ECM_ENSEMBLE_Corn_Winter/daily dia 12 (2026-05-05 → 2026-05-05) 50259 bytes
2026-04-23 10:06:22,339 [INFO] [OK] Brazil/ECM_ENSEMBLE_Corn_Winter/cumulative dia 01 (2026-04-23 → 2026-04-24) 46753 bytes
2026-04-23 10:06:22,468 [INFO] [OK] Brazil/ECM_ENSEMBLE_Corn_Winter/daily dia 11 (2026-05-04 → 2026-05-04) 49684 bytes
2026-04-23 10:06:22,484 [INFO] [OK] Brazil/ECM_ENSEMBLE_Corn_Winter/cumulative dia 00 (2026-04-23 → 2026-04-23) 45902 bytes
2026-04-23 10:06:22,553 [INFO] [OK] Brazil/ECM_ENSEMBLE_Corn_Winter/daily dia 14 (2026-05-07 → 2026-05-07) 48615 bytes
2026-04-23 10:06:22,584 [INFO] [OK] Brazil/ECM_ENSEMBLE_Corn_Winter/daily dia 13 (2026-05-06 → 2026-05-06) 50433 bytes
2026-04-23 10:06:23,639 [INFO] [OK] Brazil/ECM_ENSEMBLE_Corn_Winter/cumulative dia 02 (2026-04-23 → 2026-04-25) 48824 bytes
2026-04-23 10:06:24,231 [INFO] [OK] Brazil/ECM_ENSEMBLE_Corn_Winter/cumulative dia 03 (2026-04-23 → 2026-04-26) 50433 bytes
2026-04-23 10:06:24,323 [INFO] [OK] Brazil/ECM_ENSEMBLE_Corn_Winter/cumulative dia 06 (2026-04-23 → 2026-04-29) 51541 bytes
2026-04-23 10:06:24,368 [INFO] [OK] Brazil/ECM_ENSEMBLE_Corn_Winter/cumulative dia 07 (2026-04-23 → 2026-04-30) 51450 bytes
2026-04-23 10:06:24,541 [INFO] [OK] Brazil/ECM_ENSEMBLE_Corn_Winter/cumulative dia 04 (2026-04-23 → 2026-04-27) 50866 bytes
2026-04-23 10:06:24,618 [INFO] [OK] Brazil/ECM_ENSEMBLE_Corn_Winter/cumulative dia 05 (2026-04-23 → 2026-04-28) 52069 bytes
2026-04-23 10:06:25,607 [INFO] [OK] Brazil/ECM_ENSEMBLE_Corn_Winter/cumulative dia 08 (2026-04-23 → 2026-05-01) 51078 bytes
2026-04-23 10:06:26,867 [INFO] [OK] Brazil/ECM_ENSEMBLE_Corn_Winter/cumulative dia 10 (2026-04-23 → 2026-05-03) 50853 bytes
2026-04-23 10:06:26,973 [INFO] [OK] Brazil/ECM_ENSEMBLE_Corn_Winter/cumulative dia 09 (2026-04-23 → 2026-05-02) 50731 bytes
2026-04-23 10:06:27,304 [INFO] [OK] Brazil/ECM_ENSEMBLE_Corn_Winter/cumulative dia 12 (2026-04-23 → 2026-05-05) 51006 bytes
2026-04-23 10:06:27,672 [INFO] [OK] Brazil/ECM_ENSEMBLE_Corn_Winter/cumulative dia 11 (2026-04-23 → 2026-05-04) 50773 bytes
2026-04-23 10:06:27,836 [INFO] [OK] Brazil/ECM_ENSEMBLE_Corn_Winter/cumulative dia 13 (2026-04-23 → 2026-05-06) 50759 bytes
2026-04-23 10:06:27,949 [INFO] [OK] Argentina/GFS_ENSEMBLE_Soy/daily dia 01 (2026-04-24 → 2026-04-24) 35390 bytes
2026-04-23 10:06:28,118 [INFO] [OK] Argentina/GFS_ENSEMBLE_Soy/daily dia 00 (2026-04-23 → 2026-04-23) 35498 bytes
2026-04-23 10:06:28,315 [INFO] [OK] Brazil/ECM_ENSEMBLE_Corn_Winter/cumulative dia 14 (2026-04-23 → 2026-05-07) 50852 bytes
2026-04-23 10:06:28,316 [INFO] [OK] Argentina/GFS_ENSEMBLE_Soy/daily dia 02 (2026-04-25 → 2026-04-25) 39851 bytes
2026-04-23 10:06:28,840 [INFO] [OK] Argentina/GFS_ENSEMBLE_Soy/daily dia 03 (2026-04-26 → 2026-04-26) 38564 bytes
2026-04-23 10:06:29,814 [INFO] [OK] Argentina/GFS_ENSEMBLE_Soy/daily dia 04 (2026-04-27 → 2026-04-27) 38140 bytes
2026-04-23 10:06:29,820 [INFO] [OK] Argentina/GFS_ENSEMBLE_Soy/daily dia 08 (2026-05-01 → 2026-05-01) 42973 bytes
2026-04-23 10:06:29,821 [INFO] [OK] Argentina/GFS_ENSEMBLE_Soy/daily dia 06 (2026-04-29 → 2026-04-29) 39396 bytes
2026-04-23 10:06:29,824 [INFO] [OK] Argentina/GFS_ENSEMBLE_Soy/daily dia 05 (2026-04-28 → 2026-04-28) 41443 bytes
2026-04-23 10:06:29,826 [INFO] [OK] Argentina/GFS_ENSEMBLE_Soy/daily dia 07 (2026-04-30 → 2026-04-30) 40859 bytes
2026-04-23 10:06:30,145 [INFO] [OK] Argentina/GFS_ENSEMBLE_Soy/daily dia 09 (2026-05-02 → 2026-05-02) 45311 bytes
2026-04-23 10:06:30,820 [INFO] [OK] Argentina/GFS_ENSEMBLE_Soy/daily dia 10 (2026-05-03 → 2026-05-03) 44196 bytes
2026-04-23 10:06:30,954 [INFO] [OK] Argentina/GFS_ENSEMBLE_Soy/daily dia 14 (2026-05-07 → 2026-05-07) 43366 bytes
2026-04-23 10:06:30,998 [INFO] [OK] Argentina/GFS_ENSEMBLE_Soy/daily dia 13 (2026-05-06 → 2026-05-06) 43299 bytes
2026-04-23 10:06:31,012 [INFO] [OK] Argentina/GFS_ENSEMBLE_Soy/daily dia 11 (2026-05-04 → 2026-05-04) 42811 bytes
2026-04-23 10:06:31,107 [INFO] [OK] Argentina/GFS_ENSEMBLE_Soy/daily dia 12 (2026-05-05 → 2026-05-05) 43784 bytes
2026-04-23 10:06:31,162 [INFO] [OK] Argentina/GFS_ENSEMBLE_Soy/cumulative dia 00 (2026-04-23 → 2026-04-23) 35498 bytes
2026-04-23 10:06:31,955 [INFO] [OK] Argentina/GFS_ENSEMBLE_Soy/cumulative dia 01 (2026-04-23 → 2026-04-24) 36744 bytes
2026-04-23 10:06:32,064 [INFO] [OK] Argentina/GFS_ENSEMBLE_Soy/cumulative dia 02 (2026-04-23 → 2026-04-25) 38476 bytes
2026-04-23 10:06:32,143 [INFO] [OK] Argentina/GFS_ENSEMBLE_Soy/cumulative dia 03 (2026-04-23 → 2026-04-26) 38948 bytes
2026-04-23 10:06:32,197 [INFO] [OK] Argentina/GFS_ENSEMBLE_Soy/cumulative dia 04 (2026-04-23 → 2026-04-27) 40185 bytes
2026-04-23 10:06:32,298 [INFO] [OK] Argentina/GFS_ENSEMBLE_Soy/cumulative dia 05 (2026-04-23 → 2026-04-28) 41486 bytes
2026-04-23 10:06:32,370 [INFO] [OK] Argentina/GFS_ENSEMBLE_Soy/cumulative dia 06 (2026-04-23 → 2026-04-29) 41660 bytes
2026-04-23 10:06:33,376 [INFO] [OK] Argentina/GFS_ENSEMBLE_Soy/cumulative dia 07 (2026-04-23 → 2026-04-30) 41372 bytes
2026-04-23 10:06:33,471 [INFO] [OK] Argentina/GFS_ENSEMBLE_Soy/cumulative dia 08 (2026-04-23 → 2026-05-01) 42157 bytes
2026-04-23 10:06:34,049 [INFO] [OK] Argentina/GFS_ENSEMBLE_Soy/cumulative dia 09 (2026-04-23 → 2026-05-02) 42531 bytes
2026-04-23 10:06:34,077 [INFO] [OK] Argentina/GFS_ENSEMBLE_Soy/cumulative dia 10 (2026-04-23 → 2026-05-03) 42773 bytes
2026-04-23 10:06:34,247 [INFO] [OK] Argentina/GFS_ENSEMBLE_Soy/cumulative dia 12 (2026-04-23 → 2026-05-05) 43169 bytes
2026-04-23 10:06:34,314 [INFO] [OK] Argentina/GFS_ENSEMBLE_Soy/cumulative dia 11 (2026-04-23 → 2026-05-04) 43157 bytes
2026-04-23 10:06:35,050 [INFO] [OK] Argentina/GFS_ENSEMBLE_Corn_Winter/daily dia 01 (2026-04-24 → 2026-04-24) 33686 bytes
2026-04-23 10:06:35,371 [INFO] [OK] Argentina/GFS_ENSEMBLE_Soy/cumulative dia 13 (2026-04-23 → 2026-05-06) 43202 bytes
2026-04-23 10:06:35,380 [INFO] [OK] Argentina/GFS_ENSEMBLE_Corn_Winter/daily dia 00 (2026-04-23 → 2026-04-23) 33613 bytes
2026-04-23 10:06:35,428 [INFO] [OK] Argentina/GFS_ENSEMBLE_Soy/cumulative dia 14 (2026-04-23 → 2026-05-07) 43161 bytes
2026-04-23 10:06:35,467 [INFO] [OK] Argentina/GFS_ENSEMBLE_Corn_Winter/daily dia 03 (2026-04-26 → 2026-04-26) 37044 bytes
2026-04-23 10:06:35,534 [INFO] [OK] Argentina/GFS_ENSEMBLE_Corn_Winter/daily dia 02 (2026-04-25 → 2026-04-25) 38083 bytes
2026-04-23 10:06:36,003 [INFO] [OK] Argentina/GFS_ENSEMBLE_Corn_Winter/daily dia 04 (2026-04-27 → 2026-04-27) 36839 bytes
2026-04-23 10:06:36,449 [INFO] [OK] Argentina/GFS_ENSEMBLE_Corn_Winter/daily dia 08 (2026-05-01 → 2026-05-01) 41552 bytes
2026-04-23 10:06:36,516 [INFO] [OK] Argentina/GFS_ENSEMBLE_Corn_Winter/daily dia 09 (2026-05-02 → 2026-05-02) 43712 bytes
2026-04-23 10:06:36,639 [INFO] [OK] Argentina/GFS_ENSEMBLE_Corn_Winter/daily dia 07 (2026-04-30 → 2026-04-30) 39477 bytes
2026-04-23 10:06:36,770 [INFO] [OK] Argentina/GFS_ENSEMBLE_Corn_Winter/daily dia 05 (2026-04-28 → 2026-04-28) 39776 bytes
2026-04-23 10:06:36,920 [INFO] [OK] Argentina/GFS_ENSEMBLE_Corn_Winter/daily dia 06 (2026-04-29 → 2026-04-29) 38063 bytes
2026-04-23 10:06:37,089 [INFO] [OK] Argentina/GFS_ENSEMBLE_Corn_Winter/daily dia 10 (2026-05-03 → 2026-05-03) 42796 bytes
2026-04-23 10:06:37,623 [INFO] [OK] Argentina/GFS_ENSEMBLE_Corn_Winter/daily dia 13 (2026-05-06 → 2026-05-06) 41614 bytes
2026-04-23 10:06:38,151 [INFO] [OK] Argentina/GFS_ENSEMBLE_Corn_Winter/daily dia 11 (2026-05-04 → 2026-05-04) 41362 bytes
2026-04-23 10:06:38,154 [INFO] [OK] Argentina/GFS_ENSEMBLE_Corn_Winter/daily dia 12 (2026-05-05 → 2026-05-05) 42220 bytes
2026-04-23 10:06:38,156 [INFO] [OK] Argentina/GFS_ENSEMBLE_Corn_Winter/daily dia 14 (2026-05-07 → 2026-05-07) 41596 bytes
2026-04-23 10:06:38,159 [INFO] [OK] Argentina/GFS_ENSEMBLE_Corn_Winter/cumulative dia 00 (2026-04-23 → 2026-04-23) 33613 bytes
2026-04-23 10:06:38,172 [INFO] [OK] Argentina/GFS_ENSEMBLE_Corn_Winter/cumulative dia 01 (2026-04-23 → 2026-04-24) 35078 bytes
2026-04-23 10:06:38,637 [INFO] [OK] Argentina/GFS_ENSEMBLE_Corn_Winter/cumulative dia 02 (2026-04-23 → 2026-04-25) 36752 bytes
2026-04-23 10:06:39,292 [INFO] [OK] Argentina/GFS_ENSEMBLE_Corn_Winter/cumulative dia 03 (2026-04-23 → 2026-04-26) 37267 bytes
2026-04-23 10:06:39,326 [INFO] [OK] Argentina/GFS_ENSEMBLE_Corn_Winter/cumulative dia 05 (2026-04-23 → 2026-04-28) 40067 bytes
2026-04-23 10:06:39,678 [INFO] [OK] Argentina/GFS_ENSEMBLE_Corn_Winter/cumulative dia 04 (2026-04-23 → 2026-04-27) 38504 bytes
2026-04-23 10:06:39,883 [INFO] [OK] Argentina/GFS_ENSEMBLE_Corn_Winter/cumulative dia 07 (2026-04-23 → 2026-04-30) 40059 bytes
2026-04-23 10:06:39,885 [INFO] [OK] Argentina/GFS_ENSEMBLE_Corn_Winter/cumulative dia 06 (2026-04-23 → 2026-04-29) 40262 bytes
2026-04-23 10:06:39,886 [INFO] [OK] Argentina/GFS_ENSEMBLE_Corn_Winter/cumulative dia 08 (2026-04-23 → 2026-05-01) 40588 bytes
2026-04-23 10:06:40,817 [INFO] [OK] Argentina/GFS_ENSEMBLE_Corn_Winter/cumulative dia 09 (2026-04-23 → 2026-05-02) 40947 bytes
2026-04-23 10:06:40,862 [INFO] [OK] Argentina/GFS_ENSEMBLE_Corn_Winter/cumulative dia 10 (2026-04-23 → 2026-05-03) 41252 bytes
2026-04-23 10:06:41,322 [INFO] [OK] Argentina/GFS_ENSEMBLE_Corn_Winter/cumulative dia 11 (2026-04-23 → 2026-05-04) 41576 bytes
2026-04-23 10:06:41,590 [INFO] [OK] Argentina/GFS_ENSEMBLE_Corn_Winter/cumulative dia 14 (2026-04-23 → 2026-05-07) 41481 bytes
2026-04-23 10:06:41,750 [INFO] [OK] Argentina/GFS_ENSEMBLE_Corn_Winter/cumulative dia 12 (2026-04-23 → 2026-05-05) 41657 bytes
2026-04-23 10:06:41,817 [INFO] [OK] Argentina/ECM_ENSEMBLE_Soy/daily dia 00 (2026-04-23 → 2026-04-23) 37446 bytes
2026-04-23 10:06:41,828 [INFO] [OK] Argentina/GFS_ENSEMBLE_Corn_Winter/cumulative dia 13 (2026-04-23 → 2026-05-06) 41638 bytes
2026-04-23 10:06:41,899 [INFO] [OK] Argentina/ECM_ENSEMBLE_Soy/daily dia 01 (2026-04-24 → 2026-04-24) 37637 bytes
2026-04-23 10:06:42,274 [INFO] [OK] Argentina/ECM_ENSEMBLE_Soy/daily dia 02 (2026-04-25 → 2026-04-25) 41365 bytes
2026-04-23 10:06:42,775 [INFO] [OK] Argentina/ECM_ENSEMBLE_Soy/daily dia 05 (2026-04-28 → 2026-04-28) 39945 bytes
2026-04-23 10:06:42,828 [INFO] [OK] Argentina/ECM_ENSEMBLE_Soy/daily dia 03 (2026-04-26 → 2026-04-26) 40706 bytes
2026-04-23 10:06:43,205 [INFO] [OK] Argentina/ECM_ENSEMBLE_Soy/daily dia 07 (2026-04-30 → 2026-04-30) 41069 bytes
2026-04-23 10:06:43,236 [INFO] [OK] Argentina/ECM_ENSEMBLE_Soy/daily dia 04 (2026-04-27 → 2026-04-27) 39618 bytes
2026-04-23 10:06:43,237 [INFO] [OK] Argentina/ECM_ENSEMBLE_Soy/daily dia 08 (2026-05-01 → 2026-05-01) 40155 bytes
2026-04-23 10:06:43,311 [INFO] [OK] Argentina/ECM_ENSEMBLE_Soy/daily dia 06 (2026-04-29 → 2026-04-29) 42024 bytes
2026-04-23 10:06:44,017 [INFO] [OK] Argentina/ECM_ENSEMBLE_Soy/daily dia 09 (2026-05-02 → 2026-05-02) 41001 bytes
2026-04-23 10:06:44,042 [INFO] [OK] Argentina/ECM_ENSEMBLE_Soy/daily dia 10 (2026-05-03 → 2026-05-03) 41737 bytes
2026-04-23 10:06:44,416 [INFO] [OK] Argentina/ECM_ENSEMBLE_Soy/daily dia 11 (2026-05-04 → 2026-05-04) 42855 bytes
2026-04-23 10:06:44,572 [INFO] [OK] Argentina/ECM_ENSEMBLE_Soy/daily dia 12 (2026-05-05 → 2026-05-05) 42881 bytes
2026-04-23 10:06:44,583 [INFO] [OK] Argentina/ECM_ENSEMBLE_Soy/daily dia 13 (2026-05-06 → 2026-05-06) 43558 bytes
2026-04-23 10:06:44,799 [INFO] [OK] Argentina/ECM_ENSEMBLE_Soy/daily dia 14 (2026-05-07 → 2026-05-07) 42258 bytes
2026-04-23 10:06:45,131 [INFO] [OK] Argentina/ECM_ENSEMBLE_Soy/cumulative dia 01 (2026-04-23 → 2026-04-24) 37850 bytes
2026-04-23 10:06:45,132 [INFO] [OK] Argentina/ECM_ENSEMBLE_Soy/cumulative dia 00 (2026-04-23 → 2026-04-23) 37446 bytes
2026-04-23 10:06:45,679 [INFO] [OK] Argentina/ECM_ENSEMBLE_Soy/cumulative dia 02 (2026-04-23 → 2026-04-25) 40104 bytes
2026-04-23 10:06:45,681 [INFO] [OK] Argentina/ECM_ENSEMBLE_Soy/cumulative dia 03 (2026-04-23 → 2026-04-26) 41397 bytes
2026-04-23 10:06:45,689 [INFO] [OK] Argentina/ECM_ENSEMBLE_Soy/cumulative dia 04 (2026-04-23 → 2026-04-27) 42118 bytes
2026-04-23 10:06:45,987 [INFO] [OK] Argentina/ECM_ENSEMBLE_Soy/cumulative dia 05 (2026-04-23 → 2026-04-28) 43243 bytes
2026-04-23 10:06:46,431 [INFO] [OK] Argentina/ECM_ENSEMBLE_Soy/cumulative dia 06 (2026-04-23 → 2026-04-29) 43054 bytes
2026-04-23 10:06:46,457 [INFO] [OK] Argentina/ECM_ENSEMBLE_Soy/cumulative dia 07 (2026-04-23 → 2026-04-30) 43180 bytes
2026-04-23 10:06:47,239 [INFO] [OK] Argentina/ECM_ENSEMBLE_Soy/cumulative dia 09 (2026-04-23 → 2026-05-02) 42261 bytes
2026-04-23 10:06:47,255 [INFO] [OK] Argentina/ECM_ENSEMBLE_Soy/cumulative dia 08 (2026-04-23 → 2026-05-01) 42748 bytes
2026-04-23 10:06:47,496 [INFO] [OK] Argentina/ECM_ENSEMBLE_Soy/cumulative dia 10 (2026-04-23 → 2026-05-03) 42597 bytes
2026-04-23 10:06:47,758 [INFO] [OK] Argentina/ECM_ENSEMBLE_Soy/cumulative dia 11 (2026-04-23 → 2026-05-04) 42770 bytes
2026-04-23 10:06:48,408 [INFO] [OK] Argentina/ECM_ENSEMBLE_Soy/cumulative dia 12 (2026-04-23 → 2026-05-05) 42823 bytes
2026-04-23 10:06:48,586 [INFO] [OK] Argentina/ECM_ENSEMBLE_Soy/cumulative dia 13 (2026-04-23 → 2026-05-06) 42791 bytes
2026-04-23 10:06:48,588 [INFO] [OK] Argentina/ECM_ENSEMBLE_Corn_Winter/daily dia 00 (2026-04-23 → 2026-04-23) 35698 bytes
2026-04-23 10:06:48,589 [INFO] [OK] Argentina/ECM_ENSEMBLE_Corn_Winter/daily dia 01 (2026-04-24 → 2026-04-24) 35714 bytes
2026-04-23 10:06:48,837 [INFO] [OK] Argentina/ECM_ENSEMBLE_Corn_Winter/daily dia 02 (2026-04-25 → 2026-04-25) 39494 bytes
2026-04-23 10:06:48,837 [INFO] [OK] Argentina/ECM_ENSEMBLE_Soy/cumulative dia 14 (2026-04-23 → 2026-05-07) 42852 bytes
2026-04-23 10:06:49,446 [INFO] [OK] Argentina/ECM_ENSEMBLE_Corn_Winter/daily dia 03 (2026-04-26 → 2026-04-26) 39007 bytes
2026-04-23 10:06:49,620 [INFO] [OK] Argentina/ECM_ENSEMBLE_Corn_Winter/daily dia 04 (2026-04-27 → 2026-04-27) 37916 bytes
2026-04-23 10:06:49,890 [INFO] [OK] Argentina/ECM_ENSEMBLE_Corn_Winter/daily dia 08 (2026-05-01 → 2026-05-01) 38521 bytes
2026-04-23 10:06:49,898 [INFO] [OK] Argentina/ECM_ENSEMBLE_Corn_Winter/daily dia 06 (2026-04-29 → 2026-04-29) 40828 bytes
2026-04-23 10:06:49,899 [INFO] [OK] Argentina/ECM_ENSEMBLE_Corn_Winter/daily dia 05 (2026-04-28 → 2026-04-28) 38458 bytes
2026-04-23 10:06:49,901 [INFO] [OK] Argentina/ECM_ENSEMBLE_Corn_Winter/daily dia 07 (2026-04-30 → 2026-04-30) 39500 bytes
2026-04-23 10:06:50,420 [INFO] [OK] Argentina/ECM_ENSEMBLE_Corn_Winter/daily dia 09 (2026-05-02 → 2026-05-02) 39408 bytes
2026-04-23 10:06:50,599 [INFO] [OK] Argentina/ECM_ENSEMBLE_Corn_Winter/daily dia 10 (2026-05-03 → 2026-05-03) 40116 bytes
2026-04-23 10:06:50,877 [INFO] [OK] Argentina/ECM_ENSEMBLE_Corn_Winter/daily dia 12 (2026-05-05 → 2026-05-05) 41070 bytes
2026-04-23 10:06:51,325 [INFO] [OK] Argentina/ECM_ENSEMBLE_Corn_Winter/daily dia 13 (2026-05-06 → 2026-05-06) 42065 bytes
2026-04-23 10:06:51,338 [INFO] [OK] Argentina/ECM_ENSEMBLE_Corn_Winter/daily dia 14 (2026-05-07 → 2026-05-07) 40521 bytes
2026-04-23 10:06:51,433 [INFO] [OK] Argentina/ECM_ENSEMBLE_Corn_Winter/daily dia 11 (2026-05-04 → 2026-05-04) 41216 bytes
2026-04-23 10:06:51,538 [INFO] [OK] Argentina/ECM_ENSEMBLE_Corn_Winter/cumulative dia 00 (2026-04-23 → 2026-04-23) 35698 bytes
2026-04-23 10:06:51,597 [INFO] [OK] Argentina/ECM_ENSEMBLE_Corn_Winter/cumulative dia 01 (2026-04-23 → 2026-04-24) 36199 bytes
2026-04-23 10:06:51,893 [INFO] [OK] Argentina/ECM_ENSEMBLE_Corn_Winter/cumulative dia 02 (2026-04-23 → 2026-04-25) 38418 bytes
2026-04-23 10:06:52,719 [INFO] [OK] Argentina/ECM_ENSEMBLE_Corn_Winter/cumulative dia 03 (2026-04-23 → 2026-04-26) 39836 bytes
2026-04-23 10:06:52,754 [INFO] [OK] Argentina/ECM_ENSEMBLE_Corn_Winter/cumulative dia 05 (2026-04-23 → 2026-04-28) 41783 bytes
2026-04-23 10:06:52,855 [INFO] [OK] Argentina/ECM_ENSEMBLE_Corn_Winter/cumulative dia 04 (2026-04-23 → 2026-04-27) 40567 bytes
2026-04-23 10:06:52,911 [INFO] [OK] Argentina/ECM_ENSEMBLE_Corn_Winter/cumulative dia 07 (2026-04-23 → 2026-04-30) 41694 bytes
2026-04-23 10:06:52,955 [INFO] [OK] Argentina/ECM_ENSEMBLE_Corn_Winter/cumulative dia 06 (2026-04-23 → 2026-04-29) 41459 bytes
2026-04-23 10:06:53,244 [INFO] [OK] Argentina/ECM_ENSEMBLE_Corn_Winter/cumulative dia 08 (2026-04-23 → 2026-05-01) 41336 bytes
2026-04-23 10:06:54,551 [INFO] [OK] Argentina/ECM_ENSEMBLE_Corn_Winter/cumulative dia 10 (2026-04-23 → 2026-05-03) 41017 bytes
2026-04-23 10:06:54,555 [INFO] [OK] Argentina/ECM_ENSEMBLE_Corn_Winter/cumulative dia 09 (2026-04-23 → 2026-05-02) 40763 bytes
2026-04-23 10:06:54,556 [INFO] [OK] Argentina/ECM_ENSEMBLE_Corn_Winter/cumulative dia 12 (2026-04-23 → 2026-05-05) 41227 bytes
2026-04-23 10:06:54,570 [INFO] [OK] Argentina/ECM_ENSEMBLE_Corn_Winter/cumulative dia 13 (2026-04-23 → 2026-05-06) 41244 bytes
2026-04-23 10:06:54,674 [INFO] [OK] Argentina/ECM_ENSEMBLE_Corn_Winter/cumulative dia 11 (2026-04-23 → 2026-05-04) 41210 bytes
2026-04-23 10:06:54,844 [INFO] [OK] Argentina/ECM_ENSEMBLE_Corn_Winter/cumulative dia 14 (2026-04-23 → 2026-05-07) 41336 bytes
2026-04-23 10:06:54,846 [INFO] Resumo: 240/240 sucessos, 0 erros
2026-04-23 10:06:54,865 [INFO] Manifest: C:\Users\server\OneDrive - CGB Enterprises, Inc\ZGC-PBI Research - Documents\Dataset Data Files\Weather_maps\manifest.json
2026-04-23 10:06:54,865 [INFO] [GIT] Iniciando sincronização com GitHub...
2026-04-23 10:07:10,426 [INFO] [GIT] Sucesso ✓
2026-04-23 10:07:10,426 [INFO] ✓ Sincronizado com GitHub — Power BI atualiza no próximo refresh
