2026-05-02 09:33:19,031 [INFO] === Execução 2026-05-02 | modo=both | dias=15 | parâmetro=PRCP_DEP ===
2026-05-02 09:33:19,079 [INFO] Baixando 240 mapas com 6 threads...
2026-05-02 09:33:21,420 [INFO] [OK] Brazil/GFS_ENSEMBLE_Soy/daily dia 05 (2026-05-07 → 2026-05-07) 49079 bytes
2026-05-02 09:33:21,477 [INFO] [OK] Brazil/GFS_ENSEMBLE_Soy/daily dia 03 (2026-05-05 → 2026-05-05) 44630 bytes
2026-05-02 09:33:21,486 [INFO] [OK] Brazil/GFS_ENSEMBLE_Soy/daily dia 04 (2026-05-06 → 2026-05-06) 46155 bytes
2026-05-02 09:33:21,554 [INFO] [OK] Brazil/GFS_ENSEMBLE_Soy/daily dia 00 (2026-05-02 → 2026-05-02) 43905 bytes
2026-05-02 09:33:21,633 [INFO] [OK] Brazil/GFS_ENSEMBLE_Soy/daily dia 02 (2026-05-04 → 2026-05-04) 43457 bytes
2026-05-02 09:33:21,779 [INFO] [OK] Brazil/GFS_ENSEMBLE_Soy/daily dia 01 (2026-05-03 → 2026-05-03) 42790 bytes
2026-05-02 09:33:22,962 [INFO] [OK] Brazil/GFS_ENSEMBLE_Soy/daily dia 09 (2026-05-11 → 2026-05-11) 44818 bytes
2026-05-02 09:33:23,024 [INFO] [OK] Brazil/GFS_ENSEMBLE_Soy/daily dia 10 (2026-05-12 → 2026-05-12) 43879 bytes
2026-05-02 09:33:23,028 [INFO] [OK] Brazil/GFS_ENSEMBLE_Soy/daily dia 07 (2026-05-09 → 2026-05-09) 51574 bytes
2026-05-02 09:33:23,122 [INFO] [OK] Brazil/GFS_ENSEMBLE_Soy/daily dia 06 (2026-05-08 → 2026-05-08) 51115 bytes
2026-05-02 09:33:23,143 [INFO] [OK] Brazil/GFS_ENSEMBLE_Soy/daily dia 08 (2026-05-10 → 2026-05-10) 50110 bytes
2026-05-02 09:33:23,157 [INFO] [OK] Brazil/GFS_ENSEMBLE_Soy/daily dia 11 (2026-05-13 → 2026-05-13) 48538 bytes
2026-05-02 09:33:24,507 [INFO] [OK] Brazil/GFS_ENSEMBLE_Soy/daily dia 13 (2026-05-15 → 2026-05-15) 53463 bytes
2026-05-02 09:33:24,646 [INFO] [OK] Brazil/GFS_ENSEMBLE_Soy/cumulative dia 00 (2026-05-02 → 2026-05-02) 43905 bytes
2026-05-02 09:33:24,647 [INFO] [OK] Brazil/GFS_ENSEMBLE_Soy/daily dia 12 (2026-05-14 → 2026-05-14) 51511 bytes
2026-05-02 09:33:24,648 [INFO] [OK] Brazil/GFS_ENSEMBLE_Soy/daily dia 14 (2026-05-16 → 2026-05-16) 54812 bytes
2026-05-02 09:33:24,732 [INFO] [OK] Brazil/GFS_ENSEMBLE_Soy/cumulative dia 02 (2026-05-02 → 2026-05-04) 45850 bytes
2026-05-02 09:33:24,746 [INFO] [OK] Brazil/GFS_ENSEMBLE_Soy/cumulative dia 01 (2026-05-02 → 2026-05-03) 45624 bytes
2026-05-02 09:33:26,325 [INFO] [OK] Brazil/GFS_ENSEMBLE_Soy/cumulative dia 03 (2026-05-02 → 2026-05-05) 46701 bytes
2026-05-02 09:33:26,570 [INFO] [OK] Brazil/GFS_ENSEMBLE_Soy/cumulative dia 04 (2026-05-02 → 2026-05-06) 48336 bytes
2026-05-02 09:33:26,775 [INFO] [OK] Brazil/GFS_ENSEMBLE_Soy/cumulative dia 06 (2026-05-02 → 2026-05-08) 51057 bytes
2026-05-02 09:33:26,880 [INFO] [OK] Brazil/GFS_ENSEMBLE_Soy/cumulative dia 05 (2026-05-02 → 2026-05-07) 49509 bytes
2026-05-02 09:33:26,930 [INFO] [OK] Brazil/GFS_ENSEMBLE_Soy/cumulative dia 08 (2026-05-02 → 2026-05-10) 52475 bytes
2026-05-02 09:33:26,937 [INFO] [OK] Brazil/GFS_ENSEMBLE_Soy/cumulative dia 07 (2026-05-02 → 2026-05-09) 52289 bytes
2026-05-02 09:33:28,640 [INFO] [OK] Brazil/GFS_ENSEMBLE_Soy/cumulative dia 09 (2026-05-02 → 2026-05-11) 52879 bytes
2026-05-02 09:33:29,232 [INFO] [OK] Brazil/GFS_ENSEMBLE_Soy/cumulative dia 10 (2026-05-02 → 2026-05-12) 52748 bytes
2026-05-02 09:33:29,369 [INFO] [OK] Brazil/GFS_ENSEMBLE_Soy/cumulative dia 11 (2026-05-02 → 2026-05-13) 52663 bytes
2026-05-02 09:33:29,460 [INFO] [OK] Brazil/GFS_ENSEMBLE_Soy/cumulative dia 12 (2026-05-02 → 2026-05-14) 52388 bytes
2026-05-02 09:33:29,698 [INFO] [OK] Brazil/GFS_ENSEMBLE_Soy/cumulative dia 13 (2026-05-02 → 2026-05-15) 52459 bytes
2026-05-02 09:33:29,789 [INFO] [OK] Brazil/GFS_ENSEMBLE_Soy/cumulative dia 14 (2026-05-02 → 2026-05-16) 52299 bytes
2026-05-02 09:33:30,072 [INFO] [OK] Brazil/GFS_ENSEMBLE_Corn_Winter/daily dia 00 (2026-05-02 → 2026-05-02) 42420 bytes
2026-05-02 09:33:30,663 [INFO] [OK] Brazil/GFS_ENSEMBLE_Corn_Winter/daily dia 01 (2026-05-03 → 2026-05-03) 41044 bytes
2026-05-02 09:33:30,827 [INFO] [OK] Brazil/GFS_ENSEMBLE_Corn_Winter/daily dia 02 (2026-05-04 → 2026-05-04) 41985 bytes
2026-05-02 09:33:31,009 [INFO] [OK] Brazil/GFS_ENSEMBLE_Corn_Winter/daily dia 03 (2026-05-05 → 2026-05-05) 43255 bytes
2026-05-02 09:33:31,138 [INFO] [OK] Brazil/GFS_ENSEMBLE_Corn_Winter/daily dia 04 (2026-05-06 → 2026-05-06) 44710 bytes
2026-05-02 09:33:31,231 [INFO] [OK] Brazil/GFS_ENSEMBLE_Corn_Winter/daily dia 05 (2026-05-07 → 2026-05-07) 47693 bytes
2026-05-02 09:33:31,455 [INFO] [OK] Brazil/GFS_ENSEMBLE_Corn_Winter/daily dia 06 (2026-05-08 → 2026-05-08) 49881 bytes
2026-05-02 09:33:32,645 [INFO] [OK] Brazil/GFS_ENSEMBLE_Corn_Winter/daily dia 07 (2026-05-09 → 2026-05-09) 49913 bytes
2026-05-02 09:33:32,650 [INFO] [OK] Brazil/GFS_ENSEMBLE_Corn_Winter/daily dia 09 (2026-05-11 → 2026-05-11) 43273 bytes
2026-05-02 09:33:32,650 [INFO] [OK] Brazil/GFS_ENSEMBLE_Corn_Winter/daily dia 08 (2026-05-10 → 2026-05-10) 48513 bytes
2026-05-02 09:33:32,670 [INFO] [OK] Brazil/GFS_ENSEMBLE_Corn_Winter/daily dia 10 (2026-05-12 → 2026-05-12) 42284 bytes
2026-05-02 09:33:32,670 [INFO] [OK] Brazil/GFS_ENSEMBLE_Corn_Winter/daily dia 11 (2026-05-13 → 2026-05-13) 47064 bytes
2026-05-02 09:33:32,843 [INFO] [OK] Brazil/GFS_ENSEMBLE_Corn_Winter/daily dia 12 (2026-05-14 → 2026-05-14) 49917 bytes
2026-05-02 09:33:34,113 [INFO] [OK] Brazil/GFS_ENSEMBLE_Corn_Winter/cumulative dia 00 (2026-05-02 → 2026-05-02) 42420 bytes
2026-05-02 09:33:34,117 [INFO] [OK] Brazil/GFS_ENSEMBLE_Corn_Winter/cumulative dia 01 (2026-05-02 → 2026-05-03) 44129 bytes
2026-05-02 09:33:34,164 [INFO] [OK] Brazil/GFS_ENSEMBLE_Corn_Winter/daily dia 13 (2026-05-15 → 2026-05-15) 51859 bytes
2026-05-02 09:33:34,544 [INFO] [OK] Brazil/GFS_ENSEMBLE_Corn_Winter/cumulative dia 02 (2026-05-02 → 2026-05-04) 44338 bytes
2026-05-02 09:33:34,661 [INFO] [OK] Brazil/GFS_ENSEMBLE_Corn_Winter/daily dia 14 (2026-05-16 → 2026-05-16) 53132 bytes
2026-05-02 09:33:34,691 [INFO] [OK] Brazil/GFS_ENSEMBLE_Corn_Winter/cumulative dia 03 (2026-05-02 → 2026-05-05) 45228 bytes
2026-05-02 09:33:36,023 [INFO] [OK] Brazil/GFS_ENSEMBLE_Corn_Winter/cumulative dia 04 (2026-05-02 → 2026-05-06) 46821 bytes
2026-05-02 09:33:36,189 [INFO] [OK] Brazil/GFS_ENSEMBLE_Corn_Winter/cumulative dia 05 (2026-05-02 → 2026-05-07) 47952 bytes
2026-05-02 09:33:36,501 [INFO] [OK] Brazil/GFS_ENSEMBLE_Corn_Winter/cumulative dia 06 (2026-05-02 → 2026-05-08) 49637 bytes
2026-05-02 09:33:37,327 [INFO] [OK] Brazil/GFS_ENSEMBLE_Corn_Winter/cumulative dia 07 (2026-05-02 → 2026-05-09) 50934 bytes
2026-05-02 09:33:37,378 [INFO] [OK] Brazil/GFS_ENSEMBLE_Corn_Winter/cumulative dia 08 (2026-05-02 → 2026-05-10) 51107 bytes
2026-05-02 09:33:37,471 [INFO] [OK] Brazil/GFS_ENSEMBLE_Corn_Winter/cumulative dia 09 (2026-05-02 → 2026-05-11) 51706 bytes
2026-05-02 09:33:38,213 [INFO] [OK] Brazil/GFS_ENSEMBLE_Corn_Winter/cumulative dia 10 (2026-05-02 → 2026-05-12) 51360 bytes
2026-05-02 09:33:38,778 [INFO] [OK] Brazil/GFS_ENSEMBLE_Corn_Winter/cumulative dia 11 (2026-05-02 → 2026-05-13) 51224 bytes
2026-05-02 09:33:39,060 [INFO] [OK] Brazil/GFS_ENSEMBLE_Corn_Winter/cumulative dia 12 (2026-05-02 → 2026-05-14) 50838 bytes
2026-05-02 09:33:39,092 [INFO] [OK] Brazil/ECM_ENSEMBLE_Soy/daily dia 00 (2026-05-02 → 2026-05-02) 45441 bytes
2026-05-02 09:33:39,665 [INFO] [OK] Brazil/GFS_ENSEMBLE_Corn_Winter/cumulative dia 13 (2026-05-02 → 2026-05-15) 50986 bytes
2026-05-02 09:33:39,703 [INFO] [OK] Brazil/ECM_ENSEMBLE_Soy/daily dia 01 (2026-05-03 → 2026-05-03) 44367 bytes
2026-05-02 09:33:39,956 [INFO] [OK] Brazil/GFS_ENSEMBLE_Corn_Winter/cumulative dia 14 (2026-05-02 → 2026-05-16) 50942 bytes
2026-05-02 09:33:40,160 [INFO] [OK] Brazil/ECM_ENSEMBLE_Soy/daily dia 02 (2026-05-04 → 2026-05-04) 44120 bytes
2026-05-02 09:33:40,382 [INFO] [OK] Brazil/ECM_ENSEMBLE_Soy/daily dia 03 (2026-05-05 → 2026-05-05) 45620 bytes
2026-05-02 09:33:40,479 [INFO] [OK] Brazil/ECM_ENSEMBLE_Soy/daily dia 04 (2026-05-06 → 2026-05-06) 48008 bytes
2026-05-02 09:33:40,987 [INFO] [OK] Brazil/ECM_ENSEMBLE_Soy/daily dia 05 (2026-05-07 → 2026-05-07) 49030 bytes
2026-05-02 09:33:41,049 [INFO] [OK] Brazil/ECM_ENSEMBLE_Soy/daily dia 06 (2026-05-08 → 2026-05-08) 49383 bytes
2026-05-02 09:33:41,461 [INFO] [OK] Brazil/ECM_ENSEMBLE_Soy/daily dia 07 (2026-05-09 → 2026-05-09) 52852 bytes
2026-05-02 09:33:41,529 [INFO] [OK] Brazil/ECM_ENSEMBLE_Soy/daily dia 08 (2026-05-10 → 2026-05-10) 50005 bytes
2026-05-02 09:33:41,818 [INFO] [OK] Brazil/ECM_ENSEMBLE_Soy/daily dia 10 (2026-05-12 → 2026-05-12) 47196 bytes
2026-05-02 09:33:42,344 [INFO] [OK] Brazil/ECM_ENSEMBLE_Soy/daily dia 11 (2026-05-13 → 2026-05-13) 49949 bytes
2026-05-02 09:33:42,370 [INFO] [OK] Brazil/ECM_ENSEMBLE_Soy/daily dia 09 (2026-05-11 → 2026-05-11) 48076 bytes
2026-05-02 09:33:42,399 [INFO] [OK] Brazil/ECM_ENSEMBLE_Soy/daily dia 12 (2026-05-14 → 2026-05-14) 53219 bytes
2026-05-02 09:33:42,892 [INFO] [OK] Brazil/ECM_ENSEMBLE_Soy/daily dia 13 (2026-05-15 → 2026-05-15) 55354 bytes
2026-05-02 09:33:42,920 [INFO] [OK] Brazil/ECM_ENSEMBLE_Soy/daily dia 14 (2026-05-16 → 2026-05-16) 54344 bytes
2026-05-02 09:33:43,128 [INFO] [OK] Brazil/ECM_ENSEMBLE_Soy/cumulative dia 00 (2026-05-02 → 2026-05-02) 45441 bytes
2026-05-02 09:33:43,758 [INFO] [OK] Brazil/ECM_ENSEMBLE_Soy/cumulative dia 01 (2026-05-02 → 2026-05-03) 46956 bytes
2026-05-02 09:33:43,924 [INFO] [OK] Brazil/ECM_ENSEMBLE_Soy/cumulative dia 02 (2026-05-02 → 2026-05-04) 47175 bytes
2026-05-02 09:33:43,956 [INFO] [OK] Brazil/ECM_ENSEMBLE_Soy/cumulative dia 03 (2026-05-02 → 2026-05-05) 48721 bytes
2026-05-02 09:33:44,542 [INFO] [OK] Brazil/ECM_ENSEMBLE_Soy/cumulative dia 04 (2026-05-02 → 2026-05-06) 50179 bytes
2026-05-02 09:33:44,606 [INFO] [OK] Brazil/ECM_ENSEMBLE_Soy/cumulative dia 05 (2026-05-02 → 2026-05-07) 50598 bytes
2026-05-02 09:33:44,916 [INFO] [OK] Brazil/ECM_ENSEMBLE_Soy/cumulative dia 06 (2026-05-02 → 2026-05-08) 51259 bytes
2026-05-02 09:33:45,608 [INFO] [OK] Brazil/ECM_ENSEMBLE_Soy/cumulative dia 07 (2026-05-02 → 2026-05-09) 51718 bytes
2026-05-02 09:33:45,903 [INFO] [OK] Brazil/ECM_ENSEMBLE_Soy/cumulative dia 08 (2026-05-02 → 2026-05-10) 51517 bytes
2026-05-02 09:33:46,083 [INFO] [OK] Brazil/ECM_ENSEMBLE_Soy/cumulative dia 09 (2026-05-02 → 2026-05-11) 51932 bytes
2026-05-02 09:33:46,677 [INFO] [OK] Brazil/ECM_ENSEMBLE_Soy/cumulative dia 10 (2026-05-02 → 2026-05-12) 51747 bytes
2026-05-02 09:33:46,789 [INFO] [OK] Brazil/ECM_ENSEMBLE_Soy/cumulative dia 11 (2026-05-02 → 2026-05-13) 51892 bytes
2026-05-02 09:33:47,372 [INFO] [OK] Brazil/ECM_ENSEMBLE_Soy/cumulative dia 12 (2026-05-02 → 2026-05-14) 52236 bytes
2026-05-02 09:33:47,455 [INFO] [OK] Brazil/ECM_ENSEMBLE_Corn_Winter/daily dia 00 (2026-05-02 → 2026-05-02) 43888 bytes
2026-05-02 09:33:48,064 [INFO] [OK] Brazil/ECM_ENSEMBLE_Soy/cumulative dia 13 (2026-05-02 → 2026-05-15) 52396 bytes
2026-05-02 09:33:48,217 [INFO] [OK] Brazil/ECM_ENSEMBLE_Corn_Winter/daily dia 01 (2026-05-03 → 2026-05-03) 42748 bytes
2026-05-02 09:33:48,221 [INFO] [OK] Brazil/ECM_ENSEMBLE_Corn_Winter/daily dia 02 (2026-05-04 → 2026-05-04) 42543 bytes
2026-05-02 09:33:48,434 [INFO] [OK] Brazil/ECM_ENSEMBLE_Soy/cumulative dia 14 (2026-05-02 → 2026-05-16) 52701 bytes
2026-05-02 09:33:48,810 [INFO] [OK] Brazil/ECM_ENSEMBLE_Corn_Winter/daily dia 03 (2026-05-05 → 2026-05-05) 44397 bytes
2026-05-02 09:33:48,940 [INFO] [OK] Brazil/ECM_ENSEMBLE_Corn_Winter/daily dia 04 (2026-05-06 → 2026-05-06) 46532 bytes
2026-05-02 09:33:49,611 [INFO] [OK] Brazil/ECM_ENSEMBLE_Corn_Winter/daily dia 07 (2026-05-09 → 2026-05-09) 51767 bytes
2026-05-02 09:33:49,682 [INFO] [OK] Brazil/ECM_ENSEMBLE_Corn_Winter/daily dia 05 (2026-05-07 → 2026-05-07) 47482 bytes
2026-05-02 09:33:49,745 [INFO] [OK] Brazil/ECM_ENSEMBLE_Corn_Winter/daily dia 06 (2026-05-08 → 2026-05-08) 48356 bytes
2026-05-02 09:33:50,033 [INFO] [OK] Brazil/ECM_ENSEMBLE_Corn_Winter/daily dia 08 (2026-05-10 → 2026-05-10) 48682 bytes
2026-05-02 09:33:50,158 [INFO] [OK] Brazil/ECM_ENSEMBLE_Corn_Winter/daily dia 09 (2026-05-11 → 2026-05-11) 46124 bytes
2026-05-02 09:33:50,257 [INFO] [OK] Brazil/ECM_ENSEMBLE_Corn_Winter/daily dia 10 (2026-05-12 → 2026-05-12) 45638 bytes
2026-05-02 09:33:50,942 [INFO] [OK] Brazil/ECM_ENSEMBLE_Corn_Winter/daily dia 11 (2026-05-13 → 2026-05-13) 48558 bytes
2026-05-02 09:33:50,985 [INFO] [OK] Brazil/ECM_ENSEMBLE_Corn_Winter/daily dia 12 (2026-05-14 → 2026-05-14) 51714 bytes
2026-05-02 09:33:51,100 [INFO] [OK] Brazil/ECM_ENSEMBLE_Corn_Winter/daily dia 13 (2026-05-15 → 2026-05-15) 54023 bytes
2026-05-02 09:33:51,432 [INFO] [OK] Brazil/ECM_ENSEMBLE_Corn_Winter/daily dia 14 (2026-05-16 → 2026-05-16) 52953 bytes
2026-05-02 09:33:51,498 [INFO] [OK] Brazil/ECM_ENSEMBLE_Corn_Winter/cumulative dia 00 (2026-05-02 → 2026-05-02) 43888 bytes
2026-05-02 09:33:51,743 [INFO] [OK] Brazil/ECM_ENSEMBLE_Corn_Winter/cumulative dia 01 (2026-05-02 → 2026-05-03) 45572 bytes
2026-05-02 09:33:52,430 [INFO] [OK] Brazil/ECM_ENSEMBLE_Corn_Winter/cumulative dia 02 (2026-05-02 → 2026-05-04) 45890 bytes
2026-05-02 09:33:52,763 [INFO] [OK] Brazil/ECM_ENSEMBLE_Corn_Winter/cumulative dia 03 (2026-05-02 → 2026-05-05) 47499 bytes
2026-05-02 09:33:53,082 [INFO] [OK] Brazil/ECM_ENSEMBLE_Corn_Winter/cumulative dia 04 (2026-05-02 → 2026-05-06) 48822 bytes
2026-05-02 09:33:53,192 [INFO] [OK] Brazil/ECM_ENSEMBLE_Corn_Winter/cumulative dia 05 (2026-05-02 → 2026-05-07) 49416 bytes
2026-05-02 09:33:53,385 [INFO] [OK] Brazil/ECM_ENSEMBLE_Corn_Winter/cumulative dia 06 (2026-05-02 → 2026-05-08) 49928 bytes
2026-05-02 09:33:53,708 [INFO] [OK] Brazil/ECM_ENSEMBLE_Corn_Winter/cumulative dia 07 (2026-05-02 → 2026-05-09) 50506 bytes
2026-05-02 09:33:54,405 [INFO] [OK] Brazil/ECM_ENSEMBLE_Corn_Winter/cumulative dia 08 (2026-05-02 → 2026-05-10) 50339 bytes
2026-05-02 09:33:54,855 [INFO] [OK] Brazil/ECM_ENSEMBLE_Corn_Winter/cumulative dia 09 (2026-05-02 → 2026-05-11) 50893 bytes
2026-05-02 09:33:55,421 [INFO] [OK] Brazil/ECM_ENSEMBLE_Corn_Winter/cumulative dia 10 (2026-05-02 → 2026-05-12) 50716 bytes
2026-05-02 09:33:55,569 [INFO] [OK] Brazil/ECM_ENSEMBLE_Corn_Winter/cumulative dia 11 (2026-05-02 → 2026-05-13) 50804 bytes
2026-05-02 09:33:55,838 [INFO] [OK] Argentina/GFS_ENSEMBLE_Soy/daily dia 00 (2026-05-02 → 2026-05-02) 33634 bytes
2026-05-02 09:33:55,895 [INFO] [OK] Brazil/ECM_ENSEMBLE_Corn_Winter/cumulative dia 12 (2026-05-02 → 2026-05-14) 51108 bytes
2026-05-02 09:33:56,117 [INFO] [OK] Brazil/ECM_ENSEMBLE_Corn_Winter/cumulative dia 13 (2026-05-02 → 2026-05-15) 51237 bytes
2026-05-02 09:33:56,407 [INFO] [OK] Argentina/GFS_ENSEMBLE_Soy/daily dia 01 (2026-05-03 → 2026-05-03) 33380 bytes
2026-05-02 09:33:56,583 [INFO] [OK] Argentina/GFS_ENSEMBLE_Soy/daily dia 02 (2026-05-04 → 2026-05-04) 33178 bytes
2026-05-02 09:33:56,807 [INFO] [OK] Argentina/GFS_ENSEMBLE_Soy/daily dia 03 (2026-05-05 → 2026-05-05) 34105 bytes
2026-05-02 09:33:56,855 [INFO] [OK] Brazil/ECM_ENSEMBLE_Corn_Winter/cumulative dia 14 (2026-05-02 → 2026-05-16) 51646 bytes
2026-05-02 09:33:56,890 [INFO] [OK] Argentina/GFS_ENSEMBLE_Soy/daily dia 04 (2026-05-06 → 2026-05-06) 36369 bytes
2026-05-02 09:33:57,147 [INFO] [OK] Argentina/GFS_ENSEMBLE_Soy/daily dia 05 (2026-05-07 → 2026-05-07) 38257 bytes
2026-05-02 09:33:57,412 [INFO] [OK] Argentina/GFS_ENSEMBLE_Soy/daily dia 06 (2026-05-08 → 2026-05-08) 41422 bytes
2026-05-02 09:33:57,686 [INFO] [OK] Argentina/GFS_ENSEMBLE_Soy/daily dia 07 (2026-05-09 → 2026-05-09) 41501 bytes
2026-05-02 09:33:57,932 [INFO] [OK] Argentina/GFS_ENSEMBLE_Soy/daily dia 09 (2026-05-11 → 2026-05-11) 34300 bytes
2026-05-02 09:33:57,979 [INFO] [OK] Argentina/GFS_ENSEMBLE_Soy/daily dia 08 (2026-05-10 → 2026-05-10) 37318 bytes
2026-05-02 09:33:58,065 [INFO] [OK] Argentina/GFS_ENSEMBLE_Soy/daily dia 10 (2026-05-12 → 2026-05-12) 33129 bytes
2026-05-02 09:33:58,166 [INFO] [OK] Argentina/GFS_ENSEMBLE_Soy/daily dia 11 (2026-05-13 → 2026-05-13) 36669 bytes
2026-05-02 09:33:58,476 [INFO] [OK] Argentina/GFS_ENSEMBLE_Soy/daily dia 12 (2026-05-14 → 2026-05-14) 40082 bytes
2026-05-02 09:33:58,691 [INFO] [OK] Argentina/GFS_ENSEMBLE_Soy/daily dia 13 (2026-05-15 → 2026-05-15) 41871 bytes
2026-05-02 09:33:58,944 [INFO] [OK] Argentina/GFS_ENSEMBLE_Soy/cumulative dia 00 (2026-05-02 → 2026-05-02) 33634 bytes
2026-05-02 09:33:58,971 [INFO] [OK] Argentina/GFS_ENSEMBLE_Soy/daily dia 14 (2026-05-16 → 2026-05-16) 43600 bytes
2026-05-02 09:33:59,075 [INFO] [OK] Argentina/GFS_ENSEMBLE_Soy/cumulative dia 01 (2026-05-02 → 2026-05-03) 36999 bytes
2026-05-02 09:33:59,225 [INFO] [OK] Argentina/GFS_ENSEMBLE_Soy/cumulative dia 02 (2026-05-02 → 2026-05-04) 37193 bytes
2026-05-02 09:33:59,593 [INFO] [OK] Argentina/GFS_ENSEMBLE_Soy/cumulative dia 03 (2026-05-02 → 2026-05-05) 37831 bytes
2026-05-02 09:33:59,916 [INFO] [OK] Argentina/GFS_ENSEMBLE_Soy/cumulative dia 04 (2026-05-02 → 2026-05-06) 39807 bytes
2026-05-02 09:34:00,231 [INFO] [OK] Argentina/GFS_ENSEMBLE_Soy/cumulative dia 05 (2026-05-02 → 2026-05-07) 41565 bytes
2026-05-02 09:34:00,312 [INFO] [OK] Argentina/GFS_ENSEMBLE_Soy/cumulative dia 06 (2026-05-02 → 2026-05-08) 42925 bytes
2026-05-02 09:34:00,486 [INFO] [OK] Argentina/GFS_ENSEMBLE_Soy/cumulative dia 07 (2026-05-02 → 2026-05-09) 43876 bytes
2026-05-02 09:34:00,652 [INFO] [OK] Argentina/GFS_ENSEMBLE_Soy/cumulative dia 08 (2026-05-02 → 2026-05-10) 44371 bytes
2026-05-02 09:34:00,986 [INFO] [OK] Argentina/GFS_ENSEMBLE_Soy/cumulative dia 09 (2026-05-02 → 2026-05-11) 44467 bytes
2026-05-02 09:34:01,351 [INFO] [OK] Argentina/GFS_ENSEMBLE_Soy/cumulative dia 10 (2026-05-02 → 2026-05-12) 44207 bytes
2026-05-02 09:34:01,797 [INFO] [OK] Argentina/GFS_ENSEMBLE_Soy/cumulative dia 11 (2026-05-02 → 2026-05-13) 43829 bytes
2026-05-02 09:34:01,919 [INFO] [OK] Argentina/GFS_ENSEMBLE_Soy/cumulative dia 12 (2026-05-02 → 2026-05-14) 43768 bytes
2026-05-02 09:34:02,014 [INFO] [OK] Argentina/GFS_ENSEMBLE_Corn_Winter/daily dia 00 (2026-05-02 → 2026-05-02) 31989 bytes
2026-05-02 09:34:02,211 [INFO] [OK] Argentina/GFS_ENSEMBLE_Soy/cumulative dia 13 (2026-05-02 → 2026-05-15) 43287 bytes
2026-05-02 09:34:02,313 [INFO] [OK] Argentina/GFS_ENSEMBLE_Soy/cumulative dia 14 (2026-05-02 → 2026-05-16) 42940 bytes
2026-05-02 09:34:02,328 [INFO] [OK] Argentina/GFS_ENSEMBLE_Corn_Winter/daily dia 01 (2026-05-03 → 2026-05-03) 31474 bytes
2026-05-02 09:34:02,752 [INFO] [OK] Argentina/GFS_ENSEMBLE_Corn_Winter/daily dia 02 (2026-05-04 → 2026-05-04) 31543 bytes
2026-05-02 09:34:02,889 [INFO] [OK] Argentina/GFS_ENSEMBLE_Corn_Winter/daily dia 03 (2026-05-05 → 2026-05-05) 32335 bytes
2026-05-02 09:34:03,003 [INFO] [OK] Argentina/GFS_ENSEMBLE_Corn_Winter/daily dia 04 (2026-05-06 → 2026-05-06) 34437 bytes
2026-05-02 09:34:03,238 [INFO] [OK] Argentina/GFS_ENSEMBLE_Corn_Winter/daily dia 05 (2026-05-07 → 2026-05-07) 36613 bytes
2026-05-02 09:34:03,397 [INFO] [OK] Argentina/GFS_ENSEMBLE_Corn_Winter/daily dia 07 (2026-05-09 → 2026-05-09) 39800 bytes
2026-05-02 09:34:03,547 [INFO] [OK] Argentina/GFS_ENSEMBLE_Corn_Winter/daily dia 06 (2026-05-08 → 2026-05-08) 39975 bytes
2026-05-02 09:34:03,765 [INFO] [OK] Argentina/GFS_ENSEMBLE_Corn_Winter/daily dia 08 (2026-05-10 → 2026-05-10) 35680 bytes
2026-05-02 09:34:03,854 [INFO] [OK] Argentina/GFS_ENSEMBLE_Corn_Winter/daily dia 09 (2026-05-11 → 2026-05-11) 32833 bytes
2026-05-02 09:34:03,975 [INFO] [OK] Argentina/GFS_ENSEMBLE_Corn_Winter/daily dia 10 (2026-05-12 → 2026-05-12) 31641 bytes
2026-05-02 09:34:04,221 [INFO] [OK] Argentina/GFS_ENSEMBLE_Corn_Winter/daily dia 11 (2026-05-13 → 2026-05-13) 34997 bytes
2026-05-02 09:34:04,420 [INFO] [OK] Argentina/GFS_ENSEMBLE_Corn_Winter/daily dia 12 (2026-05-14 → 2026-05-14) 38572 bytes
2026-05-02 09:34:04,552 [INFO] [OK] Argentina/GFS_ENSEMBLE_Corn_Winter/daily dia 13 (2026-05-15 → 2026-05-15) 40301 bytes
2026-05-02 09:34:04,766 [INFO] [OK] Argentina/GFS_ENSEMBLE_Corn_Winter/daily dia 14 (2026-05-16 → 2026-05-16) 42035 bytes
2026-05-02 09:34:04,893 [INFO] [OK] Argentina/GFS_ENSEMBLE_Corn_Winter/cumulative dia 00 (2026-05-02 → 2026-05-02) 31989 bytes
2026-05-02 09:34:05,008 [INFO] [OK] Argentina/GFS_ENSEMBLE_Corn_Winter/cumulative dia 01 (2026-05-02 → 2026-05-03) 35460 bytes
2026-05-02 09:34:05,327 [INFO] [OK] Argentina/GFS_ENSEMBLE_Corn_Winter/cumulative dia 02 (2026-05-02 → 2026-05-04) 35785 bytes
2026-05-02 09:34:05,590 [INFO] [OK] Argentina/GFS_ENSEMBLE_Corn_Winter/cumulative dia 03 (2026-05-02 → 2026-05-05) 36185 bytes
2026-05-02 09:34:05,775 [INFO] [OK] Argentina/GFS_ENSEMBLE_Corn_Winter/cumulative dia 04 (2026-05-02 → 2026-05-06) 38123 bytes
2026-05-02 09:34:05,942 [INFO] [OK] Argentina/GFS_ENSEMBLE_Corn_Winter/cumulative dia 05 (2026-05-02 → 2026-05-07) 39845 bytes
2026-05-02 09:34:06,217 [INFO] [OK] Argentina/GFS_ENSEMBLE_Corn_Winter/cumulative dia 06 (2026-05-02 → 2026-05-08) 41262 bytes
2026-05-02 09:34:06,368 [INFO] [OK] Argentina/GFS_ENSEMBLE_Corn_Winter/cumulative dia 07 (2026-05-02 → 2026-05-09) 42472 bytes
2026-05-02 09:34:06,671 [INFO] [OK] Argentina/GFS_ENSEMBLE_Corn_Winter/cumulative dia 08 (2026-05-02 → 2026-05-10) 42780 bytes
2026-05-02 09:34:07,040 [INFO] [OK] Argentina/GFS_ENSEMBLE_Corn_Winter/cumulative dia 09 (2026-05-02 → 2026-05-11) 42661 bytes
2026-05-02 09:34:07,224 [INFO] [OK] Argentina/GFS_ENSEMBLE_Corn_Winter/cumulative dia 10 (2026-05-02 → 2026-05-12) 42513 bytes
2026-05-02 09:34:07,525 [INFO] [OK] Argentina/GFS_ENSEMBLE_Corn_Winter/cumulative dia 11 (2026-05-02 → 2026-05-13) 42256 bytes
2026-05-02 09:34:07,887 [INFO] [OK] Argentina/GFS_ENSEMBLE_Corn_Winter/cumulative dia 12 (2026-05-02 → 2026-05-14) 41924 bytes
2026-05-02 09:34:08,111 [INFO] [OK] Argentina/GFS_ENSEMBLE_Corn_Winter/cumulative dia 13 (2026-05-02 → 2026-05-15) 41559 bytes
2026-05-02 09:34:08,112 [INFO] [OK] Argentina/ECM_ENSEMBLE_Soy/daily dia 00 (2026-05-02 → 2026-05-02) 34767 bytes
2026-05-02 09:34:08,210 [INFO] [OK] Argentina/ECM_ENSEMBLE_Soy/daily dia 01 (2026-05-03 → 2026-05-03) 35170 bytes
2026-05-02 09:34:08,357 [INFO] [OK] Argentina/GFS_ENSEMBLE_Corn_Winter/cumulative dia 14 (2026-05-02 → 2026-05-16) 41218 bytes
2026-05-02 09:34:08,476 [INFO] [OK] Argentina/ECM_ENSEMBLE_Soy/daily dia 02 (2026-05-04 → 2026-05-04) 34168 bytes
2026-05-02 09:34:08,897 [INFO] [OK] Argentina/ECM_ENSEMBLE_Soy/daily dia 03 (2026-05-05 → 2026-05-05) 35277 bytes
2026-05-02 09:34:09,186 [INFO] [OK] Argentina/ECM_ENSEMBLE_Soy/daily dia 04 (2026-05-06 → 2026-05-06) 38077 bytes
2026-05-02 09:34:09,212 [INFO] [OK] Argentina/ECM_ENSEMBLE_Soy/daily dia 05 (2026-05-07 → 2026-05-07) 39154 bytes
2026-05-02 09:34:09,294 [INFO] [OK] Argentina/ECM_ENSEMBLE_Soy/daily dia 06 (2026-05-08 → 2026-05-08) 39321 bytes
2026-05-02 09:34:09,358 [INFO] [OK] Argentina/ECM_ENSEMBLE_Soy/daily dia 07 (2026-05-09 → 2026-05-09) 43904 bytes
2026-05-02 09:34:09,464 [INFO] [OK] Argentina/ECM_ENSEMBLE_Soy/daily dia 08 (2026-05-10 → 2026-05-10) 40608 bytes
2026-05-02 09:34:09,909 [INFO] [OK] Argentina/ECM_ENSEMBLE_Soy/daily dia 09 (2026-05-11 → 2026-05-11) 38441 bytes
2026-05-02 09:34:10,305 [INFO] [OK] Argentina/ECM_ENSEMBLE_Soy/daily dia 10 (2026-05-12 → 2026-05-12) 35768 bytes
2026-05-02 09:34:10,356 [INFO] [OK] Argentina/ECM_ENSEMBLE_Soy/daily dia 11 (2026-05-13 → 2026-05-13) 38447 bytes
2026-05-02 09:34:10,394 [INFO] [OK] Argentina/ECM_ENSEMBLE_Soy/daily dia 13 (2026-05-15 → 2026-05-15) 46740 bytes
2026-05-02 09:34:10,432 [INFO] [OK] Argentina/ECM_ENSEMBLE_Soy/daily dia 12 (2026-05-14 → 2026-05-14) 43335 bytes
2026-05-02 09:34:10,496 [INFO] [OK] Argentina/ECM_ENSEMBLE_Soy/daily dia 14 (2026-05-16 → 2026-05-16) 46924 bytes
2026-05-02 09:34:10,909 [INFO] [OK] Argentina/ECM_ENSEMBLE_Soy/cumulative dia 00 (2026-05-02 → 2026-05-02) 34767 bytes
2026-05-02 09:34:11,402 [INFO] [OK] Argentina/ECM_ENSEMBLE_Soy/cumulative dia 01 (2026-05-02 → 2026-05-03) 37972 bytes
2026-05-02 09:34:11,643 [INFO] [OK] Argentina/ECM_ENSEMBLE_Soy/cumulative dia 03 (2026-05-02 → 2026-05-05) 39740 bytes
2026-05-02 09:34:11,673 [INFO] [OK] Argentina/ECM_ENSEMBLE_Soy/cumulative dia 02 (2026-05-02 → 2026-05-04) 38497 bytes
2026-05-02 09:34:11,763 [INFO] [OK] Argentina/ECM_ENSEMBLE_Soy/cumulative dia 05 (2026-05-02 → 2026-05-07) 42027 bytes
2026-05-02 09:34:11,767 [INFO] [OK] Argentina/ECM_ENSEMBLE_Soy/cumulative dia 04 (2026-05-02 → 2026-05-06) 41586 bytes
2026-05-02 09:34:12,126 [INFO] [OK] Argentina/ECM_ENSEMBLE_Soy/cumulative dia 06 (2026-05-02 → 2026-05-08) 42560 bytes
2026-05-02 09:34:12,879 [INFO] [OK] Argentina/ECM_ENSEMBLE_Soy/cumulative dia 07 (2026-05-02 → 2026-05-09) 43199 bytes
2026-05-02 09:34:13,343 [INFO] [OK] Argentina/ECM_ENSEMBLE_Soy/cumulative dia 08 (2026-05-02 → 2026-05-10) 43646 bytes
2026-05-02 09:34:13,395 [INFO] [OK] Argentina/ECM_ENSEMBLE_Soy/cumulative dia 09 (2026-05-02 → 2026-05-11) 44177 bytes
2026-05-02 09:34:13,545 [INFO] [OK] Argentina/ECM_ENSEMBLE_Soy/cumulative dia 10 (2026-05-02 → 2026-05-12) 43512 bytes
2026-05-02 09:34:13,652 [INFO] [OK] Argentina/ECM_ENSEMBLE_Soy/cumulative dia 11 (2026-05-02 → 2026-05-13) 43538 bytes
2026-05-02 09:34:13,867 [INFO] [OK] Argentina/ECM_ENSEMBLE_Soy/cumulative dia 12 (2026-05-02 → 2026-05-14) 43857 bytes
2026-05-02 09:34:14,373 [INFO] [OK] Argentina/ECM_ENSEMBLE_Corn_Winter/daily dia 00 (2026-05-02 → 2026-05-02) 32975 bytes
2026-05-02 09:34:14,531 [INFO] [OK] Argentina/ECM_ENSEMBLE_Soy/cumulative dia 13 (2026-05-02 → 2026-05-15) 43878 bytes
2026-05-02 09:34:14,539 [INFO] [OK] Argentina/ECM_ENSEMBLE_Corn_Winter/daily dia 01 (2026-05-03 → 2026-05-03) 33330 bytes
2026-05-02 09:34:14,619 [INFO] [OK] Argentina/ECM_ENSEMBLE_Corn_Winter/daily dia 02 (2026-05-04 → 2026-05-04) 32478 bytes
2026-05-02 09:34:14,940 [INFO] [OK] Argentina/ECM_ENSEMBLE_Corn_Winter/daily dia 03 (2026-05-05 → 2026-05-05) 33687 bytes
2026-05-02 09:34:14,990 [INFO] [OK] Argentina/ECM_ENSEMBLE_Soy/cumulative dia 14 (2026-05-02 → 2026-05-16) 44343 bytes
2026-05-02 09:34:15,450 [INFO] [OK] Argentina/ECM_ENSEMBLE_Corn_Winter/daily dia 04 (2026-05-06 → 2026-05-06) 36322 bytes
2026-05-02 09:34:15,584 [INFO] [OK] Argentina/ECM_ENSEMBLE_Corn_Winter/daily dia 06 (2026-05-08 → 2026-05-08) 37810 bytes
2026-05-02 09:34:15,584 [INFO] [OK] Argentina/ECM_ENSEMBLE_Corn_Winter/daily dia 05 (2026-05-07 → 2026-05-07) 37592 bytes
2026-05-02 09:34:15,644 [INFO] [OK] Argentina/ECM_ENSEMBLE_Corn_Winter/daily dia 07 (2026-05-09 → 2026-05-09) 42443 bytes
2026-05-02 09:34:15,974 [INFO] [OK] Argentina/ECM_ENSEMBLE_Corn_Winter/daily dia 09 (2026-05-11 → 2026-05-11) 36415 bytes
2026-05-02 09:34:16,042 [INFO] [OK] Argentina/ECM_ENSEMBLE_Corn_Winter/daily dia 08 (2026-05-10 → 2026-05-10) 38866 bytes
2026-05-02 09:34:16,603 [INFO] [OK] Argentina/ECM_ENSEMBLE_Corn_Winter/daily dia 11 (2026-05-13 → 2026-05-13) 37232 bytes
2026-05-02 09:34:16,711 [INFO] [OK] Argentina/ECM_ENSEMBLE_Corn_Winter/daily dia 10 (2026-05-12 → 2026-05-12) 34250 bytes
2026-05-02 09:34:16,773 [INFO] [OK] Argentina/ECM_ENSEMBLE_Corn_Winter/daily dia 12 (2026-05-14 → 2026-05-14) 41845 bytes
2026-05-02 09:34:16,779 [INFO] [OK] Argentina/ECM_ENSEMBLE_Corn_Winter/daily dia 13 (2026-05-15 → 2026-05-15) 45285 bytes
2026-05-02 09:34:17,046 [INFO] [OK] Argentina/ECM_ENSEMBLE_Corn_Winter/cumulative dia 00 (2026-05-02 → 2026-05-02) 32975 bytes
2026-05-02 09:34:17,118 [INFO] [OK] Argentina/ECM_ENSEMBLE_Corn_Winter/daily dia 14 (2026-05-16 → 2026-05-16) 45287 bytes
2026-05-02 09:34:17,870 [INFO] [OK] Argentina/ECM_ENSEMBLE_Corn_Winter/cumulative dia 01 (2026-05-02 → 2026-05-03) 36490 bytes
2026-05-02 09:34:17,986 [INFO] [OK] Argentina/ECM_ENSEMBLE_Corn_Winter/cumulative dia 03 (2026-05-02 → 2026-05-05) 38260 bytes
2026-05-02 09:34:18,366 [INFO] [OK] Argentina/ECM_ENSEMBLE_Corn_Winter/cumulative dia 05 (2026-05-02 → 2026-05-07) 40733 bytes
2026-05-02 09:34:18,513 [INFO] [OK] Argentina/ECM_ENSEMBLE_Corn_Winter/cumulative dia 02 (2026-05-02 → 2026-05-04) 36940 bytes
2026-05-02 09:34:18,552 [INFO] [OK] Argentina/ECM_ENSEMBLE_Corn_Winter/cumulative dia 04 (2026-05-02 → 2026-05-06) 39977 bytes
2026-05-02 09:34:18,708 [INFO] [OK] Argentina/ECM_ENSEMBLE_Corn_Winter/cumulative dia 06 (2026-05-02 → 2026-05-08) 41232 bytes
2026-05-02 09:34:19,336 [INFO] [OK] Argentina/ECM_ENSEMBLE_Corn_Winter/cumulative dia 07 (2026-05-02 → 2026-05-09) 41752 bytes
2026-05-02 09:34:19,527 [INFO] [OK] Argentina/ECM_ENSEMBLE_Corn_Winter/cumulative dia 08 (2026-05-02 → 2026-05-10) 42168 bytes
2026-05-02 09:34:20,167 [INFO] [OK] Argentina/ECM_ENSEMBLE_Corn_Winter/cumulative dia 09 (2026-05-02 → 2026-05-11) 43030 bytes
2026-05-02 09:34:20,179 [INFO] [OK] Argentina/ECM_ENSEMBLE_Corn_Winter/cumulative dia 11 (2026-05-02 → 2026-05-13) 42333 bytes
2026-05-02 09:34:20,235 [INFO] [OK] Argentina/ECM_ENSEMBLE_Corn_Winter/cumulative dia 10 (2026-05-02 → 2026-05-12) 42364 bytes
2026-05-02 09:34:20,424 [INFO] [OK] Argentina/ECM_ENSEMBLE_Corn_Winter/cumulative dia 12 (2026-05-02 → 2026-05-14) 42591 bytes
2026-05-02 09:34:20,976 [INFO] [OK] Argentina/ECM_ENSEMBLE_Corn_Winter/cumulative dia 13 (2026-05-02 → 2026-05-15) 42425 bytes
2026-05-02 09:34:21,230 [INFO] [OK] Argentina/ECM_ENSEMBLE_Corn_Winter/cumulative dia 14 (2026-05-02 → 2026-05-16) 42996 bytes
2026-05-02 09:34:21,233 [INFO] Resumo: 240/240 sucessos, 0 erros
2026-05-02 09:34:21,347 [INFO] Manifest: C:\Users\server\OneDrive - CGB Enterprises, Inc\ZGC-PBI Research - Documents\Dataset Data Files\Weather_maps\manifest.json
2026-05-02 09:34:21,348 [INFO] [GIT] Iniciando sincronização com GitHub...
2026-05-02 09:34:39,405 [INFO] [GIT] Sucesso ✓
2026-05-02 09:34:39,406 [INFO] ✓ Sincronizado com GitHub — Power BI atualiza no próximo refresh
