2026-05-06 09:33:18,710 [INFO] === Execução 2026-05-06 | modo=both | dias=15 | parâmetro=PRCP_DEP ===
2026-05-06 09:33:18,711 [INFO] Baixando 240 mapas com 6 threads...
2026-05-06 09:33:22,309 [INFO] [OK] Brazil/GFS_ENSEMBLE_Soy/daily dia 05 (2026-05-11 → 2026-05-11) 39483 bytes
2026-05-06 09:33:22,438 [INFO] [OK] Brazil/GFS_ENSEMBLE_Soy/daily dia 01 (2026-05-07 → 2026-05-07) 47775 bytes
2026-05-06 09:33:22,440 [INFO] [OK] Brazil/GFS_ENSEMBLE_Soy/daily dia 02 (2026-05-08 → 2026-05-08) 47118 bytes
2026-05-06 09:33:22,516 [INFO] [OK] Brazil/GFS_ENSEMBLE_Soy/daily dia 04 (2026-05-10 → 2026-05-10) 45211 bytes
2026-05-06 09:33:22,580 [INFO] [OK] Brazil/GFS_ENSEMBLE_Soy/daily dia 03 (2026-05-09 → 2026-05-09) 47536 bytes
2026-05-06 09:33:22,613 [INFO] [OK] Brazil/GFS_ENSEMBLE_Soy/daily dia 00 (2026-05-06 → 2026-05-06) 43191 bytes
2026-05-06 09:33:23,759 [INFO] [OK] Brazil/GFS_ENSEMBLE_Soy/daily dia 06 (2026-05-12 → 2026-05-12) 41045 bytes
2026-05-06 09:33:24,062 [INFO] [OK] Brazil/GFS_ENSEMBLE_Soy/daily dia 10 (2026-05-16 → 2026-05-16) 53477 bytes
2026-05-06 09:33:24,367 [INFO] [OK] Brazil/GFS_ENSEMBLE_Soy/daily dia 08 (2026-05-14 → 2026-05-14) 47391 bytes
2026-05-06 09:33:24,508 [INFO] [OK] Brazil/GFS_ENSEMBLE_Soy/daily dia 07 (2026-05-13 → 2026-05-13) 43175 bytes
2026-05-06 09:33:24,648 [INFO] [OK] Brazil/GFS_ENSEMBLE_Soy/daily dia 09 (2026-05-15 → 2026-05-15) 51496 bytes
2026-05-06 09:33:24,723 [INFO] [OK] Brazil/GFS_ENSEMBLE_Soy/daily dia 11 (2026-05-17 → 2026-05-17) 54951 bytes
2026-05-06 09:33:25,225 [INFO] [OK] Brazil/GFS_ENSEMBLE_Soy/daily dia 12 (2026-05-18 → 2026-05-18) 54636 bytes
2026-05-06 09:33:25,607 [INFO] [OK] Brazil/GFS_ENSEMBLE_Soy/daily dia 13 (2026-05-19 → 2026-05-19) 54263 bytes
2026-05-06 09:33:25,792 [INFO] [OK] Brazil/GFS_ENSEMBLE_Soy/cumulative dia 00 (2026-05-06 → 2026-05-06) 43191 bytes
2026-05-06 09:33:25,797 [INFO] [OK] Brazil/GFS_ENSEMBLE_Soy/daily dia 14 (2026-05-20 → 2026-05-20) 53970 bytes
2026-05-06 09:33:26,064 [INFO] [OK] Brazil/GFS_ENSEMBLE_Soy/cumulative dia 01 (2026-05-06 → 2026-05-07) 47161 bytes
2026-05-06 09:33:26,323 [INFO] [OK] Brazil/GFS_ENSEMBLE_Soy/cumulative dia 02 (2026-05-06 → 2026-05-08) 49333 bytes
2026-05-06 09:33:27,019 [INFO] [OK] Brazil/GFS_ENSEMBLE_Soy/cumulative dia 03 (2026-05-06 → 2026-05-09) 50035 bytes
2026-05-06 09:33:27,564 [INFO] [OK] Brazil/GFS_ENSEMBLE_Soy/cumulative dia 04 (2026-05-06 → 2026-05-10) 51172 bytes
2026-05-06 09:33:27,720 [INFO] [OK] Brazil/GFS_ENSEMBLE_Soy/cumulative dia 05 (2026-05-06 → 2026-05-11) 51485 bytes
2026-05-06 09:33:27,913 [INFO] [OK] Brazil/GFS_ENSEMBLE_Soy/cumulative dia 06 (2026-05-06 → 2026-05-12) 51810 bytes
2026-05-06 09:33:28,023 [INFO] [OK] Brazil/GFS_ENSEMBLE_Soy/cumulative dia 07 (2026-05-06 → 2026-05-13) 51860 bytes
2026-05-06 09:33:28,426 [INFO] [OK] Brazil/GFS_ENSEMBLE_Soy/cumulative dia 08 (2026-05-06 → 2026-05-14) 51663 bytes
2026-05-06 09:33:29,558 [INFO] [OK] Brazil/GFS_ENSEMBLE_Soy/cumulative dia 09 (2026-05-06 → 2026-05-15) 51840 bytes
2026-05-06 09:33:30,452 [INFO] [OK] Brazil/GFS_ENSEMBLE_Soy/cumulative dia 10 (2026-05-06 → 2026-05-16) 52685 bytes
2026-05-06 09:33:30,644 [INFO] [OK] Brazil/GFS_ENSEMBLE_Soy/cumulative dia 11 (2026-05-06 → 2026-05-17) 52886 bytes
2026-05-06 09:33:30,938 [INFO] [OK] Brazil/GFS_ENSEMBLE_Corn_Winter/daily dia 00 (2026-05-06 → 2026-05-06) 41568 bytes
2026-05-06 09:33:31,233 [INFO] [OK] Brazil/GFS_ENSEMBLE_Soy/cumulative dia 12 (2026-05-06 → 2026-05-18) 52734 bytes
2026-05-06 09:33:31,561 [INFO] [OK] Brazil/GFS_ENSEMBLE_Soy/cumulative dia 13 (2026-05-06 → 2026-05-19) 52770 bytes
2026-05-06 09:33:31,659 [INFO] [OK] Brazil/GFS_ENSEMBLE_Soy/cumulative dia 14 (2026-05-06 → 2026-05-20) 52784 bytes
2026-05-06 09:33:31,816 [INFO] [OK] Brazil/GFS_ENSEMBLE_Corn_Winter/daily dia 01 (2026-05-07 → 2026-05-07) 46074 bytes
2026-05-06 09:33:31,982 [INFO] [OK] Brazil/GFS_ENSEMBLE_Corn_Winter/daily dia 02 (2026-05-08 → 2026-05-08) 45841 bytes
2026-05-06 09:33:32,322 [INFO] [OK] Brazil/GFS_ENSEMBLE_Corn_Winter/daily dia 03 (2026-05-09 → 2026-05-09) 46287 bytes
2026-05-06 09:33:32,557 [INFO] [OK] Brazil/GFS_ENSEMBLE_Corn_Winter/daily dia 04 (2026-05-10 → 2026-05-10) 43711 bytes
2026-05-06 09:33:32,919 [INFO] [OK] Brazil/GFS_ENSEMBLE_Corn_Winter/daily dia 05 (2026-05-11 → 2026-05-11) 37673 bytes
2026-05-06 09:33:33,130 [INFO] [OK] Brazil/GFS_ENSEMBLE_Corn_Winter/daily dia 06 (2026-05-12 → 2026-05-12) 39146 bytes
2026-05-06 09:33:33,313 [INFO] [OK] Brazil/GFS_ENSEMBLE_Corn_Winter/daily dia 07 (2026-05-13 → 2026-05-13) 41636 bytes
2026-05-06 09:33:33,381 [INFO] [OK] Brazil/GFS_ENSEMBLE_Corn_Winter/daily dia 08 (2026-05-14 → 2026-05-14) 45918 bytes
2026-05-06 09:33:33,758 [INFO] [OK] Brazil/GFS_ENSEMBLE_Corn_Winter/daily dia 09 (2026-05-15 → 2026-05-15) 50119 bytes
2026-05-06 09:33:33,889 [INFO] [OK] Brazil/GFS_ENSEMBLE_Corn_Winter/daily dia 10 (2026-05-16 → 2026-05-16) 52007 bytes
2026-05-06 09:33:34,249 [INFO] [OK] Brazil/GFS_ENSEMBLE_Corn_Winter/daily dia 11 (2026-05-17 → 2026-05-17) 53669 bytes
2026-05-06 09:33:34,525 [INFO] [OK] Brazil/GFS_ENSEMBLE_Corn_Winter/daily dia 12 (2026-05-18 → 2026-05-18) 53009 bytes
2026-05-06 09:33:34,663 [INFO] [OK] Brazil/GFS_ENSEMBLE_Corn_Winter/daily dia 13 (2026-05-19 → 2026-05-19) 52671 bytes
2026-05-06 09:33:34,794 [INFO] [OK] Brazil/GFS_ENSEMBLE_Corn_Winter/daily dia 14 (2026-05-20 → 2026-05-20) 52781 bytes
2026-05-06 09:33:35,228 [INFO] [OK] Brazil/GFS_ENSEMBLE_Corn_Winter/cumulative dia 00 (2026-05-06 → 2026-05-06) 41568 bytes
2026-05-06 09:33:35,320 [INFO] [OK] Brazil/GFS_ENSEMBLE_Corn_Winter/cumulative dia 01 (2026-05-06 → 2026-05-07) 45477 bytes
2026-05-06 09:33:35,726 [INFO] [OK] Brazil/GFS_ENSEMBLE_Corn_Winter/cumulative dia 02 (2026-05-06 → 2026-05-08) 47882 bytes
2026-05-06 09:33:36,214 [INFO] [OK] Brazil/GFS_ENSEMBLE_Corn_Winter/cumulative dia 03 (2026-05-06 → 2026-05-09) 48628 bytes
2026-05-06 09:33:36,457 [INFO] [OK] Brazil/GFS_ENSEMBLE_Corn_Winter/cumulative dia 04 (2026-05-06 → 2026-05-10) 49713 bytes
2026-05-06 09:33:36,700 [INFO] [OK] Brazil/GFS_ENSEMBLE_Corn_Winter/cumulative dia 05 (2026-05-06 → 2026-05-11) 50125 bytes
2026-05-06 09:33:37,181 [INFO] [OK] Brazil/GFS_ENSEMBLE_Corn_Winter/cumulative dia 06 (2026-05-06 → 2026-05-12) 50556 bytes
2026-05-06 09:33:37,341 [INFO] [OK] Brazil/GFS_ENSEMBLE_Corn_Winter/cumulative dia 07 (2026-05-06 → 2026-05-13) 50350 bytes
2026-05-06 09:33:37,667 [INFO] [OK] Brazil/GFS_ENSEMBLE_Corn_Winter/cumulative dia 08 (2026-05-06 → 2026-05-14) 50029 bytes
2026-05-06 09:33:38,281 [INFO] [OK] Brazil/GFS_ENSEMBLE_Corn_Winter/cumulative dia 09 (2026-05-06 → 2026-05-15) 50201 bytes
2026-05-06 09:33:38,566 [INFO] [OK] Brazil/GFS_ENSEMBLE_Corn_Winter/cumulative dia 10 (2026-05-06 → 2026-05-16) 50971 bytes
2026-05-06 09:33:38,985 [INFO] [OK] Brazil/GFS_ENSEMBLE_Corn_Winter/cumulative dia 11 (2026-05-06 → 2026-05-17) 51301 bytes
2026-05-06 09:33:39,749 [INFO] [OK] Brazil/GFS_ENSEMBLE_Corn_Winter/cumulative dia 12 (2026-05-06 → 2026-05-18) 51141 bytes
2026-05-06 09:33:39,788 [INFO] [OK] Brazil/ECM_ENSEMBLE_Soy/daily dia 00 (2026-05-06 → 2026-05-06) 44863 bytes
2026-05-06 09:33:39,949 [INFO] [OK] Brazil/ECM_ENSEMBLE_Soy/daily dia 01 (2026-05-07 → 2026-05-07) 48090 bytes
2026-05-06 09:33:40,014 [INFO] [OK] Brazil/GFS_ENSEMBLE_Corn_Winter/cumulative dia 13 (2026-05-06 → 2026-05-19) 51152 bytes
2026-05-06 09:33:40,505 [INFO] [OK] Brazil/ECM_ENSEMBLE_Soy/daily dia 02 (2026-05-08 → 2026-05-08) 48577 bytes
2026-05-06 09:33:40,616 [INFO] [OK] Brazil/GFS_ENSEMBLE_Corn_Winter/cumulative dia 14 (2026-05-06 → 2026-05-20) 51041 bytes
2026-05-06 09:33:41,117 [INFO] [OK] Brazil/ECM_ENSEMBLE_Soy/daily dia 03 (2026-05-09 → 2026-05-09) 48668 bytes
2026-05-06 09:33:41,154 [INFO] [OK] Brazil/ECM_ENSEMBLE_Soy/daily dia 04 (2026-05-10 → 2026-05-10) 45045 bytes
2026-05-06 09:33:41,399 [INFO] [OK] Brazil/ECM_ENSEMBLE_Soy/daily dia 05 (2026-05-11 → 2026-05-11) 40725 bytes
2026-05-06 09:33:41,422 [INFO] [OK] Brazil/ECM_ENSEMBLE_Soy/daily dia 06 (2026-05-12 → 2026-05-12) 41555 bytes
2026-05-06 09:33:41,900 [INFO] [OK] Brazil/ECM_ENSEMBLE_Soy/daily dia 07 (2026-05-13 → 2026-05-13) 44725 bytes
2026-05-06 09:33:41,962 [INFO] [OK] Brazil/ECM_ENSEMBLE_Soy/daily dia 08 (2026-05-14 → 2026-05-14) 48912 bytes
2026-05-06 09:33:42,525 [INFO] [OK] Brazil/ECM_ENSEMBLE_Soy/daily dia 09 (2026-05-15 → 2026-05-15) 52642 bytes
2026-05-06 09:33:42,603 [INFO] [OK] Brazil/ECM_ENSEMBLE_Soy/daily dia 10 (2026-05-16 → 2026-05-16) 53481 bytes
2026-05-06 09:33:42,825 [INFO] [OK] Brazil/ECM_ENSEMBLE_Soy/daily dia 11 (2026-05-17 → 2026-05-17) 52401 bytes
2026-05-06 09:33:42,833 [INFO] [OK] Brazil/ECM_ENSEMBLE_Soy/daily dia 12 (2026-05-18 → 2026-05-18) 54282 bytes
2026-05-06 09:33:43,344 [INFO] [OK] Brazil/ECM_ENSEMBLE_Soy/daily dia 14 (2026-05-20 → 2026-05-20) 54374 bytes
2026-05-06 09:33:43,380 [INFO] [OK] Brazil/ECM_ENSEMBLE_Soy/daily dia 13 (2026-05-19 → 2026-05-19) 54722 bytes
2026-05-06 09:33:43,905 [INFO] [OK] Brazil/ECM_ENSEMBLE_Soy/cumulative dia 00 (2026-05-06 → 2026-05-06) 44863 bytes
2026-05-06 09:33:44,064 [INFO] [OK] Brazil/ECM_ENSEMBLE_Soy/cumulative dia 01 (2026-05-06 → 2026-05-07) 48433 bytes
2026-05-06 09:33:44,360 [INFO] [OK] Brazil/ECM_ENSEMBLE_Soy/cumulative dia 02 (2026-05-06 → 2026-05-08) 49782 bytes
2026-05-06 09:33:44,493 [INFO] [OK] Brazil/ECM_ENSEMBLE_Soy/cumulative dia 03 (2026-05-06 → 2026-05-09) 50359 bytes
2026-05-06 09:33:45,042 [INFO] [OK] Brazil/ECM_ENSEMBLE_Soy/cumulative dia 04 (2026-05-06 → 2026-05-10) 51500 bytes
2026-05-06 09:33:45,182 [INFO] [OK] Brazil/ECM_ENSEMBLE_Soy/cumulative dia 05 (2026-05-06 → 2026-05-11) 51374 bytes
2026-05-06 09:33:45,925 [INFO] [OK] Brazil/ECM_ENSEMBLE_Soy/cumulative dia 06 (2026-05-06 → 2026-05-12) 51721 bytes
2026-05-06 09:33:46,115 [INFO] [OK] Brazil/ECM_ENSEMBLE_Soy/cumulative dia 07 (2026-05-06 → 2026-05-13) 52391 bytes
2026-05-06 09:33:46,568 [INFO] [OK] Brazil/ECM_ENSEMBLE_Soy/cumulative dia 08 (2026-05-06 → 2026-05-14) 52196 bytes
2026-05-06 09:33:46,775 [INFO] [OK] Brazil/ECM_ENSEMBLE_Soy/cumulative dia 09 (2026-05-06 → 2026-05-15) 52448 bytes
2026-05-06 09:33:47,478 [INFO] [OK] Brazil/ECM_ENSEMBLE_Soy/cumulative dia 10 (2026-05-06 → 2026-05-16) 52793 bytes
2026-05-06 09:33:47,851 [INFO] [OK] Brazil/ECM_ENSEMBLE_Soy/cumulative dia 11 (2026-05-06 → 2026-05-17) 52902 bytes
2026-05-06 09:33:48,146 [INFO] [OK] Brazil/ECM_ENSEMBLE_Corn_Winter/daily dia 00 (2026-05-06 → 2026-05-06) 43147 bytes
2026-05-06 09:33:48,479 [INFO] [OK] Brazil/ECM_ENSEMBLE_Soy/cumulative dia 12 (2026-05-06 → 2026-05-18) 53115 bytes
2026-05-06 09:33:48,739 [INFO] [OK] Brazil/ECM_ENSEMBLE_Soy/cumulative dia 13 (2026-05-06 → 2026-05-19) 53291 bytes
2026-05-06 09:33:48,902 [INFO] [OK] Brazil/ECM_ENSEMBLE_Corn_Winter/daily dia 01 (2026-05-07 → 2026-05-07) 46599 bytes
2026-05-06 09:33:49,258 [INFO] [OK] Brazil/ECM_ENSEMBLE_Soy/cumulative dia 14 (2026-05-06 → 2026-05-20) 53638 bytes
2026-05-06 09:33:49,325 [INFO] [OK] Brazil/ECM_ENSEMBLE_Corn_Winter/daily dia 02 (2026-05-08 → 2026-05-08) 47274 bytes
2026-05-06 09:33:49,586 [INFO] [OK] Brazil/ECM_ENSEMBLE_Corn_Winter/daily dia 03 (2026-05-09 → 2026-05-09) 47686 bytes
2026-05-06 09:33:49,860 [INFO] [OK] Brazil/ECM_ENSEMBLE_Corn_Winter/daily dia 04 (2026-05-10 → 2026-05-10) 43510 bytes
2026-05-06 09:33:50,138 [INFO] [OK] Brazil/ECM_ENSEMBLE_Corn_Winter/daily dia 05 (2026-05-11 → 2026-05-11) 39067 bytes
2026-05-06 09:33:50,234 [INFO] [OK] Brazil/ECM_ENSEMBLE_Corn_Winter/daily dia 06 (2026-05-12 → 2026-05-12) 39915 bytes
2026-05-06 09:33:50,755 [INFO] [OK] Brazil/ECM_ENSEMBLE_Corn_Winter/daily dia 08 (2026-05-14 → 2026-05-14) 47765 bytes
2026-05-06 09:33:50,772 [INFO] [OK] Brazil/ECM_ENSEMBLE_Corn_Winter/daily dia 07 (2026-05-13 → 2026-05-13) 43265 bytes
2026-05-06 09:33:51,070 [INFO] [OK] Brazil/ECM_ENSEMBLE_Corn_Winter/daily dia 09 (2026-05-15 → 2026-05-15) 51135 bytes
2026-05-06 09:33:51,234 [INFO] [OK] Brazil/ECM_ENSEMBLE_Corn_Winter/daily dia 10 (2026-05-16 → 2026-05-16) 52278 bytes
2026-05-06 09:33:51,502 [INFO] [OK] Brazil/ECM_ENSEMBLE_Corn_Winter/daily dia 11 (2026-05-17 → 2026-05-17) 51345 bytes
2026-05-06 09:33:51,572 [INFO] [OK] Brazil/ECM_ENSEMBLE_Corn_Winter/daily dia 12 (2026-05-18 → 2026-05-18) 53239 bytes
2026-05-06 09:33:52,178 [INFO] [OK] Brazil/ECM_ENSEMBLE_Corn_Winter/daily dia 13 (2026-05-19 → 2026-05-19) 53448 bytes
2026-05-06 09:33:52,326 [INFO] [OK] Brazil/ECM_ENSEMBLE_Corn_Winter/daily dia 14 (2026-05-20 → 2026-05-20) 52589 bytes
2026-05-06 09:33:52,503 [INFO] [OK] Brazil/ECM_ENSEMBLE_Corn_Winter/cumulative dia 00 (2026-05-06 → 2026-05-06) 43147 bytes
2026-05-06 09:33:52,717 [INFO] [OK] Brazil/ECM_ENSEMBLE_Corn_Winter/cumulative dia 01 (2026-05-06 → 2026-05-07) 46951 bytes
2026-05-06 09:33:53,088 [INFO] [OK] Brazil/ECM_ENSEMBLE_Corn_Winter/cumulative dia 02 (2026-05-06 → 2026-05-08) 48830 bytes
2026-05-06 09:33:53,250 [INFO] [OK] Brazil/ECM_ENSEMBLE_Corn_Winter/cumulative dia 03 (2026-05-06 → 2026-05-09) 49293 bytes
2026-05-06 09:33:53,850 [INFO] [OK] Brazil/ECM_ENSEMBLE_Corn_Winter/cumulative dia 04 (2026-05-06 → 2026-05-10) 50291 bytes
2026-05-06 09:33:54,343 [INFO] [OK] Brazil/ECM_ENSEMBLE_Corn_Winter/cumulative dia 05 (2026-05-06 → 2026-05-11) 50403 bytes
2026-05-06 09:33:54,480 [INFO] [OK] Brazil/ECM_ENSEMBLE_Corn_Winter/cumulative dia 06 (2026-05-06 → 2026-05-12) 50483 bytes
2026-05-06 09:33:54,861 [INFO] [OK] Brazil/ECM_ENSEMBLE_Corn_Winter/cumulative dia 07 (2026-05-06 → 2026-05-13) 50988 bytes
2026-05-06 09:33:55,312 [INFO] [OK] Brazil/ECM_ENSEMBLE_Corn_Winter/cumulative dia 08 (2026-05-06 → 2026-05-14) 50942 bytes
2026-05-06 09:33:55,427 [INFO] [OK] Brazil/ECM_ENSEMBLE_Corn_Winter/cumulative dia 09 (2026-05-06 → 2026-05-15) 51201 bytes
2026-05-06 09:33:56,020 [INFO] [OK] Brazil/ECM_ENSEMBLE_Corn_Winter/cumulative dia 10 (2026-05-06 → 2026-05-16) 51411 bytes
2026-05-06 09:33:56,595 [INFO] [OK] Argentina/GFS_ENSEMBLE_Soy/daily dia 00 (2026-05-06 → 2026-05-06) 33770 bytes
2026-05-06 09:33:56,858 [INFO] [OK] Brazil/ECM_ENSEMBLE_Corn_Winter/cumulative dia 11 (2026-05-06 → 2026-05-17) 51493 bytes
2026-05-06 09:33:57,151 [INFO] [OK] Argentina/GFS_ENSEMBLE_Soy/daily dia 01 (2026-05-07 → 2026-05-07) 39108 bytes
2026-05-06 09:33:57,265 [INFO] [OK] Brazil/ECM_ENSEMBLE_Corn_Winter/cumulative dia 12 (2026-05-06 → 2026-05-18) 51790 bytes
2026-05-06 09:33:57,693 [INFO] [OK] Brazil/ECM_ENSEMBLE_Corn_Winter/cumulative dia 13 (2026-05-06 → 2026-05-19) 52083 bytes
2026-05-06 09:33:57,721 [INFO] [OK] Argentina/GFS_ENSEMBLE_Soy/daily dia 02 (2026-05-08 → 2026-05-08) 37310 bytes
2026-05-06 09:33:57,899 [INFO] [OK] Argentina/GFS_ENSEMBLE_Soy/daily dia 03 (2026-05-09 → 2026-05-09) 37232 bytes
2026-05-06 09:33:58,362 [INFO] [OK] Argentina/GFS_ENSEMBLE_Soy/daily dia 05 (2026-05-11 → 2026-05-11) 28529 bytes
2026-05-06 09:33:58,399 [INFO] [OK] Argentina/GFS_ENSEMBLE_Soy/daily dia 04 (2026-05-10 → 2026-05-10) 33610 bytes
2026-05-06 09:33:58,495 [INFO] [OK] Brazil/ECM_ENSEMBLE_Corn_Winter/cumulative dia 14 (2026-05-06 → 2026-05-20) 52542 bytes
2026-05-06 09:33:58,734 [INFO] [OK] Argentina/GFS_ENSEMBLE_Soy/daily dia 06 (2026-05-12 → 2026-05-12) 30661 bytes
2026-05-06 09:33:58,849 [INFO] [OK] Argentina/GFS_ENSEMBLE_Soy/daily dia 07 (2026-05-13 → 2026-05-13) 32175 bytes
2026-05-06 09:33:59,056 [INFO] [OK] Argentina/GFS_ENSEMBLE_Soy/daily dia 08 (2026-05-14 → 2026-05-14) 36756 bytes
2026-05-06 09:33:59,529 [INFO] [OK] Argentina/GFS_ENSEMBLE_Soy/daily dia 09 (2026-05-15 → 2026-05-15) 41044 bytes
2026-05-06 09:33:59,554 [INFO] [OK] Argentina/GFS_ENSEMBLE_Soy/daily dia 10 (2026-05-16 → 2026-05-16) 44541 bytes
2026-05-06 09:33:59,642 [INFO] [OK] Argentina/GFS_ENSEMBLE_Soy/daily dia 11 (2026-05-17 → 2026-05-17) 46011 bytes
2026-05-06 09:33:59,774 [INFO] [OK] Argentina/GFS_ENSEMBLE_Soy/daily dia 12 (2026-05-18 → 2026-05-18) 45034 bytes
2026-05-06 09:33:59,943 [INFO] [OK] Argentina/GFS_ENSEMBLE_Soy/daily dia 13 (2026-05-19 → 2026-05-19) 44415 bytes
2026-05-06 09:34:00,070 [INFO] [OK] Argentina/GFS_ENSEMBLE_Soy/daily dia 14 (2026-05-20 → 2026-05-20) 44210 bytes
2026-05-06 09:34:00,554 [INFO] [OK] Argentina/GFS_ENSEMBLE_Soy/cumulative dia 00 (2026-05-06 → 2026-05-06) 33770 bytes
2026-05-06 09:34:00,780 [INFO] [OK] Argentina/GFS_ENSEMBLE_Soy/cumulative dia 01 (2026-05-06 → 2026-05-07) 38412 bytes
2026-05-06 09:34:00,807 [INFO] [OK] Argentina/GFS_ENSEMBLE_Soy/cumulative dia 02 (2026-05-06 → 2026-05-08) 41082 bytes
2026-05-06 09:34:01,031 [INFO] [OK] Argentina/GFS_ENSEMBLE_Soy/cumulative dia 03 (2026-05-06 → 2026-05-09) 41780 bytes
2026-05-06 09:34:01,185 [INFO] [OK] Argentina/GFS_ENSEMBLE_Soy/cumulative dia 04 (2026-05-06 → 2026-05-10) 42627 bytes
2026-05-06 09:34:01,268 [INFO] [OK] Argentina/GFS_ENSEMBLE_Soy/cumulative dia 05 (2026-05-06 → 2026-05-11) 42575 bytes
2026-05-06 09:34:01,894 [INFO] [OK] Argentina/GFS_ENSEMBLE_Soy/cumulative dia 06 (2026-05-06 → 2026-05-12) 42546 bytes
2026-05-06 09:34:02,175 [INFO] [OK] Argentina/GFS_ENSEMBLE_Soy/cumulative dia 07 (2026-05-06 → 2026-05-13) 42745 bytes
2026-05-06 09:34:02,322 [INFO] [OK] Argentina/GFS_ENSEMBLE_Soy/cumulative dia 08 (2026-05-06 → 2026-05-14) 42769 bytes
2026-05-06 09:34:02,957 [INFO] [OK] Argentina/GFS_ENSEMBLE_Soy/cumulative dia 10 (2026-05-06 → 2026-05-16) 43577 bytes
2026-05-06 09:34:02,969 [INFO] [OK] Argentina/GFS_ENSEMBLE_Soy/cumulative dia 11 (2026-05-06 → 2026-05-17) 43918 bytes
2026-05-06 09:34:02,985 [INFO] [OK] Argentina/GFS_ENSEMBLE_Soy/cumulative dia 09 (2026-05-06 → 2026-05-15) 42893 bytes
2026-05-06 09:34:03,404 [INFO] [OK] Argentina/GFS_ENSEMBLE_Soy/cumulative dia 12 (2026-05-06 → 2026-05-18) 43777 bytes
2026-05-06 09:34:03,739 [INFO] [OK] Argentina/GFS_ENSEMBLE_Soy/cumulative dia 13 (2026-05-06 → 2026-05-19) 43642 bytes
2026-05-06 09:34:04,018 [INFO] [OK] Argentina/GFS_ENSEMBLE_Soy/cumulative dia 14 (2026-05-06 → 2026-05-20) 43739 bytes
2026-05-06 09:34:04,095 [INFO] [OK] Argentina/GFS_ENSEMBLE_Corn_Winter/daily dia 01 (2026-05-07 → 2026-05-07) 37142 bytes
2026-05-06 09:34:04,127 [INFO] [OK] Argentina/GFS_ENSEMBLE_Corn_Winter/daily dia 02 (2026-05-08 → 2026-05-08) 35679 bytes
2026-05-06 09:34:04,159 [INFO] [OK] Argentina/GFS_ENSEMBLE_Corn_Winter/daily dia 00 (2026-05-06 → 2026-05-06) 31909 bytes
2026-05-06 09:34:04,379 [INFO] [OK] Argentina/GFS_ENSEMBLE_Corn_Winter/daily dia 03 (2026-05-09 → 2026-05-09) 35840 bytes
2026-05-06 09:34:04,677 [INFO] [OK] Argentina/GFS_ENSEMBLE_Corn_Winter/daily dia 04 (2026-05-10 → 2026-05-10) 31987 bytes
2026-05-06 09:34:05,033 [INFO] [OK] Argentina/GFS_ENSEMBLE_Corn_Winter/daily dia 05 (2026-05-11 → 2026-05-11) 26822 bytes
2026-05-06 09:34:05,117 [INFO] [OK] Argentina/GFS_ENSEMBLE_Corn_Winter/daily dia 06 (2026-05-12 → 2026-05-12) 28728 bytes
2026-05-06 09:34:05,235 [INFO] [OK] Argentina/GFS_ENSEMBLE_Corn_Winter/daily dia 08 (2026-05-14 → 2026-05-14) 35287 bytes
2026-05-06 09:34:05,236 [INFO] [OK] Argentina/GFS_ENSEMBLE_Corn_Winter/daily dia 07 (2026-05-13 → 2026-05-13) 30616 bytes
2026-05-06 09:34:05,380 [INFO] [OK] Argentina/GFS_ENSEMBLE_Corn_Winter/daily dia 09 (2026-05-15 → 2026-05-15) 39465 bytes
2026-05-06 09:34:05,737 [INFO] [OK] Argentina/GFS_ENSEMBLE_Corn_Winter/daily dia 10 (2026-05-16 → 2026-05-16) 43121 bytes
2026-05-06 09:34:07,034 [INFO] [OK] Argentina/GFS_ENSEMBLE_Corn_Winter/daily dia 11 (2026-05-17 → 2026-05-17) 44476 bytes
2026-05-06 09:34:07,066 [INFO] [OK] Argentina/GFS_ENSEMBLE_Corn_Winter/daily dia 12 (2026-05-18 → 2026-05-18) 43388 bytes
2026-05-06 09:34:07,076 [INFO] [OK] Argentina/GFS_ENSEMBLE_Corn_Winter/daily dia 13 (2026-05-19 → 2026-05-19) 42972 bytes
2026-05-06 09:34:07,076 [INFO] [OK] Argentina/GFS_ENSEMBLE_Corn_Winter/daily dia 14 (2026-05-20 → 2026-05-20) 42843 bytes
2026-05-06 09:34:07,091 [INFO] [OK] Argentina/GFS_ENSEMBLE_Corn_Winter/cumulative dia 01 (2026-05-06 → 2026-05-07) 36484 bytes
2026-05-06 09:34:07,118 [INFO] [OK] Argentina/GFS_ENSEMBLE_Corn_Winter/cumulative dia 00 (2026-05-06 → 2026-05-06) 31909 bytes
2026-05-06 09:34:08,387 [INFO] [OK] Argentina/GFS_ENSEMBLE_Corn_Winter/cumulative dia 02 (2026-05-06 → 2026-05-08) 39386 bytes
2026-05-06 09:34:08,497 [INFO] [OK] Argentina/GFS_ENSEMBLE_Corn_Winter/cumulative dia 05 (2026-05-06 → 2026-05-11) 40819 bytes
2026-05-06 09:34:08,597 [INFO] [OK] Argentina/GFS_ENSEMBLE_Corn_Winter/cumulative dia 07 (2026-05-06 → 2026-05-13) 41079 bytes
2026-05-06 09:34:08,614 [INFO] [OK] Argentina/GFS_ENSEMBLE_Corn_Winter/cumulative dia 06 (2026-05-06 → 2026-05-12) 40946 bytes
2026-05-06 09:34:08,624 [INFO] [OK] Argentina/GFS_ENSEMBLE_Corn_Winter/cumulative dia 04 (2026-05-06 → 2026-05-10) 40906 bytes
2026-05-06 09:34:08,663 [INFO] [OK] Argentina/GFS_ENSEMBLE_Corn_Winter/cumulative dia 03 (2026-05-06 → 2026-05-09) 40119 bytes
2026-05-06 09:34:10,113 [INFO] [OK] Argentina/GFS_ENSEMBLE_Corn_Winter/cumulative dia 08 (2026-05-06 → 2026-05-14) 40984 bytes
2026-05-06 09:34:10,220 [INFO] [OK] Argentina/GFS_ENSEMBLE_Corn_Winter/cumulative dia 09 (2026-05-06 → 2026-05-15) 41171 bytes
2026-05-06 09:34:10,244 [INFO] [OK] Argentina/GFS_ENSEMBLE_Corn_Winter/cumulative dia 11 (2026-05-06 → 2026-05-17) 42319 bytes
2026-05-06 09:34:10,261 [INFO] [OK] Argentina/GFS_ENSEMBLE_Corn_Winter/cumulative dia 10 (2026-05-06 → 2026-05-16) 41979 bytes
2026-05-06 09:34:10,345 [INFO] [OK] Argentina/GFS_ENSEMBLE_Corn_Winter/cumulative dia 12 (2026-05-06 → 2026-05-18) 42209 bytes
2026-05-06 09:34:10,426 [INFO] [OK] Argentina/GFS_ENSEMBLE_Corn_Winter/cumulative dia 13 (2026-05-06 → 2026-05-19) 41963 bytes
2026-05-06 09:34:11,599 [INFO] [OK] Argentina/ECM_ENSEMBLE_Soy/daily dia 00 (2026-05-06 → 2026-05-06) 34834 bytes
2026-05-06 09:34:11,603 [INFO] [OK] Argentina/ECM_ENSEMBLE_Soy/daily dia 03 (2026-05-09 → 2026-05-09) 39929 bytes
2026-05-06 09:34:11,604 [INFO] [OK] Argentina/ECM_ENSEMBLE_Soy/daily dia 02 (2026-05-08 → 2026-05-08) 40411 bytes
2026-05-06 09:34:11,605 [INFO] [OK] Argentina/ECM_ENSEMBLE_Soy/daily dia 01 (2026-05-07 → 2026-05-07) 40957 bytes
2026-05-06 09:34:11,608 [INFO] [OK] Argentina/ECM_ENSEMBLE_Soy/daily dia 04 (2026-05-10 → 2026-05-10) 34226 bytes
2026-05-06 09:34:11,816 [INFO] [OK] Argentina/GFS_ENSEMBLE_Corn_Winter/cumulative dia 14 (2026-05-06 → 2026-05-20) 42107 bytes
2026-05-06 09:34:12,692 [INFO] [OK] Argentina/ECM_ENSEMBLE_Soy/daily dia 06 (2026-05-12 → 2026-05-12) 31109 bytes
2026-05-06 09:34:12,769 [INFO] [OK] Argentina/ECM_ENSEMBLE_Soy/daily dia 08 (2026-05-14 → 2026-05-14) 39696 bytes
2026-05-06 09:34:13,026 [INFO] [OK] Argentina/ECM_ENSEMBLE_Soy/daily dia 05 (2026-05-11 → 2026-05-11) 30633 bytes
2026-05-06 09:34:13,036 [INFO] [OK] Argentina/ECM_ENSEMBLE_Soy/daily dia 09 (2026-05-15 → 2026-05-15) 43726 bytes
2026-05-06 09:34:13,039 [INFO] [OK] Argentina/ECM_ENSEMBLE_Soy/daily dia 07 (2026-05-13 → 2026-05-13) 34002 bytes
2026-05-06 09:34:13,270 [INFO] [OK] Argentina/ECM_ENSEMBLE_Soy/daily dia 10 (2026-05-16 → 2026-05-16) 45061 bytes
2026-05-06 09:34:13,750 [INFO] [OK] Argentina/ECM_ENSEMBLE_Soy/daily dia 11 (2026-05-17 → 2026-05-17) 43745 bytes
2026-05-06 09:34:13,979 [INFO] [OK] Argentina/ECM_ENSEMBLE_Soy/daily dia 12 (2026-05-18 → 2026-05-18) 44888 bytes
2026-05-06 09:34:14,257 [INFO] [OK] Argentina/ECM_ENSEMBLE_Soy/daily dia 13 (2026-05-19 → 2026-05-19) 45668 bytes
2026-05-06 09:34:14,258 [INFO] [OK] Argentina/ECM_ENSEMBLE_Soy/daily dia 14 (2026-05-20 → 2026-05-20) 46000 bytes
2026-05-06 09:34:14,261 [INFO] [OK] Argentina/ECM_ENSEMBLE_Soy/cumulative dia 00 (2026-05-06 → 2026-05-06) 34834 bytes
2026-05-06 09:34:14,512 [INFO] [OK] Argentina/ECM_ENSEMBLE_Soy/cumulative dia 01 (2026-05-06 → 2026-05-07) 39855 bytes
2026-05-06 09:34:14,827 [INFO] [OK] Argentina/ECM_ENSEMBLE_Soy/cumulative dia 02 (2026-05-06 → 2026-05-08) 41794 bytes
2026-05-06 09:34:15,301 [INFO] [OK] Argentina/ECM_ENSEMBLE_Soy/cumulative dia 03 (2026-05-06 → 2026-05-09) 42404 bytes
2026-05-06 09:34:15,569 [INFO] [OK] Argentina/ECM_ENSEMBLE_Soy/cumulative dia 05 (2026-05-06 → 2026-05-11) 43913 bytes
2026-05-06 09:34:15,570 [INFO] [OK] Argentina/ECM_ENSEMBLE_Soy/cumulative dia 04 (2026-05-06 → 2026-05-10) 43741 bytes
2026-05-06 09:34:15,582 [INFO] [OK] Argentina/ECM_ENSEMBLE_Soy/cumulative dia 06 (2026-05-06 → 2026-05-12) 44031 bytes
2026-05-06 09:34:15,836 [INFO] [OK] Argentina/ECM_ENSEMBLE_Soy/cumulative dia 07 (2026-05-06 → 2026-05-13) 44478 bytes
2026-05-06 09:34:16,353 [INFO] [OK] Argentina/ECM_ENSEMBLE_Soy/cumulative dia 08 (2026-05-06 → 2026-05-14) 44145 bytes
2026-05-06 09:34:16,909 [INFO] [OK] Argentina/ECM_ENSEMBLE_Soy/cumulative dia 09 (2026-05-06 → 2026-05-15) 44397 bytes
2026-05-06 09:34:17,423 [INFO] [OK] Argentina/ECM_ENSEMBLE_Soy/cumulative dia 12 (2026-05-06 → 2026-05-18) 45190 bytes
2026-05-06 09:34:17,424 [INFO] [OK] Argentina/ECM_ENSEMBLE_Soy/cumulative dia 11 (2026-05-06 → 2026-05-17) 44934 bytes
2026-05-06 09:34:17,436 [INFO] [OK] Argentina/ECM_ENSEMBLE_Soy/cumulative dia 10 (2026-05-06 → 2026-05-16) 44733 bytes
2026-05-06 09:34:17,614 [INFO] [OK] Argentina/ECM_ENSEMBLE_Soy/cumulative dia 13 (2026-05-06 → 2026-05-19) 45735 bytes
2026-05-06 09:34:17,884 [INFO] [OK] Argentina/ECM_ENSEMBLE_Corn_Winter/daily dia 00 (2026-05-06 → 2026-05-06) 33143 bytes
2026-05-06 09:34:18,112 [INFO] [OK] Argentina/ECM_ENSEMBLE_Soy/cumulative dia 14 (2026-05-06 → 2026-05-20) 46088 bytes
2026-05-06 09:34:18,467 [INFO] [OK] Argentina/ECM_ENSEMBLE_Corn_Winter/daily dia 03 (2026-05-09 → 2026-05-09) 38559 bytes
2026-05-06 09:34:18,578 [INFO] [OK] Argentina/ECM_ENSEMBLE_Corn_Winter/daily dia 04 (2026-05-10 → 2026-05-10) 32663 bytes
2026-05-06 09:34:18,794 [INFO] [OK] Argentina/ECM_ENSEMBLE_Corn_Winter/daily dia 02 (2026-05-08 → 2026-05-08) 38707 bytes
2026-05-06 09:34:18,917 [INFO] [OK] Argentina/ECM_ENSEMBLE_Corn_Winter/daily dia 01 (2026-05-07 → 2026-05-07) 39202 bytes
2026-05-06 09:34:18,950 [INFO] [OK] Argentina/ECM_ENSEMBLE_Corn_Winter/daily dia 05 (2026-05-11 → 2026-05-11) 28811 bytes
2026-05-06 09:34:19,325 [INFO] [OK] Argentina/ECM_ENSEMBLE_Corn_Winter/daily dia 06 (2026-05-12 → 2026-05-12) 29378 bytes
2026-05-06 09:34:19,471 [INFO] [OK] Argentina/ECM_ENSEMBLE_Corn_Winter/daily dia 07 (2026-05-13 → 2026-05-13) 32358 bytes
2026-05-06 09:34:19,651 [INFO] [OK] Argentina/ECM_ENSEMBLE_Corn_Winter/daily dia 08 (2026-05-14 → 2026-05-14) 38408 bytes
2026-05-06 09:34:19,885 [INFO] [OK] Argentina/ECM_ENSEMBLE_Corn_Winter/daily dia 09 (2026-05-15 → 2026-05-15) 42131 bytes
2026-05-06 09:34:19,972 [INFO] [OK] Argentina/ECM_ENSEMBLE_Corn_Winter/daily dia 10 (2026-05-16 → 2026-05-16) 43695 bytes
2026-05-06 09:34:20,007 [INFO] [OK] Argentina/ECM_ENSEMBLE_Corn_Winter/daily dia 11 (2026-05-17 → 2026-05-17) 42280 bytes
2026-05-06 09:34:20,467 [INFO] [OK] Argentina/ECM_ENSEMBLE_Corn_Winter/daily dia 12 (2026-05-18 → 2026-05-18) 43703 bytes
2026-05-06 09:34:20,514 [INFO] [OK] Argentina/ECM_ENSEMBLE_Corn_Winter/daily dia 13 (2026-05-19 → 2026-05-19) 44119 bytes
2026-05-06 09:34:20,675 [INFO] [OK] Argentina/ECM_ENSEMBLE_Corn_Winter/daily dia 14 (2026-05-20 → 2026-05-20) 44313 bytes
2026-05-06 09:34:20,929 [INFO] [OK] Argentina/ECM_ENSEMBLE_Corn_Winter/cumulative dia 00 (2026-05-06 → 2026-05-06) 33143 bytes
2026-05-06 09:34:21,582 [INFO] [OK] Argentina/ECM_ENSEMBLE_Corn_Winter/cumulative dia 02 (2026-05-06 → 2026-05-08) 40460 bytes
2026-05-06 09:34:21,589 [INFO] [OK] Argentina/ECM_ENSEMBLE_Corn_Winter/cumulative dia 01 (2026-05-06 → 2026-05-07) 38014 bytes
2026-05-06 09:34:21,660 [INFO] [OK] Argentina/ECM_ENSEMBLE_Corn_Winter/cumulative dia 03 (2026-05-06 → 2026-05-09) 40963 bytes
2026-05-06 09:34:21,815 [INFO] [OK] Argentina/ECM_ENSEMBLE_Corn_Winter/cumulative dia 04 (2026-05-06 → 2026-05-10) 42355 bytes
2026-05-06 09:34:21,974 [INFO] [OK] Argentina/ECM_ENSEMBLE_Corn_Winter/cumulative dia 05 (2026-05-06 → 2026-05-11) 42410 bytes
2026-05-06 09:34:22,162 [INFO] [OK] Argentina/ECM_ENSEMBLE_Corn_Winter/cumulative dia 06 (2026-05-06 → 2026-05-12) 42644 bytes
2026-05-06 09:34:23,232 [INFO] [OK] Argentina/ECM_ENSEMBLE_Corn_Winter/cumulative dia 08 (2026-05-06 → 2026-05-14) 42512 bytes
2026-05-06 09:34:23,262 [INFO] [OK] Argentina/ECM_ENSEMBLE_Corn_Winter/cumulative dia 07 (2026-05-06 → 2026-05-13) 42823 bytes
2026-05-06 09:34:23,373 [INFO] [OK] Argentina/ECM_ENSEMBLE_Corn_Winter/cumulative dia 10 (2026-05-06 → 2026-05-16) 43108 bytes
2026-05-06 09:34:23,411 [INFO] [OK] Argentina/ECM_ENSEMBLE_Corn_Winter/cumulative dia 09 (2026-05-06 → 2026-05-15) 43078 bytes
2026-05-06 09:34:23,640 [INFO] [OK] Argentina/ECM_ENSEMBLE_Corn_Winter/cumulative dia 11 (2026-05-06 → 2026-05-17) 43387 bytes
2026-05-06 09:34:23,801 [INFO] [OK] Argentina/ECM_ENSEMBLE_Corn_Winter/cumulative dia 12 (2026-05-06 → 2026-05-18) 43643 bytes
2026-05-06 09:34:24,948 [INFO] [OK] Argentina/ECM_ENSEMBLE_Corn_Winter/cumulative dia 13 (2026-05-06 → 2026-05-19) 44352 bytes
2026-05-06 09:34:24,981 [INFO] [OK] Argentina/ECM_ENSEMBLE_Corn_Winter/cumulative dia 14 (2026-05-06 → 2026-05-20) 44671 bytes
2026-05-06 09:34:24,983 [INFO] Resumo: 240/240 sucessos, 0 erros
2026-05-06 09:34:25,022 [INFO] Manifest: C:\Users\server\OneDrive - CGB Enterprises, Inc\ZGC-PBI Research - Documents\Dataset Data Files\Weather_maps\manifest.json
2026-05-06 09:34:25,024 [INFO] [GIT] Iniciando sincronização com GitHub...
