2026-05-14 09:33:18,806 [INFO] === Execução 2026-05-14 | modo=both | dias=15 | parâmetro=PRCP_DEP ===
2026-05-14 09:33:18,807 [INFO] Baixando 240 mapas com 6 threads...
2026-05-14 09:33:22,144 [INFO] [OK] Brazil/GFS_ENSEMBLE_Soy/daily dia 05 (2026-05-19 → 2026-05-19) 43277 bytes
2026-05-14 09:33:22,197 [INFO] [OK] Brazil/GFS_ENSEMBLE_Soy/daily dia 04 (2026-05-18 → 2026-05-18) 44887 bytes
2026-05-14 09:33:22,232 [INFO] [OK] Brazil/GFS_ENSEMBLE_Soy/daily dia 00 (2026-05-14 → 2026-05-14) 44181 bytes
2026-05-14 09:33:22,261 [INFO] [OK] Brazil/GFS_ENSEMBLE_Soy/daily dia 02 (2026-05-16 → 2026-05-16) 50732 bytes
2026-05-14 09:33:22,269 [INFO] [OK] Brazil/GFS_ENSEMBLE_Soy/daily dia 01 (2026-05-15 → 2026-05-15) 45080 bytes
2026-05-14 09:33:22,273 [INFO] [OK] Brazil/GFS_ENSEMBLE_Soy/daily dia 03 (2026-05-17 → 2026-05-17) 48185 bytes
2026-05-14 09:33:23,713 [INFO] [OK] Brazil/GFS_ENSEMBLE_Soy/daily dia 07 (2026-05-21 → 2026-05-21) 45341 bytes
2026-05-14 09:33:23,727 [INFO] [OK] Brazil/GFS_ENSEMBLE_Soy/daily dia 10 (2026-05-24 → 2026-05-24) 50419 bytes
2026-05-14 09:33:23,763 [INFO] [OK] Brazil/GFS_ENSEMBLE_Soy/daily dia 11 (2026-05-25 → 2026-05-25) 50859 bytes
2026-05-14 09:33:23,902 [INFO] [OK] Brazil/GFS_ENSEMBLE_Soy/daily dia 09 (2026-05-23 → 2026-05-23) 48965 bytes
2026-05-14 09:33:23,953 [INFO] [OK] Brazil/GFS_ENSEMBLE_Soy/daily dia 06 (2026-05-20 → 2026-05-20) 43287 bytes
2026-05-14 09:33:23,974 [INFO] [OK] Brazil/GFS_ENSEMBLE_Soy/daily dia 08 (2026-05-22 → 2026-05-22) 47129 bytes
2026-05-14 09:33:25,108 [INFO] [OK] Brazil/GFS_ENSEMBLE_Soy/daily dia 12 (2026-05-26 → 2026-05-26) 52838 bytes
2026-05-14 09:33:25,166 [INFO] [OK] Brazil/GFS_ENSEMBLE_Soy/daily dia 13 (2026-05-27 → 2026-05-27) 55730 bytes
2026-05-14 09:33:25,256 [INFO] [OK] Brazil/GFS_ENSEMBLE_Soy/daily dia 14 (2026-05-28 → 2026-05-28) 54774 bytes
2026-05-14 09:33:25,624 [INFO] [OK] Brazil/GFS_ENSEMBLE_Soy/cumulative dia 02 (2026-05-14 → 2026-05-16) 49882 bytes
2026-05-14 09:33:25,663 [INFO] [OK] Brazil/GFS_ENSEMBLE_Soy/cumulative dia 00 (2026-05-14 → 2026-05-14) 44181 bytes
2026-05-14 09:33:25,857 [INFO] [OK] Brazil/GFS_ENSEMBLE_Soy/cumulative dia 01 (2026-05-14 → 2026-05-15) 46011 bytes
2026-05-14 09:33:26,688 [INFO] [OK] Brazil/GFS_ENSEMBLE_Soy/cumulative dia 03 (2026-05-14 → 2026-05-17) 49829 bytes
2026-05-14 09:33:26,898 [INFO] [OK] Brazil/GFS_ENSEMBLE_Soy/cumulative dia 04 (2026-05-14 → 2026-05-18) 49908 bytes
2026-05-14 09:33:27,016 [INFO] [OK] Brazil/GFS_ENSEMBLE_Soy/cumulative dia 05 (2026-05-14 → 2026-05-19) 49890 bytes
2026-05-14 09:33:27,395 [INFO] [OK] Brazil/GFS_ENSEMBLE_Soy/cumulative dia 06 (2026-05-14 → 2026-05-20) 49710 bytes
2026-05-14 09:33:27,576 [INFO] [OK] Brazil/GFS_ENSEMBLE_Soy/cumulative dia 07 (2026-05-14 → 2026-05-21) 49482 bytes
2026-05-14 09:33:27,777 [INFO] [OK] Brazil/GFS_ENSEMBLE_Soy/cumulative dia 08 (2026-05-14 → 2026-05-22) 49814 bytes
2026-05-14 09:33:28,772 [INFO] [OK] Brazil/GFS_ENSEMBLE_Soy/cumulative dia 09 (2026-05-14 → 2026-05-23) 49740 bytes
2026-05-14 09:33:29,258 [INFO] [OK] Brazil/GFS_ENSEMBLE_Soy/cumulative dia 10 (2026-05-14 → 2026-05-24) 50147 bytes
2026-05-14 09:33:29,387 [INFO] [OK] Brazil/GFS_ENSEMBLE_Soy/cumulative dia 11 (2026-05-14 → 2026-05-25) 50676 bytes
2026-05-14 09:33:29,814 [INFO] [OK] Brazil/GFS_ENSEMBLE_Soy/cumulative dia 12 (2026-05-14 → 2026-05-26) 50916 bytes
2026-05-14 09:33:30,218 [INFO] [OK] Brazil/GFS_ENSEMBLE_Corn_Winter/daily dia 00 (2026-05-14 → 2026-05-14) 42631 bytes
2026-05-14 09:33:30,263 [INFO] [OK] Brazil/GFS_ENSEMBLE_Soy/cumulative dia 13 (2026-05-14 → 2026-05-27) 51518 bytes
2026-05-14 09:33:30,359 [INFO] [OK] Brazil/GFS_ENSEMBLE_Soy/cumulative dia 14 (2026-05-14 → 2026-05-28) 52187 bytes
2026-05-14 09:33:30,667 [INFO] [OK] Brazil/GFS_ENSEMBLE_Corn_Winter/daily dia 01 (2026-05-15 → 2026-05-15) 43486 bytes
2026-05-14 09:33:30,780 [INFO] [OK] Brazil/GFS_ENSEMBLE_Corn_Winter/daily dia 02 (2026-05-16 → 2026-05-16) 49364 bytes
2026-05-14 09:33:31,285 [INFO] [OK] Brazil/GFS_ENSEMBLE_Corn_Winter/daily dia 03 (2026-05-17 → 2026-05-17) 46738 bytes
2026-05-14 09:33:31,568 [INFO] [OK] Brazil/GFS_ENSEMBLE_Corn_Winter/daily dia 04 (2026-05-18 → 2026-05-18) 43584 bytes
2026-05-14 09:33:31,738 [INFO] [OK] Brazil/GFS_ENSEMBLE_Corn_Winter/daily dia 05 (2026-05-19 → 2026-05-19) 41746 bytes
2026-05-14 09:33:31,982 [INFO] [OK] Brazil/GFS_ENSEMBLE_Corn_Winter/daily dia 06 (2026-05-20 → 2026-05-20) 41850 bytes
2026-05-14 09:33:32,051 [INFO] [OK] Brazil/GFS_ENSEMBLE_Corn_Winter/daily dia 07 (2026-05-21 → 2026-05-21) 43555 bytes
2026-05-14 09:33:32,294 [INFO] [OK] Brazil/GFS_ENSEMBLE_Corn_Winter/daily dia 08 (2026-05-22 → 2026-05-22) 45742 bytes
2026-05-14 09:33:32,628 [INFO] [OK] Brazil/GFS_ENSEMBLE_Corn_Winter/daily dia 09 (2026-05-23 → 2026-05-23) 47373 bytes
2026-05-14 09:33:32,880 [INFO] [OK] Brazil/GFS_ENSEMBLE_Corn_Winter/daily dia 10 (2026-05-24 → 2026-05-24) 48923 bytes
2026-05-14 09:33:33,328 [INFO] [OK] Brazil/GFS_ENSEMBLE_Corn_Winter/daily dia 12 (2026-05-26 → 2026-05-26) 51399 bytes
2026-05-14 09:33:33,335 [INFO] [OK] Brazil/GFS_ENSEMBLE_Corn_Winter/daily dia 11 (2026-05-25 → 2026-05-25) 49434 bytes
2026-05-14 09:33:33,500 [INFO] [OK] Brazil/GFS_ENSEMBLE_Corn_Winter/daily dia 13 (2026-05-27 → 2026-05-27) 54304 bytes
2026-05-14 09:33:33,638 [INFO] [OK] Brazil/GFS_ENSEMBLE_Corn_Winter/daily dia 14 (2026-05-28 → 2026-05-28) 53353 bytes
2026-05-14 09:33:33,969 [INFO] [OK] Brazil/GFS_ENSEMBLE_Corn_Winter/cumulative dia 00 (2026-05-14 → 2026-05-14) 42631 bytes
2026-05-14 09:33:34,284 [INFO] [OK] Brazil/GFS_ENSEMBLE_Corn_Winter/cumulative dia 01 (2026-05-14 → 2026-05-15) 44398 bytes
2026-05-14 09:33:34,808 [INFO] [OK] Brazil/GFS_ENSEMBLE_Corn_Winter/cumulative dia 02 (2026-05-14 → 2026-05-16) 48494 bytes
2026-05-14 09:33:34,938 [INFO] [OK] Brazil/GFS_ENSEMBLE_Corn_Winter/cumulative dia 03 (2026-05-14 → 2026-05-17) 48547 bytes
2026-05-14 09:33:35,328 [INFO] [OK] Brazil/GFS_ENSEMBLE_Corn_Winter/cumulative dia 04 (2026-05-14 → 2026-05-18) 48529 bytes
2026-05-14 09:33:35,399 [INFO] [OK] Brazil/GFS_ENSEMBLE_Corn_Winter/cumulative dia 05 (2026-05-14 → 2026-05-19) 48516 bytes
2026-05-14 09:33:35,763 [INFO] [OK] Brazil/GFS_ENSEMBLE_Corn_Winter/cumulative dia 06 (2026-05-14 → 2026-05-20) 48326 bytes
2026-05-14 09:33:36,067 [INFO] [OK] Brazil/GFS_ENSEMBLE_Corn_Winter/cumulative dia 07 (2026-05-14 → 2026-05-21) 48122 bytes
2026-05-14 09:33:36,687 [INFO] [OK] Brazil/GFS_ENSEMBLE_Corn_Winter/cumulative dia 08 (2026-05-14 → 2026-05-22) 48236 bytes
2026-05-14 09:33:36,912 [INFO] [OK] Brazil/GFS_ENSEMBLE_Corn_Winter/cumulative dia 09 (2026-05-14 → 2026-05-23) 48317 bytes
2026-05-14 09:33:37,635 [INFO] [OK] Brazil/GFS_ENSEMBLE_Corn_Winter/cumulative dia 10 (2026-05-14 → 2026-05-24) 48513 bytes
2026-05-14 09:33:37,660 [INFO] [OK] Brazil/GFS_ENSEMBLE_Corn_Winter/cumulative dia 11 (2026-05-14 → 2026-05-25) 49066 bytes
2026-05-14 09:33:37,999 [INFO] [OK] Brazil/GFS_ENSEMBLE_Corn_Winter/cumulative dia 12 (2026-05-14 → 2026-05-26) 49364 bytes
2026-05-14 09:33:38,451 [INFO] [OK] Brazil/ECM_ENSEMBLE_Soy/daily dia 00 (2026-05-14 → 2026-05-14) 48337 bytes
2026-05-14 09:33:38,569 [INFO] [OK] Brazil/GFS_ENSEMBLE_Corn_Winter/cumulative dia 13 (2026-05-14 → 2026-05-27) 49918 bytes
2026-05-14 09:33:39,131 [INFO] [OK] Brazil/GFS_ENSEMBLE_Corn_Winter/cumulative dia 14 (2026-05-14 → 2026-05-28) 50556 bytes
2026-05-14 09:33:39,202 [INFO] [OK] Brazil/ECM_ENSEMBLE_Soy/daily dia 01 (2026-05-15 → 2026-05-15) 49402 bytes
2026-05-14 09:33:39,209 [INFO] [OK] Brazil/ECM_ENSEMBLE_Soy/daily dia 02 (2026-05-16 → 2026-05-16) 50887 bytes
2026-05-14 09:33:39,416 [INFO] [OK] Brazil/ECM_ENSEMBLE_Soy/daily dia 03 (2026-05-17 → 2026-05-17) 49535 bytes
2026-05-14 09:33:39,845 [INFO] [OK] Brazil/ECM_ENSEMBLE_Soy/daily dia 04 (2026-05-18 → 2026-05-18) 47628 bytes
2026-05-14 09:33:39,964 [INFO] [OK] Brazil/ECM_ENSEMBLE_Soy/daily dia 05 (2026-05-19 → 2026-05-19) 43990 bytes
2026-05-14 09:33:40,489 [INFO] [OK] Brazil/ECM_ENSEMBLE_Soy/daily dia 06 (2026-05-20 → 2026-05-20) 46818 bytes
2026-05-14 09:33:40,575 [INFO] [OK] Brazil/ECM_ENSEMBLE_Soy/daily dia 07 (2026-05-21 → 2026-05-21) 48435 bytes
2026-05-14 09:33:40,594 [INFO] [OK] Brazil/ECM_ENSEMBLE_Soy/daily dia 08 (2026-05-22 → 2026-05-22) 48247 bytes
2026-05-14 09:33:40,875 [INFO] [OK] Brazil/ECM_ENSEMBLE_Soy/daily dia 09 (2026-05-23 → 2026-05-23) 47870 bytes
2026-05-14 09:33:41,190 [INFO] [OK] Brazil/ECM_ENSEMBLE_Soy/daily dia 10 (2026-05-24 → 2026-05-24) 50794 bytes
2026-05-14 09:33:41,289 [INFO] [OK] Brazil/ECM_ENSEMBLE_Soy/daily dia 11 (2026-05-25 → 2026-05-25) 54646 bytes
2026-05-14 09:33:41,918 [INFO] [OK] Brazil/ECM_ENSEMBLE_Soy/daily dia 12 (2026-05-26 → 2026-05-26) 55434 bytes
2026-05-14 09:33:42,041 [INFO] [OK] Brazil/ECM_ENSEMBLE_Soy/daily dia 14 (2026-05-28 → 2026-05-28) 52762 bytes
2026-05-14 09:33:42,183 [INFO] [OK] Brazil/ECM_ENSEMBLE_Soy/daily dia 13 (2026-05-27 → 2026-05-27) 55138 bytes
2026-05-14 09:33:42,373 [INFO] [OK] Brazil/ECM_ENSEMBLE_Soy/cumulative dia 00 (2026-05-14 → 2026-05-14) 48337 bytes
2026-05-14 09:33:42,702 [INFO] [OK] Brazil/ECM_ENSEMBLE_Soy/cumulative dia 01 (2026-05-14 → 2026-05-15) 49893 bytes
2026-05-14 09:33:42,831 [INFO] [OK] Brazil/ECM_ENSEMBLE_Soy/cumulative dia 02 (2026-05-14 → 2026-05-16) 51582 bytes
2026-05-14 09:33:43,481 [INFO] [OK] Brazil/ECM_ENSEMBLE_Soy/cumulative dia 03 (2026-05-14 → 2026-05-17) 51667 bytes
2026-05-14 09:33:44,302 [INFO] [OK] Brazil/ECM_ENSEMBLE_Soy/cumulative dia 04 (2026-05-14 → 2026-05-18) 51907 bytes
2026-05-14 09:33:44,387 [INFO] [OK] Brazil/ECM_ENSEMBLE_Soy/cumulative dia 06 (2026-05-14 → 2026-05-20) 52686 bytes
2026-05-14 09:33:44,401 [INFO] [OK] Brazil/ECM_ENSEMBLE_Soy/cumulative dia 05 (2026-05-14 → 2026-05-19) 52365 bytes
2026-05-14 09:33:44,557 [INFO] [OK] Brazil/ECM_ENSEMBLE_Soy/cumulative dia 07 (2026-05-14 → 2026-05-21) 52730 bytes
2026-05-14 09:33:44,818 [INFO] [OK] Brazil/ECM_ENSEMBLE_Soy/cumulative dia 08 (2026-05-14 → 2026-05-22) 53006 bytes
2026-05-14 09:33:45,469 [INFO] [OK] Brazil/ECM_ENSEMBLE_Soy/cumulative dia 09 (2026-05-14 → 2026-05-23) 52822 bytes
2026-05-14 09:33:46,632 [INFO] [OK] Brazil/ECM_ENSEMBLE_Soy/cumulative dia 10 (2026-05-14 → 2026-05-24) 53427 bytes
2026-05-14 09:33:46,909 [INFO] [OK] Brazil/ECM_ENSEMBLE_Corn_Winter/daily dia 00 (2026-05-14 → 2026-05-14) 46648 bytes
2026-05-14 09:33:46,979 [INFO] [OK] Brazil/ECM_ENSEMBLE_Soy/cumulative dia 11 (2026-05-14 → 2026-05-25) 53528 bytes
2026-05-14 09:33:47,001 [INFO] [OK] Brazil/ECM_ENSEMBLE_Soy/cumulative dia 12 (2026-05-14 → 2026-05-26) 53952 bytes
2026-05-14 09:33:47,264 [INFO] [OK] Brazil/ECM_ENSEMBLE_Soy/cumulative dia 14 (2026-05-14 → 2026-05-28) 53803 bytes
2026-05-14 09:33:47,275 [INFO] [OK] Brazil/ECM_ENSEMBLE_Soy/cumulative dia 13 (2026-05-14 → 2026-05-27) 54354 bytes
2026-05-14 09:33:48,164 [INFO] [OK] Brazil/ECM_ENSEMBLE_Corn_Winter/daily dia 01 (2026-05-15 → 2026-05-15) 47995 bytes
2026-05-14 09:33:48,223 [INFO] [OK] Brazil/ECM_ENSEMBLE_Corn_Winter/daily dia 02 (2026-05-16 → 2026-05-16) 49666 bytes
2026-05-14 09:33:48,599 [INFO] [OK] Brazil/ECM_ENSEMBLE_Corn_Winter/daily dia 03 (2026-05-17 → 2026-05-17) 48280 bytes
2026-05-14 09:33:48,619 [INFO] [OK] Brazil/ECM_ENSEMBLE_Corn_Winter/daily dia 04 (2026-05-18 → 2026-05-18) 45955 bytes
2026-05-14 09:33:48,791 [INFO] [OK] Brazil/ECM_ENSEMBLE_Corn_Winter/daily dia 06 (2026-05-20 → 2026-05-20) 45379 bytes
2026-05-14 09:33:48,881 [INFO] [OK] Brazil/ECM_ENSEMBLE_Corn_Winter/daily dia 05 (2026-05-19 → 2026-05-19) 42324 bytes
2026-05-14 09:33:49,526 [INFO] [OK] Brazil/ECM_ENSEMBLE_Corn_Winter/daily dia 08 (2026-05-22 → 2026-05-22) 46794 bytes
2026-05-14 09:33:49,564 [INFO] [OK] Brazil/ECM_ENSEMBLE_Corn_Winter/daily dia 07 (2026-05-21 → 2026-05-21) 46948 bytes
2026-05-14 09:33:49,967 [INFO] [OK] Brazil/ECM_ENSEMBLE_Corn_Winter/daily dia 09 (2026-05-23 → 2026-05-23) 46438 bytes
2026-05-14 09:33:49,977 [INFO] [OK] Brazil/ECM_ENSEMBLE_Corn_Winter/daily dia 10 (2026-05-24 → 2026-05-24) 49427 bytes
2026-05-14 09:33:50,124 [INFO] [OK] Brazil/ECM_ENSEMBLE_Corn_Winter/daily dia 11 (2026-05-25 → 2026-05-25) 53157 bytes
2026-05-14 09:33:50,505 [INFO] [OK] Brazil/ECM_ENSEMBLE_Corn_Winter/daily dia 12 (2026-05-26 → 2026-05-26) 53548 bytes
2026-05-14 09:33:50,838 [INFO] [OK] Brazil/ECM_ENSEMBLE_Corn_Winter/daily dia 13 (2026-05-27 → 2026-05-27) 53513 bytes
2026-05-14 09:33:50,903 [INFO] [OK] Brazil/ECM_ENSEMBLE_Corn_Winter/daily dia 14 (2026-05-28 → 2026-05-28) 50927 bytes
2026-05-14 09:33:51,415 [INFO] [OK] Brazil/ECM_ENSEMBLE_Corn_Winter/cumulative dia 00 (2026-05-14 → 2026-05-14) 46648 bytes
2026-05-14 09:33:51,505 [INFO] [OK] Brazil/ECM_ENSEMBLE_Corn_Winter/cumulative dia 01 (2026-05-14 → 2026-05-15) 48396 bytes
2026-05-14 09:33:51,588 [INFO] [OK] Brazil/ECM_ENSEMBLE_Corn_Winter/cumulative dia 02 (2026-05-14 → 2026-05-16) 50154 bytes
2026-05-14 09:33:52,113 [INFO] [OK] Brazil/ECM_ENSEMBLE_Corn_Winter/cumulative dia 03 (2026-05-14 → 2026-05-17) 50404 bytes
2026-05-14 09:33:52,532 [INFO] [OK] Brazil/ECM_ENSEMBLE_Corn_Winter/cumulative dia 04 (2026-05-14 → 2026-05-18) 50545 bytes
2026-05-14 09:33:52,588 [INFO] [OK] Brazil/ECM_ENSEMBLE_Corn_Winter/cumulative dia 05 (2026-05-14 → 2026-05-19) 50940 bytes
2026-05-14 09:33:53,266 [INFO] [OK] Brazil/ECM_ENSEMBLE_Corn_Winter/cumulative dia 06 (2026-05-14 → 2026-05-20) 51327 bytes
2026-05-14 09:33:53,378 [INFO] [OK] Brazil/ECM_ENSEMBLE_Corn_Winter/cumulative dia 07 (2026-05-14 → 2026-05-21) 51372 bytes
2026-05-14 09:33:53,605 [INFO] [OK] Brazil/ECM_ENSEMBLE_Corn_Winter/cumulative dia 08 (2026-05-14 → 2026-05-22) 51700 bytes
2026-05-14 09:33:54,444 [INFO] [OK] Brazil/ECM_ENSEMBLE_Corn_Winter/cumulative dia 09 (2026-05-14 → 2026-05-23) 51553 bytes
2026-05-14 09:33:54,657 [INFO] [OK] Brazil/ECM_ENSEMBLE_Corn_Winter/cumulative dia 10 (2026-05-14 → 2026-05-24) 51984 bytes
2026-05-14 09:33:54,941 [INFO] [OK] Brazil/ECM_ENSEMBLE_Corn_Winter/cumulative dia 11 (2026-05-14 → 2026-05-25) 52288 bytes
2026-05-14 09:33:55,587 [INFO] [OK] Argentina/GFS_ENSEMBLE_Soy/daily dia 00 (2026-05-14 → 2026-05-14) 33449 bytes
2026-05-14 09:33:55,601 [INFO] [OK] Brazil/ECM_ENSEMBLE_Corn_Winter/cumulative dia 12 (2026-05-14 → 2026-05-26) 52571 bytes
2026-05-14 09:33:55,664 [INFO] [OK] Argentina/GFS_ENSEMBLE_Soy/daily dia 01 (2026-05-15 → 2026-05-15) 34718 bytes
2026-05-14 09:33:55,722 [INFO] [OK] Brazil/ECM_ENSEMBLE_Corn_Winter/cumulative dia 13 (2026-05-14 → 2026-05-27) 52818 bytes
2026-05-14 09:33:55,955 [INFO] [OK] Brazil/ECM_ENSEMBLE_Corn_Winter/cumulative dia 14 (2026-05-14 → 2026-05-28) 52415 bytes
2026-05-14 09:33:55,961 [INFO] [OK] Argentina/GFS_ENSEMBLE_Soy/daily dia 02 (2026-05-16 → 2026-05-16) 41200 bytes
2026-05-14 09:33:56,596 [INFO] [OK] Argentina/GFS_ENSEMBLE_Soy/daily dia 03 (2026-05-17 → 2026-05-17) 37912 bytes
2026-05-14 09:33:56,632 [INFO] [OK] Argentina/GFS_ENSEMBLE_Soy/daily dia 04 (2026-05-18 → 2026-05-18) 34489 bytes
2026-05-14 09:33:56,707 [INFO] [OK] Argentina/GFS_ENSEMBLE_Soy/daily dia 05 (2026-05-19 → 2026-05-19) 31827 bytes
2026-05-14 09:33:56,730 [INFO] [OK] Argentina/GFS_ENSEMBLE_Soy/daily dia 06 (2026-05-20 → 2026-05-20) 31355 bytes
2026-05-14 09:33:56,900 [INFO] [OK] Argentina/GFS_ENSEMBLE_Soy/daily dia 07 (2026-05-21 → 2026-05-21) 33807 bytes
2026-05-14 09:33:56,928 [INFO] [OK] Argentina/GFS_ENSEMBLE_Soy/daily dia 08 (2026-05-22 → 2026-05-22) 36251 bytes
2026-05-14 09:33:57,742 [INFO] [OK] Argentina/GFS_ENSEMBLE_Soy/daily dia 09 (2026-05-23 → 2026-05-23) 37169 bytes
2026-05-14 09:33:57,747 [INFO] [OK] Argentina/GFS_ENSEMBLE_Soy/daily dia 10 (2026-05-24 → 2026-05-24) 38927 bytes
2026-05-14 09:33:57,785 [INFO] [OK] Argentina/GFS_ENSEMBLE_Soy/daily dia 11 (2026-05-25 → 2026-05-25) 38453 bytes
2026-05-14 09:33:57,905 [INFO] [OK] Argentina/GFS_ENSEMBLE_Soy/daily dia 12 (2026-05-26 → 2026-05-26) 41716 bytes
2026-05-14 09:33:57,914 [INFO] [OK] Argentina/GFS_ENSEMBLE_Soy/daily dia 13 (2026-05-27 → 2026-05-27) 45650 bytes
2026-05-14 09:33:57,959 [INFO] [OK] Argentina/GFS_ENSEMBLE_Soy/daily dia 14 (2026-05-28 → 2026-05-28) 45290 bytes
2026-05-14 09:33:58,741 [INFO] [OK] Argentina/GFS_ENSEMBLE_Soy/cumulative dia 00 (2026-05-14 → 2026-05-14) 33449 bytes
2026-05-14 09:33:58,828 [INFO] [OK] Argentina/GFS_ENSEMBLE_Soy/cumulative dia 01 (2026-05-14 → 2026-05-15) 35543 bytes
2026-05-14 09:33:59,181 [INFO] [OK] Argentina/GFS_ENSEMBLE_Soy/cumulative dia 03 (2026-05-14 → 2026-05-17) 40303 bytes
2026-05-14 09:33:59,228 [INFO] [OK] Argentina/GFS_ENSEMBLE_Soy/cumulative dia 04 (2026-05-14 → 2026-05-18) 40226 bytes
2026-05-14 09:33:59,332 [INFO] [OK] Argentina/GFS_ENSEMBLE_Soy/cumulative dia 02 (2026-05-14 → 2026-05-16) 40816 bytes
2026-05-14 09:33:59,372 [INFO] [OK] Argentina/GFS_ENSEMBLE_Soy/cumulative dia 05 (2026-05-14 → 2026-05-19) 40047 bytes
2026-05-14 09:33:59,992 [INFO] [OK] Argentina/GFS_ENSEMBLE_Soy/cumulative dia 06 (2026-05-14 → 2026-05-20) 40143 bytes
2026-05-14 09:34:00,309 [INFO] [OK] Argentina/GFS_ENSEMBLE_Soy/cumulative dia 07 (2026-05-14 → 2026-05-21) 39874 bytes
2026-05-14 09:34:00,811 [INFO] [OK] Argentina/GFS_ENSEMBLE_Soy/cumulative dia 08 (2026-05-14 → 2026-05-22) 40157 bytes
2026-05-14 09:34:00,884 [INFO] [OK] Argentina/GFS_ENSEMBLE_Soy/cumulative dia 09 (2026-05-14 → 2026-05-23) 39773 bytes
2026-05-14 09:34:00,903 [INFO] [OK] Argentina/GFS_ENSEMBLE_Soy/cumulative dia 10 (2026-05-14 → 2026-05-24) 40286 bytes
2026-05-14 09:34:00,937 [INFO] [OK] Argentina/GFS_ENSEMBLE_Soy/cumulative dia 11 (2026-05-14 → 2026-05-25) 40260 bytes
2026-05-14 09:34:01,472 [INFO] [OK] Argentina/GFS_ENSEMBLE_Soy/cumulative dia 12 (2026-05-14 → 2026-05-26) 40286 bytes
2026-05-14 09:34:01,876 [INFO] [OK] Argentina/GFS_ENSEMBLE_Soy/cumulative dia 13 (2026-05-14 → 2026-05-27) 40833 bytes
2026-05-14 09:34:01,926 [INFO] [OK] Argentina/GFS_ENSEMBLE_Corn_Winter/daily dia 00 (2026-05-14 → 2026-05-14) 31561 bytes
2026-05-14 09:34:01,953 [INFO] [OK] Argentina/GFS_ENSEMBLE_Corn_Winter/daily dia 01 (2026-05-15 → 2026-05-15) 32994 bytes
2026-05-14 09:34:01,958 [INFO] [OK] Argentina/GFS_ENSEMBLE_Corn_Winter/daily dia 02 (2026-05-16 → 2026-05-16) 39655 bytes
2026-05-14 09:34:02,394 [INFO] [OK] Argentina/GFS_ENSEMBLE_Soy/cumulative dia 14 (2026-05-14 → 2026-05-28) 41580 bytes
2026-05-14 09:34:02,447 [INFO] [OK] Argentina/GFS_ENSEMBLE_Corn_Winter/daily dia 03 (2026-05-17 → 2026-05-17) 36332 bytes
2026-05-14 09:34:02,882 [INFO] [OK] Argentina/GFS_ENSEMBLE_Corn_Winter/daily dia 04 (2026-05-18 → 2026-05-18) 32945 bytes
2026-05-14 09:34:02,897 [INFO] [OK] Argentina/GFS_ENSEMBLE_Corn_Winter/daily dia 05 (2026-05-19 → 2026-05-19) 30214 bytes
2026-05-14 09:34:02,941 [INFO] [OK] Argentina/GFS_ENSEMBLE_Corn_Winter/daily dia 06 (2026-05-20 → 2026-05-20) 29730 bytes
2026-05-14 09:34:02,966 [INFO] [OK] Argentina/GFS_ENSEMBLE_Corn_Winter/daily dia 07 (2026-05-21 → 2026-05-21) 31967 bytes
2026-05-14 09:34:03,411 [INFO] [OK] Argentina/GFS_ENSEMBLE_Corn_Winter/daily dia 09 (2026-05-23 → 2026-05-23) 35630 bytes
2026-05-14 09:34:03,453 [INFO] [OK] Argentina/GFS_ENSEMBLE_Corn_Winter/daily dia 08 (2026-05-22 → 2026-05-22) 34680 bytes
2026-05-14 09:34:03,930 [INFO] [OK] Argentina/GFS_ENSEMBLE_Corn_Winter/daily dia 10 (2026-05-24 → 2026-05-24) 37370 bytes
2026-05-14 09:34:04,036 [INFO] [OK] Argentina/GFS_ENSEMBLE_Corn_Winter/daily dia 13 (2026-05-27 → 2026-05-27) 44263 bytes
2026-05-14 09:34:04,037 [INFO] [OK] Argentina/GFS_ENSEMBLE_Corn_Winter/daily dia 11 (2026-05-25 → 2026-05-25) 37082 bytes
2026-05-14 09:34:04,041 [INFO] [OK] Argentina/GFS_ENSEMBLE_Corn_Winter/daily dia 12 (2026-05-26 → 2026-05-26) 39990 bytes
2026-05-14 09:34:04,633 [INFO] [OK] Argentina/GFS_ENSEMBLE_Corn_Winter/cumulative dia 00 (2026-05-14 → 2026-05-14) 31561 bytes
2026-05-14 09:34:04,637 [INFO] [OK] Argentina/GFS_ENSEMBLE_Corn_Winter/daily dia 14 (2026-05-28 → 2026-05-28) 43757 bytes
2026-05-14 09:34:04,994 [INFO] [OK] Argentina/GFS_ENSEMBLE_Corn_Winter/cumulative dia 01 (2026-05-14 → 2026-05-15) 33984 bytes
2026-05-14 09:34:05,107 [INFO] [OK] Argentina/GFS_ENSEMBLE_Corn_Winter/cumulative dia 02 (2026-05-14 → 2026-05-16) 39135 bytes
2026-05-14 09:34:05,224 [INFO] [OK] Argentina/GFS_ENSEMBLE_Corn_Winter/cumulative dia 03 (2026-05-14 → 2026-05-17) 38939 bytes
2026-05-14 09:34:05,353 [INFO] [OK] Argentina/GFS_ENSEMBLE_Corn_Winter/cumulative dia 04 (2026-05-14 → 2026-05-18) 38741 bytes
2026-05-14 09:34:05,920 [INFO] [OK] Argentina/GFS_ENSEMBLE_Corn_Winter/cumulative dia 05 (2026-05-14 → 2026-05-19) 38668 bytes
2026-05-14 09:34:05,979 [INFO] [OK] Argentina/GFS_ENSEMBLE_Corn_Winter/cumulative dia 06 (2026-05-14 → 2026-05-20) 38768 bytes
2026-05-14 09:34:06,325 [INFO] [OK] Argentina/GFS_ENSEMBLE_Corn_Winter/cumulative dia 07 (2026-05-14 → 2026-05-21) 38407 bytes
2026-05-14 09:34:06,519 [INFO] [OK] Argentina/GFS_ENSEMBLE_Corn_Winter/cumulative dia 08 (2026-05-14 → 2026-05-22) 38477 bytes
2026-05-14 09:34:06,591 [INFO] [OK] Argentina/GFS_ENSEMBLE_Corn_Winter/cumulative dia 09 (2026-05-14 → 2026-05-23) 38399 bytes
2026-05-14 09:34:07,158 [INFO] [OK] Argentina/GFS_ENSEMBLE_Corn_Winter/cumulative dia 10 (2026-05-14 → 2026-05-24) 38701 bytes
2026-05-14 09:34:07,361 [INFO] [OK] Argentina/GFS_ENSEMBLE_Corn_Winter/cumulative dia 11 (2026-05-14 → 2026-05-25) 38588 bytes
2026-05-14 09:34:07,578 [INFO] [OK] Argentina/GFS_ENSEMBLE_Corn_Winter/cumulative dia 12 (2026-05-14 → 2026-05-26) 38689 bytes
2026-05-14 09:34:07,603 [INFO] [OK] Argentina/ECM_ENSEMBLE_Soy/daily dia 00 (2026-05-14 → 2026-05-14) 36745 bytes
2026-05-14 09:34:07,995 [INFO] [OK] Argentina/GFS_ENSEMBLE_Corn_Winter/cumulative dia 13 (2026-05-14 → 2026-05-27) 39183 bytes
2026-05-14 09:34:08,149 [INFO] [OK] Argentina/ECM_ENSEMBLE_Soy/daily dia 01 (2026-05-15 → 2026-05-15) 40083 bytes
2026-05-14 09:34:08,182 [INFO] [OK] Argentina/GFS_ENSEMBLE_Corn_Winter/cumulative dia 14 (2026-05-14 → 2026-05-28) 39818 bytes
2026-05-14 09:34:08,384 [INFO] [OK] Argentina/ECM_ENSEMBLE_Soy/daily dia 02 (2026-05-16 → 2026-05-16) 41928 bytes
2026-05-14 09:34:08,560 [INFO] [OK] Argentina/ECM_ENSEMBLE_Soy/daily dia 03 (2026-05-17 → 2026-05-17) 39917 bytes
2026-05-14 09:34:08,659 [INFO] [OK] Argentina/ECM_ENSEMBLE_Soy/daily dia 04 (2026-05-18 → 2026-05-18) 36783 bytes
2026-05-14 09:34:09,053 [INFO] [OK] Argentina/ECM_ENSEMBLE_Soy/daily dia 05 (2026-05-19 → 2026-05-19) 32701 bytes
2026-05-14 09:34:09,147 [INFO] [OK] Argentina/ECM_ENSEMBLE_Soy/daily dia 06 (2026-05-20 → 2026-05-20) 36190 bytes
2026-05-14 09:34:09,218 [INFO] [OK] Argentina/ECM_ENSEMBLE_Soy/daily dia 07 (2026-05-21 → 2026-05-21) 37922 bytes
2026-05-14 09:34:09,350 [INFO] [OK] Argentina/ECM_ENSEMBLE_Soy/daily dia 08 (2026-05-22 → 2026-05-22) 37857 bytes
2026-05-14 09:34:09,643 [INFO] [OK] Argentina/ECM_ENSEMBLE_Soy/daily dia 09 (2026-05-23 → 2026-05-23) 37134 bytes
2026-05-14 09:34:09,664 [INFO] [OK] Argentina/ECM_ENSEMBLE_Soy/daily dia 10 (2026-05-24 → 2026-05-24) 40794 bytes
2026-05-14 09:34:10,042 [INFO] [OK] Argentina/ECM_ENSEMBLE_Soy/daily dia 11 (2026-05-25 → 2026-05-25) 45280 bytes
2026-05-14 09:34:10,190 [INFO] [OK] Argentina/ECM_ENSEMBLE_Soy/daily dia 12 (2026-05-26 → 2026-05-26) 46740 bytes
2026-05-14 09:34:10,283 [INFO] [OK] Argentina/ECM_ENSEMBLE_Soy/daily dia 13 (2026-05-27 → 2026-05-27) 46547 bytes
2026-05-14 09:34:10,332 [INFO] [OK] Argentina/ECM_ENSEMBLE_Soy/daily dia 14 (2026-05-28 → 2026-05-28) 44057 bytes
2026-05-14 09:34:10,672 [INFO] [OK] Argentina/ECM_ENSEMBLE_Soy/cumulative dia 00 (2026-05-14 → 2026-05-14) 36745 bytes
2026-05-14 09:34:10,711 [INFO] [OK] Argentina/ECM_ENSEMBLE_Soy/cumulative dia 01 (2026-05-14 → 2026-05-15) 39500 bytes
2026-05-14 09:34:11,116 [INFO] [OK] Argentina/ECM_ENSEMBLE_Soy/cumulative dia 02 (2026-05-14 → 2026-05-16) 42130 bytes
2026-05-14 09:34:11,314 [INFO] [OK] Argentina/ECM_ENSEMBLE_Soy/cumulative dia 03 (2026-05-14 → 2026-05-17) 41924 bytes
2026-05-14 09:34:11,448 [INFO] [OK] Argentina/ECM_ENSEMBLE_Soy/cumulative dia 04 (2026-05-14 → 2026-05-18) 42450 bytes
2026-05-14 09:34:11,542 [INFO] [OK] Argentina/ECM_ENSEMBLE_Soy/cumulative dia 05 (2026-05-14 → 2026-05-19) 42924 bytes
2026-05-14 09:34:11,929 [INFO] [OK] Argentina/ECM_ENSEMBLE_Soy/cumulative dia 06 (2026-05-14 → 2026-05-20) 42804 bytes
2026-05-14 09:34:12,027 [INFO] [OK] Argentina/ECM_ENSEMBLE_Soy/cumulative dia 07 (2026-05-14 → 2026-05-21) 43132 bytes
2026-05-14 09:34:12,541 [INFO] [OK] Argentina/ECM_ENSEMBLE_Soy/cumulative dia 08 (2026-05-14 → 2026-05-22) 43098 bytes
2026-05-14 09:34:12,761 [INFO] [OK] Argentina/ECM_ENSEMBLE_Soy/cumulative dia 09 (2026-05-14 → 2026-05-23) 43171 bytes
2026-05-14 09:34:12,917 [INFO] [OK] Argentina/ECM_ENSEMBLE_Soy/cumulative dia 10 (2026-05-14 → 2026-05-24) 43371 bytes
2026-05-14 09:34:13,087 [INFO] [OK] Argentina/ECM_ENSEMBLE_Soy/cumulative dia 11 (2026-05-14 → 2026-05-25) 43555 bytes
2026-05-14 09:34:13,506 [INFO] [OK] Argentina/ECM_ENSEMBLE_Soy/cumulative dia 12 (2026-05-14 → 2026-05-26) 44171 bytes
2026-05-14 09:34:13,671 [INFO] [OK] Argentina/ECM_ENSEMBLE_Soy/cumulative dia 13 (2026-05-14 → 2026-05-27) 44476 bytes
2026-05-14 09:34:13,709 [INFO] [OK] Argentina/ECM_ENSEMBLE_Corn_Winter/daily dia 00 (2026-05-14 → 2026-05-14) 35136 bytes
2026-05-14 09:34:13,983 [INFO] [OK] Argentina/ECM_ENSEMBLE_Corn_Winter/daily dia 01 (2026-05-15 → 2026-05-15) 38689 bytes
2026-05-14 09:34:14,079 [INFO] [OK] Argentina/ECM_ENSEMBLE_Corn_Winter/daily dia 02 (2026-05-16 → 2026-05-16) 40576 bytes
2026-05-14 09:34:14,136 [INFO] [OK] Argentina/ECM_ENSEMBLE_Soy/cumulative dia 14 (2026-05-14 → 2026-05-28) 43985 bytes
2026-05-14 09:34:14,557 [INFO] [OK] Argentina/ECM_ENSEMBLE_Corn_Winter/daily dia 03 (2026-05-17 → 2026-05-17) 38201 bytes
2026-05-14 09:34:14,640 [INFO] [OK] Argentina/ECM_ENSEMBLE_Corn_Winter/daily dia 04 (2026-05-18 → 2026-05-18) 35033 bytes
2026-05-14 09:34:14,653 [INFO] [OK] Argentina/ECM_ENSEMBLE_Corn_Winter/daily dia 05 (2026-05-19 → 2026-05-19) 31136 bytes
2026-05-14 09:34:15,003 [INFO] [OK] Argentina/ECM_ENSEMBLE_Corn_Winter/daily dia 06 (2026-05-20 → 2026-05-20) 34576 bytes
2026-05-14 09:34:15,044 [INFO] [OK] Argentina/ECM_ENSEMBLE_Corn_Winter/daily dia 07 (2026-05-21 → 2026-05-21) 36323 bytes
2026-05-14 09:34:15,114 [INFO] [OK] Argentina/ECM_ENSEMBLE_Corn_Winter/daily dia 08 (2026-05-22 → 2026-05-22) 36372 bytes
2026-05-14 09:34:15,547 [INFO] [OK] Argentina/ECM_ENSEMBLE_Corn_Winter/daily dia 09 (2026-05-23 → 2026-05-23) 35599 bytes
2026-05-14 09:34:15,644 [INFO] [OK] Argentina/ECM_ENSEMBLE_Corn_Winter/daily dia 10 (2026-05-24 → 2026-05-24) 39297 bytes
2026-05-14 09:34:15,692 [INFO] [OK] Argentina/ECM_ENSEMBLE_Corn_Winter/daily dia 11 (2026-05-25 → 2026-05-25) 43764 bytes
2026-05-14 09:34:16,132 [INFO] [OK] Argentina/ECM_ENSEMBLE_Corn_Winter/daily dia 13 (2026-05-27 → 2026-05-27) 44941 bytes
2026-05-14 09:34:16,205 [INFO] [OK] Argentina/ECM_ENSEMBLE_Corn_Winter/daily dia 12 (2026-05-26 → 2026-05-26) 45126 bytes
2026-05-14 09:34:16,237 [INFO] [OK] Argentina/ECM_ENSEMBLE_Corn_Winter/daily dia 14 (2026-05-28 → 2026-05-28) 42238 bytes
2026-05-14 09:34:16,743 [INFO] [OK] Argentina/ECM_ENSEMBLE_Corn_Winter/cumulative dia 00 (2026-05-14 → 2026-05-14) 35136 bytes
2026-05-14 09:34:16,821 [INFO] [OK] Argentina/ECM_ENSEMBLE_Corn_Winter/cumulative dia 01 (2026-05-14 → 2026-05-15) 38033 bytes
2026-05-14 09:34:16,875 [INFO] [OK] Argentina/ECM_ENSEMBLE_Corn_Winter/cumulative dia 02 (2026-05-14 → 2026-05-16) 40500 bytes
2026-05-14 09:34:17,409 [INFO] [OK] Argentina/ECM_ENSEMBLE_Corn_Winter/cumulative dia 03 (2026-05-14 → 2026-05-17) 40417 bytes
2026-05-14 09:34:17,551 [INFO] [OK] Argentina/ECM_ENSEMBLE_Corn_Winter/cumulative dia 04 (2026-05-14 → 2026-05-18) 41032 bytes
2026-05-14 09:34:17,561 [INFO] [OK] Argentina/ECM_ENSEMBLE_Corn_Winter/cumulative dia 05 (2026-05-14 → 2026-05-19) 41184 bytes
2026-05-14 09:34:18,058 [INFO] [OK] Argentina/ECM_ENSEMBLE_Corn_Winter/cumulative dia 06 (2026-05-14 → 2026-05-20) 41237 bytes
2026-05-14 09:34:18,177 [INFO] [OK] Argentina/ECM_ENSEMBLE_Corn_Winter/cumulative dia 07 (2026-05-14 → 2026-05-21) 41434 bytes
2026-05-14 09:34:18,305 [INFO] [OK] Argentina/ECM_ENSEMBLE_Corn_Winter/cumulative dia 08 (2026-05-14 → 2026-05-22) 41413 bytes
2026-05-14 09:34:18,802 [INFO] [OK] Argentina/ECM_ENSEMBLE_Corn_Winter/cumulative dia 09 (2026-05-14 → 2026-05-23) 41370 bytes
2026-05-14 09:34:19,107 [INFO] [OK] Argentina/ECM_ENSEMBLE_Corn_Winter/cumulative dia 10 (2026-05-14 → 2026-05-24) 41553 bytes
2026-05-14 09:34:19,184 [INFO] [OK] Argentina/ECM_ENSEMBLE_Corn_Winter/cumulative dia 11 (2026-05-14 → 2026-05-25) 41866 bytes
2026-05-14 09:34:19,837 [INFO] [OK] Argentina/ECM_ENSEMBLE_Corn_Winter/cumulative dia 12 (2026-05-14 → 2026-05-26) 42433 bytes
2026-05-14 09:34:20,034 [INFO] [OK] Argentina/ECM_ENSEMBLE_Corn_Winter/cumulative dia 13 (2026-05-14 → 2026-05-27) 42604 bytes
2026-05-14 09:34:20,113 [INFO] [OK] Argentina/ECM_ENSEMBLE_Corn_Winter/cumulative dia 14 (2026-05-14 → 2026-05-28) 42172 bytes
2026-05-14 09:34:20,114 [INFO] Resumo: 240/240 sucessos, 0 erros
2026-05-14 09:34:20,154 [INFO] Manifest: C:\Users\server\OneDrive - CGB Enterprises, Inc\ZGC-PBI Research - Documents\Dataset Data Files\Weather_maps\manifest.json
2026-05-14 09:34:20,155 [INFO] [GIT] Iniciando sincronização com GitHub...
2026-05-14 09:34:55,652 [INFO] [GIT] Sucesso ✓
2026-05-14 09:34:55,653 [INFO] ✓ Sincronizado com GitHub — Power BI atualiza no próximo refresh
