2026-05-04 09:33:18,618 [INFO] === Execução 2026-05-04 | modo=both | dias=15 | parâmetro=PRCP_DEP ===
2026-05-04 09:33:18,621 [INFO] Baixando 240 mapas com 6 threads...
2026-05-04 09:33:21,277 [INFO] [OK] Brazil/GFS_ENSEMBLE_Soy/daily dia 01 (2026-05-05 → 2026-05-05) 43229 bytes
2026-05-04 09:33:21,400 [INFO] [OK] Brazil/GFS_ENSEMBLE_Soy/daily dia 02 (2026-05-06 → 2026-05-06) 45513 bytes
2026-05-04 09:33:21,435 [INFO] [OK] Brazil/GFS_ENSEMBLE_Soy/daily dia 03 (2026-05-07 → 2026-05-07) 49233 bytes
2026-05-04 09:33:21,505 [INFO] [OK] Brazil/GFS_ENSEMBLE_Soy/daily dia 05 (2026-05-09 → 2026-05-09) 47148 bytes
2026-05-04 09:33:21,537 [INFO] [OK] Brazil/GFS_ENSEMBLE_Soy/daily dia 00 (2026-05-04 → 2026-05-04) 42680 bytes
2026-05-04 09:33:21,600 [INFO] [OK] Brazil/GFS_ENSEMBLE_Soy/daily dia 04 (2026-05-08 → 2026-05-08) 49213 bytes
2026-05-04 09:33:22,681 [INFO] [OK] Brazil/GFS_ENSEMBLE_Soy/daily dia 06 (2026-05-10 → 2026-05-10) 42763 bytes
2026-05-04 09:33:22,986 [INFO] [OK] Brazil/GFS_ENSEMBLE_Soy/daily dia 08 (2026-05-12 → 2026-05-12) 44717 bytes
2026-05-04 09:33:23,066 [INFO] [OK] Brazil/GFS_ENSEMBLE_Soy/daily dia 11 (2026-05-15 → 2026-05-15) 52775 bytes
2026-05-04 09:33:23,082 [INFO] [OK] Brazil/GFS_ENSEMBLE_Soy/daily dia 07 (2026-05-11 → 2026-05-11) 41967 bytes
2026-05-04 09:33:23,139 [INFO] [OK] Brazil/GFS_ENSEMBLE_Soy/daily dia 09 (2026-05-13 → 2026-05-13) 48562 bytes
2026-05-04 09:33:23,252 [INFO] [OK] Brazil/GFS_ENSEMBLE_Soy/daily dia 10 (2026-05-14 → 2026-05-14) 50204 bytes
2026-05-04 09:33:24,078 [INFO] [OK] Brazil/GFS_ENSEMBLE_Soy/daily dia 12 (2026-05-16 → 2026-05-16) 55320 bytes
2026-05-04 09:33:24,616 [INFO] [OK] Brazil/GFS_ENSEMBLE_Soy/daily dia 13 (2026-05-17 → 2026-05-17) 55641 bytes
2026-05-04 09:33:24,673 [INFO] [OK] Brazil/GFS_ENSEMBLE_Soy/daily dia 14 (2026-05-18 → 2026-05-18) 55165 bytes
2026-05-04 09:33:24,694 [INFO] [OK] Brazil/GFS_ENSEMBLE_Soy/cumulative dia 00 (2026-05-04 → 2026-05-04) 42680 bytes
2026-05-04 09:33:24,974 [INFO] [OK] Brazil/GFS_ENSEMBLE_Soy/cumulative dia 01 (2026-05-04 → 2026-05-05) 43951 bytes
2026-05-04 09:33:25,234 [INFO] [OK] Brazil/GFS_ENSEMBLE_Soy/cumulative dia 02 (2026-05-04 → 2026-05-06) 46302 bytes
2026-05-04 09:33:25,822 [INFO] [OK] Brazil/GFS_ENSEMBLE_Soy/cumulative dia 03 (2026-05-04 → 2026-05-07) 49862 bytes
2026-05-04 09:33:27,089 [INFO] [OK] Brazil/GFS_ENSEMBLE_Soy/cumulative dia 06 (2026-05-04 → 2026-05-10) 52585 bytes
2026-05-04 09:33:27,172 [INFO] [OK] Brazil/GFS_ENSEMBLE_Soy/cumulative dia 04 (2026-05-04 → 2026-05-08) 51507 bytes
2026-05-04 09:33:27,390 [INFO] [OK] Brazil/GFS_ENSEMBLE_Soy/cumulative dia 05 (2026-05-04 → 2026-05-09) 52395 bytes
2026-05-04 09:33:27,642 [INFO] [OK] Brazil/GFS_ENSEMBLE_Soy/cumulative dia 07 (2026-05-04 → 2026-05-11) 52001 bytes
2026-05-04 09:33:27,839 [INFO] [OK] Brazil/GFS_ENSEMBLE_Soy/cumulative dia 08 (2026-05-04 → 2026-05-12) 51787 bytes
2026-05-04 09:33:28,101 [INFO] [OK] Brazil/GFS_ENSEMBLE_Soy/cumulative dia 09 (2026-05-04 → 2026-05-13) 51650 bytes
2026-05-04 09:33:30,193 [INFO] [OK] Brazil/GFS_ENSEMBLE_Corn_Winter/daily dia 00 (2026-05-04 → 2026-05-04) 41004 bytes
2026-05-04 09:33:30,678 [INFO] [OK] Brazil/GFS_ENSEMBLE_Soy/cumulative dia 10 (2026-05-04 → 2026-05-14) 52054 bytes
2026-05-04 09:33:30,806 [INFO] [OK] Brazil/GFS_ENSEMBLE_Soy/cumulative dia 11 (2026-05-04 → 2026-05-15) 52286 bytes
2026-05-04 09:33:31,833 [INFO] [OK] Brazil/GFS_ENSEMBLE_Soy/cumulative dia 12 (2026-05-04 → 2026-05-16) 52109 bytes
2026-05-04 09:33:32,502 [INFO] [OK] Brazil/GFS_ENSEMBLE_Corn_Winter/daily dia 01 (2026-05-05 → 2026-05-05) 41809 bytes
2026-05-04 09:33:32,919 [INFO] [OK] Brazil/GFS_ENSEMBLE_Corn_Winter/daily dia 02 (2026-05-06 → 2026-05-06) 44068 bytes
2026-05-04 09:33:32,922 [INFO] [OK] Brazil/GFS_ENSEMBLE_Corn_Winter/daily dia 03 (2026-05-07 → 2026-05-07) 47593 bytes
2026-05-04 09:33:33,225 [INFO] [OK] Brazil/GFS_ENSEMBLE_Soy/cumulative dia 14 (2026-05-04 → 2026-05-18) 52482 bytes
2026-05-04 09:33:33,304 [INFO] [OK] Brazil/GFS_ENSEMBLE_Soy/cumulative dia 13 (2026-05-04 → 2026-05-17) 52447 bytes
2026-05-04 09:33:33,479 [INFO] [OK] Brazil/GFS_ENSEMBLE_Corn_Winter/daily dia 04 (2026-05-08 → 2026-05-08) 48313 bytes
2026-05-04 09:33:33,916 [INFO] [OK] Brazil/GFS_ENSEMBLE_Corn_Winter/daily dia 05 (2026-05-09 → 2026-05-09) 45831 bytes
2026-05-04 09:33:34,323 [INFO] [OK] Brazil/GFS_ENSEMBLE_Corn_Winter/daily dia 07 (2026-05-11 → 2026-05-11) 40191 bytes
2026-05-04 09:33:34,475 [INFO] [OK] Brazil/GFS_ENSEMBLE_Corn_Winter/daily dia 06 (2026-05-10 → 2026-05-10) 40995 bytes
2026-05-04 09:33:34,838 [INFO] [OK] Brazil/GFS_ENSEMBLE_Corn_Winter/daily dia 08 (2026-05-12 → 2026-05-12) 42967 bytes
2026-05-04 09:33:35,246 [INFO] [OK] Brazil/GFS_ENSEMBLE_Corn_Winter/daily dia 09 (2026-05-13 → 2026-05-13) 47111 bytes
2026-05-04 09:33:35,724 [INFO] [OK] Brazil/GFS_ENSEMBLE_Corn_Winter/daily dia 10 (2026-05-14 → 2026-05-14) 48867 bytes
2026-05-04 09:33:35,726 [INFO] [OK] Brazil/GFS_ENSEMBLE_Corn_Winter/daily dia 11 (2026-05-15 → 2026-05-15) 51328 bytes
2026-05-04 09:33:36,198 [INFO] [OK] Brazil/GFS_ENSEMBLE_Corn_Winter/daily dia 12 (2026-05-16 → 2026-05-16) 53754 bytes
2026-05-04 09:33:36,424 [INFO] [OK] Brazil/GFS_ENSEMBLE_Corn_Winter/daily dia 13 (2026-05-17 → 2026-05-17) 53909 bytes
2026-05-04 09:33:36,775 [INFO] [OK] Brazil/GFS_ENSEMBLE_Corn_Winter/daily dia 14 (2026-05-18 → 2026-05-18) 53815 bytes
2026-05-04 09:33:36,812 [INFO] [OK] Brazil/GFS_ENSEMBLE_Corn_Winter/cumulative dia 00 (2026-05-04 → 2026-05-04) 41004 bytes
2026-05-04 09:33:37,695 [INFO] [OK] Brazil/GFS_ENSEMBLE_Corn_Winter/cumulative dia 01 (2026-05-04 → 2026-05-05) 42565 bytes
2026-05-04 09:33:37,842 [INFO] [OK] Brazil/GFS_ENSEMBLE_Corn_Winter/cumulative dia 02 (2026-05-04 → 2026-05-06) 44807 bytes
2026-05-04 09:33:38,747 [INFO] [OK] Brazil/GFS_ENSEMBLE_Corn_Winter/cumulative dia 03 (2026-05-04 → 2026-05-07) 48250 bytes
2026-05-04 09:33:38,887 [INFO] [OK] Brazil/GFS_ENSEMBLE_Corn_Winter/cumulative dia 04 (2026-05-04 → 2026-05-08) 50052 bytes
2026-05-04 09:33:39,238 [INFO] [OK] Brazil/GFS_ENSEMBLE_Corn_Winter/cumulative dia 05 (2026-05-04 → 2026-05-09) 51116 bytes
2026-05-04 09:33:39,555 [INFO] [OK] Brazil/GFS_ENSEMBLE_Corn_Winter/cumulative dia 06 (2026-05-04 → 2026-05-10) 51237 bytes
2026-05-04 09:33:40,473 [INFO] [OK] Brazil/GFS_ENSEMBLE_Corn_Winter/cumulative dia 07 (2026-05-04 → 2026-05-11) 50608 bytes
2026-05-04 09:33:40,808 [INFO] [OK] Brazil/GFS_ENSEMBLE_Corn_Winter/cumulative dia 08 (2026-05-04 → 2026-05-12) 50254 bytes
2026-05-04 09:33:42,428 [INFO] [OK] Brazil/GFS_ENSEMBLE_Corn_Winter/cumulative dia 09 (2026-05-04 → 2026-05-13) 50262 bytes
2026-05-04 09:33:43,037 [INFO] [OK] Brazil/GFS_ENSEMBLE_Corn_Winter/cumulative dia 10 (2026-05-04 → 2026-05-14) 50548 bytes
2026-05-04 09:33:43,284 [INFO] [OK] Brazil/GFS_ENSEMBLE_Corn_Winter/cumulative dia 11 (2026-05-04 → 2026-05-15) 50831 bytes
2026-05-04 09:33:43,458 [INFO] [OK] Brazil/GFS_ENSEMBLE_Corn_Winter/cumulative dia 12 (2026-05-04 → 2026-05-16) 50717 bytes
2026-05-04 09:33:43,870 [INFO] [OK] Brazil/ECM_ENSEMBLE_Soy/daily dia 00 (2026-05-04 → 2026-05-04) 44595 bytes
2026-05-04 09:33:44,087 [INFO] [OK] Brazil/GFS_ENSEMBLE_Corn_Winter/cumulative dia 13 (2026-05-04 → 2026-05-17) 50955 bytes
2026-05-04 09:33:44,736 [INFO] [OK] Brazil/ECM_ENSEMBLE_Soy/daily dia 02 (2026-05-06 → 2026-05-06) 45442 bytes
2026-05-04 09:33:44,742 [INFO] [OK] Brazil/GFS_ENSEMBLE_Corn_Winter/cumulative dia 14 (2026-05-04 → 2026-05-18) 51004 bytes
2026-05-04 09:33:44,989 [INFO] [OK] Brazil/ECM_ENSEMBLE_Soy/daily dia 03 (2026-05-07 → 2026-05-07) 47663 bytes
2026-05-04 09:33:45,054 [INFO] [OK] Brazil/ECM_ENSEMBLE_Soy/daily dia 01 (2026-05-05 → 2026-05-05) 45204 bytes
2026-05-04 09:33:45,761 [INFO] [OK] Brazil/ECM_ENSEMBLE_Soy/daily dia 04 (2026-05-08 → 2026-05-08) 49754 bytes
2026-05-04 09:33:46,535 [INFO] [OK] Brazil/ECM_ENSEMBLE_Soy/daily dia 07 (2026-05-11 → 2026-05-11) 42951 bytes
2026-05-04 09:33:46,630 [INFO] [OK] Brazil/ECM_ENSEMBLE_Soy/daily dia 06 (2026-05-10 → 2026-05-10) 47448 bytes
2026-05-04 09:33:46,690 [INFO] [OK] Brazil/ECM_ENSEMBLE_Soy/daily dia 05 (2026-05-09 → 2026-05-09) 49348 bytes
2026-05-04 09:33:47,010 [INFO] [OK] Brazil/ECM_ENSEMBLE_Soy/daily dia 09 (2026-05-13 → 2026-05-13) 47917 bytes
2026-05-04 09:33:47,089 [INFO] [OK] Brazil/ECM_ENSEMBLE_Soy/daily dia 08 (2026-05-12 → 2026-05-12) 44572 bytes
2026-05-04 09:33:47,406 [INFO] [OK] Brazil/ECM_ENSEMBLE_Soy/daily dia 10 (2026-05-14 → 2026-05-14) 51277 bytes
2026-05-04 09:33:48,058 [INFO] [OK] Brazil/ECM_ENSEMBLE_Soy/daily dia 12 (2026-05-16 → 2026-05-16) 54900 bytes
2026-05-04 09:33:48,115 [INFO] [OK] Brazil/ECM_ENSEMBLE_Soy/daily dia 11 (2026-05-15 → 2026-05-15) 54229 bytes
2026-05-04 09:33:48,228 [INFO] [OK] Brazil/ECM_ENSEMBLE_Soy/daily dia 13 (2026-05-17 → 2026-05-17) 54341 bytes
2026-05-04 09:33:48,430 [INFO] [OK] Brazil/ECM_ENSEMBLE_Soy/daily dia 14 (2026-05-18 → 2026-05-18) 54218 bytes
2026-05-04 09:33:48,466 [INFO] [OK] Brazil/ECM_ENSEMBLE_Soy/cumulative dia 00 (2026-05-04 → 2026-05-04) 44595 bytes
2026-05-04 09:33:48,886 [INFO] [OK] Brazil/ECM_ENSEMBLE_Soy/cumulative dia 01 (2026-05-04 → 2026-05-05) 46173 bytes
2026-05-04 09:33:49,975 [INFO] [OK] Brazil/ECM_ENSEMBLE_Soy/cumulative dia 02 (2026-05-04 → 2026-05-06) 46303 bytes
2026-05-04 09:33:50,266 [INFO] [OK] Brazil/ECM_ENSEMBLE_Soy/cumulative dia 03 (2026-05-04 → 2026-05-07) 48667 bytes
2026-05-04 09:33:50,398 [INFO] [OK] Brazil/ECM_ENSEMBLE_Soy/cumulative dia 04 (2026-05-04 → 2026-05-08) 50431 bytes
2026-05-04 09:33:51,131 [INFO] [OK] Brazil/ECM_ENSEMBLE_Soy/cumulative dia 05 (2026-05-04 → 2026-05-09) 51693 bytes
2026-05-04 09:33:51,216 [INFO] [OK] Brazil/ECM_ENSEMBLE_Soy/cumulative dia 06 (2026-05-04 → 2026-05-10) 51745 bytes
2026-05-04 09:33:51,498 [INFO] [OK] Brazil/ECM_ENSEMBLE_Soy/cumulative dia 07 (2026-05-04 → 2026-05-11) 52238 bytes
2026-05-04 09:33:53,043 [INFO] [OK] Brazil/ECM_ENSEMBLE_Soy/cumulative dia 08 (2026-05-04 → 2026-05-12) 51781 bytes
2026-05-04 09:33:53,478 [INFO] [OK] Brazil/ECM_ENSEMBLE_Soy/cumulative dia 09 (2026-05-04 → 2026-05-13) 52004 bytes
2026-05-04 09:33:53,520 [INFO] [OK] Brazil/ECM_ENSEMBLE_Soy/cumulative dia 10 (2026-05-04 → 2026-05-14) 51943 bytes
2026-05-04 09:33:54,426 [INFO] [OK] Brazil/ECM_ENSEMBLE_Soy/cumulative dia 11 (2026-05-04 → 2026-05-15) 52186 bytes
2026-05-04 09:33:55,355 [INFO] [OK] Brazil/ECM_ENSEMBLE_Corn_Winter/daily dia 01 (2026-05-05 → 2026-05-05) 43781 bytes
2026-05-04 09:33:55,376 [INFO] [OK] Brazil/ECM_ENSEMBLE_Soy/cumulative dia 12 (2026-05-04 → 2026-05-16) 52697 bytes
2026-05-04 09:33:55,603 [INFO] [OK] Brazil/ECM_ENSEMBLE_Corn_Winter/daily dia 00 (2026-05-04 → 2026-05-04) 43167 bytes
2026-05-04 09:33:55,775 [INFO] [OK] Brazil/ECM_ENSEMBLE_Soy/cumulative dia 13 (2026-05-04 → 2026-05-17) 52828 bytes
2026-05-04 09:33:55,855 [INFO] [OK] Brazil/ECM_ENSEMBLE_Corn_Winter/daily dia 02 (2026-05-06 → 2026-05-06) 43838 bytes
2026-05-04 09:33:56,226 [INFO] [OK] Brazil/ECM_ENSEMBLE_Soy/cumulative dia 14 (2026-05-04 → 2026-05-18) 53401 bytes
2026-05-04 09:33:56,855 [INFO] [OK] Brazil/ECM_ENSEMBLE_Corn_Winter/daily dia 03 (2026-05-07 → 2026-05-07) 46407 bytes
2026-05-04 09:33:56,929 [INFO] [OK] Brazil/ECM_ENSEMBLE_Corn_Winter/daily dia 04 (2026-05-08 → 2026-05-08) 48866 bytes
2026-05-04 09:33:57,110 [INFO] [OK] Brazil/ECM_ENSEMBLE_Corn_Winter/daily dia 05 (2026-05-09 → 2026-05-09) 47986 bytes
2026-05-04 09:33:57,207 [INFO] [OK] Brazil/ECM_ENSEMBLE_Corn_Winter/daily dia 06 (2026-05-10 → 2026-05-10) 45786 bytes
2026-05-04 09:33:57,450 [INFO] [OK] Brazil/ECM_ENSEMBLE_Corn_Winter/daily dia 07 (2026-05-11 → 2026-05-11) 41350 bytes
2026-05-04 09:33:57,752 [INFO] [OK] Brazil/ECM_ENSEMBLE_Corn_Winter/daily dia 08 (2026-05-12 → 2026-05-12) 42946 bytes
2026-05-04 09:33:58,364 [INFO] [OK] Brazil/ECM_ENSEMBLE_Corn_Winter/daily dia 09 (2026-05-13 → 2026-05-13) 46339 bytes
2026-05-04 09:33:58,486 [INFO] [OK] Brazil/ECM_ENSEMBLE_Corn_Winter/daily dia 10 (2026-05-14 → 2026-05-14) 49999 bytes
2026-05-04 09:33:58,593 [INFO] [OK] Brazil/ECM_ENSEMBLE_Corn_Winter/daily dia 11 (2026-05-15 → 2026-05-15) 52979 bytes
2026-05-04 09:33:58,723 [INFO] [OK] Brazil/ECM_ENSEMBLE_Corn_Winter/daily dia 12 (2026-05-16 → 2026-05-16) 53822 bytes
2026-05-04 09:33:58,887 [INFO] [OK] Brazil/ECM_ENSEMBLE_Corn_Winter/daily dia 13 (2026-05-17 → 2026-05-17) 53221 bytes
2026-05-04 09:33:59,239 [INFO] [OK] Brazil/ECM_ENSEMBLE_Corn_Winter/daily dia 14 (2026-05-18 → 2026-05-18) 52900 bytes
2026-05-04 09:33:59,664 [INFO] [OK] Brazil/ECM_ENSEMBLE_Corn_Winter/cumulative dia 00 (2026-05-04 → 2026-05-04) 43167 bytes
2026-05-04 09:33:59,899 [INFO] [OK] Brazil/ECM_ENSEMBLE_Corn_Winter/cumulative dia 01 (2026-05-04 → 2026-05-05) 44870 bytes
2026-05-04 09:34:00,164 [INFO] [OK] Brazil/ECM_ENSEMBLE_Corn_Winter/cumulative dia 02 (2026-05-04 → 2026-05-06) 45040 bytes
2026-05-04 09:34:00,316 [INFO] [OK] Brazil/ECM_ENSEMBLE_Corn_Winter/cumulative dia 03 (2026-05-04 → 2026-05-07) 47294 bytes
2026-05-04 09:34:00,783 [INFO] [OK] Brazil/ECM_ENSEMBLE_Corn_Winter/cumulative dia 04 (2026-05-04 → 2026-05-08) 49201 bytes
2026-05-04 09:34:01,427 [INFO] [OK] Brazil/ECM_ENSEMBLE_Corn_Winter/cumulative dia 05 (2026-05-04 → 2026-05-09) 50554 bytes
2026-05-04 09:34:02,626 [INFO] [OK] Brazil/ECM_ENSEMBLE_Corn_Winter/cumulative dia 06 (2026-05-04 → 2026-05-10) 50683 bytes
2026-05-04 09:34:03,041 [INFO] [OK] Brazil/ECM_ENSEMBLE_Corn_Winter/cumulative dia 07 (2026-05-04 → 2026-05-11) 50837 bytes
2026-05-04 09:34:03,427 [INFO] [OK] Brazil/ECM_ENSEMBLE_Corn_Winter/cumulative dia 08 (2026-05-04 → 2026-05-12) 50491 bytes
2026-05-04 09:34:03,556 [INFO] [OK] Brazil/ECM_ENSEMBLE_Corn_Winter/cumulative dia 09 (2026-05-04 → 2026-05-13) 50738 bytes
2026-05-04 09:34:03,866 [INFO] [OK] Brazil/ECM_ENSEMBLE_Corn_Winter/cumulative dia 10 (2026-05-04 → 2026-05-14) 50541 bytes
2026-05-04 09:34:04,299 [INFO] [OK] Brazil/ECM_ENSEMBLE_Corn_Winter/cumulative dia 11 (2026-05-04 → 2026-05-15) 50945 bytes
2026-05-04 09:34:04,773 [INFO] [OK] Argentina/GFS_ENSEMBLE_Soy/daily dia 00 (2026-05-04 → 2026-05-04) 31693 bytes
2026-05-04 09:34:04,882 [INFO] [OK] Argentina/GFS_ENSEMBLE_Soy/daily dia 01 (2026-05-05 → 2026-05-05) 32687 bytes
2026-05-04 09:34:05,510 [INFO] [OK] Argentina/GFS_ENSEMBLE_Soy/daily dia 02 (2026-05-06 → 2026-05-06) 35252 bytes
2026-05-04 09:34:05,604 [INFO] [OK] Brazil/ECM_ENSEMBLE_Corn_Winter/cumulative dia 12 (2026-05-04 → 2026-05-16) 51387 bytes
2026-05-04 09:34:06,061 [INFO] [OK] Argentina/GFS_ENSEMBLE_Soy/daily dia 03 (2026-05-07 → 2026-05-07) 39520 bytes
2026-05-04 09:34:06,134 [INFO] [OK] Argentina/GFS_ENSEMBLE_Soy/daily dia 04 (2026-05-08 → 2026-05-08) 38712 bytes
2026-05-04 09:34:06,332 [INFO] [OK] Brazil/ECM_ENSEMBLE_Corn_Winter/cumulative dia 13 (2026-05-04 → 2026-05-17) 51543 bytes
2026-05-04 09:34:06,633 [INFO] [OK] Argentina/GFS_ENSEMBLE_Soy/daily dia 05 (2026-05-09 → 2026-05-09) 35885 bytes
2026-05-04 09:34:06,739 [INFO] [OK] Argentina/GFS_ENSEMBLE_Soy/daily dia 06 (2026-05-10 → 2026-05-10) 31374 bytes
2026-05-04 09:34:06,935 [INFO] [OK] Brazil/ECM_ENSEMBLE_Corn_Winter/cumulative dia 14 (2026-05-04 → 2026-05-18) 52096 bytes
2026-05-04 09:34:07,002 [INFO] [OK] Argentina/GFS_ENSEMBLE_Soy/daily dia 07 (2026-05-11 → 2026-05-11) 31347 bytes
2026-05-04 09:34:07,378 [INFO] [OK] Argentina/GFS_ENSEMBLE_Soy/daily dia 08 (2026-05-12 → 2026-05-12) 33165 bytes
2026-05-04 09:34:07,400 [INFO] [OK] Argentina/GFS_ENSEMBLE_Soy/daily dia 09 (2026-05-13 → 2026-05-13) 37805 bytes
2026-05-04 09:34:07,622 [INFO] [OK] Argentina/GFS_ENSEMBLE_Soy/daily dia 10 (2026-05-14 → 2026-05-14) 40120 bytes
2026-05-04 09:34:07,758 [INFO] [OK] Argentina/GFS_ENSEMBLE_Soy/daily dia 11 (2026-05-15 → 2026-05-15) 43244 bytes
2026-05-04 09:34:08,137 [INFO] [OK] Argentina/GFS_ENSEMBLE_Soy/daily dia 13 (2026-05-17 → 2026-05-17) 46043 bytes
2026-05-04 09:34:08,157 [INFO] [OK] Argentina/GFS_ENSEMBLE_Soy/daily dia 12 (2026-05-16 → 2026-05-16) 45577 bytes
2026-05-04 09:34:08,540 [INFO] [OK] Argentina/GFS_ENSEMBLE_Soy/daily dia 14 (2026-05-18 → 2026-05-18) 46863 bytes
2026-05-04 09:34:08,555 [INFO] [OK] Argentina/GFS_ENSEMBLE_Soy/cumulative dia 00 (2026-05-04 → 2026-05-04) 31693 bytes
2026-05-04 09:34:08,837 [INFO] [OK] Argentina/GFS_ENSEMBLE_Soy/cumulative dia 01 (2026-05-04 → 2026-05-05) 33326 bytes
2026-05-04 09:34:08,985 [INFO] [OK] Argentina/GFS_ENSEMBLE_Soy/cumulative dia 02 (2026-05-04 → 2026-05-06) 35846 bytes
2026-05-04 09:34:09,580 [INFO] [OK] Argentina/GFS_ENSEMBLE_Soy/cumulative dia 03 (2026-05-04 → 2026-05-07) 40375 bytes
2026-05-04 09:34:09,650 [INFO] [OK] Argentina/GFS_ENSEMBLE_Soy/cumulative dia 04 (2026-05-04 → 2026-05-08) 42477 bytes
2026-05-04 09:34:10,026 [INFO] [OK] Argentina/GFS_ENSEMBLE_Soy/cumulative dia 05 (2026-05-04 → 2026-05-09) 43560 bytes
2026-05-04 09:34:10,253 [INFO] [OK] Argentina/GFS_ENSEMBLE_Soy/cumulative dia 06 (2026-05-04 → 2026-05-10) 43386 bytes
2026-05-04 09:34:10,629 [INFO] [OK] Argentina/GFS_ENSEMBLE_Soy/cumulative dia 07 (2026-05-04 → 2026-05-11) 42395 bytes
2026-05-04 09:34:10,985 [INFO] [OK] Argentina/GFS_ENSEMBLE_Soy/cumulative dia 08 (2026-05-04 → 2026-05-12) 42579 bytes
2026-05-04 09:34:11,647 [INFO] [OK] Argentina/GFS_ENSEMBLE_Soy/cumulative dia 09 (2026-05-04 → 2026-05-13) 42446 bytes
2026-05-04 09:34:11,695 [INFO] [OK] Argentina/GFS_ENSEMBLE_Soy/cumulative dia 10 (2026-05-04 → 2026-05-14) 42479 bytes
2026-05-04 09:34:12,458 [INFO] [OK] Argentina/GFS_ENSEMBLE_Soy/cumulative dia 11 (2026-05-04 → 2026-05-15) 42295 bytes
2026-05-04 09:34:12,712 [INFO] [OK] Argentina/GFS_ENSEMBLE_Soy/cumulative dia 12 (2026-05-04 → 2026-05-16) 42079 bytes
2026-05-04 09:34:12,824 [INFO] [OK] Argentina/GFS_ENSEMBLE_Corn_Winter/daily dia 00 (2026-05-04 → 2026-05-04) 29909 bytes
2026-05-04 09:34:12,845 [INFO] [OK] Argentina/GFS_ENSEMBLE_Corn_Winter/daily dia 01 (2026-05-05 → 2026-05-05) 30900 bytes
2026-05-04 09:34:13,329 [INFO] [OK] Argentina/GFS_ENSEMBLE_Soy/cumulative dia 13 (2026-05-04 → 2026-05-17) 42552 bytes
2026-05-04 09:34:13,798 [INFO] [OK] Argentina/GFS_ENSEMBLE_Soy/cumulative dia 14 (2026-05-04 → 2026-05-18) 42976 bytes
2026-05-04 09:34:14,042 [INFO] [OK] Argentina/GFS_ENSEMBLE_Corn_Winter/daily dia 03 (2026-05-07 → 2026-05-07) 37829 bytes
2026-05-04 09:34:14,122 [INFO] [OK] Argentina/GFS_ENSEMBLE_Corn_Winter/daily dia 02 (2026-05-06 → 2026-05-06) 33494 bytes
2026-05-04 09:34:14,215 [INFO] [OK] Argentina/GFS_ENSEMBLE_Corn_Winter/daily dia 04 (2026-05-08 → 2026-05-08) 37335 bytes
2026-05-04 09:34:14,392 [INFO] [OK] Argentina/GFS_ENSEMBLE_Corn_Winter/daily dia 06 (2026-05-10 → 2026-05-10) 29574 bytes
2026-05-04 09:34:14,478 [INFO] [OK] Argentina/GFS_ENSEMBLE_Corn_Winter/daily dia 05 (2026-05-09 → 2026-05-09) 34436 bytes
2026-05-04 09:34:14,818 [INFO] [OK] Argentina/GFS_ENSEMBLE_Corn_Winter/daily dia 07 (2026-05-11 → 2026-05-11) 29596 bytes
2026-05-04 09:34:15,062 [INFO] [OK] Argentina/GFS_ENSEMBLE_Corn_Winter/daily dia 08 (2026-05-12 → 2026-05-12) 31583 bytes
2026-05-04 09:34:15,323 [INFO] [OK] Argentina/GFS_ENSEMBLE_Corn_Winter/daily dia 09 (2026-05-13 → 2026-05-13) 36254 bytes
2026-05-04 09:34:15,625 [INFO] [OK] Argentina/GFS_ENSEMBLE_Corn_Winter/daily dia 11 (2026-05-15 → 2026-05-15) 41479 bytes
2026-05-04 09:34:15,634 [INFO] [OK] Argentina/GFS_ENSEMBLE_Corn_Winter/daily dia 10 (2026-05-14 → 2026-05-14) 38433 bytes
2026-05-04 09:34:15,879 [INFO] [OK] Argentina/GFS_ENSEMBLE_Corn_Winter/daily dia 12 (2026-05-16 → 2026-05-16) 44111 bytes
2026-05-04 09:34:15,909 [INFO] [OK] Argentina/GFS_ENSEMBLE_Corn_Winter/daily dia 13 (2026-05-17 → 2026-05-17) 44271 bytes
2026-05-04 09:34:16,308 [INFO] [OK] Argentina/GFS_ENSEMBLE_Corn_Winter/daily dia 14 (2026-05-18 → 2026-05-18) 45352 bytes
2026-05-04 09:34:16,338 [INFO] [OK] Argentina/GFS_ENSEMBLE_Corn_Winter/cumulative dia 00 (2026-05-04 → 2026-05-04) 29909 bytes
2026-05-04 09:34:16,796 [INFO] [OK] Argentina/GFS_ENSEMBLE_Corn_Winter/cumulative dia 01 (2026-05-04 → 2026-05-05) 31599 bytes
2026-05-04 09:34:16,990 [INFO] [OK] Argentina/GFS_ENSEMBLE_Corn_Winter/cumulative dia 02 (2026-05-04 → 2026-05-06) 34185 bytes
2026-05-04 09:34:17,284 [INFO] [OK] Argentina/GFS_ENSEMBLE_Corn_Winter/cumulative dia 03 (2026-05-04 → 2026-05-07) 38484 bytes
2026-05-04 09:34:17,425 [INFO] [OK] Argentina/GFS_ENSEMBLE_Corn_Winter/cumulative dia 04 (2026-05-04 → 2026-05-08) 40589 bytes
2026-05-04 09:34:17,734 [INFO] [OK] Argentina/GFS_ENSEMBLE_Corn_Winter/cumulative dia 05 (2026-05-04 → 2026-05-09) 41839 bytes
2026-05-04 09:34:17,911 [INFO] [OK] Argentina/GFS_ENSEMBLE_Corn_Winter/cumulative dia 06 (2026-05-04 → 2026-05-10) 41670 bytes
2026-05-04 09:34:18,308 [INFO] [OK] Argentina/GFS_ENSEMBLE_Corn_Winter/cumulative dia 07 (2026-05-04 → 2026-05-11) 40805 bytes
2026-05-04 09:34:18,490 [INFO] [OK] Argentina/GFS_ENSEMBLE_Corn_Winter/cumulative dia 08 (2026-05-04 → 2026-05-12) 40744 bytes
2026-05-04 09:34:18,764 [INFO] [OK] Argentina/GFS_ENSEMBLE_Corn_Winter/cumulative dia 09 (2026-05-04 → 2026-05-13) 40832 bytes
2026-05-04 09:34:19,383 [INFO] [OK] Argentina/GFS_ENSEMBLE_Corn_Winter/cumulative dia 10 (2026-05-04 → 2026-05-14) 40833 bytes
2026-05-04 09:34:19,908 [INFO] [OK] Argentina/ECM_ENSEMBLE_Soy/daily dia 00 (2026-05-04 → 2026-05-04) 34281 bytes
2026-05-04 09:34:20,140 [INFO] [OK] Argentina/GFS_ENSEMBLE_Corn_Winter/cumulative dia 11 (2026-05-04 → 2026-05-15) 40683 bytes
2026-05-04 09:34:20,660 [INFO] [OK] Argentina/ECM_ENSEMBLE_Soy/daily dia 01 (2026-05-05 → 2026-05-05) 35184 bytes
2026-05-04 09:34:20,732 [INFO] [OK] Argentina/GFS_ENSEMBLE_Corn_Winter/cumulative dia 12 (2026-05-04 → 2026-05-16) 40613 bytes
2026-05-04 09:34:20,943 [INFO] [OK] Argentina/GFS_ENSEMBLE_Corn_Winter/cumulative dia 13 (2026-05-04 → 2026-05-17) 41003 bytes
2026-05-04 09:34:21,159 [INFO] [OK] Argentina/ECM_ENSEMBLE_Soy/daily dia 02 (2026-05-06 → 2026-05-06) 35843 bytes
2026-05-04 09:34:21,201 [INFO] [OK] Argentina/GFS_ENSEMBLE_Corn_Winter/cumulative dia 14 (2026-05-04 → 2026-05-18) 41448 bytes
2026-05-04 09:34:21,308 [INFO] [OK] Argentina/ECM_ENSEMBLE_Soy/daily dia 03 (2026-05-07 → 2026-05-07) 39101 bytes
2026-05-04 09:34:21,812 [INFO] [OK] Argentina/ECM_ENSEMBLE_Soy/daily dia 05 (2026-05-09 → 2026-05-09) 39918 bytes
2026-05-04 09:34:21,839 [INFO] [OK] Argentina/ECM_ENSEMBLE_Soy/daily dia 04 (2026-05-08 → 2026-05-08) 40175 bytes
2026-05-04 09:34:21,991 [INFO] [OK] Argentina/ECM_ENSEMBLE_Soy/daily dia 06 (2026-05-10 → 2026-05-10) 36621 bytes
2026-05-04 09:34:22,198 [INFO] [OK] Argentina/ECM_ENSEMBLE_Soy/daily dia 07 (2026-05-11 → 2026-05-11) 32221 bytes
2026-05-04 09:34:22,311 [INFO] [OK] Argentina/ECM_ENSEMBLE_Soy/daily dia 09 (2026-05-13 → 2026-05-13) 37629 bytes
2026-05-04 09:34:22,313 [INFO] [OK] Argentina/ECM_ENSEMBLE_Soy/daily dia 08 (2026-05-12 → 2026-05-12) 33593 bytes
2026-05-04 09:34:22,835 [INFO] [OK] Argentina/ECM_ENSEMBLE_Soy/daily dia 10 (2026-05-14 → 2026-05-14) 41511 bytes
2026-05-04 09:34:22,876 [INFO] [OK] Argentina/ECM_ENSEMBLE_Soy/daily dia 11 (2026-05-15 → 2026-05-15) 46399 bytes
2026-05-04 09:34:23,046 [INFO] [OK] Argentina/ECM_ENSEMBLE_Soy/daily dia 12 (2026-05-16 → 2026-05-16) 47081 bytes
2026-05-04 09:34:23,273 [INFO] [OK] Argentina/ECM_ENSEMBLE_Soy/daily dia 13 (2026-05-17 → 2026-05-17) 45924 bytes
2026-05-04 09:34:23,414 [INFO] [OK] Argentina/ECM_ENSEMBLE_Soy/cumulative dia 00 (2026-05-04 → 2026-05-04) 34281 bytes
2026-05-04 09:34:23,518 [INFO] [OK] Argentina/ECM_ENSEMBLE_Soy/daily dia 14 (2026-05-18 → 2026-05-18) 46954 bytes
2026-05-04 09:34:23,963 [INFO] [OK] Argentina/ECM_ENSEMBLE_Soy/cumulative dia 01 (2026-05-04 → 2026-05-05) 36448 bytes
2026-05-04 09:34:24,190 [INFO] [OK] Argentina/ECM_ENSEMBLE_Soy/cumulative dia 02 (2026-05-04 → 2026-05-06) 36643 bytes
2026-05-04 09:34:24,336 [INFO] [OK] Argentina/ECM_ENSEMBLE_Soy/cumulative dia 03 (2026-05-04 → 2026-05-07) 39780 bytes
2026-05-04 09:34:24,626 [INFO] [OK] Argentina/ECM_ENSEMBLE_Soy/cumulative dia 04 (2026-05-04 → 2026-05-08) 41449 bytes
2026-05-04 09:34:24,891 [INFO] [OK] Argentina/ECM_ENSEMBLE_Soy/cumulative dia 05 (2026-05-04 → 2026-05-09) 42803 bytes
2026-05-04 09:34:25,197 [INFO] [OK] Argentina/ECM_ENSEMBLE_Soy/cumulative dia 06 (2026-05-04 → 2026-05-10) 43351 bytes
2026-05-04 09:34:25,642 [INFO] [OK] Argentina/ECM_ENSEMBLE_Soy/cumulative dia 07 (2026-05-04 → 2026-05-11) 43557 bytes
2026-05-04 09:34:25,725 [INFO] [OK] Argentina/ECM_ENSEMBLE_Soy/cumulative dia 08 (2026-05-04 → 2026-05-12) 43723 bytes
2026-05-04 09:34:26,008 [INFO] [OK] Argentina/ECM_ENSEMBLE_Soy/cumulative dia 09 (2026-05-04 → 2026-05-13) 43480 bytes
2026-05-04 09:34:26,241 [INFO] [OK] Argentina/ECM_ENSEMBLE_Soy/cumulative dia 10 (2026-05-04 → 2026-05-14) 43380 bytes
2026-05-04 09:34:26,909 [INFO] [OK] Argentina/ECM_ENSEMBLE_Soy/cumulative dia 11 (2026-05-04 → 2026-05-15) 43734 bytes
2026-05-04 09:34:27,234 [INFO] [OK] Argentina/ECM_ENSEMBLE_Corn_Winter/daily dia 00 (2026-05-04 → 2026-05-04) 32743 bytes
2026-05-04 09:34:27,576 [INFO] [OK] Argentina/ECM_ENSEMBLE_Corn_Winter/daily dia 01 (2026-05-05 → 2026-05-05) 33365 bytes
2026-05-04 09:34:27,623 [INFO] [OK] Argentina/ECM_ENSEMBLE_Soy/cumulative dia 12 (2026-05-04 → 2026-05-16) 44152 bytes
2026-05-04 09:34:27,864 [INFO] [OK] Argentina/ECM_ENSEMBLE_Soy/cumulative dia 13 (2026-05-04 → 2026-05-17) 44379 bytes
2026-05-04 09:34:27,937 [INFO] [OK] Argentina/ECM_ENSEMBLE_Corn_Winter/daily dia 02 (2026-05-06 → 2026-05-06) 34082 bytes
2026-05-04 09:34:28,029 [INFO] [OK] Argentina/ECM_ENSEMBLE_Soy/cumulative dia 14 (2026-05-04 → 2026-05-18) 44747 bytes
2026-05-04 09:34:28,352 [INFO] [OK] Argentina/ECM_ENSEMBLE_Corn_Winter/daily dia 03 (2026-05-07 → 2026-05-07) 37573 bytes
2026-05-04 09:34:28,724 [INFO] [OK] Argentina/ECM_ENSEMBLE_Corn_Winter/daily dia 04 (2026-05-08 → 2026-05-08) 39037 bytes
2026-05-04 09:34:28,976 [INFO] [OK] Argentina/ECM_ENSEMBLE_Corn_Winter/daily dia 05 (2026-05-09 → 2026-05-09) 38360 bytes
2026-05-04 09:34:29,086 [INFO] [OK] Argentina/ECM_ENSEMBLE_Corn_Winter/daily dia 07 (2026-05-11 → 2026-05-11) 30542 bytes
2026-05-04 09:34:29,171 [INFO] [OK] Argentina/ECM_ENSEMBLE_Corn_Winter/daily dia 06 (2026-05-10 → 2026-05-10) 35021 bytes
2026-05-04 09:34:29,218 [INFO] [OK] Argentina/ECM_ENSEMBLE_Corn_Winter/daily dia 08 (2026-05-12 → 2026-05-12) 32236 bytes
2026-05-04 09:34:29,437 [INFO] [OK] Argentina/ECM_ENSEMBLE_Corn_Winter/daily dia 09 (2026-05-13 → 2026-05-13) 36052 bytes
2026-05-04 09:34:29,876 [INFO] [OK] Argentina/ECM_ENSEMBLE_Corn_Winter/daily dia 10 (2026-05-14 → 2026-05-14) 40162 bytes
2026-05-04 09:34:30,045 [INFO] [OK] Argentina/ECM_ENSEMBLE_Corn_Winter/daily dia 11 (2026-05-15 → 2026-05-15) 44763 bytes
2026-05-04 09:34:30,201 [INFO] [OK] Argentina/ECM_ENSEMBLE_Corn_Winter/daily dia 12 (2026-05-16 → 2026-05-16) 45792 bytes
2026-05-04 09:34:30,479 [INFO] [OK] Argentina/ECM_ENSEMBLE_Corn_Winter/daily dia 13 (2026-05-17 → 2026-05-17) 44675 bytes
2026-05-04 09:34:30,604 [INFO] [OK] Argentina/ECM_ENSEMBLE_Corn_Winter/cumulative dia 00 (2026-05-04 → 2026-05-04) 32743 bytes
2026-05-04 09:34:30,631 [INFO] [OK] Argentina/ECM_ENSEMBLE_Corn_Winter/daily dia 14 (2026-05-18 → 2026-05-18) 45414 bytes
2026-05-04 09:34:30,933 [INFO] [OK] Argentina/ECM_ENSEMBLE_Corn_Winter/cumulative dia 01 (2026-05-04 → 2026-05-05) 34902 bytes
2026-05-04 09:34:31,503 [INFO] [OK] Argentina/ECM_ENSEMBLE_Corn_Winter/cumulative dia 02 (2026-05-04 → 2026-05-06) 35101 bytes
2026-05-04 09:34:31,915 [INFO] [OK] Argentina/ECM_ENSEMBLE_Corn_Winter/cumulative dia 03 (2026-05-04 → 2026-05-07) 38071 bytes
2026-05-04 09:34:32,317 [INFO] [OK] Argentina/ECM_ENSEMBLE_Corn_Winter/cumulative dia 04 (2026-05-04 → 2026-05-08) 39918 bytes
2026-05-04 09:34:32,557 [INFO] [OK] Argentina/ECM_ENSEMBLE_Corn_Winter/cumulative dia 05 (2026-05-04 → 2026-05-09) 41283 bytes
2026-05-04 09:34:32,561 [INFO] [OK] Argentina/ECM_ENSEMBLE_Corn_Winter/cumulative dia 06 (2026-05-04 → 2026-05-10) 42001 bytes
2026-05-04 09:34:32,886 [INFO] [OK] Argentina/ECM_ENSEMBLE_Corn_Winter/cumulative dia 07 (2026-05-04 → 2026-05-11) 41882 bytes
2026-05-04 09:34:33,046 [INFO] [OK] Argentina/ECM_ENSEMBLE_Corn_Winter/cumulative dia 08 (2026-05-04 → 2026-05-12) 42042 bytes
2026-05-04 09:34:33,584 [INFO] [OK] Argentina/ECM_ENSEMBLE_Corn_Winter/cumulative dia 09 (2026-05-04 → 2026-05-13) 41920 bytes
2026-05-04 09:34:34,228 [INFO] [OK] Argentina/ECM_ENSEMBLE_Corn_Winter/cumulative dia 10 (2026-05-04 → 2026-05-14) 41863 bytes
2026-05-04 09:34:34,556 [INFO] [OK] Argentina/ECM_ENSEMBLE_Corn_Winter/cumulative dia 11 (2026-05-04 → 2026-05-15) 42209 bytes
2026-05-04 09:34:35,128 [INFO] [OK] Argentina/ECM_ENSEMBLE_Corn_Winter/cumulative dia 12 (2026-05-04 → 2026-05-16) 42552 bytes
2026-05-04 09:34:35,146 [INFO] [OK] Argentina/ECM_ENSEMBLE_Corn_Winter/cumulative dia 13 (2026-05-04 → 2026-05-17) 42927 bytes
2026-05-04 09:34:35,570 [INFO] [OK] Argentina/ECM_ENSEMBLE_Corn_Winter/cumulative dia 14 (2026-05-04 → 2026-05-18) 43425 bytes
2026-05-04 09:34:35,571 [INFO] Resumo: 240/240 sucessos, 0 erros
2026-05-04 09:34:35,688 [INFO] Manifest: C:\Users\server\OneDrive - CGB Enterprises, Inc\ZGC-PBI Research - Documents\Dataset Data Files\Weather_maps\manifest.json
2026-05-04 09:34:35,689 [INFO] [GIT] Iniciando sincronização com GitHub...
2026-05-04 09:38:36,068 [INFO] [GIT] Sucesso ✓
2026-05-04 09:38:36,073 [INFO] ✓ Sincronizado com GitHub — Power BI atualiza no próximo refresh
